-- Found ament_cmake: 1.3.10 (/opt/ros/humble/share/ament_cmake/cmake)
-- Found rosidl_default_generators: 1.2.0 (/opt/ros/humble/share/rosidl_default_generators/cmake)
-- Using all available rosidl_typesupport_c: rosidl_typesupport_fastrtps_c;rosidl_typesupport_introspection_c
-- Found rosidl_adapter: 3.1.5 (/opt/ros/humble/share/rosidl_adapter/cmake)
-- Using all available rosidl_typesupport_cpp: rosidl_typesupport_fastrtps_cpp;rosidl_typesupport_introspection_cpp
-- Found ament_cmake_ros: 0.10.0 (/opt/ros/humble/share/ament_cmake_ros/cmake)
-- Using all available rosidl_typesupport_c: rosidl_typesupport_fastrtps_c;rosidl_typesupport_introspection_c
-- Using all available rosidl_typesupport_cpp: rosidl_typesupport_fastrtps_cpp;rosidl_typesupport_introspection_cpp
-- Found PythonInterp: /usr/bin/python3 (found suitable version "3.10.12", minimum required is "3.6") 
-- Found python_cmake_module: 0.10.0 (/opt/ros/humble/share/python_cmake_module/cmake)
-- Found PythonLibs: /usr/lib/x86_64-linux-gnu/libpython3.10.so (found suitable version "3.10.12", minimum required is "3.5") 
-- Using PYTHON_EXECUTABLE: /usr/bin/python3
-- Using PYTHON_INCLUDE_DIRS: /usr/include/python3.10
-- Using PYTHON_LIBRARIES: /usr/lib/x86_64-linux-gnu/libpython3.10.so
-- Found PythonExtra: .so  
-- Configuring done
-- Generating done
-- Build files have been written to: /home/cagla/bir_ws/build/turtlesim_interfaces
[  3%] [34m[1mGenerating C code for ROS interfaces[0m
[  6%] [34m[1mGenerating C++ code for ROS interfaces[0m
[  6%] Built target turtlesim_interfaces__cpp
[  9%] [32mBuilding C object CMakeFiles/turtlesim_interfaces__rosidl_generator_c.dir/rosidl_generator_c/turtlesim_interfaces/action/detail/count_until__functions.c.o[0m
[  9%] Built target ament_cmake_python_copy_turtlesim_interfaces
[ 12%] [34m[1mGenerating C++ type support dispatch for ROS interfaces[0m
[ 16%] [32m[1mLinking C shared library libturtlesim_interfaces__rosidl_generator_c.so[0m
[ 16%] Built target turtlesim_interfaces__rosidl_generator_c
[ 19%] [34m[1mGenerating C++ type support for eProsima Fast-RTPS[0m
[ 22%] [32mBuilding CXX object CMakeFiles/turtlesim_interfaces__rosidl_typesupport_cpp.dir/rosidl_typesupport_cpp/turtlesim_interfaces/action/count_until__type_support.cpp.o[0m
[ 25%] [32mBuilding CXX object CMakeFiles/turtlesim_interfaces__rosidl_typesupport_fastrtps_cpp.dir/rosidl_typesupport_fastrtps_cpp/turtlesim_interfaces/action/detail/dds_fastrtps/count_until__type_support.cpp.o[0m
[ 29%] [32m[1mLinking CXX shared library libturtlesim_interfaces__rosidl_typesupport_cpp.so[0m
[ 29%] Built target turtlesim_interfaces__rosidl_typesupport_cpp
[ 32%] [32m[1mLinking CXX shared library libturtlesim_interfaces__rosidl_typesupport_fastrtps_cpp.so[0m
[ 32%] Built target turtlesim_interfaces__rosidl_typesupport_fastrtps_cpp
[ 35%] [34m[1mGenerating C++ introspection for ROS interfaces[0m
[ 38%] [32mBuilding CXX object CMakeFiles/turtlesim_interfaces__rosidl_typesupport_introspection_cpp.dir/rosidl_typesupport_introspection_cpp/turtlesim_interfaces/action/detail/count_until__type_support.cpp.o[0m
[ 41%] [32m[1mLinking CXX shared library libturtlesim_interfaces__rosidl_typesupport_introspection_cpp.so[0m
[ 41%] Built target turtlesim_interfaces__rosidl_typesupport_introspection_cpp
running egg_info
creating turtlesim_interfaces.egg-info
writing turtlesim_interfaces.egg-info/PKG-INFO
writing dependency_links to turtlesim_interfaces.egg-info/dependency_links.txt
writing top-level names to turtlesim_interfaces.egg-info/top_level.txt
writing manifest file 'turtlesim_interfaces.egg-info/SOURCES.txt'
reading manifest file 'turtlesim_interfaces.egg-info/SOURCES.txt'
writing manifest file 'turtlesim_interfaces.egg-info/SOURCES.txt'
[ 41%] Built target ament_cmake_python_build_turtlesim_interfaces_egg
[ 45%] [34m[1mGenerating C type support for eProsima Fast-RTPS[0m
[ 48%] [32mBuilding CXX object CMakeFiles/turtlesim_interfaces__rosidl_typesupport_fastrtps_c.dir/rosidl_typesupport_fastrtps_c/turtlesim_interfaces/action/detail/count_until__type_support_c.cpp.o[0m
[ 51%] [32m[1mLinking CXX shared library libturtlesim_interfaces__rosidl_typesupport_fastrtps_c.so[0m
[ 51%] Built target turtlesim_interfaces__rosidl_typesupport_fastrtps_c
[ 54%] [34m[1mGenerating C introspection for ROS interfaces[0m
[ 58%] [32mBuilding C object CMakeFiles/turtlesim_interfaces__rosidl_typesupport_introspection_c.dir/rosidl_typesupport_introspection_c/turtlesim_interfaces/action/detail/count_until__type_support.c.o[0m
[ 61%] [32m[1mLinking C shared library libturtlesim_interfaces__rosidl_typesupport_introspection_c.so[0m
[ 61%] Built target turtlesim_interfaces__rosidl_typesupport_introspection_c
[ 64%] [34m[1mGenerating C type support dispatch for ROS interfaces[0m
[ 67%] [32mBuilding CXX object CMakeFiles/turtlesim_interfaces__rosidl_typesupport_c.dir/rosidl_typesupport_c/turtlesim_interfaces/action/count_until__type_support.cpp.o[0m
[ 70%] [32m[1mLinking CXX shared library libturtlesim_interfaces__rosidl_typesupport_c.so[0m
[ 70%] Built target turtlesim_interfaces__rosidl_typesupport_c
[ 70%] Built target turtlesim_interfaces
[ 74%] [34m[1mGenerating Python code for ROS interfaces[0m
[ 74%] Built target turtlesim_interfaces__py
[ 77%] [32mBuilding C object CMakeFiles/turtlesim_interfaces__rosidl_generator_py.dir/rosidl_generator_py/turtlesim_interfaces/action/_count_until_s.c.o[0m
[ 80%] [32m[1mLinking C shared library rosidl_generator_py/turtlesim_interfaces/libturtlesim_interfaces__rosidl_generator_py.so[0m
[ 80%] Built target turtlesim_interfaces__rosidl_generator_py
[ 83%] [32mBuilding C object CMakeFiles/turtlesim_interfaces__rosidl_typesupport_fastrtps_c__pyext.dir/rosidl_generator_py/turtlesim_interfaces/_turtlesim_interfaces_s.ep.rosidl_typesupport_fastrtps_c.c.o[0m
[ 87%] [32m[1mLinking C shared library rosidl_generator_py/turtlesim_interfaces/turtlesim_interfaces_s__rosidl_typesupport_fastrtps_c.cpython-310-x86_64-linux-gnu.so[0m
[ 87%] Built target turtlesim_interfaces__rosidl_typesupport_fastrtps_c__pyext
[ 90%] [32mBuilding C object CMakeFiles/turtlesim_interfaces__rosidl_typesupport_introspection_c__pyext.dir/rosidl_generator_py/turtlesim_interfaces/_turtlesim_interfaces_s.ep.rosidl_typesupport_introspection_c.c.o[0m
[ 93%] [32m[1mLinking C shared library rosidl_generator_py/turtlesim_interfaces/turtlesim_interfaces_s__rosidl_typesupport_introspection_c.cpython-310-x86_64-linux-gnu.so[0m
[ 93%] Built target turtlesim_interfaces__rosidl_typesupport_introspection_c__pyext
[ 96%] [32mBuilding C object CMakeFiles/turtlesim_interfaces__rosidl_typesupport_c__pyext.dir/rosidl_generator_py/turtlesim_interfaces/_turtlesim_interfaces_s.ep.rosidl_typesupport_c.c.o[0m
[100%] [32m[1mLinking C shared library rosidl_generator_py/turtlesim_interfaces/turtlesim_interfaces_s__rosidl_typesupport_c.cpython-310-x86_64-linux-gnu.so[0m
[100%] Built target turtlesim_interfaces__rosidl_typesupport_c__pyext
-- Install configuration: ""
-- Installing: /home/cagla/bir_ws/install/turtlesim_interfaces/share/ament_index/resource_index/rosidl_interfaces/turtlesim_interfaces
-- Installing: /home/cagla/bir_ws/install/turtlesim_interfaces/include/turtlesim_interfaces/turtlesim_interfaces
-- Installing: /home/cagla/bir_ws/install/turtlesim_interfaces/include/turtlesim_interfaces/turtlesim_interfaces/action
-- Installing: /home/cagla/bir_ws/install/turtlesim_interfaces/include/turtlesim_interfaces/turtlesim_interfaces/action/count_until.h
-- Installing: /home/cagla/bir_ws/install/turtlesim_interfaces/include/turtlesim_interfaces/turtlesim_interfaces/action/detail
-- Installing: /home/cagla/bir_ws/install/turtlesim_interfaces/include/turtlesim_interfaces/turtlesim_interfaces/action/detail/count_until__functions.c
-- Installing: /home/cagla/bir_ws/install/turtlesim_interfaces/include/turtlesim_interfaces/turtlesim_interfaces/action/detail/count_until__functions.h
-- Installing: /home/cagla/bir_ws/install/turtlesim_interfaces/include/turtlesim_interfaces/turtlesim_interfaces/action/detail/count_until__struct.h
-- Installing: /home/cagla/bir_ws/install/turtlesim_interfaces/include/turtlesim_interfaces/turtlesim_interfaces/action/detail/count_until__type_support.h
-- Installing: /home/cagla/bir_ws/install/turtlesim_interfaces/include/turtlesim_interfaces/turtlesim_interfaces/msg
-- Installing: /home/cagla/bir_ws/install/turtlesim_interfaces/include/turtlesim_interfaces/turtlesim_interfaces/msg/rosidl_generator_c__visibility_control.h
-- Installing: /home/cagla/bir_ws/install/turtlesim_interfaces/share/turtlesim_interfaces/environment/library_path.sh
-- Installing: /home/cagla/bir_ws/install/turtlesim_interfaces/share/turtlesim_interfaces/environment/library_path.dsv
-- Installing: /home/cagla/bir_ws/install/turtlesim_interfaces/lib/libturtlesim_interfaces__rosidl_generator_c.so
-- Set runtime path of "/home/cagla/bir_ws/install/turtlesim_interfaces/lib/libturtlesim_interfaces__rosidl_generator_c.so" to ""
-- Up-to-date: /home/cagla/bir_ws/install/turtlesim_interfaces/include/turtlesim_interfaces/turtlesim_interfaces
-- Up-to-date: /home/cagla/bir_ws/install/turtlesim_interfaces/include/turtlesim_interfaces/turtlesim_interfaces/action
-- Up-to-date: /home/cagla/bir_ws/install/turtlesim_interfaces/include/turtlesim_interfaces/turtlesim_interfaces/action/detail
-- Installing: /home/cagla/bir_ws/install/turtlesim_interfaces/include/turtlesim_interfaces/turtlesim_interfaces/action/detail/count_until__rosidl_typesupport_fastrtps_c.h
-- Up-to-date: /home/cagla/bir_ws/install/turtlesim_interfaces/include/turtlesim_interfaces/turtlesim_interfaces/msg
-- Installing: /home/cagla/bir_ws/install/turtlesim_interfaces/include/turtlesim_interfaces/turtlesim_interfaces/msg/rosidl_typesupport_fastrtps_c__visibility_control.h
-- Installing: /home/cagla/bir_ws/install/turtlesim_interfaces/lib/libturtlesim_interfaces__rosidl_typesupport_fastrtps_c.so
-- Set runtime path of "/home/cagla/bir_ws/install/turtlesim_interfaces/lib/libturtlesim_interfaces__rosidl_typesupport_fastrtps_c.so" to ""
-- Up-to-date: /home/cagla/bir_ws/install/turtlesim_interfaces/include/turtlesim_interfaces/turtlesim_interfaces
-- Up-to-date: /home/cagla/bir_ws/install/turtlesim_interfaces/include/turtlesim_interfaces/turtlesim_interfaces/action
-- Up-to-date: /home/cagla/bir_ws/install/turtlesim_interfaces/include/turtlesim_interfaces/turtlesim_interfaces/action/detail
-- Installing: /home/cagla/bir_ws/install/turtlesim_interfaces/include/turtlesim_interfaces/turtlesim_interfaces/action/detail/count_until__type_support.c
-- Installing: /home/cagla/bir_ws/install/turtlesim_interfaces/include/turtlesim_interfaces/turtlesim_interfaces/action/detail/count_until__rosidl_typesupport_introspection_c.h
-- Up-to-date: /home/cagla/bir_ws/install/turtlesim_interfaces/include/turtlesim_interfaces/turtlesim_interfaces/msg
-- Installing: /home/cagla/bir_ws/install/turtlesim_interfaces/include/turtlesim_interfaces/turtlesim_interfaces/msg/rosidl_typesupport_introspection_c__visibility_control.h
-- Installing: /home/cagla/bir_ws/install/turtlesim_interfaces/lib/libturtlesim_interfaces__rosidl_typesupport_introspection_c.so
-- Set runtime path of "/home/cagla/bir_ws/install/turtlesim_interfaces/lib/libturtlesim_interfaces__rosidl_typesupport_introspection_c.so" to ""
-- Installing: /home/cagla/bir_ws/install/turtlesim_interfaces/lib/libturtlesim_interfaces__rosidl_typesupport_c.so
-- Set runtime path of "/home/cagla/bir_ws/install/turtlesim_interfaces/lib/libturtlesim_interfaces__rosidl_typesupport_c.so" to ""
-- Up-to-date: /home/cagla/bir_ws/install/turtlesim_interfaces/include/turtlesim_interfaces/turtlesim_interfaces
-- Up-to-date: /home/cagla/bir_ws/install/turtlesim_interfaces/include/turtlesim_interfaces/turtlesim_interfaces/action
-- Installing: /home/cagla/bir_ws/install/turtlesim_interfaces/include/turtlesim_interfaces/turtlesim_interfaces/action/count_until.hpp
-- Up-to-date: /home/cagla/bir_ws/install/turtlesim_interfaces/include/turtlesim_interfaces/turtlesim_interfaces/action/detail
-- Installing: /home/cagla/bir_ws/install/turtlesim_interfaces/include/turtlesim_interfaces/turtlesim_interfaces/action/detail/count_until__builder.hpp
-- Installing: /home/cagla/bir_ws/install/turtlesim_interfaces/include/turtlesim_interfaces/turtlesim_interfaces/action/detail/count_until__traits.hpp
-- Installing: /home/cagla/bir_ws/install/turtlesim_interfaces/include/turtlesim_interfaces/turtlesim_interfaces/action/detail/count_until__struct.hpp
-- Up-to-date: /home/cagla/bir_ws/install/turtlesim_interfaces/include/turtlesim_interfaces/turtlesim_interfaces
-- Up-to-date: /home/cagla/bir_ws/install/turtlesim_interfaces/include/turtlesim_interfaces/turtlesim_interfaces/action
-- Up-to-date: /home/cagla/bir_ws/install/turtlesim_interfaces/include/turtlesim_interfaces/turtlesim_interfaces/action/detail
-- Installing: /home/cagla/bir_ws/install/turtlesim_interfaces/include/turtlesim_interfaces/turtlesim_interfaces/action/detail/dds_fastrtps
-- Installing: /home/cagla/bir_ws/install/turtlesim_interfaces/include/turtlesim_interfaces/turtlesim_interfaces/action/detail/count_until__rosidl_typesupport_fastrtps_cpp.hpp
-- Up-to-date: /home/cagla/bir_ws/install/turtlesim_interfaces/include/turtlesim_interfaces/turtlesim_interfaces/msg
-- Installing: /home/cagla/bir_ws/install/turtlesim_interfaces/include/turtlesim_interfaces/turtlesim_interfaces/msg/rosidl_typesupport_fastrtps_cpp__visibility_control.h
-- Installing: /home/cagla/bir_ws/install/turtlesim_interfaces/lib/libturtlesim_interfaces__rosidl_typesupport_fastrtps_cpp.so
-- Set runtime path of "/home/cagla/bir_ws/install/turtlesim_interfaces/lib/libturtlesim_interfaces__rosidl_typesupport_fastrtps_cpp.so" to ""
-- Up-to-date: /home/cagla/bir_ws/install/turtlesim_interfaces/include/turtlesim_interfaces/turtlesim_interfaces
-- Up-to-date: /home/cagla/bir_ws/install/turtlesim_interfaces/include/turtlesim_interfaces/turtlesim_interfaces/action
-- Up-to-date: /home/cagla/bir_ws/install/turtlesim_interfaces/include/turtlesim_interfaces/turtlesim_interfaces/action/detail
-- Installing: /home/cagla/bir_ws/install/turtlesim_interfaces/include/turtlesim_interfaces/turtlesim_interfaces/action/detail/count_until__rosidl_typesupport_introspection_cpp.hpp
-- Installing: /home/cagla/bir_ws/install/turtlesim_interfaces/include/turtlesim_interfaces/turtlesim_interfaces/action/detail/count_until__type_support.cpp
-- Installing: /home/cagla/bir_ws/install/turtlesim_interfaces/lib/libturtlesim_interfaces__rosidl_typesupport_introspection_cpp.so
-- Set runtime path of "/home/cagla/bir_ws/install/turtlesim_interfaces/lib/libturtlesim_interfaces__rosidl_typesupport_introspection_cpp.so" to ""
-- Installing: /home/cagla/bir_ws/install/turtlesim_interfaces/lib/libturtlesim_interfaces__rosidl_typesupport_cpp.so
-- Set runtime path of "/home/cagla/bir_ws/install/turtlesim_interfaces/lib/libturtlesim_interfaces__rosidl_typesupport_cpp.so" to ""
-- Installing: /home/cagla/bir_ws/install/turtlesim_interfaces/share/turtlesim_interfaces/environment/pythonpath.sh
-- Installing: /home/cagla/bir_ws/install/turtlesim_interfaces/share/turtlesim_interfaces/environment/pythonpath.dsv
-- Installing: /home/cagla/bir_ws/install/turtlesim_interfaces/local/lib/python3.10/dist-packages/turtlesim_interfaces-0.0.0-py3.10.egg-info
-- Installing: /home/cagla/bir_ws/install/turtlesim_interfaces/local/lib/python3.10/dist-packages/turtlesim_interfaces-0.0.0-py3.10.egg-info/PKG-INFO
-- Installing: /home/cagla/bir_ws/install/turtlesim_interfaces/local/lib/python3.10/dist-packages/turtlesim_interfaces-0.0.0-py3.10.egg-info/top_level.txt
-- Installing: /home/cagla/bir_ws/install/turtlesim_interfaces/local/lib/python3.10/dist-packages/turtlesim_interfaces-0.0.0-py3.10.egg-info/SOURCES.txt
-- Installing: /home/cagla/bir_ws/install/turtlesim_interfaces/local/lib/python3.10/dist-packages/turtlesim_interfaces-0.0.0-py3.10.egg-info/dependency_links.txt
-- Installing: /home/cagla/bir_ws/install/turtlesim_interfaces/local/lib/python3.10/dist-packages/turtlesim_interfaces
-- Installing: /home/cagla/bir_ws/install/turtlesim_interfaces/local/lib/python3.10/dist-packages/turtlesim_interfaces/_turtlesim_interfaces_s.ep.rosidl_typesupport_fastrtps_c.c
-- Installing: /home/cagla/bir_ws/install/turtlesim_interfaces/local/lib/python3.10/dist-packages/turtlesim_interfaces/_turtlesim_interfaces_s.ep.rosidl_typesupport_c.c
-- Installing: /home/cagla/bir_ws/install/turtlesim_interfaces/local/lib/python3.10/dist-packages/turtlesim_interfaces/libturtlesim_interfaces__rosidl_generator_py.so
-- Installing: /home/cagla/bir_ws/install/turtlesim_interfaces/local/lib/python3.10/dist-packages/turtlesim_interfaces/action
-- Installing: /home/cagla/bir_ws/install/turtlesim_interfaces/local/lib/python3.10/dist-packages/turtlesim_interfaces/action/_count_until.py
-- Installing: /home/cagla/bir_ws/install/turtlesim_interfaces/local/lib/python3.10/dist-packages/turtlesim_interfaces/action/_count_until_s.c
-- Installing: /home/cagla/bir_ws/install/turtlesim_interfaces/local/lib/python3.10/dist-packages/turtlesim_interfaces/action/__init__.py
-- Installing: /home/cagla/bir_ws/install/turtlesim_interfaces/local/lib/python3.10/dist-packages/turtlesim_interfaces/_turtlesim_interfaces_s.ep.rosidl_typesupport_introspection_c.c
-- Installing: /home/cagla/bir_ws/install/turtlesim_interfaces/local/lib/python3.10/dist-packages/turtlesim_interfaces/turtlesim_interfaces_s__rosidl_typesupport_c.cpython-310-x86_64-linux-gnu.so
-- Installing: /home/cagla/bir_ws/install/turtlesim_interfaces/local/lib/python3.10/dist-packages/turtlesim_interfaces/turtlesim_interfaces_s__rosidl_typesupport_fastrtps_c.cpython-310-x86_64-linux-gnu.so
-- Installing: /home/cagla/bir_ws/install/turtlesim_interfaces/local/lib/python3.10/dist-packages/turtlesim_interfaces/__init__.py
-- Installing: /home/cagla/bir_ws/install/turtlesim_interfaces/local/lib/python3.10/dist-packages/turtlesim_interfaces/turtlesim_interfaces_s__rosidl_typesupport_introspection_c.cpython-310-x86_64-linux-gnu.so
Listing '/home/cagla/bir_ws/install/turtlesim_interfaces/local/lib/python3.10/dist-packages/turtlesim_interfaces'...
Compiling '/home/cagla/bir_ws/install/turtlesim_interfaces/local/lib/python3.10/dist-packages/turtlesim_interfaces/__init__.py'...
Listing '/home/cagla/bir_ws/install/turtlesim_interfaces/local/lib/python3.10/dist-packages/turtlesim_interfaces/action'...
Compiling '/home/cagla/bir_ws/install/turtlesim_interfaces/local/lib/python3.10/dist-packages/turtlesim_interfaces/action/__init__.py'...
Compiling '/home/cagla/bir_ws/install/turtlesim_interfaces/local/lib/python3.10/dist-packages/turtlesim_interfaces/action/_count_until.py'...
-- Installing: /home/cagla/bir_ws/install/turtlesim_interfaces/local/lib/python3.10/dist-packages/turtlesim_interfaces/turtlesim_interfaces_s__rosidl_typesupport_fastrtps_c.cpython-310-x86_64-linux-gnu.so
-- Set runtime path of "/home/cagla/bir_ws/install/turtlesim_interfaces/local/lib/python3.10/dist-packages/turtlesim_interfaces/turtlesim_interfaces_s__rosidl_typesupport_fastrtps_c.cpython-310-x86_64-linux-gnu.so" to ""
-- Installing: /home/cagla/bir_ws/install/turtlesim_interfaces/local/lib/python3.10/dist-packages/turtlesim_interfaces/turtlesim_interfaces_s__rosidl_typesupport_introspection_c.cpython-310-x86_64-linux-gnu.so
-- Set runtime path of "/home/cagla/bir_ws/install/turtlesim_interfaces/local/lib/python3.10/dist-packages/turtlesim_interfaces/turtlesim_interfaces_s__rosidl_typesupport_introspection_c.cpython-310-x86_64-linux-gnu.so" to ""
-- Installing: /home/cagla/bir_ws/install/turtlesim_interfaces/local/lib/python3.10/dist-packages/turtlesim_interfaces/turtlesim_interfaces_s__rosidl_typesupport_c.cpython-310-x86_64-linux-gnu.so
-- Set runtime path of "/home/cagla/bir_ws/install/turtlesim_interfaces/local/lib/python3.10/dist-packages/turtlesim_interfaces/turtlesim_interfaces_s__rosidl_typesupport_c.cpython-310-x86_64-linux-gnu.so" to ""
-- Installing: /home/cagla/bir_ws/install/turtlesim_interfaces/lib/libturtlesim_interfaces__rosidl_generator_py.so
-- Set runtime path of "/home/cagla/bir_ws/install/turtlesim_interfaces/lib/libturtlesim_interfaces__rosidl_generator_py.so" to ""
-- Installing: /home/cagla/bir_ws/install/turtlesim_interfaces/share/turtlesim_interfaces/action/CountUntil.idl
-- Installing: /home/cagla/bir_ws/install/turtlesim_interfaces/share/turtlesim_interfaces/action/CountUntil.action
-- Installing: /home/cagla/bir_ws/install/turtlesim_interfaces/share/ament_index/resource_index/package_run_dependencies/turtlesim_interfaces
-- Installing: /home/cagla/bir_ws/install/turtlesim_interfaces/share/ament_index/resource_index/parent_prefix_path/turtlesim_interfaces
-- Up-to-date: /home/cagla/bir_ws/install/turtlesim_interfaces/share/turtlesim_interfaces/environment/ament_prefix_path.sh
-- Installing: /home/cagla/bir_ws/install/turtlesim_interfaces/share/turtlesim_interfaces/environment/ament_prefix_path.dsv
-- Up-to-date: /home/cagla/bir_ws/install/turtlesim_interfaces/share/turtlesim_interfaces/environment/path.sh
-- Installing: /home/cagla/bir_ws/install/turtlesim_interfaces/share/turtlesim_interfaces/environment/path.dsv
-- Up-to-date: /home/cagla/bir_ws/install/turtlesim_interfaces/share/turtlesim_interfaces/local_setup.bash
-- Installing: /home/cagla/bir_ws/install/turtlesim_interfaces/share/turtlesim_interfaces/local_setup.sh
-- Up-to-date: /home/cagla/bir_ws/install/turtlesim_interfaces/share/turtlesim_interfaces/local_setup.zsh
-- Installing: /home/cagla/bir_ws/install/turtlesim_interfaces/share/turtlesim_interfaces/local_setup.dsv
-- Installing: /home/cagla/bir_ws/install/turtlesim_interfaces/share/turtlesim_interfaces/package.dsv
-- Up-to-date: /home/cagla/bir_ws/install/turtlesim_interfaces/share/ament_index/resource_index/packages/turtlesim_interfaces
-- Installing: /home/cagla/bir_ws/install/turtlesim_interfaces/share/turtlesim_interfaces/cmake/export_turtlesim_interfaces__rosidl_generator_cExport.cmake
-- Installing: /home/cagla/bir_ws/install/turtlesim_interfaces/share/turtlesim_interfaces/cmake/export_turtlesim_interfaces__rosidl_generator_cExport-noconfig.cmake
-- Installing: /home/cagla/bir_ws/install/turtlesim_interfaces/share/turtlesim_interfaces/cmake/export_turtlesim_interfaces__rosidl_typesupport_fastrtps_cExport.cmake
-- Installing: /home/cagla/bir_ws/install/turtlesim_interfaces/share/turtlesim_interfaces/cmake/export_turtlesim_interfaces__rosidl_typesupport_fastrtps_cExport-noconfig.cmake
-- Installing: /home/cagla/bir_ws/install/turtlesim_interfaces/share/turtlesim_interfaces/cmake/turtlesim_interfaces__rosidl_typesupport_introspection_cExport.cmake
-- Installing: /home/cagla/bir_ws/install/turtlesim_interfaces/share/turtlesim_interfaces/cmake/turtlesim_interfaces__rosidl_typesupport_introspection_cExport-noconfig.cmake
-- Installing: /home/cagla/bir_ws/install/turtlesim_interfaces/share/turtlesim_interfaces/cmake/turtlesim_interfaces__rosidl_typesupport_cExport.cmake
-- Installing: /home/cagla/bir_ws/install/turtlesim_interfaces/share/turtlesim_interfaces/cmake/turtlesim_interfaces__rosidl_typesupport_cExport-noconfig.cmake
-- Installing: /home/cagla/bir_ws/install/turtlesim_interfaces/share/turtlesim_interfaces/cmake/export_turtlesim_interfaces__rosidl_generator_cppExport.cmake
-- Installing: /home/cagla/bir_ws/install/turtlesim_interfaces/share/turtlesim_interfaces/cmake/export_turtlesim_interfaces__rosidl_typesupport_fastrtps_cppExport.cmake
-- Installing: /home/cagla/bir_ws/install/turtlesim_interfaces/share/turtlesim_interfaces/cmake/export_turtlesim_interfaces__rosidl_typesupport_fastrtps_cppExport-noconfig.cmake
-- Installing: /home/cagla/bir_ws/install/turtlesim_interfaces/share/turtlesim_interfaces/cmake/turtlesim_interfaces__rosidl_typesupport_introspection_cppExport.cmake
-- Installing: /home/cagla/bir_ws/install/turtlesim_interfaces/share/turtlesim_interfaces/cmake/turtlesim_interfaces__rosidl_typesupport_introspection_cppExport-noconfig.cmake
-- Installing: /home/cagla/bir_ws/install/turtlesim_interfaces/share/turtlesim_interfaces/cmake/turtlesim_interfaces__rosidl_typesupport_cppExport.cmake
-- Installing: /home/cagla/bir_ws/install/turtlesim_interfaces/share/turtlesim_interfaces/cmake/turtlesim_interfaces__rosidl_typesupport_cppExport-noconfig.cmake
-- Installing: /home/cagla/bir_ws/install/turtlesim_interfaces/share/turtlesim_interfaces/cmake/export_turtlesim_interfaces__rosidl_generator_pyExport.cmake
-- Installing: /home/cagla/bir_ws/install/turtlesim_interfaces/share/turtlesim_interfaces/cmake/export_turtlesim_interfaces__rosidl_generator_pyExport-noconfig.cmake
-- Installing: /home/cagla/bir_ws/install/turtlesim_interfaces/share/turtlesim_interfaces/cmake/rosidl_cmake-extras.cmake
-- Installing: /home/cagla/bir_ws/install/turtlesim_interfaces/share/turtlesim_interfaces/cmake/ament_cmake_export_dependencies-extras.cmake
-- Installing: /home/cagla/bir_ws/install/turtlesim_interfaces/share/turtlesim_interfaces/cmake/ament_cmake_export_include_directories-extras.cmake
-- Installing: /home/cagla/bir_ws/install/turtlesim_interfaces/share/turtlesim_interfaces/cmake/ament_cmake_export_libraries-extras.cmake
-- Installing: /home/cagla/bir_ws/install/turtlesim_interfaces/share/turtlesim_interfaces/cmake/ament_cmake_export_targets-extras.cmake
-- Installing: /home/cagla/bir_ws/install/turtlesim_interfaces/share/turtlesim_interfaces/cmake/rosidl_cmake_export_typesupport_targets-extras.cmake
-- Installing: /home/cagla/bir_ws/install/turtlesim_interfaces/share/turtlesim_interfaces/cmake/rosidl_cmake_export_typesupport_libraries-extras.cmake
-- Installing: /home/cagla/bir_ws/install/turtlesim_interfaces/share/turtlesim_interfaces/cmake/turtlesim_interfacesConfig.cmake
-- Up-to-date: /home/cagla/bir_ws/install/turtlesim_interfaces/share/turtlesim_interfaces/cmake/turtlesim_interfacesConfig-version.cmake
-- Installing: /home/cagla/bir_ws/install/turtlesim_interfaces/share/turtlesim_interfaces/package.xml
