running egg_info
creating ../../build/srv_turtle/srv_turtle.egg-info
writing ../../build/srv_turtle/srv_turtle.egg-info/PKG-INFO
writing dependency_links to ../../build/srv_turtle/srv_turtle.egg-info/dependency_links.txt
writing entry points to ../../build/srv_turtle/srv_turtle.egg-info/entry_points.txt
writing requirements to ../../build/srv_turtle/srv_turtle.egg-info/requires.txt
writing top-level names to ../../build/srv_turtle/srv_turtle.egg-info/top_level.txt
writing manifest file '../../build/srv_turtle/srv_turtle.egg-info/SOURCES.txt'
reading manifest file '../../build/srv_turtle/srv_turtle.egg-info/SOURCES.txt'
writing manifest file '../../build/srv_turtle/srv_turtle.egg-info/SOURCES.txt'
running build
running build_py
creating /home/cagla/fd_ws/build/srv_turtle/build
creating /home/cagla/fd_ws/build/srv_turtle/build/lib
creating /home/cagla/fd_ws/build/srv_turtle/build/lib/srv_turtle
copying srv_turtle/service_node.py -> /home/cagla/fd_ws/build/srv_turtle/build/lib/srv_turtle
copying srv_turtle/__init__.py -> /home/cagla/fd_ws/build/srv_turtle/build/lib/srv_turtle
running install
running install_lib
creating /home/cagla/fd_ws/install/srv_turtle/lib/python3.10/site-packages/srv_turtle
copying /home/cagla/fd_ws/build/srv_turtle/build/lib/srv_turtle/service_node.py -> /home/cagla/fd_ws/install/srv_turtle/lib/python3.10/site-packages/srv_turtle
copying /home/cagla/fd_ws/build/srv_turtle/build/lib/srv_turtle/__init__.py -> /home/cagla/fd_ws/install/srv_turtle/lib/python3.10/site-packages/srv_turtle
byte-compiling /home/cagla/fd_ws/install/srv_turtle/lib/python3.10/site-packages/srv_turtle/service_node.py to service_node.cpython-310.pyc
byte-compiling /home/cagla/fd_ws/install/srv_turtle/lib/python3.10/site-packages/srv_turtle/__init__.py to __init__.cpython-310.pyc
running install_data
creating /home/cagla/fd_ws/install/srv_turtle/share/ament_index
creating /home/cagla/fd_ws/install/srv_turtle/share/ament_index/resource_index
creating /home/cagla/fd_ws/install/srv_turtle/share/ament_index/resource_index/packages
copying resource/srv_turtle -> /home/cagla/fd_ws/install/srv_turtle/share/ament_index/resource_index/packages
copying package.xml -> /home/cagla/fd_ws/install/srv_turtle/share/srv_turtle
running install_egg_info
Copying ../../build/srv_turtle/srv_turtle.egg-info to /home/cagla/fd_ws/install/srv_turtle/lib/python3.10/site-packages/srv_turtle-0.0.0-py3.10.egg-info
running install_scripts
writing list of installed files to '/home/cagla/fd_ws/build/srv_turtle/install.log'
