[0.799s] Invoking command in '/home/cagla/fd_ws/src/srv_turtle': AMENT_PREFIX_PATH=/home/cagla/fd_ws/install/custom_interfaces:${AMENT_PREFIX_PATH} CMAKE_PREFIX_PATH=/home/cagla/fd_ws/install/custom_interfaces PYTHONPATH=/home/cagla/fd_ws/build/srv_turtle/prefix_override:/usr/lib/python3/dist-packages/colcon_core/task/python/colcon_distutils_commands:/home/cagla/fd_ws/install/srv_turtle/lib/python3.10/site-packages:${PYTHONPATH} /usr/bin/python3 -W ignore:setup.py install is deprecated setup.py egg_info --egg-base ../../build/srv_turtle build --build-base /home/cagla/fd_ws/build/srv_turtle/build install --record /home/cagla/fd_ws/build/srv_turtle/install.log --single-version-externally-managed install_data
[1.132s] running egg_info
[1.133s] creating ../../build/srv_turtle/srv_turtle.egg-info
[1.134s] writing ../../build/srv_turtle/srv_turtle.egg-info/PKG-INFO
[1.134s] writing dependency_links to ../../build/srv_turtle/srv_turtle.egg-info/dependency_links.txt
[1.134s] writing entry points to ../../build/srv_turtle/srv_turtle.egg-info/entry_points.txt
[1.134s] writing requirements to ../../build/srv_turtle/srv_turtle.egg-info/requires.txt
[1.135s] writing top-level names to ../../build/srv_turtle/srv_turtle.egg-info/top_level.txt
[1.136s] writing manifest file '../../build/srv_turtle/srv_turtle.egg-info/SOURCES.txt'
[1.138s] reading manifest file '../../build/srv_turtle/srv_turtle.egg-info/SOURCES.txt'
[1.139s] writing manifest file '../../build/srv_turtle/srv_turtle.egg-info/SOURCES.txt'
[1.139s] running build
[1.139s] running build_py
[1.139s] creating /home/cagla/fd_ws/build/srv_turtle/build
[1.139s] creating /home/cagla/fd_ws/build/srv_turtle/build/lib
[1.140s] creating /home/cagla/fd_ws/build/srv_turtle/build/lib/srv_turtle
[1.140s] copying srv_turtle/service_node.py -> /home/cagla/fd_ws/build/srv_turtle/build/lib/srv_turtle
[1.140s] copying srv_turtle/__init__.py -> /home/cagla/fd_ws/build/srv_turtle/build/lib/srv_turtle
[1.140s] running install
[1.141s] running install_lib
[1.143s] creating /home/cagla/fd_ws/install/srv_turtle/lib/python3.10/site-packages/srv_turtle
[1.147s] copying /home/cagla/fd_ws/build/srv_turtle/build/lib/srv_turtle/service_node.py -> /home/cagla/fd_ws/install/srv_turtle/lib/python3.10/site-packages/srv_turtle
[1.147s] copying /home/cagla/fd_ws/build/srv_turtle/build/lib/srv_turtle/__init__.py -> /home/cagla/fd_ws/install/srv_turtle/lib/python3.10/site-packages/srv_turtle
[1.147s] byte-compiling /home/cagla/fd_ws/install/srv_turtle/lib/python3.10/site-packages/srv_turtle/service_node.py to service_node.cpython-310.pyc
[1.147s] byte-compiling /home/cagla/fd_ws/install/srv_turtle/lib/python3.10/site-packages/srv_turtle/__init__.py to __init__.cpython-310.pyc
[1.147s] running install_data
[1.147s] creating /home/cagla/fd_ws/install/srv_turtle/share/ament_index
[1.147s] creating /home/cagla/fd_ws/install/srv_turtle/share/ament_index/resource_index
[1.147s] creating /home/cagla/fd_ws/install/srv_turtle/share/ament_index/resource_index/packages
[1.147s] copying resource/srv_turtle -> /home/cagla/fd_ws/install/srv_turtle/share/ament_index/resource_index/packages
[1.147s] copying package.xml -> /home/cagla/fd_ws/install/srv_turtle/share/srv_turtle
[1.147s] running install_egg_info
[1.148s] Copying ../../build/srv_turtle/srv_turtle.egg-info to /home/cagla/fd_ws/install/srv_turtle/lib/python3.10/site-packages/srv_turtle-0.0.0-py3.10.egg-info
[1.148s] running install_scripts
[1.170s] writing list of installed files to '/home/cagla/fd_ws/build/srv_turtle/install.log'
[1.202s] Invoked command in '/home/cagla/fd_ws/src/srv_turtle' returned '0': AMENT_PREFIX_PATH=/home/cagla/fd_ws/install/custom_interfaces:${AMENT_PREFIX_PATH} CMAKE_PREFIX_PATH=/home/cagla/fd_ws/install/custom_interfaces PYTHONPATH=/home/cagla/fd_ws/build/srv_turtle/prefix_override:/usr/lib/python3/dist-packages/colcon_core/task/python/colcon_distutils_commands:/home/cagla/fd_ws/install/srv_turtle/lib/python3.10/site-packages:${PYTHONPATH} /usr/bin/python3 -W ignore:setup.py install is deprecated setup.py egg_info --egg-base ../../build/srv_turtle build --build-base /home/cagla/fd_ws/build/srv_turtle/build install --record /home/cagla/fd_ws/build/srv_turtle/install.log --single-version-externally-managed install_data
