[0.146s] DEBUG:colcon:Command line arguments: ['/usr/bin/colcon', 'build']
[0.146s] DEBUG:colcon:Parsed command line arguments: Namespace(log_base=None, log_level=None, verb_name='build', build_base='build', install_base='install', merge_install=False, symlink_install=False, test_result_base=None, continue_on_error=False, executor='parallel', parallel_workers=2, event_handlers=None, ignore_user_meta=False, metas=['./colcon.meta'], base_paths=['.'], packages_ignore=None, packages_ignore_regex=None, paths=None, packages_up_to=None, packages_up_to_regex=None, packages_above=None, packages_above_and_dependencies=None, packages_above_depth=None, packages_select_by_dep=None, packages_skip_by_dep=None, packages_skip_up_to=None, packages_select_build_failed=False, packages_skip_build_finished=False, packages_select_test_failures=False, packages_skip_test_passed=False, packages_select=None, packages_skip=None, packages_select_regex=None, packages_skip_regex=None, packages_start=None, packages_end=None, allow_overriding=[], cmake_args=None, cmake_target=None, cmake_target_skip_unavailable=False, cmake_clean_cache=False, cmake_clean_first=False, cmake_force_configure=False, ament_cmake_args=None, catkin_cmake_args=None, catkin_skip_building_tests=False, mixin_files=None, mixin=None, verb_parser=<colcon_mixin.mixin.mixin_argument.MixinArgumentDecorator object at 0x729e55ff2830>, verb_extension=<colcon_core.verb.build.BuildVerb object at 0x729e560f2ef0>, main=<bound method BuildVerb.main of <colcon_core.verb.build.BuildVerb object at 0x729e560f2ef0>>, mixin_verb=('build',))
[0.344s] Level 1:colcon.colcon_core.package_discovery:discover_packages(colcon_meta) check parameters
[0.345s] Level 1:colcon.colcon_core.package_discovery:discover_packages(recursive) check parameters
[0.345s] Level 1:colcon.colcon_core.package_discovery:discover_packages(ignore) check parameters
[0.345s] Level 1:colcon.colcon_core.package_discovery:discover_packages(path) check parameters
[0.345s] Level 1:colcon.colcon_core.package_discovery:discover_packages(colcon_meta) discover
[0.345s] Level 1:colcon.colcon_core.package_discovery:discover_packages(recursive) discover
[0.345s] INFO:colcon.colcon_core.package_discovery:Crawling recursively for packages in '/home/cagla/bir_ws'
[0.345s] Level 1:colcon.colcon_core.package_identification:_identify(.) by extensions ['ignore', 'ignore_ament_install']
[0.345s] Level 1:colcon.colcon_core.package_identification:_identify(.) by extension 'ignore'
[0.345s] Level 1:colcon.colcon_core.package_identification:_identify(.) by extension 'ignore_ament_install'
[0.346s] Level 1:colcon.colcon_core.package_identification:_identify(.) by extensions ['colcon_pkg']
[0.346s] Level 1:colcon.colcon_core.package_identification:_identify(.) by extension 'colcon_pkg'
[0.346s] Level 1:colcon.colcon_core.package_identification:_identify(.) by extensions ['colcon_meta']
[0.346s] Level 1:colcon.colcon_core.package_identification:_identify(.) by extension 'colcon_meta'
[0.346s] Level 1:colcon.colcon_core.package_identification:_identify(.) by extensions ['ros']
[0.346s] Level 1:colcon.colcon_core.package_identification:_identify(.) by extension 'ros'
[0.359s] Level 1:colcon.colcon_core.package_identification:_identify(.) by extensions ['cmake', 'python']
[0.359s] Level 1:colcon.colcon_core.package_identification:_identify(.) by extension 'cmake'
[0.359s] Level 1:colcon.colcon_core.package_identification:_identify(.) by extension 'python'
[0.359s] Level 1:colcon.colcon_core.package_identification:_identify(.) by extensions ['python_setup_py']
[0.359s] Level 1:colcon.colcon_core.package_identification:_identify(.) by extension 'python_setup_py'
[0.359s] Level 1:colcon.colcon_core.package_identification:_identify(build) by extensions ['ignore', 'ignore_ament_install']
[0.359s] Level 1:colcon.colcon_core.package_identification:_identify(build) by extension 'ignore'
[0.359s] Level 1:colcon.colcon_core.package_identification:_identify(build) ignored
[0.359s] Level 1:colcon.colcon_core.package_identification:_identify(install) by extensions ['ignore', 'ignore_ament_install']
[0.359s] Level 1:colcon.colcon_core.package_identification:_identify(install) by extension 'ignore'
[0.360s] Level 1:colcon.colcon_core.package_identification:_identify(install) ignored
[0.360s] Level 1:colcon.colcon_core.package_identification:_identify(log) by extensions ['ignore', 'ignore_ament_install']
[0.360s] Level 1:colcon.colcon_core.package_identification:_identify(log) by extension 'ignore'
[0.360s] Level 1:colcon.colcon_core.package_identification:_identify(log) ignored
[0.360s] Level 1:colcon.colcon_core.package_identification:_identify(src) by extensions ['ignore', 'ignore_ament_install']
[0.360s] Level 1:colcon.colcon_core.package_identification:_identify(src) by extension 'ignore'
[0.360s] Level 1:colcon.colcon_core.package_identification:_identify(src) by extension 'ignore_ament_install'
[0.360s] Level 1:colcon.colcon_core.package_identification:_identify(src) by extensions ['colcon_pkg']
[0.360s] Level 1:colcon.colcon_core.package_identification:_identify(src) by extension 'colcon_pkg'
[0.360s] Level 1:colcon.colcon_core.package_identification:_identify(src) by extensions ['colcon_meta']
[0.360s] Level 1:colcon.colcon_core.package_identification:_identify(src) by extension 'colcon_meta'
[0.360s] Level 1:colcon.colcon_core.package_identification:_identify(src) by extensions ['ros']
[0.360s] Level 1:colcon.colcon_core.package_identification:_identify(src) by extension 'ros'
[0.360s] Level 1:colcon.colcon_core.package_identification:_identify(src) by extensions ['cmake', 'python']
[0.360s] Level 1:colcon.colcon_core.package_identification:_identify(src) by extension 'cmake'
[0.360s] Level 1:colcon.colcon_core.package_identification:_identify(src) by extension 'python'
[0.360s] Level 1:colcon.colcon_core.package_identification:_identify(src) by extensions ['python_setup_py']
[0.361s] Level 1:colcon.colcon_core.package_identification:_identify(src) by extension 'python_setup_py'
[0.361s] Level 1:colcon.colcon_core.package_identification:_identify(src/turtle_actions) by extensions ['ignore', 'ignore_ament_install']
[0.361s] Level 1:colcon.colcon_core.package_identification:_identify(src/turtle_actions) by extension 'ignore'
[0.361s] Level 1:colcon.colcon_core.package_identification:_identify(src/turtle_actions) by extension 'ignore_ament_install'
[0.361s] Level 1:colcon.colcon_core.package_identification:_identify(src/turtle_actions) by extensions ['colcon_pkg']
[0.361s] Level 1:colcon.colcon_core.package_identification:_identify(src/turtle_actions) by extension 'colcon_pkg'
[0.361s] Level 1:colcon.colcon_core.package_identification:_identify(src/turtle_actions) by extensions ['colcon_meta']
[0.361s] Level 1:colcon.colcon_core.package_identification:_identify(src/turtle_actions) by extension 'colcon_meta'
[0.361s] Level 1:colcon.colcon_core.package_identification:_identify(src/turtle_actions) by extensions ['ros']
[0.361s] Level 1:colcon.colcon_core.package_identification:_identify(src/turtle_actions) by extension 'ros'
[0.364s] DEBUG:colcon.colcon_core.package_identification:Package 'src/turtle_actions' with type 'ros.ament_python' and name 'turtle_actions'
[0.364s] Level 1:colcon.colcon_core.package_identification:_identify(src/turtlesim_interfaces) by extensions ['ignore', 'ignore_ament_install']
[0.365s] Level 1:colcon.colcon_core.package_identification:_identify(src/turtlesim_interfaces) by extension 'ignore'
[0.365s] Level 1:colcon.colcon_core.package_identification:_identify(src/turtlesim_interfaces) by extension 'ignore_ament_install'
[0.365s] Level 1:colcon.colcon_core.package_identification:_identify(src/turtlesim_interfaces) by extensions ['colcon_pkg']
[0.365s] Level 1:colcon.colcon_core.package_identification:_identify(src/turtlesim_interfaces) by extension 'colcon_pkg'
[0.365s] Level 1:colcon.colcon_core.package_identification:_identify(src/turtlesim_interfaces) by extensions ['colcon_meta']
[0.365s] Level 1:colcon.colcon_core.package_identification:_identify(src/turtlesim_interfaces) by extension 'colcon_meta'
[0.365s] Level 1:colcon.colcon_core.package_identification:_identify(src/turtlesim_interfaces) by extensions ['ros']
[0.365s] Level 1:colcon.colcon_core.package_identification:_identify(src/turtlesim_interfaces) by extension 'ros'
[0.366s] DEBUG:colcon.colcon_core.package_identification:Package 'src/turtlesim_interfaces' with type 'ros.ament_cmake' and name 'turtlesim_interfaces'
[0.366s] Level 1:colcon.colcon_core.package_discovery:discover_packages(recursive) using defaults
[0.366s] Level 1:colcon.colcon_core.package_discovery:discover_packages(ignore) discover
[0.366s] Level 1:colcon.colcon_core.package_discovery:discover_packages(ignore) using defaults
[0.366s] Level 1:colcon.colcon_core.package_discovery:discover_packages(path) discover
[0.366s] Level 1:colcon.colcon_core.package_discovery:discover_packages(path) using defaults
[0.389s] Level 1:colcon.colcon_core.package_discovery:discover_packages(prefix_path) check parameters
[0.389s] Level 1:colcon.colcon_core.package_discovery:discover_packages(prefix_path) discover
[0.392s] DEBUG:colcon.colcon_installed_package_information.package_discovery:Found 2 installed packages in /home/cagla/bir_ws/install
[0.392s] DEBUG:colcon.colcon_installed_package_information.package_discovery:Found 1 installed packages in /home/cagla/ros2_ws/install
[0.393s] DEBUG:colcon.colcon_installed_package_information.package_discovery:Found 2 installed packages in /home/cagla/yeni_ws/install
[0.394s] DEBUG:colcon.colcon_installed_package_information.package_discovery:Found 293 installed packages in /opt/ros/humble
[0.413s] Level 1:colcon.colcon_core.package_discovery:discover_packages(prefix_path) using defaults
[0.456s] Level 5:colcon.colcon_core.verb:set package 'turtle_actions' build argument 'cmake_args' from command line to 'None'
[0.456s] Level 5:colcon.colcon_core.verb:set package 'turtle_actions' build argument 'cmake_target' from command line to 'None'
[0.456s] Level 5:colcon.colcon_core.verb:set package 'turtle_actions' build argument 'cmake_target_skip_unavailable' from command line to 'False'
[0.456s] Level 5:colcon.colcon_core.verb:set package 'turtle_actions' build argument 'cmake_clean_cache' from command line to 'False'
[0.456s] Level 5:colcon.colcon_core.verb:set package 'turtle_actions' build argument 'cmake_clean_first' from command line to 'False'
[0.456s] Level 5:colcon.colcon_core.verb:set package 'turtle_actions' build argument 'cmake_force_configure' from command line to 'False'
[0.456s] Level 5:colcon.colcon_core.verb:set package 'turtle_actions' build argument 'ament_cmake_args' from command line to 'None'
[0.456s] Level 5:colcon.colcon_core.verb:set package 'turtle_actions' build argument 'catkin_cmake_args' from command line to 'None'
[0.456s] Level 5:colcon.colcon_core.verb:set package 'turtle_actions' build argument 'catkin_skip_building_tests' from command line to 'False'
[0.456s] DEBUG:colcon.colcon_core.verb:Building package 'turtle_actions' with the following arguments: {'ament_cmake_args': None, 'build_base': '/home/cagla/bir_ws/build/turtle_actions', 'catkin_cmake_args': None, 'catkin_skip_building_tests': False, 'cmake_args': None, 'cmake_clean_cache': False, 'cmake_clean_first': False, 'cmake_force_configure': False, 'cmake_target': None, 'cmake_target_skip_unavailable': False, 'install_base': '/home/cagla/bir_ws/install/turtle_actions', 'merge_install': False, 'path': '/home/cagla/bir_ws/src/turtle_actions', 'symlink_install': False, 'test_result_base': None}
[0.457s] Level 5:colcon.colcon_core.verb:set package 'turtlesim_interfaces' build argument 'cmake_args' from command line to 'None'
[0.457s] Level 5:colcon.colcon_core.verb:set package 'turtlesim_interfaces' build argument 'cmake_target' from command line to 'None'
[0.457s] Level 5:colcon.colcon_core.verb:set package 'turtlesim_interfaces' build argument 'cmake_target_skip_unavailable' from command line to 'False'
[0.457s] Level 5:colcon.colcon_core.verb:set package 'turtlesim_interfaces' build argument 'cmake_clean_cache' from command line to 'False'
[0.457s] Level 5:colcon.colcon_core.verb:set package 'turtlesim_interfaces' build argument 'cmake_clean_first' from command line to 'False'
[0.457s] Level 5:colcon.colcon_core.verb:set package 'turtlesim_interfaces' build argument 'cmake_force_configure' from command line to 'False'
[0.457s] Level 5:colcon.colcon_core.verb:set package 'turtlesim_interfaces' build argument 'ament_cmake_args' from command line to 'None'
[0.457s] Level 5:colcon.colcon_core.verb:set package 'turtlesim_interfaces' build argument 'catkin_cmake_args' from command line to 'None'
[0.457s] Level 5:colcon.colcon_core.verb:set package 'turtlesim_interfaces' build argument 'catkin_skip_building_tests' from command line to 'False'
[0.457s] DEBUG:colcon.colcon_core.verb:Building package 'turtlesim_interfaces' with the following arguments: {'ament_cmake_args': None, 'build_base': '/home/cagla/bir_ws/build/turtlesim_interfaces', 'catkin_cmake_args': None, 'catkin_skip_building_tests': False, 'cmake_args': None, 'cmake_clean_cache': False, 'cmake_clean_first': False, 'cmake_force_configure': False, 'cmake_target': None, 'cmake_target_skip_unavailable': False, 'install_base': '/home/cagla/bir_ws/install/turtlesim_interfaces', 'merge_install': False, 'path': '/home/cagla/bir_ws/src/turtlesim_interfaces', 'symlink_install': False, 'test_result_base': None}
[0.457s] INFO:colcon.colcon_core.executor:Executing jobs using 'parallel' executor
[0.459s] DEBUG:colcon.colcon_parallel_executor.executor.parallel:run_until_complete
[0.459s] INFO:colcon.colcon_ros.task.ament_python.build:Building ROS package in '/home/cagla/bir_ws/src/turtle_actions' with build type 'ament_python'
[0.459s] Level 1:colcon.colcon_core.shell:create_environment_hook('turtle_actions', 'ament_prefix_path')
[0.461s] INFO:colcon.colcon_core.plugin_system:Skipping extension 'colcon_core.shell.bat': Not used on non-Windows systems
[0.461s] INFO:colcon.colcon_core.shell:Creating environment hook '/home/cagla/bir_ws/install/turtle_actions/share/turtle_actions/hook/ament_prefix_path.ps1'
[0.462s] INFO:colcon.colcon_core.shell:Creating environment descriptor '/home/cagla/bir_ws/install/turtle_actions/share/turtle_actions/hook/ament_prefix_path.dsv'
[0.463s] INFO:colcon.colcon_core.shell:Creating environment hook '/home/cagla/bir_ws/install/turtle_actions/share/turtle_actions/hook/ament_prefix_path.sh'
[0.464s] INFO:colcon.colcon_core.shell:Skip shell extension 'powershell' for command environment: Not usable outside of PowerShell
[0.464s] DEBUG:colcon.colcon_core.shell:Skip shell extension 'dsv' for command environment
[0.468s] INFO:colcon.colcon_ros.task.ament_cmake.build:Building ROS package in '/home/cagla/bir_ws/src/turtlesim_interfaces' with build type 'ament_cmake'
[0.468s] INFO:colcon.colcon_cmake.task.cmake.build:Building CMake package in '/home/cagla/bir_ws/src/turtlesim_interfaces'
[0.468s] INFO:colcon.colcon_core.shell:Skip shell extension 'powershell' for command environment: Not usable outside of PowerShell
[0.468s] DEBUG:colcon.colcon_core.shell:Skip shell extension 'dsv' for command environment
[0.940s] INFO:colcon.colcon_core.task.python.build:Building Python package in '/home/cagla/bir_ws/src/turtle_actions'
[0.940s] INFO:colcon.colcon_core.shell:Skip shell extension 'powershell' for command environment: Not usable outside of PowerShell
[0.941s] DEBUG:colcon.colcon_core.shell:Skip shell extension 'dsv' for command environment
[0.959s] DEBUG:colcon.colcon_core.event_handler.log_command:Invoking command in '/home/cagla/bir_ws/build/turtlesim_interfaces': CMAKE_PREFIX_PATH=${CMAKE_PREFIX_PATH}:/home/cagla/bir_ws/install/turtle_actions:/home/cagla/yeni_ws/install/actions_py:/home/cagla/ros2_ws/install/my_robot_controller:/opt/ros/humble /usr/bin/cmake --build /home/cagla/bir_ws/build/turtlesim_interfaces -- -j2 -l2
[2.117s] DEBUG:colcon.colcon_core.event_handler.log_command:Invoking command in '/home/cagla/bir_ws/src/turtle_actions': PYTHONPATH=/home/cagla/bir_ws/build/turtle_actions/prefix_override:/usr/lib/python3/dist-packages/colcon_core/task/python/colcon_distutils_commands:/home/cagla/bir_ws/install/turtle_actions/lib/python3.10/site-packages:${PYTHONPATH} /usr/bin/python3 -W ignore:setup.py install is deprecated setup.py egg_info --egg-base ../../build/turtle_actions build --build-base /home/cagla/bir_ws/build/turtle_actions/build install --record /home/cagla/bir_ws/build/turtle_actions/install.log --single-version-externally-managed install_data
[2.344s] DEBUG:colcon.colcon_core.event_handler.log_command:Invoked command in '/home/cagla/bir_ws/build/turtlesim_interfaces' returned '0': CMAKE_PREFIX_PATH=${CMAKE_PREFIX_PATH}:/home/cagla/bir_ws/install/turtle_actions:/home/cagla/yeni_ws/install/actions_py:/home/cagla/ros2_ws/install/my_robot_controller:/opt/ros/humble /usr/bin/cmake --build /home/cagla/bir_ws/build/turtlesim_interfaces -- -j2 -l2
[2.483s] DEBUG:colcon.colcon_core.event_handler.log_command:Invoking command in '/home/cagla/bir_ws/build/turtlesim_interfaces': CMAKE_PREFIX_PATH=${CMAKE_PREFIX_PATH}:/home/cagla/bir_ws/install/turtle_actions:/home/cagla/yeni_ws/install/actions_py:/home/cagla/ros2_ws/install/my_robot_controller:/opt/ros/humble /usr/bin/cmake --install /home/cagla/bir_ws/build/turtlesim_interfaces
[2.608s] Level 1:colcon.colcon_core.environment:create_environment_scripts_only(turtlesim_interfaces)
[2.613s] Level 1:colcon.colcon_core.environment:checking '/home/cagla/bir_ws/install/turtlesim_interfaces' for CMake module files
[2.614s] Level 1:colcon.colcon_core.environment:checking '/home/cagla/bir_ws/install/turtlesim_interfaces' for CMake config files
[2.614s] DEBUG:colcon.colcon_core.event_handler.log_command:Invoked command in '/home/cagla/bir_ws/build/turtlesim_interfaces' returned '0': CMAKE_PREFIX_PATH=${CMAKE_PREFIX_PATH}:/home/cagla/bir_ws/install/turtle_actions:/home/cagla/yeni_ws/install/actions_py:/home/cagla/ros2_ws/install/my_robot_controller:/opt/ros/humble /usr/bin/cmake --install /home/cagla/bir_ws/build/turtlesim_interfaces
[2.617s] Level 1:colcon.colcon_core.shell:create_environment_hook('turtlesim_interfaces', 'cmake_prefix_path')
[2.618s] INFO:colcon.colcon_core.shell:Creating environment hook '/home/cagla/bir_ws/install/turtlesim_interfaces/share/turtlesim_interfaces/hook/cmake_prefix_path.ps1'
[2.618s] INFO:colcon.colcon_core.shell:Creating environment descriptor '/home/cagla/bir_ws/install/turtlesim_interfaces/share/turtlesim_interfaces/hook/cmake_prefix_path.dsv'
[2.623s] INFO:colcon.colcon_core.shell:Creating environment hook '/home/cagla/bir_ws/install/turtlesim_interfaces/share/turtlesim_interfaces/hook/cmake_prefix_path.sh'
[2.625s] Level 1:colcon.colcon_core.environment:checking '/home/cagla/bir_ws/install/turtlesim_interfaces/lib'
[2.625s] Level 1:colcon.colcon_core.shell:create_environment_hook('turtlesim_interfaces', 'ld_library_path_lib')
[2.626s] INFO:colcon.colcon_core.shell:Creating environment hook '/home/cagla/bir_ws/install/turtlesim_interfaces/share/turtlesim_interfaces/hook/ld_library_path_lib.ps1'
[2.630s] INFO:colcon.colcon_core.shell:Creating environment descriptor '/home/cagla/bir_ws/install/turtlesim_interfaces/share/turtlesim_interfaces/hook/ld_library_path_lib.dsv'
[2.635s] INFO:colcon.colcon_core.shell:Creating environment hook '/home/cagla/bir_ws/install/turtlesim_interfaces/share/turtlesim_interfaces/hook/ld_library_path_lib.sh'
[2.636s] Level 1:colcon.colcon_core.environment:checking '/home/cagla/bir_ws/install/turtlesim_interfaces/bin'
[2.636s] Level 1:colcon.colcon_core.environment:checking '/home/cagla/bir_ws/install/turtlesim_interfaces/lib/pkgconfig/turtlesim_interfaces.pc'
[2.637s] Level 1:colcon.colcon_core.environment:checking '/home/cagla/bir_ws/install/turtlesim_interfaces/lib/python3.10/site-packages'
[2.637s] Level 1:colcon.colcon_core.environment:checking '/home/cagla/bir_ws/install/turtlesim_interfaces/bin'
[2.638s] INFO:colcon.colcon_core.shell:Creating package script '/home/cagla/bir_ws/install/turtlesim_interfaces/share/turtlesim_interfaces/package.ps1'
[2.647s] INFO:colcon.colcon_core.shell:Creating package descriptor '/home/cagla/bir_ws/install/turtlesim_interfaces/share/turtlesim_interfaces/package.dsv'
[2.648s] INFO:colcon.colcon_core.shell:Creating package script '/home/cagla/bir_ws/install/turtlesim_interfaces/share/turtlesim_interfaces/package.sh'
[2.650s] INFO:colcon.colcon_core.shell:Creating package script '/home/cagla/bir_ws/install/turtlesim_interfaces/share/turtlesim_interfaces/package.bash'
[2.652s] INFO:colcon.colcon_core.shell:Creating package script '/home/cagla/bir_ws/install/turtlesim_interfaces/share/turtlesim_interfaces/package.zsh'
[2.656s] Level 1:colcon.colcon_core.environment:create_file_with_runtime_dependencies(/home/cagla/bir_ws/install/turtlesim_interfaces/share/colcon-core/packages/turtlesim_interfaces)
[2.992s] Level 1:colcon.colcon_core.environment:checking '/home/cagla/bir_ws/install/turtle_actions' for CMake module files
[2.995s] Level 1:colcon.colcon_core.environment:checking '/home/cagla/bir_ws/install/turtle_actions' for CMake config files
[3.000s] DEBUG:colcon.colcon_core.event_handler.log_command:Invoked command in '/home/cagla/bir_ws/src/turtle_actions' returned '0': PYTHONPATH=/home/cagla/bir_ws/build/turtle_actions/prefix_override:/usr/lib/python3/dist-packages/colcon_core/task/python/colcon_distutils_commands:/home/cagla/bir_ws/install/turtle_actions/lib/python3.10/site-packages:${PYTHONPATH} /usr/bin/python3 -W ignore:setup.py install is deprecated setup.py egg_info --egg-base ../../build/turtle_actions build --build-base /home/cagla/bir_ws/build/turtle_actions/build install --record /home/cagla/bir_ws/build/turtle_actions/install.log --single-version-externally-managed install_data
[3.006s] Level 1:colcon.colcon_core.environment:checking '/home/cagla/bir_ws/install/turtle_actions/lib'
[3.006s] Level 1:colcon.colcon_core.environment:checking '/home/cagla/bir_ws/install/turtle_actions/bin'
[3.006s] Level 1:colcon.colcon_core.environment:checking '/home/cagla/bir_ws/install/turtle_actions/lib/pkgconfig/turtle_actions.pc'
[3.008s] Level 1:colcon.colcon_core.environment:checking '/home/cagla/bir_ws/install/turtle_actions/lib/python3.10/site-packages'
[3.009s] Level 1:colcon.colcon_core.shell:create_environment_hook('turtle_actions', 'pythonpath')
[3.011s] INFO:colcon.colcon_core.shell:Creating environment hook '/home/cagla/bir_ws/install/turtle_actions/share/turtle_actions/hook/pythonpath.ps1'
[3.012s] INFO:colcon.colcon_core.shell:Creating environment descriptor '/home/cagla/bir_ws/install/turtle_actions/share/turtle_actions/hook/pythonpath.dsv'
[3.017s] INFO:colcon.colcon_core.shell:Creating environment hook '/home/cagla/bir_ws/install/turtle_actions/share/turtle_actions/hook/pythonpath.sh'
[3.021s] Level 1:colcon.colcon_core.environment:checking '/home/cagla/bir_ws/install/turtle_actions/bin'
[3.021s] Level 1:colcon.colcon_core.environment:create_environment_scripts_only(turtle_actions)
[3.022s] INFO:colcon.colcon_core.shell:Creating package script '/home/cagla/bir_ws/install/turtle_actions/share/turtle_actions/package.ps1'
[3.028s] INFO:colcon.colcon_core.shell:Creating package descriptor '/home/cagla/bir_ws/install/turtle_actions/share/turtle_actions/package.dsv'
[3.029s] INFO:colcon.colcon_core.shell:Creating package script '/home/cagla/bir_ws/install/turtle_actions/share/turtle_actions/package.sh'
[3.032s] INFO:colcon.colcon_core.shell:Creating package script '/home/cagla/bir_ws/install/turtle_actions/share/turtle_actions/package.bash'
[3.033s] INFO:colcon.colcon_core.shell:Creating package script '/home/cagla/bir_ws/install/turtle_actions/share/turtle_actions/package.zsh'
[3.035s] Level 1:colcon.colcon_core.environment:create_file_with_runtime_dependencies(/home/cagla/bir_ws/install/turtle_actions/share/colcon-core/packages/turtle_actions)
[3.046s] Level 1:colcon.colcon_core.environment:create_environment_scripts_only(turtlesim_interfaces)
[3.046s] Level 1:colcon.colcon_core.environment:checking '/home/cagla/bir_ws/install/turtlesim_interfaces' for CMake module files
[3.047s] Level 1:colcon.colcon_core.environment:checking '/home/cagla/bir_ws/install/turtlesim_interfaces' for CMake config files
[3.051s] Level 1:colcon.colcon_core.shell:create_environment_hook('turtlesim_interfaces', 'cmake_prefix_path')
[3.056s] INFO:colcon.colcon_core.shell:Creating environment hook '/home/cagla/bir_ws/install/turtlesim_interfaces/share/turtlesim_interfaces/hook/cmake_prefix_path.ps1'
[3.064s] INFO:colcon.colcon_core.shell:Creating environment descriptor '/home/cagla/bir_ws/install/turtlesim_interfaces/share/turtlesim_interfaces/hook/cmake_prefix_path.dsv'
[3.064s] INFO:colcon.colcon_core.shell:Creating environment hook '/home/cagla/bir_ws/install/turtlesim_interfaces/share/turtlesim_interfaces/hook/cmake_prefix_path.sh'
[3.067s] Level 1:colcon.colcon_core.environment:checking '/home/cagla/bir_ws/install/turtlesim_interfaces/lib'
[3.067s] Level 1:colcon.colcon_core.shell:create_environment_hook('turtlesim_interfaces', 'ld_library_path_lib')
[3.068s] INFO:colcon.colcon_core.shell:Creating environment hook '/home/cagla/bir_ws/install/turtlesim_interfaces/share/turtlesim_interfaces/hook/ld_library_path_lib.ps1'
[3.072s] INFO:colcon.colcon_core.shell:Creating environment descriptor '/home/cagla/bir_ws/install/turtlesim_interfaces/share/turtlesim_interfaces/hook/ld_library_path_lib.dsv'
[3.073s] INFO:colcon.colcon_core.shell:Creating environment hook '/home/cagla/bir_ws/install/turtlesim_interfaces/share/turtlesim_interfaces/hook/ld_library_path_lib.sh'
[3.073s] Level 1:colcon.colcon_core.environment:checking '/home/cagla/bir_ws/install/turtlesim_interfaces/bin'
[3.074s] Level 1:colcon.colcon_core.environment:checking '/home/cagla/bir_ws/install/turtlesim_interfaces/lib/pkgconfig/turtlesim_interfaces.pc'
[3.074s] Level 1:colcon.colcon_core.environment:checking '/home/cagla/bir_ws/install/turtlesim_interfaces/lib/python3.10/site-packages'
[3.076s] Level 1:colcon.colcon_core.environment:checking '/home/cagla/bir_ws/install/turtlesim_interfaces/bin'
[3.078s] INFO:colcon.colcon_core.shell:Creating package script '/home/cagla/bir_ws/install/turtlesim_interfaces/share/turtlesim_interfaces/package.ps1'
[3.079s] INFO:colcon.colcon_core.shell:Creating package descriptor '/home/cagla/bir_ws/install/turtlesim_interfaces/share/turtlesim_interfaces/package.dsv'
[3.082s] INFO:colcon.colcon_core.shell:Creating package script '/home/cagla/bir_ws/install/turtlesim_interfaces/share/turtlesim_interfaces/package.sh'
[3.085s] INFO:colcon.colcon_core.shell:Creating package script '/home/cagla/bir_ws/install/turtlesim_interfaces/share/turtlesim_interfaces/package.bash'
[3.086s] INFO:colcon.colcon_core.shell:Creating package script '/home/cagla/bir_ws/install/turtlesim_interfaces/share/turtlesim_interfaces/package.zsh'
[3.087s] Level 1:colcon.colcon_core.environment:create_file_with_runtime_dependencies(/home/cagla/bir_ws/install/turtlesim_interfaces/share/colcon-core/packages/turtlesim_interfaces)
[3.090s] DEBUG:colcon.colcon_parallel_executor.executor.parallel:closing loop
[3.090s] DEBUG:colcon.colcon_parallel_executor.executor.parallel:loop closed
[3.090s] DEBUG:colcon.colcon_parallel_executor.executor.parallel:run_until_complete finished with '0'
[3.090s] DEBUG:colcon.colcon_core.event_reactor:joining thread
[3.110s] INFO:colcon.colcon_core.plugin_system:Skipping extension 'colcon_notification.desktop_notification.terminal_notifier': Not used on non-Darwin systems
[3.115s] INFO:colcon.colcon_core.plugin_system:Skipping extension 'colcon_notification.desktop_notification.win32': Not used on non-Windows systems
[3.115s] INFO:colcon.colcon_notification.desktop_notification:Sending desktop notification using 'notify2'
[3.168s] DEBUG:colcon.colcon_core.event_reactor:joined thread
[3.168s] INFO:colcon.colcon_core.shell:Creating prefix script '/home/cagla/bir_ws/install/local_setup.ps1'
[3.170s] INFO:colcon.colcon_core.shell:Creating prefix util module '/home/cagla/bir_ws/install/_local_setup_util_ps1.py'
[3.173s] INFO:colcon.colcon_core.shell:Creating prefix chain script '/home/cagla/bir_ws/install/setup.ps1'
[3.188s] INFO:colcon.colcon_core.shell:Creating prefix script '/home/cagla/bir_ws/install/local_setup.sh'
[3.189s] INFO:colcon.colcon_core.shell:Creating prefix util module '/home/cagla/bir_ws/install/_local_setup_util_sh.py'
[3.189s] INFO:colcon.colcon_core.shell:Creating prefix chain script '/home/cagla/bir_ws/install/setup.sh'
[3.191s] INFO:colcon.colcon_core.shell:Creating prefix script '/home/cagla/bir_ws/install/local_setup.bash'
[3.191s] INFO:colcon.colcon_core.shell:Creating prefix chain script '/home/cagla/bir_ws/install/setup.bash'
[3.194s] INFO:colcon.colcon_core.shell:Creating prefix script '/home/cagla/bir_ws/install/local_setup.zsh'
[3.194s] INFO:colcon.colcon_core.shell:Creating prefix chain script '/home/cagla/bir_ws/install/setup.zsh'
