[1.657s] Invoking command in '/home/cagla/bir_ws/src/turtle_actions': PYTHONPATH=/home/cagla/bir_ws/build/turtle_actions/prefix_override:/usr/lib/python3/dist-packages/colcon_core/task/python/colcon_distutils_commands:/home/cagla/bir_ws/install/turtle_actions/lib/python3.10/site-packages:${PYTHONPATH} /usr/bin/python3 -W ignore:setup.py install is deprecated setup.py egg_info --egg-base ../../build/turtle_actions build --build-base /home/cagla/bir_ws/build/turtle_actions/build install --record /home/cagla/bir_ws/build/turtle_actions/install.log --single-version-externally-managed install_data
[2.234s] running egg_info
[2.234s] writing ../../build/turtle_actions/turtle_actions.egg-info/PKG-INFO
[2.234s] writing dependency_links to ../../build/turtle_actions/turtle_actions.egg-info/dependency_links.txt
[2.234s] writing entry points to ../../build/turtle_actions/turtle_actions.egg-info/entry_points.txt
[2.234s] writing requirements to ../../build/turtle_actions/turtle_actions.egg-info/requires.txt
[2.234s] writing top-level names to ../../build/turtle_actions/turtle_actions.egg-info/top_level.txt
[2.234s] reading manifest file '../../build/turtle_actions/turtle_actions.egg-info/SOURCES.txt'
[2.234s] writing manifest file '../../build/turtle_actions/turtle_actions.egg-info/SOURCES.txt'
[2.235s] running build
[2.235s] running build_py
[2.236s] running install
[2.239s] running install_lib
[2.243s] running install_data
[2.244s] running install_egg_info
[2.249s] removing '/home/cagla/bir_ws/install/turtle_actions/lib/python3.10/site-packages/turtle_actions-0.0.0-py3.10.egg-info' (and everything under it)
[2.249s] Copying ../../build/turtle_actions/turtle_actions.egg-info to /home/cagla/bir_ws/install/turtle_actions/lib/python3.10/site-packages/turtle_actions-0.0.0-py3.10.egg-info
[2.256s] running install_scripts
[2.385s] Installing client script to /home/cagla/bir_ws/install/turtle_actions/lib/turtle_actions
[2.385s] Installing server script to /home/cagla/bir_ws/install/turtle_actions/lib/turtle_actions
[2.385s] writing list of installed files to '/home/cagla/bir_ws/build/turtle_actions/install.log'
[2.535s] Invoked command in '/home/cagla/bir_ws/src/turtle_actions' returned '0': PYTHONPATH=/home/cagla/bir_ws/build/turtle_actions/prefix_override:/usr/lib/python3/dist-packages/colcon_core/task/python/colcon_distutils_commands:/home/cagla/bir_ws/install/turtle_actions/lib/python3.10/site-packages:${PYTHONPATH} /usr/bin/python3 -W ignore:setup.py install is deprecated setup.py egg_info --egg-base ../../build/turtle_actions build --build-base /home/cagla/bir_ws/build/turtle_actions/build install --record /home/cagla/bir_ws/build/turtle_actions/install.log --single-version-externally-managed install_data
