[0.547s] DEBUG:colcon:Command line arguments: ['/usr/bin/colcon', 'build']
[0.547s] DEBUG:colcon:Parsed command line arguments: Namespace(log_base=None, log_level=None, verb_name='build', build_base='build', install_base='install', merge_install=False, symlink_install=False, test_result_base=None, continue_on_error=False, executor='parallel', parallel_workers=2, event_handlers=None, ignore_user_meta=False, metas=['./colcon.meta'], base_paths=['.'], packages_ignore=None, packages_ignore_regex=None, paths=None, packages_up_to=None, packages_up_to_regex=None, packages_above=None, packages_above_and_dependencies=None, packages_above_depth=None, packages_select_by_dep=None, packages_skip_by_dep=None, packages_skip_up_to=None, packages_select_build_failed=False, packages_skip_build_finished=False, packages_select_test_failures=False, packages_skip_test_passed=False, packages_select=None, packages_skip=None, packages_select_regex=None, packages_skip_regex=None, packages_start=None, packages_end=None, allow_overriding=[], cmake_args=None, cmake_target=None, cmake_target_skip_unavailable=False, cmake_clean_cache=False, cmake_clean_first=False, cmake_force_configure=False, ament_cmake_args=None, catkin_cmake_args=None, catkin_skip_building_tests=False, mixin_files=None, mixin=None, verb_parser=<colcon_mixin.mixin.mixin_argument.MixinArgumentDecorator object at 0x763274f3eaa0>, verb_extension=<colcon_core.verb.build.BuildVerb object at 0x76327503f160>, main=<bound method BuildVerb.main of <colcon_core.verb.build.BuildVerb object at 0x76327503f160>>, mixin_verb=('build',))
[1.065s] Level 1:colcon.colcon_core.package_discovery:discover_packages(colcon_meta) check parameters
[1.065s] Level 1:colcon.colcon_core.package_discovery:discover_packages(recursive) check parameters
[1.066s] Level 1:colcon.colcon_core.package_discovery:discover_packages(ignore) check parameters
[1.066s] Level 1:colcon.colcon_core.package_discovery:discover_packages(path) check parameters
[1.066s] Level 1:colcon.colcon_core.package_discovery:discover_packages(colcon_meta) discover
[1.066s] Level 1:colcon.colcon_core.package_discovery:discover_packages(recursive) discover
[1.066s] INFO:colcon.colcon_core.package_discovery:Crawling recursively for packages in '/home/cagla/fd_ws'
[1.066s] Level 1:colcon.colcon_core.package_identification:_identify(.) by extensions ['ignore', 'ignore_ament_install']
[1.066s] Level 1:colcon.colcon_core.package_identification:_identify(.) by extension 'ignore'
[1.066s] Level 1:colcon.colcon_core.package_identification:_identify(.) by extension 'ignore_ament_install'
[1.066s] Level 1:colcon.colcon_core.package_identification:_identify(.) by extensions ['colcon_pkg']
[1.067s] Level 1:colcon.colcon_core.package_identification:_identify(.) by extension 'colcon_pkg'
[1.067s] Level 1:colcon.colcon_core.package_identification:_identify(.) by extensions ['colcon_meta']
[1.067s] Level 1:colcon.colcon_core.package_identification:_identify(.) by extension 'colcon_meta'
[1.067s] Level 1:colcon.colcon_core.package_identification:_identify(.) by extensions ['ros']
[1.067s] Level 1:colcon.colcon_core.package_identification:_identify(.) by extension 'ros'
[1.107s] Level 1:colcon.colcon_core.package_identification:_identify(.) by extensions ['cmake', 'python']
[1.107s] Level 1:colcon.colcon_core.package_identification:_identify(.) by extension 'cmake'
[1.107s] Level 1:colcon.colcon_core.package_identification:_identify(.) by extension 'python'
[1.107s] Level 1:colcon.colcon_core.package_identification:_identify(.) by extensions ['python_setup_py']
[1.107s] Level 1:colcon.colcon_core.package_identification:_identify(.) by extension 'python_setup_py'
[1.108s] Level 1:colcon.colcon_core.package_identification:_identify(build) by extensions ['ignore', 'ignore_ament_install']
[1.108s] Level 1:colcon.colcon_core.package_identification:_identify(build) by extension 'ignore'
[1.108s] Level 1:colcon.colcon_core.package_identification:_identify(build) ignored
[1.108s] Level 1:colcon.colcon_core.package_identification:_identify(install) by extensions ['ignore', 'ignore_ament_install']
[1.109s] Level 1:colcon.colcon_core.package_identification:_identify(install) by extension 'ignore'
[1.109s] Level 1:colcon.colcon_core.package_identification:_identify(install) ignored
[1.109s] Level 1:colcon.colcon_core.package_identification:_identify(log) by extensions ['ignore', 'ignore_ament_install']
[1.109s] Level 1:colcon.colcon_core.package_identification:_identify(log) by extension 'ignore'
[1.109s] Level 1:colcon.colcon_core.package_identification:_identify(log) ignored
[1.110s] Level 1:colcon.colcon_core.package_identification:_identify(src) by extensions ['ignore', 'ignore_ament_install']
[1.110s] Level 1:colcon.colcon_core.package_identification:_identify(src) by extension 'ignore'
[1.110s] Level 1:colcon.colcon_core.package_identification:_identify(src) by extension 'ignore_ament_install'
[1.110s] Level 1:colcon.colcon_core.package_identification:_identify(src) by extensions ['colcon_pkg']
[1.110s] Level 1:colcon.colcon_core.package_identification:_identify(src) by extension 'colcon_pkg'
[1.110s] Level 1:colcon.colcon_core.package_identification:_identify(src) by extensions ['colcon_meta']
[1.110s] Level 1:colcon.colcon_core.package_identification:_identify(src) by extension 'colcon_meta'
[1.110s] Level 1:colcon.colcon_core.package_identification:_identify(src) by extensions ['ros']
[1.110s] Level 1:colcon.colcon_core.package_identification:_identify(src) by extension 'ros'
[1.111s] Level 1:colcon.colcon_core.package_identification:_identify(src) by extensions ['cmake', 'python']
[1.111s] Level 1:colcon.colcon_core.package_identification:_identify(src) by extension 'cmake'
[1.111s] Level 1:colcon.colcon_core.package_identification:_identify(src) by extension 'python'
[1.111s] Level 1:colcon.colcon_core.package_identification:_identify(src) by extensions ['python_setup_py']
[1.111s] Level 1:colcon.colcon_core.package_identification:_identify(src) by extension 'python_setup_py'
[1.111s] Level 1:colcon.colcon_core.package_identification:_identify(src/custom_interfaces) by extensions ['ignore', 'ignore_ament_install']
[1.111s] Level 1:colcon.colcon_core.package_identification:_identify(src/custom_interfaces) by extension 'ignore'
[1.111s] Level 1:colcon.colcon_core.package_identification:_identify(src/custom_interfaces) by extension 'ignore_ament_install'
[1.112s] Level 1:colcon.colcon_core.package_identification:_identify(src/custom_interfaces) by extensions ['colcon_pkg']
[1.112s] Level 1:colcon.colcon_core.package_identification:_identify(src/custom_interfaces) by extension 'colcon_pkg'
[1.112s] Level 1:colcon.colcon_core.package_identification:_identify(src/custom_interfaces) by extensions ['colcon_meta']
[1.112s] Level 1:colcon.colcon_core.package_identification:_identify(src/custom_interfaces) by extension 'colcon_meta'
[1.114s] Level 1:colcon.colcon_core.package_identification:_identify(src/custom_interfaces) by extensions ['ros']
[1.114s] Level 1:colcon.colcon_core.package_identification:_identify(src/custom_interfaces) by extension 'ros'
[1.123s] DEBUG:colcon.colcon_core.package_identification:Package 'src/custom_interfaces' with type 'ros.ament_cmake' and name 'custom_interfaces'
[1.123s] Level 1:colcon.colcon_core.package_identification:_identify(src/srv_turtle) by extensions ['ignore', 'ignore_ament_install']
[1.123s] Level 1:colcon.colcon_core.package_identification:_identify(src/srv_turtle) by extension 'ignore'
[1.123s] Level 1:colcon.colcon_core.package_identification:_identify(src/srv_turtle) by extension 'ignore_ament_install'
[1.124s] Level 1:colcon.colcon_core.package_identification:_identify(src/srv_turtle) by extensions ['colcon_pkg']
[1.124s] Level 1:colcon.colcon_core.package_identification:_identify(src/srv_turtle) by extension 'colcon_pkg'
[1.124s] Level 1:colcon.colcon_core.package_identification:_identify(src/srv_turtle) by extensions ['colcon_meta']
[1.124s] Level 1:colcon.colcon_core.package_identification:_identify(src/srv_turtle) by extension 'colcon_meta'
[1.124s] Level 1:colcon.colcon_core.package_identification:_identify(src/srv_turtle) by extensions ['ros']
[1.124s] Level 1:colcon.colcon_core.package_identification:_identify(src/srv_turtle) by extension 'ros'
[1.127s] DEBUG:colcon.colcon_core.package_identification:Package 'src/srv_turtle' with type 'ros.ament_python' and name 'srv_turtle'
[1.127s] Level 1:colcon.colcon_core.package_discovery:discover_packages(recursive) using defaults
[1.127s] Level 1:colcon.colcon_core.package_discovery:discover_packages(ignore) discover
[1.127s] Level 1:colcon.colcon_core.package_discovery:discover_packages(ignore) using defaults
[1.127s] Level 1:colcon.colcon_core.package_discovery:discover_packages(path) discover
[1.127s] Level 1:colcon.colcon_core.package_discovery:discover_packages(path) using defaults
[1.211s] Level 1:colcon.colcon_core.package_discovery:discover_packages(prefix_path) check parameters
[1.211s] Level 1:colcon.colcon_core.package_discovery:discover_packages(prefix_path) discover
[1.220s] DEBUG:colcon.colcon_installed_package_information.package_discovery:Found 2 installed packages in /home/cagla/fd_ws/install
[1.222s] DEBUG:colcon.colcon_installed_package_information.package_discovery:Found 1 installed packages in /home/cagla/ros2_ws/install
[1.223s] DEBUG:colcon.colcon_installed_package_information.package_discovery:Found 293 installed packages in /opt/ros/humble
[1.247s] Level 1:colcon.colcon_core.package_discovery:discover_packages(prefix_path) using defaults
[1.505s] Level 5:colcon.colcon_core.verb:set package 'custom_interfaces' build argument 'cmake_args' from command line to 'None'
[1.505s] Level 5:colcon.colcon_core.verb:set package 'custom_interfaces' build argument 'cmake_target' from command line to 'None'
[1.505s] Level 5:colcon.colcon_core.verb:set package 'custom_interfaces' build argument 'cmake_target_skip_unavailable' from command line to 'False'
[1.505s] Level 5:colcon.colcon_core.verb:set package 'custom_interfaces' build argument 'cmake_clean_cache' from command line to 'False'
[1.505s] Level 5:colcon.colcon_core.verb:set package 'custom_interfaces' build argument 'cmake_clean_first' from command line to 'False'
[1.505s] Level 5:colcon.colcon_core.verb:set package 'custom_interfaces' build argument 'cmake_force_configure' from command line to 'False'
[1.505s] Level 5:colcon.colcon_core.verb:set package 'custom_interfaces' build argument 'ament_cmake_args' from command line to 'None'
[1.505s] Level 5:colcon.colcon_core.verb:set package 'custom_interfaces' build argument 'catkin_cmake_args' from command line to 'None'
[1.505s] Level 5:colcon.colcon_core.verb:set package 'custom_interfaces' build argument 'catkin_skip_building_tests' from command line to 'False'
[1.505s] DEBUG:colcon.colcon_core.verb:Building package 'custom_interfaces' with the following arguments: {'ament_cmake_args': None, 'build_base': '/home/cagla/fd_ws/build/custom_interfaces', 'catkin_cmake_args': None, 'catkin_skip_building_tests': False, 'cmake_args': None, 'cmake_clean_cache': False, 'cmake_clean_first': False, 'cmake_force_configure': False, 'cmake_target': None, 'cmake_target_skip_unavailable': False, 'install_base': '/home/cagla/fd_ws/install/custom_interfaces', 'merge_install': False, 'path': '/home/cagla/fd_ws/src/custom_interfaces', 'symlink_install': False, 'test_result_base': None}
[1.506s] Level 5:colcon.colcon_core.verb:set package 'srv_turtle' build argument 'cmake_args' from command line to 'None'
[1.506s] Level 5:colcon.colcon_core.verb:set package 'srv_turtle' build argument 'cmake_target' from command line to 'None'
[1.506s] Level 5:colcon.colcon_core.verb:set package 'srv_turtle' build argument 'cmake_target_skip_unavailable' from command line to 'False'
[1.506s] Level 5:colcon.colcon_core.verb:set package 'srv_turtle' build argument 'cmake_clean_cache' from command line to 'False'
[1.506s] Level 5:colcon.colcon_core.verb:set package 'srv_turtle' build argument 'cmake_clean_first' from command line to 'False'
[1.506s] Level 5:colcon.colcon_core.verb:set package 'srv_turtle' build argument 'cmake_force_configure' from command line to 'False'
[1.506s] Level 5:colcon.colcon_core.verb:set package 'srv_turtle' build argument 'ament_cmake_args' from command line to 'None'
[1.506s] Level 5:colcon.colcon_core.verb:set package 'srv_turtle' build argument 'catkin_cmake_args' from command line to 'None'
[1.506s] Level 5:colcon.colcon_core.verb:set package 'srv_turtle' build argument 'catkin_skip_building_tests' from command line to 'False'
[1.506s] DEBUG:colcon.colcon_core.verb:Building package 'srv_turtle' with the following arguments: {'ament_cmake_args': None, 'build_base': '/home/cagla/fd_ws/build/srv_turtle', 'catkin_cmake_args': None, 'catkin_skip_building_tests': False, 'cmake_args': None, 'cmake_clean_cache': False, 'cmake_clean_first': False, 'cmake_force_configure': False, 'cmake_target': None, 'cmake_target_skip_unavailable': False, 'install_base': '/home/cagla/fd_ws/install/srv_turtle', 'merge_install': False, 'path': '/home/cagla/fd_ws/src/srv_turtle', 'symlink_install': False, 'test_result_base': None}
[1.506s] INFO:colcon.colcon_core.executor:Executing jobs using 'parallel' executor
[1.508s] DEBUG:colcon.colcon_parallel_executor.executor.parallel:run_until_complete
[1.508s] INFO:colcon.colcon_ros.task.ament_cmake.build:Building ROS package in '/home/cagla/fd_ws/src/custom_interfaces' with build type 'ament_cmake'
[1.508s] INFO:colcon.colcon_cmake.task.cmake.build:Building CMake package in '/home/cagla/fd_ws/src/custom_interfaces'
[1.526s] INFO:colcon.colcon_core.plugin_system:Skipping extension 'colcon_core.shell.bat': Not used on non-Windows systems
[1.527s] INFO:colcon.colcon_core.shell:Skip shell extension 'powershell' for command environment: Not usable outside of PowerShell
[1.527s] DEBUG:colcon.colcon_core.shell:Skip shell extension 'dsv' for command environment
[1.544s] DEBUG:colcon.colcon_core.event_handler.log_command:Invoking command in '/home/cagla/fd_ws/build/custom_interfaces': CMAKE_PREFIX_PATH=${CMAKE_PREFIX_PATH}:/home/cagla/fd_ws/install/srv_turtle:/home/cagla/ros2_ws/install/my_robot_controller:/opt/ros/humble /usr/bin/cmake --build /home/cagla/fd_ws/build/custom_interfaces -- -j2 -l2
[1.710s] DEBUG:colcon.colcon_core.event_handler.log_command:Invoked command in '/home/cagla/fd_ws/build/custom_interfaces' returned '0': CMAKE_PREFIX_PATH=${CMAKE_PREFIX_PATH}:/home/cagla/fd_ws/install/srv_turtle:/home/cagla/ros2_ws/install/my_robot_controller:/opt/ros/humble /usr/bin/cmake --build /home/cagla/fd_ws/build/custom_interfaces -- -j2 -l2
[1.763s] DEBUG:colcon.colcon_core.event_handler.log_command:Invoking command in '/home/cagla/fd_ws/build/custom_interfaces': CMAKE_PREFIX_PATH=${CMAKE_PREFIX_PATH}:/home/cagla/fd_ws/install/srv_turtle:/home/cagla/ros2_ws/install/my_robot_controller:/opt/ros/humble /usr/bin/cmake --install /home/cagla/fd_ws/build/custom_interfaces
[1.811s] Level 1:colcon.colcon_core.environment:create_environment_scripts_only(custom_interfaces)
[1.812s] DEBUG:colcon.colcon_core.event_handler.log_command:Invoked command in '/home/cagla/fd_ws/build/custom_interfaces' returned '0': CMAKE_PREFIX_PATH=${CMAKE_PREFIX_PATH}:/home/cagla/fd_ws/install/srv_turtle:/home/cagla/ros2_ws/install/my_robot_controller:/opt/ros/humble /usr/bin/cmake --install /home/cagla/fd_ws/build/custom_interfaces
[1.830s] Level 1:colcon.colcon_core.environment:checking '/home/cagla/fd_ws/install/custom_interfaces' for CMake module files
[1.831s] Level 1:colcon.colcon_core.environment:checking '/home/cagla/fd_ws/install/custom_interfaces' for CMake config files
[1.831s] Level 1:colcon.colcon_core.shell:create_environment_hook('custom_interfaces', 'cmake_prefix_path')
[1.831s] INFO:colcon.colcon_core.shell:Creating environment hook '/home/cagla/fd_ws/install/custom_interfaces/share/custom_interfaces/hook/cmake_prefix_path.ps1'
[1.833s] INFO:colcon.colcon_core.shell:Creating environment descriptor '/home/cagla/fd_ws/install/custom_interfaces/share/custom_interfaces/hook/cmake_prefix_path.dsv'
[1.834s] INFO:colcon.colcon_core.shell:Creating environment hook '/home/cagla/fd_ws/install/custom_interfaces/share/custom_interfaces/hook/cmake_prefix_path.sh'
[1.836s] Level 1:colcon.colcon_core.environment:checking '/home/cagla/fd_ws/install/custom_interfaces/bin'
[1.836s] Level 1:colcon.colcon_core.environment:checking '/home/cagla/fd_ws/install/custom_interfaces/lib/pkgconfig/custom_interfaces.pc'
[1.836s] Level 1:colcon.colcon_core.environment:checking '/home/cagla/fd_ws/install/custom_interfaces/lib/python3.10/site-packages'
[1.836s] Level 1:colcon.colcon_core.environment:checking '/home/cagla/fd_ws/install/custom_interfaces/bin'
[1.836s] INFO:colcon.colcon_core.shell:Creating package script '/home/cagla/fd_ws/install/custom_interfaces/share/custom_interfaces/package.ps1'
[1.841s] INFO:colcon.colcon_core.shell:Creating package descriptor '/home/cagla/fd_ws/install/custom_interfaces/share/custom_interfaces/package.dsv'
[1.843s] INFO:colcon.colcon_core.shell:Creating package script '/home/cagla/fd_ws/install/custom_interfaces/share/custom_interfaces/package.sh'
[1.847s] INFO:colcon.colcon_core.shell:Creating package script '/home/cagla/fd_ws/install/custom_interfaces/share/custom_interfaces/package.bash'
[1.851s] INFO:colcon.colcon_core.shell:Creating package script '/home/cagla/fd_ws/install/custom_interfaces/share/custom_interfaces/package.zsh'
[1.855s] Level 1:colcon.colcon_core.environment:create_file_with_runtime_dependencies(/home/cagla/fd_ws/install/custom_interfaces/share/colcon-core/packages/custom_interfaces)
[1.909s] Level 1:colcon.colcon_core.environment:create_environment_scripts_only(custom_interfaces)
[1.909s] Level 1:colcon.colcon_core.environment:checking '/home/cagla/fd_ws/install/custom_interfaces' for CMake module files
[1.911s] Level 1:colcon.colcon_core.environment:checking '/home/cagla/fd_ws/install/custom_interfaces' for CMake config files
[1.911s] Level 1:colcon.colcon_core.shell:create_environment_hook('custom_interfaces', 'cmake_prefix_path')
[1.911s] INFO:colcon.colcon_core.shell:Creating environment hook '/home/cagla/fd_ws/install/custom_interfaces/share/custom_interfaces/hook/cmake_prefix_path.ps1'
[1.912s] INFO:colcon.colcon_core.shell:Creating environment descriptor '/home/cagla/fd_ws/install/custom_interfaces/share/custom_interfaces/hook/cmake_prefix_path.dsv'
[1.913s] INFO:colcon.colcon_core.shell:Creating environment hook '/home/cagla/fd_ws/install/custom_interfaces/share/custom_interfaces/hook/cmake_prefix_path.sh'
[1.915s] Level 1:colcon.colcon_core.environment:checking '/home/cagla/fd_ws/install/custom_interfaces/bin'
[1.915s] Level 1:colcon.colcon_core.environment:checking '/home/cagla/fd_ws/install/custom_interfaces/lib/pkgconfig/custom_interfaces.pc'
[1.915s] Level 1:colcon.colcon_core.environment:checking '/home/cagla/fd_ws/install/custom_interfaces/lib/python3.10/site-packages'
[1.916s] Level 1:colcon.colcon_core.environment:checking '/home/cagla/fd_ws/install/custom_interfaces/bin'
[1.916s] INFO:colcon.colcon_core.shell:Creating package script '/home/cagla/fd_ws/install/custom_interfaces/share/custom_interfaces/package.ps1'
[1.918s] INFO:colcon.colcon_core.shell:Creating package descriptor '/home/cagla/fd_ws/install/custom_interfaces/share/custom_interfaces/package.dsv'
[1.921s] INFO:colcon.colcon_core.shell:Creating package script '/home/cagla/fd_ws/install/custom_interfaces/share/custom_interfaces/package.sh'
[1.922s] INFO:colcon.colcon_core.shell:Creating package script '/home/cagla/fd_ws/install/custom_interfaces/share/custom_interfaces/package.bash'
[1.923s] INFO:colcon.colcon_core.shell:Creating package script '/home/cagla/fd_ws/install/custom_interfaces/share/custom_interfaces/package.zsh'
[1.925s] Level 1:colcon.colcon_core.environment:create_file_with_runtime_dependencies(/home/cagla/fd_ws/install/custom_interfaces/share/colcon-core/packages/custom_interfaces)
[1.927s] INFO:colcon.colcon_ros.task.ament_python.build:Building ROS package in '/home/cagla/fd_ws/src/srv_turtle' with build type 'ament_python'
[1.927s] Level 1:colcon.colcon_core.shell:create_environment_hook('srv_turtle', 'ament_prefix_path')
[1.927s] INFO:colcon.colcon_core.shell:Creating environment hook '/home/cagla/fd_ws/install/srv_turtle/share/srv_turtle/hook/ament_prefix_path.ps1'
[1.934s] INFO:colcon.colcon_core.shell:Creating environment descriptor '/home/cagla/fd_ws/install/srv_turtle/share/srv_turtle/hook/ament_prefix_path.dsv'
[1.935s] INFO:colcon.colcon_core.shell:Creating environment hook '/home/cagla/fd_ws/install/srv_turtle/share/srv_turtle/hook/ament_prefix_path.sh'
[1.937s] INFO:colcon.colcon_core.shell:Skip shell extension 'powershell' for command environment: Not usable outside of PowerShell
[1.937s] DEBUG:colcon.colcon_core.shell:Skip shell extension 'dsv' for command environment
[2.433s] INFO:colcon.colcon_core.task.python.build:Building Python package in '/home/cagla/fd_ws/src/srv_turtle'
[2.434s] INFO:colcon.colcon_core.shell:Skip shell extension 'powershell' for command environment: Not usable outside of PowerShell
[2.434s] DEBUG:colcon.colcon_core.shell:Skip shell extension 'dsv' for command environment
[3.089s] DEBUG:colcon.colcon_core.event_handler.log_command:Invoking command in '/home/cagla/fd_ws/src/srv_turtle': PYTHONPATH=/home/cagla/fd_ws/build/srv_turtle/prefix_override:/usr/lib/python3/dist-packages/colcon_core/task/python/colcon_distutils_commands:/home/cagla/fd_ws/install/srv_turtle/lib/python3.10/site-packages:${PYTHONPATH} /usr/bin/python3 -W ignore:setup.py install is deprecated setup.py egg_info --egg-base ../../build/srv_turtle build --build-base /home/cagla/fd_ws/build/srv_turtle/build install --record /home/cagla/fd_ws/build/srv_turtle/install.log --single-version-externally-managed install_data
[3.557s] Level 1:colcon.colcon_core.environment:checking '/home/cagla/fd_ws/install/srv_turtle' for CMake module files
[3.558s] DEBUG:colcon.colcon_core.event_handler.log_command:Invoked command in '/home/cagla/fd_ws/src/srv_turtle' returned '0': PYTHONPATH=/home/cagla/fd_ws/build/srv_turtle/prefix_override:/usr/lib/python3/dist-packages/colcon_core/task/python/colcon_distutils_commands:/home/cagla/fd_ws/install/srv_turtle/lib/python3.10/site-packages:${PYTHONPATH} /usr/bin/python3 -W ignore:setup.py install is deprecated setup.py egg_info --egg-base ../../build/srv_turtle build --build-base /home/cagla/fd_ws/build/srv_turtle/build install --record /home/cagla/fd_ws/build/srv_turtle/install.log --single-version-externally-managed install_data
[3.561s] Level 1:colcon.colcon_core.environment:checking '/home/cagla/fd_ws/install/srv_turtle' for CMake config files
[3.563s] Level 1:colcon.colcon_core.environment:checking '/home/cagla/fd_ws/install/srv_turtle/lib'
[3.564s] Level 1:colcon.colcon_core.environment:checking '/home/cagla/fd_ws/install/srv_turtle/bin'
[3.564s] Level 1:colcon.colcon_core.environment:checking '/home/cagla/fd_ws/install/srv_turtle/lib/pkgconfig/srv_turtle.pc'
[3.564s] Level 1:colcon.colcon_core.environment:checking '/home/cagla/fd_ws/install/srv_turtle/lib/python3.10/site-packages'
[3.564s] Level 1:colcon.colcon_core.shell:create_environment_hook('srv_turtle', 'pythonpath')
[3.565s] INFO:colcon.colcon_core.shell:Creating environment hook '/home/cagla/fd_ws/install/srv_turtle/share/srv_turtle/hook/pythonpath.ps1'
[3.565s] INFO:colcon.colcon_core.shell:Creating environment descriptor '/home/cagla/fd_ws/install/srv_turtle/share/srv_turtle/hook/pythonpath.dsv'
[3.566s] INFO:colcon.colcon_core.shell:Creating environment hook '/home/cagla/fd_ws/install/srv_turtle/share/srv_turtle/hook/pythonpath.sh'
[3.568s] Level 1:colcon.colcon_core.environment:checking '/home/cagla/fd_ws/install/srv_turtle/bin'
[3.568s] Level 1:colcon.colcon_core.environment:create_environment_scripts_only(srv_turtle)
[3.569s] INFO:colcon.colcon_core.shell:Creating package script '/home/cagla/fd_ws/install/srv_turtle/share/srv_turtle/package.ps1'
[3.570s] INFO:colcon.colcon_core.shell:Creating package descriptor '/home/cagla/fd_ws/install/srv_turtle/share/srv_turtle/package.dsv'
[3.571s] INFO:colcon.colcon_core.shell:Creating package script '/home/cagla/fd_ws/install/srv_turtle/share/srv_turtle/package.sh'
[3.571s] INFO:colcon.colcon_core.shell:Creating package script '/home/cagla/fd_ws/install/srv_turtle/share/srv_turtle/package.bash'
[3.572s] INFO:colcon.colcon_core.shell:Creating package script '/home/cagla/fd_ws/install/srv_turtle/share/srv_turtle/package.zsh'
[3.572s] Level 1:colcon.colcon_core.environment:create_file_with_runtime_dependencies(/home/cagla/fd_ws/install/srv_turtle/share/colcon-core/packages/srv_turtle)
[3.573s] DEBUG:colcon.colcon_parallel_executor.executor.parallel:closing loop
[3.573s] DEBUG:colcon.colcon_parallel_executor.executor.parallel:loop closed
[3.573s] DEBUG:colcon.colcon_parallel_executor.executor.parallel:run_until_complete finished with '0'
[3.574s] DEBUG:colcon.colcon_core.event_reactor:joining thread
[3.603s] INFO:colcon.colcon_core.plugin_system:Skipping extension 'colcon_notification.desktop_notification.terminal_notifier': Not used on non-Darwin systems
[3.603s] INFO:colcon.colcon_core.plugin_system:Skipping extension 'colcon_notification.desktop_notification.win32': Not used on non-Windows systems
[3.603s] INFO:colcon.colcon_notification.desktop_notification:Sending desktop notification using 'notify2'
[3.629s] DEBUG:colcon.colcon_core.event_reactor:joined thread
[3.630s] INFO:colcon.colcon_core.shell:Creating prefix script '/home/cagla/fd_ws/install/local_setup.ps1'
[3.632s] INFO:colcon.colcon_core.shell:Creating prefix util module '/home/cagla/fd_ws/install/_local_setup_util_ps1.py'
[3.634s] INFO:colcon.colcon_core.shell:Creating prefix chain script '/home/cagla/fd_ws/install/setup.ps1'
[3.636s] INFO:colcon.colcon_core.shell:Creating prefix script '/home/cagla/fd_ws/install/local_setup.sh'
[3.638s] INFO:colcon.colcon_core.shell:Creating prefix util module '/home/cagla/fd_ws/install/_local_setup_util_sh.py'
[3.639s] INFO:colcon.colcon_core.shell:Creating prefix chain script '/home/cagla/fd_ws/install/setup.sh'
[3.647s] INFO:colcon.colcon_core.shell:Creating prefix script '/home/cagla/fd_ws/install/local_setup.bash'
[3.650s] INFO:colcon.colcon_core.shell:Creating prefix chain script '/home/cagla/fd_ws/install/setup.bash'
[3.654s] INFO:colcon.colcon_core.shell:Creating prefix script '/home/cagla/fd_ws/install/local_setup.zsh'
[3.655s] INFO:colcon.colcon_core.shell:Creating prefix chain script '/home/cagla/fd_ws/install/setup.zsh'
