[0.652s] Invoking command in '/home/cagla/fd_ws/src/srv_turtle': PYTHONPATH=/home/cagla/fd_ws/build/srv_turtle/prefix_override:/usr/lib/python3/dist-packages/colcon_core/task/python/colcon_distutils_commands:/home/cagla/fd_ws/install/srv_turtle/lib/python3.10/site-packages:${PYTHONPATH} /usr/bin/python3 -W ignore:setup.py install is deprecated setup.py egg_info --egg-base ../../build/srv_turtle build --build-base /home/cagla/fd_ws/build/srv_turtle/build install --record /home/cagla/fd_ws/build/srv_turtle/install.log --single-version-externally-managed install_data
[0.913s] running egg_info
[0.913s] writing ../../build/srv_turtle/srv_turtle.egg-info/PKG-INFO
[0.914s] writing dependency_links to ../../build/srv_turtle/srv_turtle.egg-info/dependency_links.txt
[0.914s] writing entry points to ../../build/srv_turtle/srv_turtle.egg-info/entry_points.txt
[0.914s] writing requirements to ../../build/srv_turtle/srv_turtle.egg-info/requires.txt
[0.914s] writing top-level names to ../../build/srv_turtle/srv_turtle.egg-info/top_level.txt
[0.916s] reading manifest file '../../build/srv_turtle/srv_turtle.egg-info/SOURCES.txt'
[0.917s] writing manifest file '../../build/srv_turtle/srv_turtle.egg-info/SOURCES.txt'
[0.917s] running build
[0.917s] running build_py
[0.917s] running install
[0.918s] running install_lib
[0.919s] running install_data
[0.919s] copying package.xml -> /home/cagla/fd_ws/install/srv_turtle/share/srv_turtle
[0.919s] running install_egg_info
[0.920s] removing '/home/cagla/fd_ws/install/srv_turtle/lib/python3.10/site-packages/srv_turtle-0.0.0-py3.10.egg-info' (and everything under it)
[0.921s] Copying ../../build/srv_turtle/srv_turtle.egg-info to /home/cagla/fd_ws/install/srv_turtle/lib/python3.10/site-packages/srv_turtle-0.0.0-py3.10.egg-info
[0.921s] running install_scripts
[0.940s] Installing service_node script to /home/cagla/fd_ws/install/srv_turtle/lib/srv_turtle
[0.940s] writing list of installed files to '/home/cagla/fd_ws/build/srv_turtle/install.log'
[0.971s] Invoked command in '/home/cagla/fd_ws/src/srv_turtle' returned '0': PYTHONPATH=/home/cagla/fd_ws/build/srv_turtle/prefix_override:/usr/lib/python3/dist-packages/colcon_core/task/python/colcon_distutils_commands:/home/cagla/fd_ws/install/srv_turtle/lib/python3.10/site-packages:${PYTHONPATH} /usr/bin/python3 -W ignore:setup.py install is deprecated setup.py egg_info --egg-base ../../build/srv_turtle build --build-base /home/cagla/fd_ws/build/srv_turtle/build install --record /home/cagla/fd_ws/build/srv_turtle/install.log --single-version-externally-managed install_data
