[1.590s] Invoking command in '/home/cagla/bir_ws/src/turtle_actions': PYTHONPATH=/home/cagla/bir_ws/build/turtle_actions/prefix_override:/usr/lib/python3/dist-packages/colcon_core/task/python/colcon_distutils_commands:/home/cagla/bir_ws/install/turtle_actions/lib/python3.10/site-packages:${PYTHONPATH} /usr/bin/python3 -W ignore:setup.py install is deprecated setup.py egg_info --egg-base ../../build/turtle_actions build --build-base /home/cagla/bir_ws/build/turtle_actions/build install --record /home/cagla/bir_ws/build/turtle_actions/install.log --single-version-externally-managed install_data
[2.132s] running egg_info
[2.132s] writing ../../build/turtle_actions/turtle_actions.egg-info/PKG-INFO
[2.133s] writing dependency_links to ../../build/turtle_actions/turtle_actions.egg-info/dependency_links.txt
[2.134s] writing entry points to ../../build/turtle_actions/turtle_actions.egg-info/entry_points.txt
[2.135s] writing requirements to ../../build/turtle_actions/turtle_actions.egg-info/requires.txt
[2.135s] writing top-level names to ../../build/turtle_actions/turtle_actions.egg-info/top_level.txt
[2.142s] reading manifest file '../../build/turtle_actions/turtle_actions.egg-info/SOURCES.txt'
[2.146s] writing manifest file '../../build/turtle_actions/turtle_actions.egg-info/SOURCES.txt'
[2.146s] running build
[2.147s] running build_py
[2.147s] running install
[2.150s] running install_lib
[2.152s] running install_data
[2.152s] running install_egg_info
[2.153s] removing '/home/cagla/bir_ws/install/turtle_actions/lib/python3.10/site-packages/turtle_actions-0.0.0-py3.10.egg-info' (and everything under it)
[2.154s] Copying ../../build/turtle_actions/turtle_actions.egg-info to /home/cagla/bir_ws/install/turtle_actions/lib/python3.10/site-packages/turtle_actions-0.0.0-py3.10.egg-info
[2.157s] running install_scripts
[2.184s] Installing client script to /home/cagla/bir_ws/install/turtle_actions/lib/turtle_actions
[2.185s] Installing server script to /home/cagla/bir_ws/install/turtle_actions/lib/turtle_actions
[2.188s] writing list of installed files to '/home/cagla/bir_ws/build/turtle_actions/install.log'
[2.223s] Invoked command in '/home/cagla/bir_ws/src/turtle_actions' returned '0': PYTHONPATH=/home/cagla/bir_ws/build/turtle_actions/prefix_override:/usr/lib/python3/dist-packages/colcon_core/task/python/colcon_distutils_commands:/home/cagla/bir_ws/install/turtle_actions/lib/python3.10/site-packages:${PYTHONPATH} /usr/bin/python3 -W ignore:setup.py install is deprecated setup.py egg_info --egg-base ../../build/turtle_actions build --build-base /home/cagla/bir_ws/build/turtle_actions/build install --record /home/cagla/bir_ws/build/turtle_actions/install.log --single-version-externally-managed install_data
