[0.708s] Invoking command in '/home/cagla/fd_ws/src/srv_turtle': AMENT_PREFIX_PATH=/home/cagla/fd_ws/install/custom_interfaces:${AMENT_PREFIX_PATH} CMAKE_PREFIX_PATH=/home/cagla/fd_ws/install/custom_interfaces PYTHONPATH=/home/cagla/fd_ws/build/srv_turtle/prefix_override:/usr/lib/python3/dist-packages/colcon_core/task/python/colcon_distutils_commands:/home/cagla/fd_ws/install/srv_turtle/lib/python3.10/site-packages:${PYTHONPATH} /usr/bin/python3 -W ignore:setup.py install is deprecated setup.py egg_info --egg-base ../../build/srv_turtle build --build-base /home/cagla/fd_ws/build/srv_turtle/build install --record /home/cagla/fd_ws/build/srv_turtle/install.log --single-version-externally-managed install_data
[1.044s] running egg_info
[1.045s] writing ../../build/srv_turtle/srv_turtle.egg-info/PKG-INFO
[1.048s] writing dependency_links to ../../build/srv_turtle/srv_turtle.egg-info/dependency_links.txt
[1.048s] writing entry points to ../../build/srv_turtle/srv_turtle.egg-info/entry_points.txt
[1.048s] writing requirements to ../../build/srv_turtle/srv_turtle.egg-info/requires.txt
[1.048s] writing top-level names to ../../build/srv_turtle/srv_turtle.egg-info/top_level.txt
[1.051s] reading manifest file '../../build/srv_turtle/srv_turtle.egg-info/SOURCES.txt'
[1.052s] writing manifest file '../../build/srv_turtle/srv_turtle.egg-info/SOURCES.txt'
[1.052s] running build
[1.052s] running build_py
[1.055s] running install
[1.055s] running install_lib
[1.057s] running install_data
[1.058s] running install_egg_info
[1.059s] removing '/home/cagla/fd_ws/install/srv_turtle/lib/python3.10/site-packages/srv_turtle-0.0.0-py3.10.egg-info' (and everything under it)
[1.060s] Copying ../../build/srv_turtle/srv_turtle.egg-info to /home/cagla/fd_ws/install/srv_turtle/lib/python3.10/site-packages/srv_turtle-0.0.0-py3.10.egg-info
[1.062s] running install_scripts
[1.086s] Installing service_node script to /home/cagla/fd_ws/install/srv_turtle/lib/srv_turtle
[1.087s] writing list of installed files to '/home/cagla/fd_ws/build/srv_turtle/install.log'
[1.118s] Invoked command in '/home/cagla/fd_ws/src/srv_turtle' returned '0': AMENT_PREFIX_PATH=/home/cagla/fd_ws/install/custom_interfaces:${AMENT_PREFIX_PATH} CMAKE_PREFIX_PATH=/home/cagla/fd_ws/install/custom_interfaces PYTHONPATH=/home/cagla/fd_ws/build/srv_turtle/prefix_override:/usr/lib/python3/dist-packages/colcon_core/task/python/colcon_distutils_commands:/home/cagla/fd_ws/install/srv_turtle/lib/python3.10/site-packages:${PYTHONPATH} /usr/bin/python3 -W ignore:setup.py install is deprecated setup.py egg_info --egg-base ../../build/srv_turtle build --build-base /home/cagla/fd_ws/build/srv_turtle/build install --record /home/cagla/fd_ws/build/srv_turtle/install.log --single-version-externally-managed install_data
