[1.335s] Invoking command in '/home/cagla/sercli_ws/src/add_integers': PYTHONPATH=/home/cagla/sercli_ws/build/add_integers/prefix_override:/usr/lib/python3/dist-packages/colcon_core/task/python/colcon_distutils_commands:/home/cagla/sercli_ws/install/add_integers/lib/python3.10/site-packages:${PYTHONPATH} /usr/bin/python3 -W ignore:setup.py install is deprecated setup.py egg_info --egg-base ../../build/add_integers build --build-base /home/cagla/sercli_ws/build/add_integers/build install --record /home/cagla/sercli_ws/build/add_integers/install.log --single-version-externally-managed install_data
[1.705s] running egg_info
[1.705s] creating ../../build/add_integers/add_integers.egg-info
[1.705s] writing ../../build/add_integers/add_integers.egg-info/PKG-INFO
[1.705s] writing dependency_links to ../../build/add_integers/add_integers.egg-info/dependency_links.txt
[1.705s] writing entry points to ../../build/add_integers/add_integers.egg-info/entry_points.txt
[1.705s] writing requirements to ../../build/add_integers/add_integers.egg-info/requires.txt
[1.705s] writing top-level names to ../../build/add_integers/add_integers.egg-info/top_level.txt
[1.705s] writing manifest file '../../build/add_integers/add_integers.egg-info/SOURCES.txt'
[1.712s] reading manifest file '../../build/add_integers/add_integers.egg-info/SOURCES.txt'
[1.712s] writing manifest file '../../build/add_integers/add_integers.egg-info/SOURCES.txt'
[1.712s] running build
[1.712s] running build_py
[1.712s] creating /home/cagla/sercli_ws/build/add_integers/build
[1.712s] creating /home/cagla/sercli_ws/build/add_integers/build/lib
[1.712s] creating /home/cagla/sercli_ws/build/add_integers/build/lib/add_integers
[1.712s] copying add_integers/service_node.py -> /home/cagla/sercli_ws/build/add_integers/build/lib/add_integers
[1.713s] copying add_integers/__init__.py -> /home/cagla/sercli_ws/build/add_integers/build/lib/add_integers
[1.717s] copying add_integers/client_node.py -> /home/cagla/sercli_ws/build/add_integers/build/lib/add_integers
[1.717s] running install
[1.717s] running install_lib
[1.717s] creating /home/cagla/sercli_ws/install/add_integers/lib/python3.10/site-packages/add_integers
[1.718s] copying /home/cagla/sercli_ws/build/add_integers/build/lib/add_integers/service_node.py -> /home/cagla/sercli_ws/install/add_integers/lib/python3.10/site-packages/add_integers
[1.718s] copying /home/cagla/sercli_ws/build/add_integers/build/lib/add_integers/__init__.py -> /home/cagla/sercli_ws/install/add_integers/lib/python3.10/site-packages/add_integers
[1.718s] copying /home/cagla/sercli_ws/build/add_integers/build/lib/add_integers/client_node.py -> /home/cagla/sercli_ws/install/add_integers/lib/python3.10/site-packages/add_integers
[1.718s] byte-compiling /home/cagla/sercli_ws/install/add_integers/lib/python3.10/site-packages/add_integers/service_node.py to service_node.cpython-310.pyc
[1.719s] byte-compiling /home/cagla/sercli_ws/install/add_integers/lib/python3.10/site-packages/add_integers/__init__.py to __init__.cpython-310.pyc
[1.719s] byte-compiling /home/cagla/sercli_ws/install/add_integers/lib/python3.10/site-packages/add_integers/client_node.py to client_node.cpython-310.pyc
[1.719s] running install_data
[1.719s] creating /home/cagla/sercli_ws/install/add_integers/share/ament_index
[1.719s] creating /home/cagla/sercli_ws/install/add_integers/share/ament_index/resource_index
[1.719s] creating /home/cagla/sercli_ws/install/add_integers/share/ament_index/resource_index/packages
[1.719s] copying resource/add_integers -> /home/cagla/sercli_ws/install/add_integers/share/ament_index/resource_index/packages
[1.721s] copying package.xml -> /home/cagla/sercli_ws/install/add_integers/share/add_integers
[1.721s] running install_egg_info
[1.725s] Copying ../../build/add_integers/add_integers.egg-info to /home/cagla/sercli_ws/install/add_integers/lib/python3.10/site-packages/add_integers-0.0.0-py3.10.egg-info
[1.725s] running install_scripts
[1.750s] Installing addition_client script to /home/cagla/sercli_ws/install/add_integers/lib/add_integers
[1.750s] Installing addition_service script to /home/cagla/sercli_ws/install/add_integers/lib/add_integers
[1.750s] writing list of installed files to '/home/cagla/sercli_ws/build/add_integers/install.log'
[1.816s] Invoked command in '/home/cagla/sercli_ws/src/add_integers' returned '0': PYTHONPATH=/home/cagla/sercli_ws/build/add_integers/prefix_override:/usr/lib/python3/dist-packages/colcon_core/task/python/colcon_distutils_commands:/home/cagla/sercli_ws/install/add_integers/lib/python3.10/site-packages:${PYTHONPATH} /usr/bin/python3 -W ignore:setup.py install is deprecated setup.py egg_info --egg-base ../../build/add_integers build --build-base /home/cagla/sercli_ws/build/add_integers/build install --record /home/cagla/sercli_ws/build/add_integers/install.log --single-version-externally-managed install_data
