[0.622s] Invoking command in '/home/cagla/den_ws/build/talker_listener': PYTHONPATH=/home/cagla/den_ws/build/talker_listener/prefix_override:/usr/lib/python3/dist-packages/colcon_core/task/python/colcon_distutils_commands:/home/cagla/den_ws/install/talker_listener/lib/python3.10/site-packages:${PYTHONPATH} /usr/bin/python3 -W ignore:setup.py install is deprecated setup.py develop --editable --build-directory /home/cagla/den_ws/build/talker_listener/build --no-deps symlink_data
[0.905s] running develop
[0.907s] /home/cagla/.local/lib/python3.10/site-packages/setuptools/command/easy_install.py:156: EasyInstallDeprecationWarning: easy_install command is deprecated. Use build and pip and other standards-based tools.
[0.907s]   warnings.warn(
[1.081s] running egg_info
[1.083s] writing talker_listener.egg-info/PKG-INFO
[1.083s] writing dependency_links to talker_listener.egg-info/dependency_links.txt
[1.083s] writing entry points to talker_listener.egg-info/entry_points.txt
[1.083s] writing requirements to talker_listener.egg-info/requires.txt
[1.083s] writing top-level names to talker_listener.egg-info/top_level.txt
[1.084s] reading manifest file 'talker_listener.egg-info/SOURCES.txt'
[1.086s] writing manifest file 'talker_listener.egg-info/SOURCES.txt'
[1.087s] running build_ext
[1.087s] Creating /home/cagla/den_ws/install/talker_listener/lib/python3.10/site-packages/talker-listener.egg-link (link to .)
[1.088s] Installing listenerNode script to /home/cagla/den_ws/install/talker_listener/lib/talker_listener
[1.088s] Installing talkerNode script to /home/cagla/den_ws/install/talker_listener/lib/talker_listener
[1.088s] 
[1.088s] Installed /home/cagla/den_ws/build/talker_listener
[1.088s] running symlink_data
[1.120s] Invoked command in '/home/cagla/den_ws/build/talker_listener' returned '0': PYTHONPATH=/home/cagla/den_ws/build/talker_listener/prefix_override:/usr/lib/python3/dist-packages/colcon_core/task/python/colcon_distutils_commands:/home/cagla/den_ws/install/talker_listener/lib/python3.10/site-packages:${PYTHONPATH} /usr/bin/python3 -W ignore:setup.py install is deprecated setup.py develop --editable --build-directory /home/cagla/den_ws/build/talker_listener/build --no-deps symlink_data
