[1.536s] Invoking command in '/home/cagla/bir_ws/src/turtle_actions': PYTHONPATH=/home/cagla/bir_ws/build/turtle_actions/prefix_override:/usr/lib/python3/dist-packages/colcon_core/task/python/colcon_distutils_commands:/home/cagla/bir_ws/install/turtle_actions/lib/python3.10/site-packages:${PYTHONPATH} /usr/bin/python3 -W ignore:setup.py install is deprecated setup.py egg_info --egg-base ../../build/turtle_actions build --build-base /home/cagla/bir_ws/build/turtle_actions/build install --record /home/cagla/bir_ws/build/turtle_actions/install.log --single-version-externally-managed install_data
[2.247s] running egg_info
[2.253s] writing ../../build/turtle_actions/turtle_actions.egg-info/PKG-INFO
[2.261s] writing dependency_links to ../../build/turtle_actions/turtle_actions.egg-info/dependency_links.txt
[2.261s] writing entry points to ../../build/turtle_actions/turtle_actions.egg-info/entry_points.txt
[2.261s] writing requirements to ../../build/turtle_actions/turtle_actions.egg-info/requires.txt
[2.261s] writing top-level names to ../../build/turtle_actions/turtle_actions.egg-info/top_level.txt
[2.263s] reading manifest file '../../build/turtle_actions/turtle_actions.egg-info/SOURCES.txt'
[2.263s] writing manifest file '../../build/turtle_actions/turtle_actions.egg-info/SOURCES.txt'
[2.263s] running build
[2.263s] running build_py
[2.265s] copying turtle_actions/server.py -> /home/cagla/bir_ws/build/turtle_actions/build/lib/turtle_actions
[2.266s] running install
[2.266s] running install_lib
[2.268s] copying /home/cagla/bir_ws/build/turtle_actions/build/lib/turtle_actions/server.py -> /home/cagla/bir_ws/install/turtle_actions/lib/python3.10/site-packages/turtle_actions
[2.270s] byte-compiling /home/cagla/bir_ws/install/turtle_actions/lib/python3.10/site-packages/turtle_actions/server.py to server.cpython-310.pyc
[2.274s] running install_data
[2.277s] running install_egg_info
[2.279s] removing '/home/cagla/bir_ws/install/turtle_actions/lib/python3.10/site-packages/turtle_actions-0.0.0-py3.10.egg-info' (and everything under it)
[2.281s] Copying ../../build/turtle_actions/turtle_actions.egg-info to /home/cagla/bir_ws/install/turtle_actions/lib/python3.10/site-packages/turtle_actions-0.0.0-py3.10.egg-info
[2.284s] running install_scripts
[2.317s] Installing client script to /home/cagla/bir_ws/install/turtle_actions/lib/turtle_actions
[2.318s] Installing server script to /home/cagla/bir_ws/install/turtle_actions/lib/turtle_actions
[2.320s] writing list of installed files to '/home/cagla/bir_ws/build/turtle_actions/install.log'
[2.371s] Invoked command in '/home/cagla/bir_ws/src/turtle_actions' returned '0': PYTHONPATH=/home/cagla/bir_ws/build/turtle_actions/prefix_override:/usr/lib/python3/dist-packages/colcon_core/task/python/colcon_distutils_commands:/home/cagla/bir_ws/install/turtle_actions/lib/python3.10/site-packages:${PYTHONPATH} /usr/bin/python3 -W ignore:setup.py install is deprecated setup.py egg_info --egg-base ../../build/turtle_actions build --build-base /home/cagla/bir_ws/build/turtle_actions/build install --record /home/cagla/bir_ws/build/turtle_actions/install.log --single-version-externally-managed install_data
