[1.411s] Invoking command in '/home/cagla/sercli_ws/src/add_integers': CMAKE_PREFIX_PATH=/home/cagla/sercli_ws/install/custom_interfaces:/home/cagla/turtlebot3_ws/install/turtlebot3:/home/cagla/turtlebot3_ws/install/turtlebot3_bringup:/home/cagla/turtlebot3_ws/install/turtlebot3_node:/home/cagla/turtlebot3_ws/install/turtlebot3_navigation2:/home/cagla/turtlebot3_ws/install/turtlebot3_msgs:/home/cagla/turtlebot3_ws/install/turtlebot3_description:/home/cagla/turtlebot3_ws/install/turtlebot3_cartographer:/home/cagla/turtlebot3_ws/install/dynamixel_sdk_examples:/home/cagla/turtlebot3_ws/install/dynamixel_sdk_custom_interfaces:/home/cagla/turtlebot3_ws/install/dynamixel_sdk:/home/cagla/yeni_ws/install/my_robot_interfaces LD_LIBRARY_PATH=/home/cagla/sercli_ws/install/custom_interfaces/lib:/home/cagla/turtlebot3_ws/install/turtlebot3_msgs/lib:/home/cagla/turtlebot3_ws/install/dynamixel_sdk_custom_interfaces/lib:/home/cagla/turtlebot3_ws/install/dynamixel_sdk/lib:/home/cagla/yeni_ws/install/my_robot_interfaces/lib:/usr/lib/x86_64-linux-gnu/gazebo-11/plugins:/opt/ros/humble/opt/rviz_ogre_vendor/lib:/opt/ros/humble/lib/x86_64-linux-gnu:/opt/ros/humble/lib PYTHONPATH=/home/cagla/sercli_ws/build/add_integers/prefix_override:/usr/lib/python3/dist-packages/colcon_core/task/python/colcon_distutils_commands:/home/cagla/sercli_ws/install/add_integers/lib/python3.10/site-packages:${PYTHONPATH} /usr/bin/python3 -W ignore:setup.py install is deprecated setup.py egg_info --egg-base ../../build/add_integers build --build-base /home/cagla/sercli_ws/build/add_integers/build install --record /home/cagla/sercli_ws/build/add_integers/install.log --single-version-externally-managed install_data
[1.732s] running egg_info
[1.732s] writing ../../build/add_integers/add_integers.egg-info/PKG-INFO
[1.735s] writing dependency_links to ../../build/add_integers/add_integers.egg-info/dependency_links.txt
[1.736s] writing entry points to ../../build/add_integers/add_integers.egg-info/entry_points.txt
[1.736s] writing requirements to ../../build/add_integers/add_integers.egg-info/requires.txt
[1.736s] writing top-level names to ../../build/add_integers/add_integers.egg-info/top_level.txt
[1.739s] reading manifest file '../../build/add_integers/add_integers.egg-info/SOURCES.txt'
[1.741s] writing manifest file '../../build/add_integers/add_integers.egg-info/SOURCES.txt'
[1.741s] running build
[1.742s] running build_py
[1.744s] running install
[1.744s] running install_lib
[1.746s] running install_data
[1.747s] running install_egg_info
[1.751s] removing '/home/cagla/sercli_ws/install/add_integers/lib/python3.10/site-packages/add_integers-0.0.0-py3.10.egg-info' (and everything under it)
[1.751s] Copying ../../build/add_integers/add_integers.egg-info to /home/cagla/sercli_ws/install/add_integers/lib/python3.10/site-packages/add_integers-0.0.0-py3.10.egg-info
[1.752s] running install_scripts
[1.773s] Installing addition_client script to /home/cagla/sercli_ws/install/add_integers/lib/add_integers
[1.776s] Installing addition_service script to /home/cagla/sercli_ws/install/add_integers/lib/add_integers
[1.776s] writing list of installed files to '/home/cagla/sercli_ws/build/add_integers/install.log'
[1.810s] Invoked command in '/home/cagla/sercli_ws/src/add_integers' returned '0': CMAKE_PREFIX_PATH=/home/cagla/sercli_ws/install/custom_interfaces:/home/cagla/turtlebot3_ws/install/turtlebot3:/home/cagla/turtlebot3_ws/install/turtlebot3_bringup:/home/cagla/turtlebot3_ws/install/turtlebot3_node:/home/cagla/turtlebot3_ws/install/turtlebot3_navigation2:/home/cagla/turtlebot3_ws/install/turtlebot3_msgs:/home/cagla/turtlebot3_ws/install/turtlebot3_description:/home/cagla/turtlebot3_ws/install/turtlebot3_cartographer:/home/cagla/turtlebot3_ws/install/dynamixel_sdk_examples:/home/cagla/turtlebot3_ws/install/dynamixel_sdk_custom_interfaces:/home/cagla/turtlebot3_ws/install/dynamixel_sdk:/home/cagla/yeni_ws/install/my_robot_interfaces LD_LIBRARY_PATH=/home/cagla/sercli_ws/install/custom_interfaces/lib:/home/cagla/turtlebot3_ws/install/turtlebot3_msgs/lib:/home/cagla/turtlebot3_ws/install/dynamixel_sdk_custom_interfaces/lib:/home/cagla/turtlebot3_ws/install/dynamixel_sdk/lib:/home/cagla/yeni_ws/install/my_robot_interfaces/lib:/usr/lib/x86_64-linux-gnu/gazebo-11/plugins:/opt/ros/humble/opt/rviz_ogre_vendor/lib:/opt/ros/humble/lib/x86_64-linux-gnu:/opt/ros/humble/lib PYTHONPATH=/home/cagla/sercli_ws/build/add_integers/prefix_override:/usr/lib/python3/dist-packages/colcon_core/task/python/colcon_distutils_commands:/home/cagla/sercli_ws/install/add_integers/lib/python3.10/site-packages:${PYTHONPATH} /usr/bin/python3 -W ignore:setup.py install is deprecated setup.py egg_info --egg-base ../../build/add_integers build --build-base /home/cagla/sercli_ws/build/add_integers/build install --record /home/cagla/sercli_ws/build/add_integers/install.log --single-version-externally-managed install_data
