[0.010s] Invoking command in '/home/cagla/fd_ws/build/custom_interfaces': CMAKE_PREFIX_PATH=/home/cagla/ros2_ws/install/my_robot_controller:/opt/ros/humble /usr/bin/cmake /home/cagla/fd_ws/src/custom_interfaces -DCMAKE_INSTALL_PREFIX=/home/cagla/fd_ws/install/custom_interfaces
[0.117s] -- The C compiler identification is GNU 11.4.0
[0.252s] -- The CXX compiler identification is GNU 11.4.0
[0.266s] -- Detecting C compiler ABI info
[0.356s] -- Detecting C compiler ABI info - done
[0.378s] -- Check for working C compiler: /usr/bin/cc - skipped
[0.378s] -- Detecting C compile features
[0.380s] -- Detecting C compile features - done
[0.394s] -- Detecting CXX compiler ABI info
[0.508s] -- Detecting CXX compiler ABI info - done
[0.515s] -- Check for working CXX compiler: /usr/bin/c++ - skipped
[0.515s] -- Detecting CXX compile features
[0.516s] -- Detecting CXX compile features - done
[0.519s] -- Found ament_cmake: 1.3.10 (/opt/ros/humble/share/ament_cmake/cmake)
[0.690s] -- Found Python3: /usr/bin/python3 (found version "3.10.12") found components: Interpreter 
[0.803s] -- Found ament_lint_auto: 0.12.11 (/opt/ros/humble/share/ament_lint_auto/cmake)
[0.886s] -- Added test 'lint_cmake' to check CMake code style
[0.887s] -- Added test 'xmllint' to check XML markup files
[0.888s] -- Configuring done
[0.891s] -- Generating done
[0.892s] -- Build files have been written to: /home/cagla/fd_ws/build/custom_interfaces
[0.901s] Invoked command in '/home/cagla/fd_ws/build/custom_interfaces' returned '0': CMAKE_PREFIX_PATH=/home/cagla/ros2_ws/install/my_robot_controller:/opt/ros/humble /usr/bin/cmake /home/cagla/fd_ws/src/custom_interfaces -DCMAKE_INSTALL_PREFIX=/home/cagla/fd_ws/install/custom_interfaces
[0.903s] Invoking command in '/home/cagla/fd_ws/build/custom_interfaces': CMAKE_PREFIX_PATH=/home/cagla/ros2_ws/install/my_robot_controller:/opt/ros/humble /usr/bin/cmake --build /home/cagla/fd_ws/build/custom_interfaces -- -j2 -l2
[0.941s] Invoked command in '/home/cagla/fd_ws/build/custom_interfaces' returned '0': CMAKE_PREFIX_PATH=/home/cagla/ros2_ws/install/my_robot_controller:/opt/ros/humble /usr/bin/cmake --build /home/cagla/fd_ws/build/custom_interfaces -- -j2 -l2
[0.983s] Invoking command in '/home/cagla/fd_ws/build/custom_interfaces': CMAKE_PREFIX_PATH=/home/cagla/ros2_ws/install/my_robot_controller:/opt/ros/humble /usr/bin/cmake --install /home/cagla/fd_ws/build/custom_interfaces
[0.993s] -- Install configuration: ""
[0.994s] -- Installing: /home/cagla/fd_ws/install/custom_interfaces/share/ament_index/resource_index/package_run_dependencies/custom_interfaces
[0.994s] -- Installing: /home/cagla/fd_ws/install/custom_interfaces/share/ament_index/resource_index/parent_prefix_path/custom_interfaces
[0.995s] -- Installing: /home/cagla/fd_ws/install/custom_interfaces/share/custom_interfaces/environment/ament_prefix_path.sh
[0.995s] -- Installing: /home/cagla/fd_ws/install/custom_interfaces/share/custom_interfaces/environment/ament_prefix_path.dsv
[0.995s] -- Installing: /home/cagla/fd_ws/install/custom_interfaces/share/custom_interfaces/environment/path.sh
[0.996s] -- Installing: /home/cagla/fd_ws/install/custom_interfaces/share/custom_interfaces/environment/path.dsv
[0.998s] -- Installing: /home/cagla/fd_ws/install/custom_interfaces/share/custom_interfaces/local_setup.bash
[0.999s] -- Installing: /home/cagla/fd_ws/install/custom_interfaces/share/custom_interfaces/local_setup.sh
[1.000s] -- Installing: /home/cagla/fd_ws/install/custom_interfaces/share/custom_interfaces/local_setup.zsh
[1.000s] -- Installing: /home/cagla/fd_ws/install/custom_interfaces/share/custom_interfaces/local_setup.dsv
[1.000s] -- Installing: /home/cagla/fd_ws/install/custom_interfaces/share/custom_interfaces/package.dsv
[1.000s] -- Installing: /home/cagla/fd_ws/install/custom_interfaces/share/ament_index/resource_index/packages/custom_interfaces
[1.000s] -- Installing: /home/cagla/fd_ws/install/custom_interfaces/share/custom_interfaces/cmake/custom_interfacesConfig.cmake
[1.001s] -- Installing: /home/cagla/fd_ws/install/custom_interfaces/share/custom_interfaces/cmake/custom_interfacesConfig-version.cmake
[1.002s] -- Installing: /home/cagla/fd_ws/install/custom_interfaces/share/custom_interfaces/package.xml
[1.003s] Invoked command in '/home/cagla/fd_ws/build/custom_interfaces' returned '0': CMAKE_PREFIX_PATH=/home/cagla/ros2_ws/install/my_robot_controller:/opt/ros/humble /usr/bin/cmake --install /home/cagla/fd_ws/build/custom_interfaces
