running develop
running egg_info
creating talker_listener.egg-info
writing talker_listener.egg-info/PKG-INFO
writing dependency_links to talker_listener.egg-info/dependency_links.txt
writing entry points to talker_listener.egg-info/entry_points.txt
writing requirements to talker_listener.egg-info/requires.txt
writing top-level names to talker_listener.egg-info/top_level.txt
writing manifest file 'talker_listener.egg-info/SOURCES.txt'
reading manifest file 'talker_listener.egg-info/SOURCES.txt'
writing manifest file 'talker_listener.egg-info/SOURCES.txt'
running build_ext
Creating /home/cagla/den_ws/install/talker_listener/lib/python3.10/site-packages/talker-listener.egg-link (link to .)
Installing listenerNode script to /home/cagla/den_ws/install/talker_listener/lib/talker_listener
Installing talkerNode script to /home/cagla/den_ws/install/talker_listener/lib/talker_listener

Installed /home/cagla/den_ws/build/talker_listener
running symlink_data
creating /home/cagla/den_ws/install/talker_listener/share/ament_index
creating /home/cagla/den_ws/install/talker_listener/share/ament_index/resource_index
creating /home/cagla/den_ws/install/talker_listener/share/ament_index/resource_index/packages
symbolically linking /home/cagla/den_ws/build/talker_listener/resource/talker_listener -> /home/cagla/den_ws/install/talker_listener/share/ament_index/resource_index/packages
symbolically linking /home/cagla/den_ws/build/talker_listener/package.xml -> /home/cagla/den_ws/install/talker_listener/share/talker_listener
creating /home/cagla/den_ws/install/talker_listener/share/talker_listener/launch
