[0.420s] Invoking command in '/home/cagla/bir_ws/build/turtlesim_interfaces': CMAKE_PREFIX_PATH=${CMAKE_PREFIX_PATH}:/home/cagla/bir_ws/install/turtle_actions:/home/cagla/yeni_ws/install/actions_py:/home/cagla/ros2_ws/install/my_robot_controller:/opt/ros/humble /usr/bin/cmake --build /home/cagla/bir_ws/build/turtlesim_interfaces -- -j2 -l2
[0.537s] [  9%] Built target turtlesim_interfaces__rosidl_generator_c
[0.583s] [ 12%] Built target turtlesim_interfaces__cpp
[0.605s] [ 12%] Built target ament_cmake_python_copy_turtlesim_interfaces
[0.663s] [ 22%] Built target turtlesim_interfaces__rosidl_typesupport_cpp
[0.668s] [ 32%] Built target turtlesim_interfaces__rosidl_typesupport_fastrtps_c
[0.743s] [ 41%] Built target turtlesim_interfaces__rosidl_typesupport_c
[0.767s] [ 58%] Built target turtlesim_interfaces__rosidl_typesupport_fastrtps_cpp
[0.768s] [ 61%] Built target turtlesim_interfaces__rosidl_typesupport_introspection_c
[0.850s] [ 70%] Built target turtlesim_interfaces__rosidl_typesupport_introspection_cpp
[0.927s] [ 70%] Built target turtlesim_interfaces
[1.009s] [ 74%] Built target turtlesim_interfaces__py
[1.079s] [ 80%] Built target turtlesim_interfaces__rosidl_generator_py
[1.187s] [ 87%] Built target turtlesim_interfaces__rosidl_typesupport_fastrtps_c__pyext
[1.259s] [ 93%] Built target turtlesim_interfaces__rosidl_typesupport_introspection_c__pyext
[1.360s] [100%] Built target turtlesim_interfaces__rosidl_typesupport_c__pyext
[1.461s] running egg_info
[1.466s] writing turtlesim_interfaces.egg-info/PKG-INFO
[1.467s] writing dependency_links to turtlesim_interfaces.egg-info/dependency_links.txt
[1.467s] writing top-level names to turtlesim_interfaces.egg-info/top_level.txt
[1.467s] reading manifest file 'turtlesim_interfaces.egg-info/SOURCES.txt'
[1.467s] writing manifest file 'turtlesim_interfaces.egg-info/SOURCES.txt'
[1.561s] [100%] Built target ament_cmake_python_build_turtlesim_interfaces_egg
[1.610s] Invoked command in '/home/cagla/bir_ws/build/turtlesim_interfaces' returned '0': CMAKE_PREFIX_PATH=${CMAKE_PREFIX_PATH}:/home/cagla/bir_ws/install/turtle_actions:/home/cagla/yeni_ws/install/actions_py:/home/cagla/ros2_ws/install/my_robot_controller:/opt/ros/humble /usr/bin/cmake --build /home/cagla/bir_ws/build/turtlesim_interfaces -- -j2 -l2
[1.881s] Invoking command in '/home/cagla/bir_ws/build/turtlesim_interfaces': CMAKE_PREFIX_PATH=${CMAKE_PREFIX_PATH}:/home/cagla/bir_ws/install/turtle_actions:/home/cagla/yeni_ws/install/actions_py:/home/cagla/ros2_ws/install/my_robot_controller:/opt/ros/humble /usr/bin/cmake --install /home/cagla/bir_ws/build/turtlesim_interfaces
[1.897s] -- Install configuration: ""
[1.903s] -- Up-to-date: /home/cagla/bir_ws/install/turtlesim_interfaces/share/ament_index/resource_index/rosidl_interfaces/turtlesim_interfaces
[1.905s] -- Up-to-date: /home/cagla/bir_ws/install/turtlesim_interfaces/include/turtlesim_interfaces/turtlesim_interfaces
[1.906s] -- Up-to-date: /home/cagla/bir_ws/install/turtlesim_interfaces/include/turtlesim_interfaces/turtlesim_interfaces/action
[1.906s] -- Up-to-date: /home/cagla/bir_ws/install/turtlesim_interfaces/include/turtlesim_interfaces/turtlesim_interfaces/action/count_until.h
[1.906s] -- Up-to-date: /home/cagla/bir_ws/install/turtlesim_interfaces/include/turtlesim_interfaces/turtlesim_interfaces/action/detail
[1.906s] -- Up-to-date: /home/cagla/bir_ws/install/turtlesim_interfaces/include/turtlesim_interfaces/turtlesim_interfaces/action/detail/count_until__functions.c
[1.906s] -- Up-to-date: /home/cagla/bir_ws/install/turtlesim_interfaces/include/turtlesim_interfaces/turtlesim_interfaces/action/detail/count_until__functions.h
[1.906s] -- Up-to-date: /home/cagla/bir_ws/install/turtlesim_interfaces/include/turtlesim_interfaces/turtlesim_interfaces/action/detail/count_until__struct.h
[1.906s] -- Up-to-date: /home/cagla/bir_ws/install/turtlesim_interfaces/include/turtlesim_interfaces/turtlesim_interfaces/action/detail/count_until__type_support.h
[1.906s] -- Up-to-date: /home/cagla/bir_ws/install/turtlesim_interfaces/include/turtlesim_interfaces/turtlesim_interfaces/msg
[1.913s] -- Up-to-date: /home/cagla/bir_ws/install/turtlesim_interfaces/include/turtlesim_interfaces/turtlesim_interfaces/msg/rosidl_generator_c__visibility_control.h
[1.913s] -- Up-to-date: /home/cagla/bir_ws/install/turtlesim_interfaces/share/turtlesim_interfaces/environment/library_path.sh
[1.913s] -- Up-to-date: /home/cagla/bir_ws/install/turtlesim_interfaces/share/turtlesim_interfaces/environment/library_path.dsv
[1.913s] -- Up-to-date: /home/cagla/bir_ws/install/turtlesim_interfaces/lib/libturtlesim_interfaces__rosidl_generator_c.so
[1.913s] -- Up-to-date: /home/cagla/bir_ws/install/turtlesim_interfaces/include/turtlesim_interfaces/turtlesim_interfaces
[1.913s] -- Up-to-date: /home/cagla/bir_ws/install/turtlesim_interfaces/include/turtlesim_interfaces/turtlesim_interfaces/action
[1.913s] -- Up-to-date: /home/cagla/bir_ws/install/turtlesim_interfaces/include/turtlesim_interfaces/turtlesim_interfaces/action/detail
[1.913s] -- Up-to-date: /home/cagla/bir_ws/install/turtlesim_interfaces/include/turtlesim_interfaces/turtlesim_interfaces/action/detail/count_until__rosidl_typesupport_fastrtps_c.h
[1.913s] -- Up-to-date: /home/cagla/bir_ws/install/turtlesim_interfaces/include/turtlesim_interfaces/turtlesim_interfaces/msg
[1.913s] -- Up-to-date: /home/cagla/bir_ws/install/turtlesim_interfaces/include/turtlesim_interfaces/turtlesim_interfaces/msg/rosidl_typesupport_fastrtps_c__visibility_control.h
[1.916s] -- Up-to-date: /home/cagla/bir_ws/install/turtlesim_interfaces/lib/libturtlesim_interfaces__rosidl_typesupport_fastrtps_c.so
[1.916s] -- Up-to-date: /home/cagla/bir_ws/install/turtlesim_interfaces/include/turtlesim_interfaces/turtlesim_interfaces
[1.916s] -- Up-to-date: /home/cagla/bir_ws/install/turtlesim_interfaces/include/turtlesim_interfaces/turtlesim_interfaces/action
[1.916s] -- Up-to-date: /home/cagla/bir_ws/install/turtlesim_interfaces/include/turtlesim_interfaces/turtlesim_interfaces/action/detail
[1.916s] -- Up-to-date: /home/cagla/bir_ws/install/turtlesim_interfaces/include/turtlesim_interfaces/turtlesim_interfaces/action/detail/count_until__type_support.c
[1.916s] -- Up-to-date: /home/cagla/bir_ws/install/turtlesim_interfaces/include/turtlesim_interfaces/turtlesim_interfaces/action/detail/count_until__rosidl_typesupport_introspection_c.h
[1.916s] -- Up-to-date: /home/cagla/bir_ws/install/turtlesim_interfaces/include/turtlesim_interfaces/turtlesim_interfaces/msg
[1.916s] -- Up-to-date: /home/cagla/bir_ws/install/turtlesim_interfaces/include/turtlesim_interfaces/turtlesim_interfaces/msg/rosidl_typesupport_introspection_c__visibility_control.h
[1.917s] -- Up-to-date: /home/cagla/bir_ws/install/turtlesim_interfaces/lib/libturtlesim_interfaces__rosidl_typesupport_introspection_c.so
[1.917s] -- Up-to-date: /home/cagla/bir_ws/install/turtlesim_interfaces/lib/libturtlesim_interfaces__rosidl_typesupport_c.so
[1.917s] -- Up-to-date: /home/cagla/bir_ws/install/turtlesim_interfaces/include/turtlesim_interfaces/turtlesim_interfaces
[1.917s] -- Up-to-date: /home/cagla/bir_ws/install/turtlesim_interfaces/include/turtlesim_interfaces/turtlesim_interfaces/action
[1.917s] -- Up-to-date: /home/cagla/bir_ws/install/turtlesim_interfaces/include/turtlesim_interfaces/turtlesim_interfaces/action/count_until.hpp
[1.917s] -- Up-to-date: /home/cagla/bir_ws/install/turtlesim_interfaces/include/turtlesim_interfaces/turtlesim_interfaces/action/detail
[1.917s] -- Up-to-date: /home/cagla/bir_ws/install/turtlesim_interfaces/include/turtlesim_interfaces/turtlesim_interfaces/action/detail/count_until__builder.hpp
[1.917s] -- Up-to-date: /home/cagla/bir_ws/install/turtlesim_interfaces/include/turtlesim_interfaces/turtlesim_interfaces/action/detail/count_until__traits.hpp
[1.917s] -- Up-to-date: /home/cagla/bir_ws/install/turtlesim_interfaces/include/turtlesim_interfaces/turtlesim_interfaces/action/detail/count_until__struct.hpp
[1.917s] -- Up-to-date: /home/cagla/bir_ws/install/turtlesim_interfaces/include/turtlesim_interfaces/turtlesim_interfaces
[1.917s] -- Up-to-date: /home/cagla/bir_ws/install/turtlesim_interfaces/include/turtlesim_interfaces/turtlesim_interfaces/action
[1.917s] -- Up-to-date: /home/cagla/bir_ws/install/turtlesim_interfaces/include/turtlesim_interfaces/turtlesim_interfaces/action/detail
[1.917s] -- Up-to-date: /home/cagla/bir_ws/install/turtlesim_interfaces/include/turtlesim_interfaces/turtlesim_interfaces/action/detail/dds_fastrtps
[1.917s] -- Up-to-date: /home/cagla/bir_ws/install/turtlesim_interfaces/include/turtlesim_interfaces/turtlesim_interfaces/action/detail/count_until__rosidl_typesupport_fastrtps_cpp.hpp
[1.917s] -- Up-to-date: /home/cagla/bir_ws/install/turtlesim_interfaces/include/turtlesim_interfaces/turtlesim_interfaces/msg
[1.917s] -- Up-to-date: /home/cagla/bir_ws/install/turtlesim_interfaces/include/turtlesim_interfaces/turtlesim_interfaces/msg/rosidl_typesupport_fastrtps_cpp__visibility_control.h
[1.917s] -- Up-to-date: /home/cagla/bir_ws/install/turtlesim_interfaces/lib/libturtlesim_interfaces__rosidl_typesupport_fastrtps_cpp.so
[1.917s] -- Up-to-date: /home/cagla/bir_ws/install/turtlesim_interfaces/include/turtlesim_interfaces/turtlesim_interfaces
[1.935s] -- Up-to-date: /home/cagla/bir_ws/install/turtlesim_interfaces/include/turtlesim_interfaces/turtlesim_interfaces/action
[1.936s] -- Up-to-date: /home/cagla/bir_ws/install/turtlesim_interfaces/include/turtlesim_interfaces/turtlesim_interfaces/action/detail
[1.937s] -- Up-to-date: /home/cagla/bir_ws/install/turtlesim_interfaces/include/turtlesim_interfaces/turtlesim_interfaces/action/detail/count_until__rosidl_typesupport_introspection_cpp.hpp
[1.937s] -- Up-to-date: /home/cagla/bir_ws/install/turtlesim_interfaces/include/turtlesim_interfaces/turtlesim_interfaces/action/detail/count_until__type_support.cpp
[1.937s] -- Up-to-date: /home/cagla/bir_ws/install/turtlesim_interfaces/lib/libturtlesim_interfaces__rosidl_typesupport_introspection_cpp.so
[1.937s] -- Up-to-date: /home/cagla/bir_ws/install/turtlesim_interfaces/lib/libturtlesim_interfaces__rosidl_typesupport_cpp.so
[1.937s] -- Up-to-date: /home/cagla/bir_ws/install/turtlesim_interfaces/share/turtlesim_interfaces/environment/pythonpath.sh
[1.937s] -- Up-to-date: /home/cagla/bir_ws/install/turtlesim_interfaces/share/turtlesim_interfaces/environment/pythonpath.dsv
[1.937s] -- Up-to-date: /home/cagla/bir_ws/install/turtlesim_interfaces/local/lib/python3.10/dist-packages/turtlesim_interfaces-0.0.0-py3.10.egg-info
[1.938s] -- Installing: /home/cagla/bir_ws/install/turtlesim_interfaces/local/lib/python3.10/dist-packages/turtlesim_interfaces-0.0.0-py3.10.egg-info/PKG-INFO
[1.938s] -- Installing: /home/cagla/bir_ws/install/turtlesim_interfaces/local/lib/python3.10/dist-packages/turtlesim_interfaces-0.0.0-py3.10.egg-info/top_level.txt
[1.938s] -- Installing: /home/cagla/bir_ws/install/turtlesim_interfaces/local/lib/python3.10/dist-packages/turtlesim_interfaces-0.0.0-py3.10.egg-info/SOURCES.txt
[1.938s] -- Installing: /home/cagla/bir_ws/install/turtlesim_interfaces/local/lib/python3.10/dist-packages/turtlesim_interfaces-0.0.0-py3.10.egg-info/dependency_links.txt
[1.938s] -- Up-to-date: /home/cagla/bir_ws/install/turtlesim_interfaces/local/lib/python3.10/dist-packages/turtlesim_interfaces
[1.945s] -- Up-to-date: /home/cagla/bir_ws/install/turtlesim_interfaces/local/lib/python3.10/dist-packages/turtlesim_interfaces/_turtlesim_interfaces_s.ep.rosidl_typesupport_fastrtps_c.c
[1.945s] -- Up-to-date: /home/cagla/bir_ws/install/turtlesim_interfaces/local/lib/python3.10/dist-packages/turtlesim_interfaces/_turtlesim_interfaces_s.ep.rosidl_typesupport_c.c
[1.945s] -- Up-to-date: /home/cagla/bir_ws/install/turtlesim_interfaces/local/lib/python3.10/dist-packages/turtlesim_interfaces/libturtlesim_interfaces__rosidl_generator_py.so
[1.945s] -- Up-to-date: /home/cagla/bir_ws/install/turtlesim_interfaces/local/lib/python3.10/dist-packages/turtlesim_interfaces/action
[1.945s] -- Up-to-date: /home/cagla/bir_ws/install/turtlesim_interfaces/local/lib/python3.10/dist-packages/turtlesim_interfaces/action/_count_until.py
[1.946s] -- Up-to-date: /home/cagla/bir_ws/install/turtlesim_interfaces/local/lib/python3.10/dist-packages/turtlesim_interfaces/action/_count_until_s.c
[1.946s] -- Up-to-date: /home/cagla/bir_ws/install/turtlesim_interfaces/local/lib/python3.10/dist-packages/turtlesim_interfaces/action/__init__.py
[1.946s] -- Up-to-date: /home/cagla/bir_ws/install/turtlesim_interfaces/local/lib/python3.10/dist-packages/turtlesim_interfaces/_turtlesim_interfaces_s.ep.rosidl_typesupport_introspection_c.c
[1.946s] -- Up-to-date: /home/cagla/bir_ws/install/turtlesim_interfaces/local/lib/python3.10/dist-packages/turtlesim_interfaces/turtlesim_interfaces_s__rosidl_typesupport_c.cpython-310-x86_64-linux-gnu.so
[1.946s] -- Up-to-date: /home/cagla/bir_ws/install/turtlesim_interfaces/local/lib/python3.10/dist-packages/turtlesim_interfaces/turtlesim_interfaces_s__rosidl_typesupport_fastrtps_c.cpython-310-x86_64-linux-gnu.so
[1.946s] -- Up-to-date: /home/cagla/bir_ws/install/turtlesim_interfaces/local/lib/python3.10/dist-packages/turtlesim_interfaces/__init__.py
[1.946s] -- Up-to-date: /home/cagla/bir_ws/install/turtlesim_interfaces/local/lib/python3.10/dist-packages/turtlesim_interfaces/turtlesim_interfaces_s__rosidl_typesupport_introspection_c.cpython-310-x86_64-linux-gnu.so
[1.991s] Listing '/home/cagla/bir_ws/install/turtlesim_interfaces/local/lib/python3.10/dist-packages/turtlesim_interfaces'...
[1.991s] Listing '/home/cagla/bir_ws/install/turtlesim_interfaces/local/lib/python3.10/dist-packages/turtlesim_interfaces/action'...
[2.015s] -- Up-to-date: /home/cagla/bir_ws/install/turtlesim_interfaces/local/lib/python3.10/dist-packages/turtlesim_interfaces/turtlesim_interfaces_s__rosidl_typesupport_fastrtps_c.cpython-310-x86_64-linux-gnu.so
[2.015s] -- Up-to-date: /home/cagla/bir_ws/install/turtlesim_interfaces/local/lib/python3.10/dist-packages/turtlesim_interfaces/turtlesim_interfaces_s__rosidl_typesupport_introspection_c.cpython-310-x86_64-linux-gnu.so
[2.015s] -- Up-to-date: /home/cagla/bir_ws/install/turtlesim_interfaces/local/lib/python3.10/dist-packages/turtlesim_interfaces/turtlesim_interfaces_s__rosidl_typesupport_c.cpython-310-x86_64-linux-gnu.so
[2.015s] -- Up-to-date: /home/cagla/bir_ws/install/turtlesim_interfaces/lib/libturtlesim_interfaces__rosidl_generator_py.so
[2.016s] -- Up-to-date: /home/cagla/bir_ws/install/turtlesim_interfaces/share/turtlesim_interfaces/action/CountUntil.idl
[2.016s] -- Up-to-date: /home/cagla/bir_ws/install/turtlesim_interfaces/share/turtlesim_interfaces/action/CountUntil.action
[2.016s] -- Up-to-date: /home/cagla/bir_ws/install/turtlesim_interfaces/share/ament_index/resource_index/package_run_dependencies/turtlesim_interfaces
[2.016s] -- Up-to-date: /home/cagla/bir_ws/install/turtlesim_interfaces/share/ament_index/resource_index/parent_prefix_path/turtlesim_interfaces
[2.016s] -- Up-to-date: /home/cagla/bir_ws/install/turtlesim_interfaces/share/turtlesim_interfaces/environment/ament_prefix_path.sh
[2.016s] -- Up-to-date: /home/cagla/bir_ws/install/turtlesim_interfaces/share/turtlesim_interfaces/environment/ament_prefix_path.dsv
[2.016s] -- Up-to-date: /home/cagla/bir_ws/install/turtlesim_interfaces/share/turtlesim_interfaces/environment/path.sh
[2.016s] -- Up-to-date: /home/cagla/bir_ws/install/turtlesim_interfaces/share/turtlesim_interfaces/environment/path.dsv
[2.016s] -- Up-to-date: /home/cagla/bir_ws/install/turtlesim_interfaces/share/turtlesim_interfaces/local_setup.bash
[2.016s] -- Up-to-date: /home/cagla/bir_ws/install/turtlesim_interfaces/share/turtlesim_interfaces/local_setup.sh
[2.016s] -- Up-to-date: /home/cagla/bir_ws/install/turtlesim_interfaces/share/turtlesim_interfaces/local_setup.zsh
[2.016s] -- Up-to-date: /home/cagla/bir_ws/install/turtlesim_interfaces/share/turtlesim_interfaces/local_setup.dsv
[2.016s] -- Installing: /home/cagla/bir_ws/install/turtlesim_interfaces/share/turtlesim_interfaces/package.dsv
[2.016s] -- Up-to-date: /home/cagla/bir_ws/install/turtlesim_interfaces/share/ament_index/resource_index/packages/turtlesim_interfaces
[2.016s] -- Up-to-date: /home/cagla/bir_ws/install/turtlesim_interfaces/share/turtlesim_interfaces/cmake/export_turtlesim_interfaces__rosidl_generator_cExport.cmake
[2.016s] -- Up-to-date: /home/cagla/bir_ws/install/turtlesim_interfaces/share/turtlesim_interfaces/cmake/export_turtlesim_interfaces__rosidl_generator_cExport-noconfig.cmake
[2.016s] -- Up-to-date: /home/cagla/bir_ws/install/turtlesim_interfaces/share/turtlesim_interfaces/cmake/export_turtlesim_interfaces__rosidl_typesupport_fastrtps_cExport.cmake
[2.016s] -- Up-to-date: /home/cagla/bir_ws/install/turtlesim_interfaces/share/turtlesim_interfaces/cmake/export_turtlesim_interfaces__rosidl_typesupport_fastrtps_cExport-noconfig.cmake
[2.016s] -- Up-to-date: /home/cagla/bir_ws/install/turtlesim_interfaces/share/turtlesim_interfaces/cmake/turtlesim_interfaces__rosidl_typesupport_introspection_cExport.cmake
[2.017s] -- Up-to-date: /home/cagla/bir_ws/install/turtlesim_interfaces/share/turtlesim_interfaces/cmake/turtlesim_interfaces__rosidl_typesupport_introspection_cExport-noconfig.cmake
[2.017s] -- Up-to-date: /home/cagla/bir_ws/install/turtlesim_interfaces/share/turtlesim_interfaces/cmake/turtlesim_interfaces__rosidl_typesupport_cExport.cmake
[2.017s] -- Up-to-date: /home/cagla/bir_ws/install/turtlesim_interfaces/share/turtlesim_interfaces/cmake/turtlesim_interfaces__rosidl_typesupport_cExport-noconfig.cmake
[2.017s] -- Up-to-date: /home/cagla/bir_ws/install/turtlesim_interfaces/share/turtlesim_interfaces/cmake/export_turtlesim_interfaces__rosidl_generator_cppExport.cmake
[2.026s] -- Up-to-date: /home/cagla/bir_ws/install/turtlesim_interfaces/share/turtlesim_interfaces/cmake/export_turtlesim_interfaces__rosidl_typesupport_fastrtps_cppExport.cmake
[2.026s] -- Up-to-date: /home/cagla/bir_ws/install/turtlesim_interfaces/share/turtlesim_interfaces/cmake/export_turtlesim_interfaces__rosidl_typesupport_fastrtps_cppExport-noconfig.cmake
[2.026s] -- Up-to-date: /home/cagla/bir_ws/install/turtlesim_interfaces/share/turtlesim_interfaces/cmake/turtlesim_interfaces__rosidl_typesupport_introspection_cppExport.cmake
[2.026s] -- Up-to-date: /home/cagla/bir_ws/install/turtlesim_interfaces/share/turtlesim_interfaces/cmake/turtlesim_interfaces__rosidl_typesupport_introspection_cppExport-noconfig.cmake
[2.026s] -- Up-to-date: /home/cagla/bir_ws/install/turtlesim_interfaces/share/turtlesim_interfaces/cmake/turtlesim_interfaces__rosidl_typesupport_cppExport.cmake
[2.026s] -- Up-to-date: /home/cagla/bir_ws/install/turtlesim_interfaces/share/turtlesim_interfaces/cmake/turtlesim_interfaces__rosidl_typesupport_cppExport-noconfig.cmake
[2.026s] -- Up-to-date: /home/cagla/bir_ws/install/turtlesim_interfaces/share/turtlesim_interfaces/cmake/export_turtlesim_interfaces__rosidl_generator_pyExport.cmake
[2.026s] -- Up-to-date: /home/cagla/bir_ws/install/turtlesim_interfaces/share/turtlesim_interfaces/cmake/export_turtlesim_interfaces__rosidl_generator_pyExport-noconfig.cmake
[2.026s] -- Up-to-date: /home/cagla/bir_ws/install/turtlesim_interfaces/share/turtlesim_interfaces/cmake/rosidl_cmake-extras.cmake
[2.026s] -- Up-to-date: /home/cagla/bir_ws/install/turtlesim_interfaces/share/turtlesim_interfaces/cmake/ament_cmake_export_dependencies-extras.cmake
[2.026s] -- Up-to-date: /home/cagla/bir_ws/install/turtlesim_interfaces/share/turtlesim_interfaces/cmake/ament_cmake_export_include_directories-extras.cmake
[2.026s] -- Up-to-date: /home/cagla/bir_ws/install/turtlesim_interfaces/share/turtlesim_interfaces/cmake/ament_cmake_export_libraries-extras.cmake
[2.026s] -- Up-to-date: /home/cagla/bir_ws/install/turtlesim_interfaces/share/turtlesim_interfaces/cmake/ament_cmake_export_targets-extras.cmake
[2.026s] -- Up-to-date: /home/cagla/bir_ws/install/turtlesim_interfaces/share/turtlesim_interfaces/cmake/rosidl_cmake_export_typesupport_targets-extras.cmake
[2.027s] -- Up-to-date: /home/cagla/bir_ws/install/turtlesim_interfaces/share/turtlesim_interfaces/cmake/rosidl_cmake_export_typesupport_libraries-extras.cmake
[2.027s] -- Up-to-date: /home/cagla/bir_ws/install/turtlesim_interfaces/share/turtlesim_interfaces/cmake/turtlesim_interfacesConfig.cmake
[2.027s] -- Up-to-date: /home/cagla/bir_ws/install/turtlesim_interfaces/share/turtlesim_interfaces/cmake/turtlesim_interfacesConfig-version.cmake
[2.027s] -- Up-to-date: /home/cagla/bir_ws/install/turtlesim_interfaces/share/turtlesim_interfaces/package.xml
[2.027s] Invoked command in '/home/cagla/bir_ws/build/turtlesim_interfaces' returned '0': CMAKE_PREFIX_PATH=${CMAKE_PREFIX_PATH}:/home/cagla/bir_ws/install/turtle_actions:/home/cagla/yeni_ws/install/actions_py:/home/cagla/ros2_ws/install/my_robot_controller:/opt/ros/humble /usr/bin/cmake --install /home/cagla/bir_ws/build/turtlesim_interfaces
