[0.015s] Invoking command in '/home/cagla/fd_ws/build/custom_interfaces': CMAKE_PREFIX_PATH=${CMAKE_PREFIX_PATH}:/home/cagla/fd_ws/install/srv_turtle:/home/cagla/ros2_ws/install/my_robot_controller:/opt/ros/humble /usr/bin/cmake --build /home/cagla/fd_ws/build/custom_interfaces -- -j2 -l2
[0.044s] -- Found ament_cmake: 1.3.10 (/opt/ros/humble/share/ament_cmake/cmake)
[0.176s] -- Found geometry_msgs: 4.2.4 (/opt/ros/humble/share/geometry_msgs/cmake)
[0.199s] -- Found rosidl_generator_c: 3.1.5 (/opt/ros/humble/share/rosidl_generator_c/cmake)
[0.199s] -- Found rosidl_adapter: 3.1.5 (/opt/ros/humble/share/rosidl_adapter/cmake)
[0.204s] -- Found rosidl_generator_cpp: 3.1.5 (/opt/ros/humble/share/rosidl_generator_cpp/cmake)
[0.212s] -- Using all available rosidl_typesupport_c: rosidl_typesupport_fastrtps_c;rosidl_typesupport_introspection_c
[0.225s] -- Using all available rosidl_typesupport_cpp: rosidl_typesupport_fastrtps_cpp;rosidl_typesupport_introspection_cpp
[0.260s] -- Found rosidl_default_generators: 1.2.0 (/opt/ros/humble/share/rosidl_default_generators/cmake)
[0.444s] [31mCMake Error at /opt/ros/humble/share/rosidl_adapter/cmake/rosidl_adapt_interfaces.cmake:59 (message):
[0.444s]   execute_process(/usr/bin/python3 -m rosidl_adapter --package-name
[0.444s]   custom_interfaces --arguments-file
[0.444s]   /home/cagla/fd_ws/build/custom_interfaces/rosidl_adapter__arguments__custom_interfaces.json
[0.444s]   --output-dir
[0.444s]   /home/cagla/fd_ws/build/custom_interfaces/rosidl_adapter/custom_interfaces
[0.444s]   --output-file
[0.444s]   /home/cagla/fd_ws/build/custom_interfaces/rosidl_adapter/custom_interfaces.idls)
[0.444s]   returned error code 1:
[0.444s] 
[0.444s]   Error processing 'string uyarı' of 'custom_interfaces/TargetCor':
[0.444s]   ''uyarı' is an invalid field name.  It should have the pattern
[0.444s]   '^(?!.*__)(?!.*_$)[a-z][a-z0-9_]*$''
[0.444s] 
[0.445s]   Traceback (most recent call last):
[0.445s] 
[0.445s]     File "/usr/lib/python3.10/runpy.py", line 196, in _run_module_as_main
[0.445s]       return _run_code(code, main_globals, None,
[0.445s]     File "/usr/lib/python3.10/runpy.py", line 86, in _run_code
[0.445s]       exec(code, run_globals)
[0.445s]     File "/opt/ros/humble/local/lib/python3.10/dist-packages/rosidl_adapter/__main__.py", line 19, in <module>
[0.445s]       sys.exit(main())
[0.445s]     File "/opt/ros/humble/local/lib/python3.10/dist-packages/rosidl_adapter/main.py", line 53, in main
[0.445s]       abs_idl_file = convert_to_idl(
[0.445s]     File "/opt/ros/humble/local/lib/python3.10/dist-packages/rosidl_adapter/__init__.py", line 19, in convert_to_idl
[0.445s]       return convert_msg_to_idl(
[0.445s]     File "/opt/ros/humble/local/lib/python3.10/dist-packages/rosidl_adapter/msg/__init__.py", line 28, in convert_msg_to_idl
[0.445s]       msg = parse_message_string(package_name, input_file.stem, content)
[0.446s]     File "/opt/ros/humble/local/lib/python3.10/dist-packages/rosidl_adapter/parser.py", line 519, in parse_message_string
[0.446s]       fields.append(Field(
[0.446s]     File "/opt/ros/humble/local/lib/python3.10/dist-packages/rosidl_adapter/parser.py", line 354, in __init__
[0.446s]       raise NameError(
[0.446s] 
[0.446s]   NameError: 'uyarı' is an invalid field name.  It should have the pattern
[0.446s]   '^(?!.*__)(?!.*_$)[a-z][a-z0-9_]*$'
[0.446s] 
[0.446s] Call Stack (most recent call first):
[0.446s]   /opt/ros/humble/share/rosidl_cmake/cmake/rosidl_generate_interfaces.cmake:130 (rosidl_adapt_interfaces)
[0.446s]   CMakeLists.txt:14 (rosidl_generate_interfaces)
[0.446s] 
[0.446s] [0m
[0.447s] -- Configuring incomplete, errors occurred!
[0.449s] See also "/home/cagla/fd_ws/build/custom_interfaces/CMakeFiles/CMakeOutput.log".
[0.449s] gmake: *** [Makefile:226: cmake_check_build_system] Error 1
[0.450s] Invoked command in '/home/cagla/fd_ws/build/custom_interfaces' returned '2': CMAKE_PREFIX_PATH=${CMAKE_PREFIX_PATH}:/home/cagla/fd_ws/install/srv_turtle:/home/cagla/ros2_ws/install/my_robot_controller:/opt/ros/humble /usr/bin/cmake --build /home/cagla/fd_ws/build/custom_interfaces -- -j2 -l2
