[0.249s] DEBUG:colcon:Command line arguments: ['/usr/bin/colcon', 'build']
[0.249s] DEBUG:colcon:Parsed command line arguments: Namespace(log_base=None, log_level=None, verb_name='build', build_base='build', install_base='install', merge_install=False, symlink_install=False, test_result_base=None, continue_on_error=False, executor='parallel', parallel_workers=2, event_handlers=None, ignore_user_meta=False, metas=['./colcon.meta'], base_paths=['.'], packages_ignore=None, packages_ignore_regex=None, paths=None, packages_up_to=None, packages_up_to_regex=None, packages_above=None, packages_above_and_dependencies=None, packages_above_depth=None, packages_select_by_dep=None, packages_skip_by_dep=None, packages_skip_up_to=None, packages_select_build_failed=False, packages_skip_build_finished=False, packages_select_test_failures=False, packages_skip_test_passed=False, packages_select=None, packages_skip=None, packages_select_regex=None, packages_skip_regex=None, packages_start=None, packages_end=None, allow_overriding=[], cmake_args=None, cmake_target=None, cmake_target_skip_unavailable=False, cmake_clean_cache=False, cmake_clean_first=False, cmake_force_configure=False, ament_cmake_args=None, catkin_cmake_args=None, catkin_skip_building_tests=False, mixin_files=None, mixin=None, verb_parser=<colcon_mixin.mixin.mixin_argument.MixinArgumentDecorator object at 0x787e58d32aa0>, verb_extension=<colcon_core.verb.build.BuildVerb object at 0x787e58e33160>, main=<bound method BuildVerb.main of <colcon_core.verb.build.BuildVerb object at 0x787e58e33160>>, mixin_verb=('build',))
[0.449s] Level 1:colcon.colcon_core.package_discovery:discover_packages(colcon_meta) check parameters
[0.449s] Level 1:colcon.colcon_core.package_discovery:discover_packages(recursive) check parameters
[0.449s] Level 1:colcon.colcon_core.package_discovery:discover_packages(ignore) check parameters
[0.449s] Level 1:colcon.colcon_core.package_discovery:discover_packages(path) check parameters
[0.449s] Level 1:colcon.colcon_core.package_discovery:discover_packages(colcon_meta) discover
[0.449s] Level 1:colcon.colcon_core.package_discovery:discover_packages(recursive) discover
[0.449s] INFO:colcon.colcon_core.package_discovery:Crawling recursively for packages in '/home/cagla/fd_ws'
[0.449s] Level 1:colcon.colcon_core.package_identification:_identify(.) by extensions ['ignore', 'ignore_ament_install']
[0.449s] Level 1:colcon.colcon_core.package_identification:_identify(.) by extension 'ignore'
[0.450s] Level 1:colcon.colcon_core.package_identification:_identify(.) by extension 'ignore_ament_install'
[0.450s] Level 1:colcon.colcon_core.package_identification:_identify(.) by extensions ['colcon_pkg']
[0.450s] Level 1:colcon.colcon_core.package_identification:_identify(.) by extension 'colcon_pkg'
[0.450s] Level 1:colcon.colcon_core.package_identification:_identify(.) by extensions ['colcon_meta']
[0.450s] Level 1:colcon.colcon_core.package_identification:_identify(.) by extension 'colcon_meta'
[0.450s] Level 1:colcon.colcon_core.package_identification:_identify(.) by extensions ['ros']
[0.450s] Level 1:colcon.colcon_core.package_identification:_identify(.) by extension 'ros'
[0.461s] Level 1:colcon.colcon_core.package_identification:_identify(.) by extensions ['cmake', 'python']
[0.461s] Level 1:colcon.colcon_core.package_identification:_identify(.) by extension 'cmake'
[0.461s] Level 1:colcon.colcon_core.package_identification:_identify(.) by extension 'python'
[0.461s] Level 1:colcon.colcon_core.package_identification:_identify(.) by extensions ['python_setup_py']
[0.461s] Level 1:colcon.colcon_core.package_identification:_identify(.) by extension 'python_setup_py'
[0.462s] Level 1:colcon.colcon_core.package_identification:_identify(build) by extensions ['ignore', 'ignore_ament_install']
[0.462s] Level 1:colcon.colcon_core.package_identification:_identify(build) by extension 'ignore'
[0.462s] Level 1:colcon.colcon_core.package_identification:_identify(build) ignored
[0.462s] Level 1:colcon.colcon_core.package_identification:_identify(install) by extensions ['ignore', 'ignore_ament_install']
[0.462s] Level 1:colcon.colcon_core.package_identification:_identify(install) by extension 'ignore'
[0.462s] Level 1:colcon.colcon_core.package_identification:_identify(install) ignored
[0.462s] Level 1:colcon.colcon_core.package_identification:_identify(log) by extensions ['ignore', 'ignore_ament_install']
[0.462s] Level 1:colcon.colcon_core.package_identification:_identify(log) by extension 'ignore'
[0.462s] Level 1:colcon.colcon_core.package_identification:_identify(log) ignored
[0.462s] Level 1:colcon.colcon_core.package_identification:_identify(src) by extensions ['ignore', 'ignore_ament_install']
[0.462s] Level 1:colcon.colcon_core.package_identification:_identify(src) by extension 'ignore'
[0.463s] Level 1:colcon.colcon_core.package_identification:_identify(src) by extension 'ignore_ament_install'
[0.463s] Level 1:colcon.colcon_core.package_identification:_identify(src) by extensions ['colcon_pkg']
[0.463s] Level 1:colcon.colcon_core.package_identification:_identify(src) by extension 'colcon_pkg'
[0.463s] Level 1:colcon.colcon_core.package_identification:_identify(src) by extensions ['colcon_meta']
[0.463s] Level 1:colcon.colcon_core.package_identification:_identify(src) by extension 'colcon_meta'
[0.463s] Level 1:colcon.colcon_core.package_identification:_identify(src) by extensions ['ros']
[0.463s] Level 1:colcon.colcon_core.package_identification:_identify(src) by extension 'ros'
[0.463s] Level 1:colcon.colcon_core.package_identification:_identify(src) by extensions ['cmake', 'python']
[0.463s] Level 1:colcon.colcon_core.package_identification:_identify(src) by extension 'cmake'
[0.463s] Level 1:colcon.colcon_core.package_identification:_identify(src) by extension 'python'
[0.463s] Level 1:colcon.colcon_core.package_identification:_identify(src) by extensions ['python_setup_py']
[0.463s] Level 1:colcon.colcon_core.package_identification:_identify(src) by extension 'python_setup_py'
[0.463s] Level 1:colcon.colcon_core.package_identification:_identify(src/custom_interfaces) by extensions ['ignore', 'ignore_ament_install']
[0.463s] Level 1:colcon.colcon_core.package_identification:_identify(src/custom_interfaces) by extension 'ignore'
[0.463s] Level 1:colcon.colcon_core.package_identification:_identify(src/custom_interfaces) by extension 'ignore_ament_install'
[0.463s] Level 1:colcon.colcon_core.package_identification:_identify(src/custom_interfaces) by extensions ['colcon_pkg']
[0.463s] Level 1:colcon.colcon_core.package_identification:_identify(src/custom_interfaces) by extension 'colcon_pkg'
[0.463s] Level 1:colcon.colcon_core.package_identification:_identify(src/custom_interfaces) by extensions ['colcon_meta']
[0.463s] Level 1:colcon.colcon_core.package_identification:_identify(src/custom_interfaces) by extension 'colcon_meta'
[0.463s] Level 1:colcon.colcon_core.package_identification:_identify(src/custom_interfaces) by extensions ['ros']
[0.463s] Level 1:colcon.colcon_core.package_identification:_identify(src/custom_interfaces) by extension 'ros'
[0.466s] DEBUG:colcon.colcon_core.package_identification:Package 'src/custom_interfaces' with type 'ros.ament_cmake' and name 'custom_interfaces'
[0.466s] Level 1:colcon.colcon_core.package_identification:_identify(src/srv_turtle) by extensions ['ignore', 'ignore_ament_install']
[0.466s] Level 1:colcon.colcon_core.package_identification:_identify(src/srv_turtle) by extension 'ignore'
[0.466s] Level 1:colcon.colcon_core.package_identification:_identify(src/srv_turtle) by extension 'ignore_ament_install'
[0.466s] Level 1:colcon.colcon_core.package_identification:_identify(src/srv_turtle) by extensions ['colcon_pkg']
[0.466s] Level 1:colcon.colcon_core.package_identification:_identify(src/srv_turtle) by extension 'colcon_pkg'
[0.466s] Level 1:colcon.colcon_core.package_identification:_identify(src/srv_turtle) by extensions ['colcon_meta']
[0.466s] Level 1:colcon.colcon_core.package_identification:_identify(src/srv_turtle) by extension 'colcon_meta'
[0.467s] Level 1:colcon.colcon_core.package_identification:_identify(src/srv_turtle) by extensions ['ros']
[0.467s] Level 1:colcon.colcon_core.package_identification:_identify(src/srv_turtle) by extension 'ros'
[0.467s] DEBUG:colcon.colcon_core.package_identification:Package 'src/srv_turtle' with type 'ros.ament_python' and name 'srv_turtle'
[0.467s] Level 1:colcon.colcon_core.package_discovery:discover_packages(recursive) using defaults
[0.468s] Level 1:colcon.colcon_core.package_discovery:discover_packages(ignore) discover
[0.468s] Level 1:colcon.colcon_core.package_discovery:discover_packages(ignore) using defaults
[0.468s] Level 1:colcon.colcon_core.package_discovery:discover_packages(path) discover
[0.468s] Level 1:colcon.colcon_core.package_discovery:discover_packages(path) using defaults
[0.493s] Level 1:colcon.colcon_core.package_discovery:discover_packages(prefix_path) check parameters
[0.493s] Level 1:colcon.colcon_core.package_discovery:discover_packages(prefix_path) discover
[0.497s] DEBUG:colcon.colcon_installed_package_information.package_discovery:Found 2 installed packages in /home/cagla/fd_ws/install
[0.497s] DEBUG:colcon.colcon_installed_package_information.package_discovery:Found 1 installed packages in /home/cagla/ros2_ws/install
[0.499s] DEBUG:colcon.colcon_installed_package_information.package_discovery:Found 293 installed packages in /opt/ros/humble
[0.512s] Level 1:colcon.colcon_core.package_discovery:discover_packages(prefix_path) using defaults
[0.550s] Level 5:colcon.colcon_core.verb:set package 'custom_interfaces' build argument 'cmake_args' from command line to 'None'
[0.550s] Level 5:colcon.colcon_core.verb:set package 'custom_interfaces' build argument 'cmake_target' from command line to 'None'
[0.550s] Level 5:colcon.colcon_core.verb:set package 'custom_interfaces' build argument 'cmake_target_skip_unavailable' from command line to 'False'
[0.550s] Level 5:colcon.colcon_core.verb:set package 'custom_interfaces' build argument 'cmake_clean_cache' from command line to 'False'
[0.550s] Level 5:colcon.colcon_core.verb:set package 'custom_interfaces' build argument 'cmake_clean_first' from command line to 'False'
[0.550s] Level 5:colcon.colcon_core.verb:set package 'custom_interfaces' build argument 'cmake_force_configure' from command line to 'False'
[0.550s] Level 5:colcon.colcon_core.verb:set package 'custom_interfaces' build argument 'ament_cmake_args' from command line to 'None'
[0.550s] Level 5:colcon.colcon_core.verb:set package 'custom_interfaces' build argument 'catkin_cmake_args' from command line to 'None'
[0.550s] Level 5:colcon.colcon_core.verb:set package 'custom_interfaces' build argument 'catkin_skip_building_tests' from command line to 'False'
[0.550s] DEBUG:colcon.colcon_core.verb:Building package 'custom_interfaces' with the following arguments: {'ament_cmake_args': None, 'build_base': '/home/cagla/fd_ws/build/custom_interfaces', 'catkin_cmake_args': None, 'catkin_skip_building_tests': False, 'cmake_args': None, 'cmake_clean_cache': False, 'cmake_clean_first': False, 'cmake_force_configure': False, 'cmake_target': None, 'cmake_target_skip_unavailable': False, 'install_base': '/home/cagla/fd_ws/install/custom_interfaces', 'merge_install': False, 'path': '/home/cagla/fd_ws/src/custom_interfaces', 'symlink_install': False, 'test_result_base': None}
[0.550s] Level 5:colcon.colcon_core.verb:set package 'srv_turtle' build argument 'cmake_args' from command line to 'None'
[0.550s] Level 5:colcon.colcon_core.verb:set package 'srv_turtle' build argument 'cmake_target' from command line to 'None'
[0.551s] Level 5:colcon.colcon_core.verb:set package 'srv_turtle' build argument 'cmake_target_skip_unavailable' from command line to 'False'
[0.551s] Level 5:colcon.colcon_core.verb:set package 'srv_turtle' build argument 'cmake_clean_cache' from command line to 'False'
[0.551s] Level 5:colcon.colcon_core.verb:set package 'srv_turtle' build argument 'cmake_clean_first' from command line to 'False'
[0.551s] Level 5:colcon.colcon_core.verb:set package 'srv_turtle' build argument 'cmake_force_configure' from command line to 'False'
[0.551s] Level 5:colcon.colcon_core.verb:set package 'srv_turtle' build argument 'ament_cmake_args' from command line to 'None'
[0.551s] Level 5:colcon.colcon_core.verb:set package 'srv_turtle' build argument 'catkin_cmake_args' from command line to 'None'
[0.551s] Level 5:colcon.colcon_core.verb:set package 'srv_turtle' build argument 'catkin_skip_building_tests' from command line to 'False'
[0.551s] DEBUG:colcon.colcon_core.verb:Building package 'srv_turtle' with the following arguments: {'ament_cmake_args': None, 'build_base': '/home/cagla/fd_ws/build/srv_turtle', 'catkin_cmake_args': None, 'catkin_skip_building_tests': False, 'cmake_args': None, 'cmake_clean_cache': False, 'cmake_clean_first': False, 'cmake_force_configure': False, 'cmake_target': None, 'cmake_target_skip_unavailable': False, 'install_base': '/home/cagla/fd_ws/install/srv_turtle', 'merge_install': False, 'path': '/home/cagla/fd_ws/src/srv_turtle', 'symlink_install': False, 'test_result_base': None}
[0.551s] INFO:colcon.colcon_core.executor:Executing jobs using 'parallel' executor
[0.552s] DEBUG:colcon.colcon_parallel_executor.executor.parallel:run_until_complete
[0.552s] INFO:colcon.colcon_ros.task.ament_cmake.build:Building ROS package in '/home/cagla/fd_ws/src/custom_interfaces' with build type 'ament_cmake'
[0.552s] INFO:colcon.colcon_cmake.task.cmake.build:Building CMake package in '/home/cagla/fd_ws/src/custom_interfaces'
[0.555s] INFO:colcon.colcon_core.plugin_system:Skipping extension 'colcon_core.shell.bat': Not used on non-Windows systems
[0.556s] INFO:colcon.colcon_core.shell:Skip shell extension 'powershell' for command environment: Not usable outside of PowerShell
[0.556s] DEBUG:colcon.colcon_core.shell:Skip shell extension 'dsv' for command environment
[0.569s] DEBUG:colcon.colcon_core.event_handler.log_command:Invoking command in '/home/cagla/fd_ws/build/custom_interfaces': CMAKE_PREFIX_PATH=${CMAKE_PREFIX_PATH}:/home/cagla/fd_ws/install/srv_turtle:/home/cagla/ros2_ws/install/my_robot_controller:/opt/ros/humble /usr/bin/cmake --build /home/cagla/fd_ws/build/custom_interfaces -- -j2 -l2
[0.627s] DEBUG:colcon.colcon_core.event_handler.log_command:Invoked command in '/home/cagla/fd_ws/build/custom_interfaces' returned '0': CMAKE_PREFIX_PATH=${CMAKE_PREFIX_PATH}:/home/cagla/fd_ws/install/srv_turtle:/home/cagla/ros2_ws/install/my_robot_controller:/opt/ros/humble /usr/bin/cmake --build /home/cagla/fd_ws/build/custom_interfaces -- -j2 -l2
[0.689s] DEBUG:colcon.colcon_core.event_handler.log_command:Invoking command in '/home/cagla/fd_ws/build/custom_interfaces': CMAKE_PREFIX_PATH=${CMAKE_PREFIX_PATH}:/home/cagla/fd_ws/install/srv_turtle:/home/cagla/ros2_ws/install/my_robot_controller:/opt/ros/humble /usr/bin/cmake --install /home/cagla/fd_ws/build/custom_interfaces
[0.705s] Level 1:colcon.colcon_core.environment:create_environment_scripts_only(custom_interfaces)
[0.706s] DEBUG:colcon.colcon_core.event_handler.log_command:Invoked command in '/home/cagla/fd_ws/build/custom_interfaces' returned '0': CMAKE_PREFIX_PATH=${CMAKE_PREFIX_PATH}:/home/cagla/fd_ws/install/srv_turtle:/home/cagla/ros2_ws/install/my_robot_controller:/opt/ros/humble /usr/bin/cmake --install /home/cagla/fd_ws/build/custom_interfaces
[0.708s] Level 1:colcon.colcon_core.environment:checking '/home/cagla/fd_ws/install/custom_interfaces' for CMake module files
[0.709s] Level 1:colcon.colcon_core.environment:checking '/home/cagla/fd_ws/install/custom_interfaces' for CMake config files
[0.709s] Level 1:colcon.colcon_core.shell:create_environment_hook('custom_interfaces', 'cmake_prefix_path')
[0.709s] INFO:colcon.colcon_core.shell:Creating environment hook '/home/cagla/fd_ws/install/custom_interfaces/share/custom_interfaces/hook/cmake_prefix_path.ps1'
[0.711s] INFO:colcon.colcon_core.shell:Creating environment descriptor '/home/cagla/fd_ws/install/custom_interfaces/share/custom_interfaces/hook/cmake_prefix_path.dsv'
[0.712s] INFO:colcon.colcon_core.shell:Creating environment hook '/home/cagla/fd_ws/install/custom_interfaces/share/custom_interfaces/hook/cmake_prefix_path.sh'
[0.714s] Level 1:colcon.colcon_core.environment:checking '/home/cagla/fd_ws/install/custom_interfaces/bin'
[0.714s] Level 1:colcon.colcon_core.environment:checking '/home/cagla/fd_ws/install/custom_interfaces/lib/pkgconfig/custom_interfaces.pc'
[0.714s] Level 1:colcon.colcon_core.environment:checking '/home/cagla/fd_ws/install/custom_interfaces/lib/python3.10/site-packages'
[0.715s] Level 1:colcon.colcon_core.environment:checking '/home/cagla/fd_ws/install/custom_interfaces/bin'
[0.715s] INFO:colcon.colcon_core.shell:Creating package script '/home/cagla/fd_ws/install/custom_interfaces/share/custom_interfaces/package.ps1'
[0.717s] INFO:colcon.colcon_core.shell:Creating package descriptor '/home/cagla/fd_ws/install/custom_interfaces/share/custom_interfaces/package.dsv'
[0.718s] INFO:colcon.colcon_core.shell:Creating package script '/home/cagla/fd_ws/install/custom_interfaces/share/custom_interfaces/package.sh'
[0.720s] INFO:colcon.colcon_core.shell:Creating package script '/home/cagla/fd_ws/install/custom_interfaces/share/custom_interfaces/package.bash'
[0.721s] INFO:colcon.colcon_core.shell:Creating package script '/home/cagla/fd_ws/install/custom_interfaces/share/custom_interfaces/package.zsh'
[0.723s] Level 1:colcon.colcon_core.environment:create_file_with_runtime_dependencies(/home/cagla/fd_ws/install/custom_interfaces/share/colcon-core/packages/custom_interfaces)
[0.757s] Level 1:colcon.colcon_core.environment:create_environment_scripts_only(custom_interfaces)
[0.757s] Level 1:colcon.colcon_core.environment:checking '/home/cagla/fd_ws/install/custom_interfaces' for CMake module files
[0.758s] Level 1:colcon.colcon_core.environment:checking '/home/cagla/fd_ws/install/custom_interfaces' for CMake config files
[0.758s] Level 1:colcon.colcon_core.shell:create_environment_hook('custom_interfaces', 'cmake_prefix_path')
[0.758s] INFO:colcon.colcon_core.shell:Creating environment hook '/home/cagla/fd_ws/install/custom_interfaces/share/custom_interfaces/hook/cmake_prefix_path.ps1'
[0.763s] INFO:colcon.colcon_core.shell:Creating environment descriptor '/home/cagla/fd_ws/install/custom_interfaces/share/custom_interfaces/hook/cmake_prefix_path.dsv'
[0.763s] INFO:colcon.colcon_core.shell:Creating environment hook '/home/cagla/fd_ws/install/custom_interfaces/share/custom_interfaces/hook/cmake_prefix_path.sh'
[0.764s] Level 1:colcon.colcon_core.environment:checking '/home/cagla/fd_ws/install/custom_interfaces/bin'
[0.764s] Level 1:colcon.colcon_core.environment:checking '/home/cagla/fd_ws/install/custom_interfaces/lib/pkgconfig/custom_interfaces.pc'
[0.765s] Level 1:colcon.colcon_core.environment:checking '/home/cagla/fd_ws/install/custom_interfaces/lib/python3.10/site-packages'
[0.765s] Level 1:colcon.colcon_core.environment:checking '/home/cagla/fd_ws/install/custom_interfaces/bin'
[0.766s] INFO:colcon.colcon_core.shell:Creating package script '/home/cagla/fd_ws/install/custom_interfaces/share/custom_interfaces/package.ps1'
[0.766s] INFO:colcon.colcon_core.shell:Creating package descriptor '/home/cagla/fd_ws/install/custom_interfaces/share/custom_interfaces/package.dsv'
[0.773s] INFO:colcon.colcon_core.shell:Creating package script '/home/cagla/fd_ws/install/custom_interfaces/share/custom_interfaces/package.sh'
[0.776s] INFO:colcon.colcon_core.shell:Creating package script '/home/cagla/fd_ws/install/custom_interfaces/share/custom_interfaces/package.bash'
[0.777s] INFO:colcon.colcon_core.shell:Creating package script '/home/cagla/fd_ws/install/custom_interfaces/share/custom_interfaces/package.zsh'
[0.778s] Level 1:colcon.colcon_core.environment:create_file_with_runtime_dependencies(/home/cagla/fd_ws/install/custom_interfaces/share/colcon-core/packages/custom_interfaces)
[0.779s] INFO:colcon.colcon_ros.task.ament_python.build:Building ROS package in '/home/cagla/fd_ws/src/srv_turtle' with build type 'ament_python'
[0.779s] Level 1:colcon.colcon_core.shell:create_environment_hook('srv_turtle', 'ament_prefix_path')
[0.779s] INFO:colcon.colcon_core.shell:Creating environment hook '/home/cagla/fd_ws/install/srv_turtle/share/srv_turtle/hook/ament_prefix_path.ps1'
[0.780s] INFO:colcon.colcon_core.shell:Creating environment descriptor '/home/cagla/fd_ws/install/srv_turtle/share/srv_turtle/hook/ament_prefix_path.dsv'
[0.781s] INFO:colcon.colcon_core.shell:Creating environment hook '/home/cagla/fd_ws/install/srv_turtle/share/srv_turtle/hook/ament_prefix_path.sh'
[0.782s] INFO:colcon.colcon_core.shell:Skip shell extension 'powershell' for command environment: Not usable outside of PowerShell
[0.782s] DEBUG:colcon.colcon_core.shell:Skip shell extension 'dsv' for command environment
[1.161s] INFO:colcon.colcon_core.task.python.build:Building Python package in '/home/cagla/fd_ws/src/srv_turtle'
[1.161s] INFO:colcon.colcon_core.shell:Skip shell extension 'powershell' for command environment: Not usable outside of PowerShell
[1.162s] DEBUG:colcon.colcon_core.shell:Skip shell extension 'dsv' for command environment
[1.664s] DEBUG:colcon.colcon_core.event_handler.log_command:Invoking command in '/home/cagla/fd_ws/src/srv_turtle': PYTHONPATH=/home/cagla/fd_ws/build/srv_turtle/prefix_override:/usr/lib/python3/dist-packages/colcon_core/task/python/colcon_distutils_commands:/home/cagla/fd_ws/install/srv_turtle/lib/python3.10/site-packages:${PYTHONPATH} /usr/bin/python3 -W ignore:setup.py install is deprecated setup.py egg_info --egg-base ../../build/srv_turtle build --build-base /home/cagla/fd_ws/build/srv_turtle/build install --record /home/cagla/fd_ws/build/srv_turtle/install.log --single-version-externally-managed install_data
[2.098s] Level 1:colcon.colcon_core.environment:checking '/home/cagla/fd_ws/install/srv_turtle' for CMake module files
[2.098s] Level 1:colcon.colcon_core.environment:checking '/home/cagla/fd_ws/install/srv_turtle' for CMake config files
[2.099s] Level 1:colcon.colcon_core.environment:checking '/home/cagla/fd_ws/install/srv_turtle/lib'
[2.099s] Level 1:colcon.colcon_core.environment:checking '/home/cagla/fd_ws/install/srv_turtle/bin'
[2.099s] Level 1:colcon.colcon_core.environment:checking '/home/cagla/fd_ws/install/srv_turtle/lib/pkgconfig/srv_turtle.pc'
[2.100s] Level 1:colcon.colcon_core.environment:checking '/home/cagla/fd_ws/install/srv_turtle/lib/python3.10/site-packages'
[2.100s] DEBUG:colcon.colcon_core.event_handler.log_command:Invoked command in '/home/cagla/fd_ws/src/srv_turtle' returned '0': PYTHONPATH=/home/cagla/fd_ws/build/srv_turtle/prefix_override:/usr/lib/python3/dist-packages/colcon_core/task/python/colcon_distutils_commands:/home/cagla/fd_ws/install/srv_turtle/lib/python3.10/site-packages:${PYTHONPATH} /usr/bin/python3 -W ignore:setup.py install is deprecated setup.py egg_info --egg-base ../../build/srv_turtle build --build-base /home/cagla/fd_ws/build/srv_turtle/build install --record /home/cagla/fd_ws/build/srv_turtle/install.log --single-version-externally-managed install_data
[2.100s] Level 1:colcon.colcon_core.shell:create_environment_hook('srv_turtle', 'pythonpath')
[2.100s] INFO:colcon.colcon_core.shell:Creating environment hook '/home/cagla/fd_ws/install/srv_turtle/share/srv_turtle/hook/pythonpath.ps1'
[2.101s] INFO:colcon.colcon_core.shell:Creating environment descriptor '/home/cagla/fd_ws/install/srv_turtle/share/srv_turtle/hook/pythonpath.dsv'
[2.102s] INFO:colcon.colcon_core.shell:Creating environment hook '/home/cagla/fd_ws/install/srv_turtle/share/srv_turtle/hook/pythonpath.sh'
[2.102s] Level 1:colcon.colcon_core.environment:checking '/home/cagla/fd_ws/install/srv_turtle/bin'
[2.103s] Level 1:colcon.colcon_core.environment:create_environment_scripts_only(srv_turtle)
[2.103s] INFO:colcon.colcon_core.shell:Creating package script '/home/cagla/fd_ws/install/srv_turtle/share/srv_turtle/package.ps1'
[2.105s] INFO:colcon.colcon_core.shell:Creating package descriptor '/home/cagla/fd_ws/install/srv_turtle/share/srv_turtle/package.dsv'
[2.106s] INFO:colcon.colcon_core.shell:Creating package script '/home/cagla/fd_ws/install/srv_turtle/share/srv_turtle/package.sh'
[2.108s] INFO:colcon.colcon_core.shell:Creating package script '/home/cagla/fd_ws/install/srv_turtle/share/srv_turtle/package.bash'
[2.109s] INFO:colcon.colcon_core.shell:Creating package script '/home/cagla/fd_ws/install/srv_turtle/share/srv_turtle/package.zsh'
[2.110s] Level 1:colcon.colcon_core.environment:create_file_with_runtime_dependencies(/home/cagla/fd_ws/install/srv_turtle/share/colcon-core/packages/srv_turtle)
[2.110s] DEBUG:colcon.colcon_parallel_executor.executor.parallel:closing loop
[2.111s] DEBUG:colcon.colcon_parallel_executor.executor.parallel:loop closed
[2.111s] DEBUG:colcon.colcon_parallel_executor.executor.parallel:run_until_complete finished with '0'
[2.111s] DEBUG:colcon.colcon_core.event_reactor:joining thread
[2.122s] INFO:colcon.colcon_core.plugin_system:Skipping extension 'colcon_notification.desktop_notification.terminal_notifier': Not used on non-Darwin systems
[2.122s] INFO:colcon.colcon_core.plugin_system:Skipping extension 'colcon_notification.desktop_notification.win32': Not used on non-Windows systems
[2.122s] INFO:colcon.colcon_notification.desktop_notification:Sending desktop notification using 'notify2'
[2.149s] DEBUG:colcon.colcon_core.event_reactor:joined thread
[2.149s] INFO:colcon.colcon_core.shell:Creating prefix script '/home/cagla/fd_ws/install/local_setup.ps1'
[2.151s] INFO:colcon.colcon_core.shell:Creating prefix util module '/home/cagla/fd_ws/install/_local_setup_util_ps1.py'
[2.159s] INFO:colcon.colcon_core.shell:Creating prefix chain script '/home/cagla/fd_ws/install/setup.ps1'
[2.162s] INFO:colcon.colcon_core.shell:Creating prefix script '/home/cagla/fd_ws/install/local_setup.sh'
[2.166s] INFO:colcon.colcon_core.shell:Creating prefix util module '/home/cagla/fd_ws/install/_local_setup_util_sh.py'
[2.170s] INFO:colcon.colcon_core.shell:Creating prefix chain script '/home/cagla/fd_ws/install/setup.sh'
[2.171s] INFO:colcon.colcon_core.shell:Creating prefix script '/home/cagla/fd_ws/install/local_setup.bash'
[2.173s] INFO:colcon.colcon_core.shell:Creating prefix chain script '/home/cagla/fd_ws/install/setup.bash'
[2.175s] INFO:colcon.colcon_core.shell:Creating prefix script '/home/cagla/fd_ws/install/local_setup.zsh'
[2.177s] INFO:colcon.colcon_core.shell:Creating prefix chain script '/home/cagla/fd_ws/install/setup.zsh'
