[0.446s] Invoking command in '/home/cagla/bir_ws/build/turtlesim_interfaces': CMAKE_PREFIX_PATH=${CMAKE_PREFIX_PATH}:/home/cagla/bir_ws/install/turtle_actions:/home/cagla/yeni_ws/install/actions_py:/home/cagla/ros2_ws/install/my_robot_controller:/opt/ros/humble /usr/bin/cmake --build /home/cagla/bir_ws/build/turtlesim_interfaces -- -j2 -l2
[0.640s] [  3%] Built target turtlesim_interfaces__cpp
[0.663s] [ 12%] Built target turtlesim_interfaces__rosidl_generator_c
[0.733s] [ 12%] Built target ament_cmake_python_copy_turtlesim_interfaces
[0.756s] [ 22%] Built target turtlesim_interfaces__rosidl_typesupport_cpp
[0.821s] [ 32%] Built target turtlesim_interfaces__rosidl_typesupport_fastrtps_c
[0.853s] [ 41%] Built target turtlesim_interfaces__rosidl_typesupport_introspection_c
[0.885s] [ 51%] Built target turtlesim_interfaces__rosidl_typesupport_c
[0.915s] [ 61%] Built target turtlesim_interfaces__rosidl_typesupport_fastrtps_cpp
[0.959s] [ 70%] Built target turtlesim_interfaces__rosidl_typesupport_introspection_cpp
[1.034s] [ 70%] Built target turtlesim_interfaces
[1.109s] [ 74%] Built target turtlesim_interfaces__py
[1.177s] [ 80%] Built target turtlesim_interfaces__rosidl_generator_py
[1.231s] [ 87%] Built target turtlesim_interfaces__rosidl_typesupport_fastrtps_c__pyext
[1.285s] [ 93%] Built target turtlesim_interfaces__rosidl_typesupport_introspection_c__pyext
[1.335s] [100%] Built target turtlesim_interfaces__rosidl_typesupport_c__pyext
[1.423s] running egg_info
[1.433s] writing turtlesim_interfaces.egg-info/PKG-INFO
[1.435s] writing dependency_links to turtlesim_interfaces.egg-info/dependency_links.txt
[1.435s] writing top-level names to turtlesim_interfaces.egg-info/top_level.txt
[1.438s] reading manifest file 'turtlesim_interfaces.egg-info/SOURCES.txt'
[1.441s] writing manifest file 'turtlesim_interfaces.egg-info/SOURCES.txt'
[1.537s] [100%] Built target ament_cmake_python_build_turtlesim_interfaces_egg
[1.569s] Invoked command in '/home/cagla/bir_ws/build/turtlesim_interfaces' returned '0': CMAKE_PREFIX_PATH=${CMAKE_PREFIX_PATH}:/home/cagla/bir_ws/install/turtle_actions:/home/cagla/yeni_ws/install/actions_py:/home/cagla/ros2_ws/install/my_robot_controller:/opt/ros/humble /usr/bin/cmake --build /home/cagla/bir_ws/build/turtlesim_interfaces -- -j2 -l2
[1.692s] Invoking command in '/home/cagla/bir_ws/build/turtlesim_interfaces': CMAKE_PREFIX_PATH=${CMAKE_PREFIX_PATH}:/home/cagla/bir_ws/install/turtle_actions:/home/cagla/yeni_ws/install/actions_py:/home/cagla/ros2_ws/install/my_robot_controller:/opt/ros/humble /usr/bin/cmake --install /home/cagla/bir_ws/build/turtlesim_interfaces
[1.702s] -- Install configuration: ""
[1.702s] -- Up-to-date: /home/cagla/bir_ws/install/turtlesim_interfaces/share/ament_index/resource_index/rosidl_interfaces/turtlesim_interfaces
[1.702s] -- Up-to-date: /home/cagla/bir_ws/install/turtlesim_interfaces/include/turtlesim_interfaces/turtlesim_interfaces
[1.702s] -- Up-to-date: /home/cagla/bir_ws/install/turtlesim_interfaces/include/turtlesim_interfaces/turtlesim_interfaces/action
[1.702s] -- Up-to-date: /home/cagla/bir_ws/install/turtlesim_interfaces/include/turtlesim_interfaces/turtlesim_interfaces/action/count_until.h
[1.703s] -- Up-to-date: /home/cagla/bir_ws/install/turtlesim_interfaces/include/turtlesim_interfaces/turtlesim_interfaces/action/detail
[1.703s] -- Up-to-date: /home/cagla/bir_ws/install/turtlesim_interfaces/include/turtlesim_interfaces/turtlesim_interfaces/action/detail/count_until__functions.c
[1.703s] -- Up-to-date: /home/cagla/bir_ws/install/turtlesim_interfaces/include/turtlesim_interfaces/turtlesim_interfaces/action/detail/count_until__functions.h
[1.703s] -- Up-to-date: /home/cagla/bir_ws/install/turtlesim_interfaces/include/turtlesim_interfaces/turtlesim_interfaces/action/detail/count_until__struct.h
[1.703s] -- Up-to-date: /home/cagla/bir_ws/install/turtlesim_interfaces/include/turtlesim_interfaces/turtlesim_interfaces/action/detail/count_until__type_support.h
[1.703s] -- Up-to-date: /home/cagla/bir_ws/install/turtlesim_interfaces/include/turtlesim_interfaces/turtlesim_interfaces/msg
[1.713s] -- Up-to-date: /home/cagla/bir_ws/install/turtlesim_interfaces/include/turtlesim_interfaces/turtlesim_interfaces/msg/rosidl_generator_c__visibility_control.h
[1.714s] -- Up-to-date: /home/cagla/bir_ws/install/turtlesim_interfaces/share/turtlesim_interfaces/environment/library_path.sh
[1.714s] -- Up-to-date: /home/cagla/bir_ws/install/turtlesim_interfaces/share/turtlesim_interfaces/environment/library_path.dsv
[1.714s] -- Up-to-date: /home/cagla/bir_ws/install/turtlesim_interfaces/lib/libturtlesim_interfaces__rosidl_generator_c.so
[1.714s] -- Up-to-date: /home/cagla/bir_ws/install/turtlesim_interfaces/include/turtlesim_interfaces/turtlesim_interfaces
[1.714s] -- Up-to-date: /home/cagla/bir_ws/install/turtlesim_interfaces/include/turtlesim_interfaces/turtlesim_interfaces/action
[1.714s] -- Up-to-date: /home/cagla/bir_ws/install/turtlesim_interfaces/include/turtlesim_interfaces/turtlesim_interfaces/action/detail
[1.714s] -- Up-to-date: /home/cagla/bir_ws/install/turtlesim_interfaces/include/turtlesim_interfaces/turtlesim_interfaces/action/detail/count_until__rosidl_typesupport_fastrtps_c.h
[1.714s] -- Up-to-date: /home/cagla/bir_ws/install/turtlesim_interfaces/include/turtlesim_interfaces/turtlesim_interfaces/msg
[1.714s] -- Up-to-date: /home/cagla/bir_ws/install/turtlesim_interfaces/include/turtlesim_interfaces/turtlesim_interfaces/msg/rosidl_typesupport_fastrtps_c__visibility_control.h
[1.714s] -- Up-to-date: /home/cagla/bir_ws/install/turtlesim_interfaces/lib/libturtlesim_interfaces__rosidl_typesupport_fastrtps_c.so
[1.717s] -- Up-to-date: /home/cagla/bir_ws/install/turtlesim_interfaces/include/turtlesim_interfaces/turtlesim_interfaces
[1.717s] -- Up-to-date: /home/cagla/bir_ws/install/turtlesim_interfaces/include/turtlesim_interfaces/turtlesim_interfaces/action
[1.717s] -- Up-to-date: /home/cagla/bir_ws/install/turtlesim_interfaces/include/turtlesim_interfaces/turtlesim_interfaces/action/detail
[1.717s] -- Up-to-date: /home/cagla/bir_ws/install/turtlesim_interfaces/include/turtlesim_interfaces/turtlesim_interfaces/action/detail/count_until__type_support.c
[1.717s] -- Up-to-date: /home/cagla/bir_ws/install/turtlesim_interfaces/include/turtlesim_interfaces/turtlesim_interfaces/action/detail/count_until__rosidl_typesupport_introspection_c.h
[1.717s] -- Up-to-date: /home/cagla/bir_ws/install/turtlesim_interfaces/include/turtlesim_interfaces/turtlesim_interfaces/msg
[1.717s] -- Up-to-date: /home/cagla/bir_ws/install/turtlesim_interfaces/include/turtlesim_interfaces/turtlesim_interfaces/msg/rosidl_typesupport_introspection_c__visibility_control.h
[1.717s] -- Up-to-date: /home/cagla/bir_ws/install/turtlesim_interfaces/lib/libturtlesim_interfaces__rosidl_typesupport_introspection_c.so
[1.717s] -- Up-to-date: /home/cagla/bir_ws/install/turtlesim_interfaces/lib/libturtlesim_interfaces__rosidl_typesupport_c.so
[1.717s] -- Up-to-date: /home/cagla/bir_ws/install/turtlesim_interfaces/include/turtlesim_interfaces/turtlesim_interfaces
[1.717s] -- Up-to-date: /home/cagla/bir_ws/install/turtlesim_interfaces/include/turtlesim_interfaces/turtlesim_interfaces/action
[1.717s] -- Up-to-date: /home/cagla/bir_ws/install/turtlesim_interfaces/include/turtlesim_interfaces/turtlesim_interfaces/action/count_until.hpp
[1.717s] -- Up-to-date: /home/cagla/bir_ws/install/turtlesim_interfaces/include/turtlesim_interfaces/turtlesim_interfaces/action/detail
[1.717s] -- Up-to-date: /home/cagla/bir_ws/install/turtlesim_interfaces/include/turtlesim_interfaces/turtlesim_interfaces/action/detail/count_until__builder.hpp
[1.717s] -- Up-to-date: /home/cagla/bir_ws/install/turtlesim_interfaces/include/turtlesim_interfaces/turtlesim_interfaces/action/detail/count_until__traits.hpp
[1.717s] -- Up-to-date: /home/cagla/bir_ws/install/turtlesim_interfaces/include/turtlesim_interfaces/turtlesim_interfaces/action/detail/count_until__struct.hpp
[1.717s] -- Up-to-date: /home/cagla/bir_ws/install/turtlesim_interfaces/include/turtlesim_interfaces/turtlesim_interfaces
[1.717s] -- Up-to-date: /home/cagla/bir_ws/install/turtlesim_interfaces/include/turtlesim_interfaces/turtlesim_interfaces/action
[1.722s] -- Up-to-date: /home/cagla/bir_ws/install/turtlesim_interfaces/include/turtlesim_interfaces/turtlesim_interfaces/action/detail
[1.722s] -- Up-to-date: /home/cagla/bir_ws/install/turtlesim_interfaces/include/turtlesim_interfaces/turtlesim_interfaces/action/detail/dds_fastrtps
[1.722s] -- Up-to-date: /home/cagla/bir_ws/install/turtlesim_interfaces/include/turtlesim_interfaces/turtlesim_interfaces/action/detail/count_until__rosidl_typesupport_fastrtps_cpp.hpp
[1.722s] -- Up-to-date: /home/cagla/bir_ws/install/turtlesim_interfaces/include/turtlesim_interfaces/turtlesim_interfaces/msg
[1.722s] -- Up-to-date: /home/cagla/bir_ws/install/turtlesim_interfaces/include/turtlesim_interfaces/turtlesim_interfaces/msg/rosidl_typesupport_fastrtps_cpp__visibility_control.h
[1.722s] -- Up-to-date: /home/cagla/bir_ws/install/turtlesim_interfaces/lib/libturtlesim_interfaces__rosidl_typesupport_fastrtps_cpp.so
[1.722s] -- Up-to-date: /home/cagla/bir_ws/install/turtlesim_interfaces/include/turtlesim_interfaces/turtlesim_interfaces
[1.722s] -- Up-to-date: /home/cagla/bir_ws/install/turtlesim_interfaces/include/turtlesim_interfaces/turtlesim_interfaces/action
[1.722s] -- Up-to-date: /home/cagla/bir_ws/install/turtlesim_interfaces/include/turtlesim_interfaces/turtlesim_interfaces/action/detail
[1.722s] -- Up-to-date: /home/cagla/bir_ws/install/turtlesim_interfaces/include/turtlesim_interfaces/turtlesim_interfaces/action/detail/count_until__rosidl_typesupport_introspection_cpp.hpp
[1.722s] -- Up-to-date: /home/cagla/bir_ws/install/turtlesim_interfaces/include/turtlesim_interfaces/turtlesim_interfaces/action/detail/count_until__type_support.cpp
[1.722s] -- Up-to-date: /home/cagla/bir_ws/install/turtlesim_interfaces/lib/libturtlesim_interfaces__rosidl_typesupport_introspection_cpp.so
[1.722s] -- Up-to-date: /home/cagla/bir_ws/install/turtlesim_interfaces/lib/libturtlesim_interfaces__rosidl_typesupport_cpp.so
[1.731s] -- Up-to-date: /home/cagla/bir_ws/install/turtlesim_interfaces/share/turtlesim_interfaces/environment/pythonpath.sh
[1.731s] -- Up-to-date: /home/cagla/bir_ws/install/turtlesim_interfaces/share/turtlesim_interfaces/environment/pythonpath.dsv
[1.733s] -- Up-to-date: /home/cagla/bir_ws/install/turtlesim_interfaces/local/lib/python3.10/dist-packages/turtlesim_interfaces-0.0.0-py3.10.egg-info
[1.734s] -- Installing: /home/cagla/bir_ws/install/turtlesim_interfaces/local/lib/python3.10/dist-packages/turtlesim_interfaces-0.0.0-py3.10.egg-info/PKG-INFO
[1.734s] -- Installing: /home/cagla/bir_ws/install/turtlesim_interfaces/local/lib/python3.10/dist-packages/turtlesim_interfaces-0.0.0-py3.10.egg-info/top_level.txt
[1.734s] -- Installing: /home/cagla/bir_ws/install/turtlesim_interfaces/local/lib/python3.10/dist-packages/turtlesim_interfaces-0.0.0-py3.10.egg-info/SOURCES.txt
[1.734s] -- Installing: /home/cagla/bir_ws/install/turtlesim_interfaces/local/lib/python3.10/dist-packages/turtlesim_interfaces-0.0.0-py3.10.egg-info/dependency_links.txt
[1.734s] -- Up-to-date: /home/cagla/bir_ws/install/turtlesim_interfaces/local/lib/python3.10/dist-packages/turtlesim_interfaces
[1.734s] -- Up-to-date: /home/cagla/bir_ws/install/turtlesim_interfaces/local/lib/python3.10/dist-packages/turtlesim_interfaces/_turtlesim_interfaces_s.ep.rosidl_typesupport_fastrtps_c.c
[1.734s] -- Up-to-date: /home/cagla/bir_ws/install/turtlesim_interfaces/local/lib/python3.10/dist-packages/turtlesim_interfaces/_turtlesim_interfaces_s.ep.rosidl_typesupport_c.c
[1.734s] -- Up-to-date: /home/cagla/bir_ws/install/turtlesim_interfaces/local/lib/python3.10/dist-packages/turtlesim_interfaces/libturtlesim_interfaces__rosidl_generator_py.so
[1.734s] -- Up-to-date: /home/cagla/bir_ws/install/turtlesim_interfaces/local/lib/python3.10/dist-packages/turtlesim_interfaces/action
[1.734s] -- Up-to-date: /home/cagla/bir_ws/install/turtlesim_interfaces/local/lib/python3.10/dist-packages/turtlesim_interfaces/action/_count_until.py
[1.734s] -- Up-to-date: /home/cagla/bir_ws/install/turtlesim_interfaces/local/lib/python3.10/dist-packages/turtlesim_interfaces/action/_count_until_s.c
[1.739s] -- Up-to-date: /home/cagla/bir_ws/install/turtlesim_interfaces/local/lib/python3.10/dist-packages/turtlesim_interfaces/action/__init__.py
[1.739s] -- Up-to-date: /home/cagla/bir_ws/install/turtlesim_interfaces/local/lib/python3.10/dist-packages/turtlesim_interfaces/_turtlesim_interfaces_s.ep.rosidl_typesupport_introspection_c.c
[1.740s] -- Up-to-date: /home/cagla/bir_ws/install/turtlesim_interfaces/local/lib/python3.10/dist-packages/turtlesim_interfaces/turtlesim_interfaces_s__rosidl_typesupport_c.cpython-310-x86_64-linux-gnu.so
[1.740s] -- Up-to-date: /home/cagla/bir_ws/install/turtlesim_interfaces/local/lib/python3.10/dist-packages/turtlesim_interfaces/turtlesim_interfaces_s__rosidl_typesupport_fastrtps_c.cpython-310-x86_64-linux-gnu.so
[1.741s] -- Up-to-date: /home/cagla/bir_ws/install/turtlesim_interfaces/local/lib/python3.10/dist-packages/turtlesim_interfaces/__init__.py
[1.741s] -- Up-to-date: /home/cagla/bir_ws/install/turtlesim_interfaces/local/lib/python3.10/dist-packages/turtlesim_interfaces/turtlesim_interfaces_s__rosidl_typesupport_introspection_c.cpython-310-x86_64-linux-gnu.so
[1.759s] Listing '/home/cagla/bir_ws/install/turtlesim_interfaces/local/lib/python3.10/dist-packages/turtlesim_interfaces'...
[1.759s] Listing '/home/cagla/bir_ws/install/turtlesim_interfaces/local/lib/python3.10/dist-packages/turtlesim_interfaces/action'...
[1.766s] -- Up-to-date: /home/cagla/bir_ws/install/turtlesim_interfaces/local/lib/python3.10/dist-packages/turtlesim_interfaces/turtlesim_interfaces_s__rosidl_typesupport_fastrtps_c.cpython-310-x86_64-linux-gnu.so
[1.766s] -- Up-to-date: /home/cagla/bir_ws/install/turtlesim_interfaces/local/lib/python3.10/dist-packages/turtlesim_interfaces/turtlesim_interfaces_s__rosidl_typesupport_introspection_c.cpython-310-x86_64-linux-gnu.so
[1.768s] -- Up-to-date: /home/cagla/bir_ws/install/turtlesim_interfaces/local/lib/python3.10/dist-packages/turtlesim_interfaces/turtlesim_interfaces_s__rosidl_typesupport_c.cpython-310-x86_64-linux-gnu.so
[1.768s] -- Up-to-date: /home/cagla/bir_ws/install/turtlesim_interfaces/lib/libturtlesim_interfaces__rosidl_generator_py.so
[1.769s] -- Up-to-date: /home/cagla/bir_ws/install/turtlesim_interfaces/share/turtlesim_interfaces/action/CountUntil.idl
[1.769s] -- Up-to-date: /home/cagla/bir_ws/install/turtlesim_interfaces/share/turtlesim_interfaces/action/CountUntil.action
[1.769s] -- Up-to-date: /home/cagla/bir_ws/install/turtlesim_interfaces/share/ament_index/resource_index/package_run_dependencies/turtlesim_interfaces
[1.769s] -- Up-to-date: /home/cagla/bir_ws/install/turtlesim_interfaces/share/ament_index/resource_index/parent_prefix_path/turtlesim_interfaces
[1.769s] -- Up-to-date: /home/cagla/bir_ws/install/turtlesim_interfaces/share/turtlesim_interfaces/environment/ament_prefix_path.sh
[1.769s] -- Up-to-date: /home/cagla/bir_ws/install/turtlesim_interfaces/share/turtlesim_interfaces/environment/ament_prefix_path.dsv
[1.769s] -- Up-to-date: /home/cagla/bir_ws/install/turtlesim_interfaces/share/turtlesim_interfaces/environment/path.sh
[1.770s] -- Up-to-date: /home/cagla/bir_ws/install/turtlesim_interfaces/share/turtlesim_interfaces/environment/path.dsv
[1.770s] -- Up-to-date: /home/cagla/bir_ws/install/turtlesim_interfaces/share/turtlesim_interfaces/local_setup.bash
[1.770s] -- Up-to-date: /home/cagla/bir_ws/install/turtlesim_interfaces/share/turtlesim_interfaces/local_setup.sh
[1.770s] -- Up-to-date: /home/cagla/bir_ws/install/turtlesim_interfaces/share/turtlesim_interfaces/local_setup.zsh
[1.770s] -- Up-to-date: /home/cagla/bir_ws/install/turtlesim_interfaces/share/turtlesim_interfaces/local_setup.dsv
[1.770s] -- Installing: /home/cagla/bir_ws/install/turtlesim_interfaces/share/turtlesim_interfaces/package.dsv
[1.770s] -- Up-to-date: /home/cagla/bir_ws/install/turtlesim_interfaces/share/ament_index/resource_index/packages/turtlesim_interfaces
[1.770s] -- Up-to-date: /home/cagla/bir_ws/install/turtlesim_interfaces/share/turtlesim_interfaces/cmake/export_turtlesim_interfaces__rosidl_generator_cExport.cmake
[1.770s] -- Up-to-date: /home/cagla/bir_ws/install/turtlesim_interfaces/share/turtlesim_interfaces/cmake/export_turtlesim_interfaces__rosidl_generator_cExport-noconfig.cmake
[1.770s] -- Up-to-date: /home/cagla/bir_ws/install/turtlesim_interfaces/share/turtlesim_interfaces/cmake/export_turtlesim_interfaces__rosidl_typesupport_fastrtps_cExport.cmake
[1.770s] -- Up-to-date: /home/cagla/bir_ws/install/turtlesim_interfaces/share/turtlesim_interfaces/cmake/export_turtlesim_interfaces__rosidl_typesupport_fastrtps_cExport-noconfig.cmake
[1.770s] -- Up-to-date: /home/cagla/bir_ws/install/turtlesim_interfaces/share/turtlesim_interfaces/cmake/turtlesim_interfaces__rosidl_typesupport_introspection_cExport.cmake
[1.770s] -- Up-to-date: /home/cagla/bir_ws/install/turtlesim_interfaces/share/turtlesim_interfaces/cmake/turtlesim_interfaces__rosidl_typesupport_introspection_cExport-noconfig.cmake
[1.780s] -- Up-to-date: /home/cagla/bir_ws/install/turtlesim_interfaces/share/turtlesim_interfaces/cmake/turtlesim_interfaces__rosidl_typesupport_cExport.cmake
[1.780s] -- Up-to-date: /home/cagla/bir_ws/install/turtlesim_interfaces/share/turtlesim_interfaces/cmake/turtlesim_interfaces__rosidl_typesupport_cExport-noconfig.cmake
[1.780s] -- Up-to-date: /home/cagla/bir_ws/install/turtlesim_interfaces/share/turtlesim_interfaces/cmake/export_turtlesim_interfaces__rosidl_generator_cppExport.cmake
[1.780s] -- Up-to-date: /home/cagla/bir_ws/install/turtlesim_interfaces/share/turtlesim_interfaces/cmake/export_turtlesim_interfaces__rosidl_typesupport_fastrtps_cppExport.cmake
[1.780s] -- Up-to-date: /home/cagla/bir_ws/install/turtlesim_interfaces/share/turtlesim_interfaces/cmake/export_turtlesim_interfaces__rosidl_typesupport_fastrtps_cppExport-noconfig.cmake
[1.780s] -- Up-to-date: /home/cagla/bir_ws/install/turtlesim_interfaces/share/turtlesim_interfaces/cmake/turtlesim_interfaces__rosidl_typesupport_introspection_cppExport.cmake
[1.780s] -- Up-to-date: /home/cagla/bir_ws/install/turtlesim_interfaces/share/turtlesim_interfaces/cmake/turtlesim_interfaces__rosidl_typesupport_introspection_cppExport-noconfig.cmake
[1.780s] -- Up-to-date: /home/cagla/bir_ws/install/turtlesim_interfaces/share/turtlesim_interfaces/cmake/turtlesim_interfaces__rosidl_typesupport_cppExport.cmake
[1.780s] -- Up-to-date: /home/cagla/bir_ws/install/turtlesim_interfaces/share/turtlesim_interfaces/cmake/turtlesim_interfaces__rosidl_typesupport_cppExport-noconfig.cmake
[1.780s] -- Up-to-date: /home/cagla/bir_ws/install/turtlesim_interfaces/share/turtlesim_interfaces/cmake/export_turtlesim_interfaces__rosidl_generator_pyExport.cmake
[1.780s] -- Up-to-date: /home/cagla/bir_ws/install/turtlesim_interfaces/share/turtlesim_interfaces/cmake/export_turtlesim_interfaces__rosidl_generator_pyExport-noconfig.cmake
[1.780s] -- Up-to-date: /home/cagla/bir_ws/install/turtlesim_interfaces/share/turtlesim_interfaces/cmake/rosidl_cmake-extras.cmake
[1.780s] -- Up-to-date: /home/cagla/bir_ws/install/turtlesim_interfaces/share/turtlesim_interfaces/cmake/ament_cmake_export_dependencies-extras.cmake
[1.780s] -- Up-to-date: /home/cagla/bir_ws/install/turtlesim_interfaces/share/turtlesim_interfaces/cmake/ament_cmake_export_include_directories-extras.cmake
[1.780s] -- Up-to-date: /home/cagla/bir_ws/install/turtlesim_interfaces/share/turtlesim_interfaces/cmake/ament_cmake_export_libraries-extras.cmake
[1.780s] -- Up-to-date: /home/cagla/bir_ws/install/turtlesim_interfaces/share/turtlesim_interfaces/cmake/ament_cmake_export_targets-extras.cmake
[1.783s] -- Up-to-date: /home/cagla/bir_ws/install/turtlesim_interfaces/share/turtlesim_interfaces/cmake/rosidl_cmake_export_typesupport_targets-extras.cmake
[1.784s] -- Up-to-date: /home/cagla/bir_ws/install/turtlesim_interfaces/share/turtlesim_interfaces/cmake/rosidl_cmake_export_typesupport_libraries-extras.cmake
[1.784s] -- Up-to-date: /home/cagla/bir_ws/install/turtlesim_interfaces/share/turtlesim_interfaces/cmake/turtlesim_interfacesConfig.cmake
[1.784s] -- Up-to-date: /home/cagla/bir_ws/install/turtlesim_interfaces/share/turtlesim_interfaces/cmake/turtlesim_interfacesConfig-version.cmake
[1.786s] -- Up-to-date: /home/cagla/bir_ws/install/turtlesim_interfaces/share/turtlesim_interfaces/package.xml
[1.786s] Invoked command in '/home/cagla/bir_ws/build/turtlesim_interfaces' returned '0': CMAKE_PREFIX_PATH=${CMAKE_PREFIX_PATH}:/home/cagla/bir_ws/install/turtle_actions:/home/cagla/yeni_ws/install/actions_py:/home/cagla/ros2_ws/install/my_robot_controller:/opt/ros/humble /usr/bin/cmake --install /home/cagla/bir_ws/build/turtlesim_interfaces
