[0.019s] Invoking command in '/home/cagla/fd_ws/build/custom_interfaces': CMAKE_PREFIX_PATH=${CMAKE_PREFIX_PATH}:/home/cagla/fd_ws/install/srv_turtle:/home/cagla/ros2_ws/install/my_robot_controller:/opt/ros/humble /usr/bin/cmake --build /home/cagla/fd_ws/build/custom_interfaces -- -j2 -l2
[0.074s] Invoked command in '/home/cagla/fd_ws/build/custom_interfaces' returned '0': CMAKE_PREFIX_PATH=${CMAKE_PREFIX_PATH}:/home/cagla/fd_ws/install/srv_turtle:/home/cagla/ros2_ws/install/my_robot_controller:/opt/ros/humble /usr/bin/cmake --build /home/cagla/fd_ws/build/custom_interfaces -- -j2 -l2
[0.117s] Invoking command in '/home/cagla/fd_ws/build/custom_interfaces': CMAKE_PREFIX_PATH=${CMAKE_PREFIX_PATH}:/home/cagla/fd_ws/install/srv_turtle:/home/cagla/ros2_ws/install/my_robot_controller:/opt/ros/humble /usr/bin/cmake --install /home/cagla/fd_ws/build/custom_interfaces
[0.123s] -- Install configuration: ""
[0.123s] -- Up-to-date: /home/cagla/fd_ws/install/custom_interfaces/share/ament_index/resource_index/package_run_dependencies/custom_interfaces
[0.123s] -- Up-to-date: /home/cagla/fd_ws/install/custom_interfaces/share/ament_index/resource_index/parent_prefix_path/custom_interfaces
[0.125s] -- Up-to-date: /home/cagla/fd_ws/install/custom_interfaces/share/custom_interfaces/environment/ament_prefix_path.sh
[0.125s] -- Up-to-date: /home/cagla/fd_ws/install/custom_interfaces/share/custom_interfaces/environment/ament_prefix_path.dsv
[0.125s] -- Up-to-date: /home/cagla/fd_ws/install/custom_interfaces/share/custom_interfaces/environment/path.sh
[0.125s] -- Up-to-date: /home/cagla/fd_ws/install/custom_interfaces/share/custom_interfaces/environment/path.dsv
[0.125s] -- Up-to-date: /home/cagla/fd_ws/install/custom_interfaces/share/custom_interfaces/local_setup.bash
[0.125s] -- Up-to-date: /home/cagla/fd_ws/install/custom_interfaces/share/custom_interfaces/local_setup.sh
[0.125s] -- Up-to-date: /home/cagla/fd_ws/install/custom_interfaces/share/custom_interfaces/local_setup.zsh
[0.125s] -- Up-to-date: /home/cagla/fd_ws/install/custom_interfaces/share/custom_interfaces/local_setup.dsv
[0.125s] -- Installing: /home/cagla/fd_ws/install/custom_interfaces/share/custom_interfaces/package.dsv
[0.125s] -- Up-to-date: /home/cagla/fd_ws/install/custom_interfaces/share/ament_index/resource_index/packages/custom_interfaces
[0.125s] -- Up-to-date: /home/cagla/fd_ws/install/custom_interfaces/share/custom_interfaces/cmake/custom_interfacesConfig.cmake
[0.125s] -- Up-to-date: /home/cagla/fd_ws/install/custom_interfaces/share/custom_interfaces/cmake/custom_interfacesConfig-version.cmake
[0.125s] -- Up-to-date: /home/cagla/fd_ws/install/custom_interfaces/share/custom_interfaces/package.xml
[0.130s] Invoked command in '/home/cagla/fd_ws/build/custom_interfaces' returned '0': CMAKE_PREFIX_PATH=${CMAKE_PREFIX_PATH}:/home/cagla/fd_ws/install/srv_turtle:/home/cagla/ros2_ws/install/my_robot_controller:/opt/ros/humble /usr/bin/cmake --install /home/cagla/fd_ws/build/custom_interfaces
