[0.012s] Invoking command in '/home/cagla/fd_ws/build/custom_interfaces': CMAKE_PREFIX_PATH=${CMAKE_PREFIX_PATH}:/home/cagla/fd_ws/install/srv_turtle:/home/cagla/ros2_ws/install/my_robot_controller:/opt/ros/humble /usr/bin/cmake --build /home/cagla/fd_ws/build/custom_interfaces -- -j2 -l2
[0.085s] -- Found ament_cmake: 1.3.10 (/opt/ros/humble/share/ament_cmake/cmake)
[0.425s] -- Found geometry_msgs: 4.2.4 (/opt/ros/humble/share/geometry_msgs/cmake)
[0.515s] -- Found rosidl_generator_c: 3.1.5 (/opt/ros/humble/share/rosidl_generator_c/cmake)
[0.522s] -- Found rosidl_adapter: 3.1.5 (/opt/ros/humble/share/rosidl_adapter/cmake)
[0.538s] -- Found rosidl_generator_cpp: 3.1.5 (/opt/ros/humble/share/rosidl_generator_cpp/cmake)
[0.579s] -- Using all available rosidl_typesupport_c: rosidl_typesupport_fastrtps_c;rosidl_typesupport_introspection_c
[0.602s] -- Using all available rosidl_typesupport_cpp: rosidl_typesupport_fastrtps_cpp;rosidl_typesupport_introspection_cpp
[0.644s] -- Found rosidl_default_generators: 1.2.0 (/opt/ros/humble/share/rosidl_default_generators/cmake)
[1.048s] -- Found ament_cmake_ros: 0.10.0 (/opt/ros/humble/share/ament_cmake_ros/cmake)
[1.543s] -- Using all available rosidl_typesupport_c: rosidl_typesupport_fastrtps_c;rosidl_typesupport_introspection_c
[1.786s] -- Using all available rosidl_typesupport_cpp: rosidl_typesupport_fastrtps_cpp;rosidl_typesupport_introspection_cpp
[1.813s] -- Found python_cmake_module: 0.10.0 (/opt/ros/humble/share/python_cmake_module/cmake)
[1.837s] -- Using PYTHON_EXECUTABLE: /usr/bin/python3
[1.838s] -- Using PYTHON_INCLUDE_DIRS: /usr/include/python3.10
[1.838s] -- Using PYTHON_LIBRARIES: /usr/lib/x86_64-linux-gnu/libpython3.10.so
[1.914s] -- Configuring done
[1.977s] -- Generating done
[1.988s] -- Build files have been written to: /home/cagla/fd_ws/build/custom_interfaces
[2.030s] [  3%] [34m[1mGenerating C++ code for ROS interfaces[0m
[2.443s] [  3%] Built target custom_interfaces__cpp
[2.454s] [  6%] [34m[1mGenerating C code for ROS interfaces[0m
[2.774s] [35m[1mConsolidate compiler generated dependencies of target custom_interfaces__rosidl_generator_c[0m
[2.787s] [  9%] [32mBuilding C object CMakeFiles/custom_interfaces__rosidl_generator_c.dir/rosidl_generator_c/custom_interfaces/msg/detail/target_cor__functions.c.o[0m
[2.888s] [ 12%] [32m[1mLinking C shared library libcustom_interfaces__rosidl_generator_c.so[0m
[2.938s] [ 12%] Built target custom_interfaces__rosidl_generator_c
[2.981s] [ 12%] Built target ament_cmake_python_copy_custom_interfaces
[2.998s] [ 16%] [34m[1mGenerating C++ type support dispatch for ROS interfaces[0m
[3.233s] [35m[1mConsolidate compiler generated dependencies of target custom_interfaces__rosidl_typesupport_cpp[0m
[3.249s] [ 19%] [32mBuilding CXX object CMakeFiles/custom_interfaces__rosidl_typesupport_cpp.dir/rosidl_typesupport_cpp/custom_interfaces/msg/target_cor__type_support.cpp.o[0m
[3.597s] [ 22%] [32m[1mLinking CXX shared library libcustom_interfaces__rosidl_typesupport_cpp.so[0m
[3.660s] [ 22%] Built target custom_interfaces__rosidl_typesupport_cpp
[3.675s] [ 25%] [34m[1mGenerating C type support for eProsima Fast-RTPS[0m
[3.908s] [35m[1mConsolidate compiler generated dependencies of target custom_interfaces__rosidl_typesupport_fastrtps_c[0m
[3.920s] [ 29%] [32mBuilding CXX object CMakeFiles/custom_interfaces__rosidl_typesupport_fastrtps_c.dir/rosidl_typesupport_fastrtps_c/custom_interfaces/msg/detail/target_cor__type_support_c.cpp.o[0m
[4.271s] [ 32%] [32m[1mLinking CXX shared library libcustom_interfaces__rosidl_typesupport_fastrtps_c.so[0m
[4.367s] [ 32%] Built target custom_interfaces__rosidl_typesupport_fastrtps_c
[4.379s] [ 35%] [34m[1mGenerating C++ type support for eProsima Fast-RTPS[0m
[4.614s] [35m[1mConsolidate compiler generated dependencies of target custom_interfaces__rosidl_typesupport_fastrtps_cpp[0m
[4.624s] [ 38%] [32mBuilding CXX object CMakeFiles/custom_interfaces__rosidl_typesupport_fastrtps_cpp.dir/rosidl_typesupport_fastrtps_cpp/custom_interfaces/msg/detail/dds_fastrtps/target_cor__type_support.cpp.o[0m
[5.029s] [ 41%] [32m[1mLinking CXX shared library libcustom_interfaces__rosidl_typesupport_fastrtps_cpp.so[0m
[5.108s] [ 41%] Built target custom_interfaces__rosidl_typesupport_fastrtps_cpp
[5.121s] [ 45%] [34m[1mGenerating C introspection for ROS interfaces[0m
[5.428s] [35m[1mConsolidate compiler generated dependencies of target custom_interfaces__rosidl_typesupport_introspection_c[0m
[5.445s] [ 48%] [32mBuilding C object CMakeFiles/custom_interfaces__rosidl_typesupport_introspection_c.dir/rosidl_typesupport_introspection_c/custom_interfaces/msg/detail/target_cor__type_support.c.o[0m
[5.497s] [ 51%] [32m[1mLinking C shared library libcustom_interfaces__rosidl_typesupport_introspection_c.so[0m
[5.555s] [ 51%] Built target custom_interfaces__rosidl_typesupport_introspection_c
[5.570s] [ 54%] [34m[1mGenerating C type support dispatch for ROS interfaces[0m
[5.844s] [35m[1mConsolidate compiler generated dependencies of target custom_interfaces__rosidl_typesupport_c[0m
[5.856s] [ 58%] [32mBuilding CXX object CMakeFiles/custom_interfaces__rosidl_typesupport_c.dir/rosidl_typesupport_c/custom_interfaces/msg/target_cor__type_support.cpp.o[0m
[5.888s] [ 61%] [32m[1mLinking CXX shared library libcustom_interfaces__rosidl_typesupport_c.so[0m
[5.943s] [ 61%] Built target custom_interfaces__rosidl_typesupport_c
[5.955s] [ 64%] [34m[1mGenerating C++ introspection for ROS interfaces[0m
[6.258s] [35m[1mConsolidate compiler generated dependencies of target custom_interfaces__rosidl_typesupport_introspection_cpp[0m
[6.278s] [ 67%] [32mBuilding CXX object CMakeFiles/custom_interfaces__rosidl_typesupport_introspection_cpp.dir/rosidl_typesupport_introspection_cpp/custom_interfaces/msg/detail/target_cor__type_support.cpp.o[0m
[6.743s] [ 70%] [32m[1mLinking CXX shared library libcustom_interfaces__rosidl_typesupport_introspection_cpp.so[0m
[6.813s] [ 70%] Built target custom_interfaces__rosidl_typesupport_introspection_cpp
[7.101s] running egg_info
[7.101s] writing custom_interfaces.egg-info/PKG-INFO
[7.102s] writing dependency_links to custom_interfaces.egg-info/dependency_links.txt
[7.102s] writing top-level names to custom_interfaces.egg-info/top_level.txt
[7.104s] reading manifest file 'custom_interfaces.egg-info/SOURCES.txt'
[7.105s] writing manifest file 'custom_interfaces.egg-info/SOURCES.txt'
[7.139s] [ 70%] Built target ament_cmake_python_build_custom_interfaces_egg
[7.164s] [ 70%] Built target custom_interfaces
[7.193s] [ 74%] [34m[1mGenerating Python code for ROS interfaces[0m
[7.529s] [ 74%] Built target custom_interfaces__py
[7.543s] [35m[1mConsolidate compiler generated dependencies of target custom_interfaces__rosidl_generator_py[0m
[7.561s] [ 77%] [32mBuilding C object CMakeFiles/custom_interfaces__rosidl_generator_py.dir/rosidl_generator_py/custom_interfaces/msg/_target_cor_s.c.o[0m
[7.681s] [ 80%] [32m[1mLinking C shared library rosidl_generator_py/custom_interfaces/libcustom_interfaces__rosidl_generator_py.so[0m
[7.722s] [ 80%] Built target custom_interfaces__rosidl_generator_py
[7.740s] [35m[1mConsolidate compiler generated dependencies of target custom_interfaces__rosidl_typesupport_fastrtps_c__pyext[0m
[7.752s] [ 83%] [32mBuilding C object CMakeFiles/custom_interfaces__rosidl_typesupport_fastrtps_c__pyext.dir/rosidl_generator_py/custom_interfaces/_custom_interfaces_s.ep.rosidl_typesupport_fastrtps_c.c.o[0m
[7.847s] [ 87%] [32m[1mLinking C shared library rosidl_generator_py/custom_interfaces/custom_interfaces_s__rosidl_typesupport_fastrtps_c.cpython-310-x86_64-linux-gnu.so[0m
[7.897s] [ 87%] Built target custom_interfaces__rosidl_typesupport_fastrtps_c__pyext
[7.908s] [35m[1mConsolidate compiler generated dependencies of target custom_interfaces__rosidl_typesupport_introspection_c__pyext[0m
[7.922s] [ 90%] [32mBuilding C object CMakeFiles/custom_interfaces__rosidl_typesupport_introspection_c__pyext.dir/rosidl_generator_py/custom_interfaces/_custom_interfaces_s.ep.rosidl_typesupport_introspection_c.c.o[0m
[8.017s] [ 93%] [32m[1mLinking C shared library rosidl_generator_py/custom_interfaces/custom_interfaces_s__rosidl_typesupport_introspection_c.cpython-310-x86_64-linux-gnu.so[0m
[8.077s] [ 93%] Built target custom_interfaces__rosidl_typesupport_introspection_c__pyext
[8.102s] [35m[1mConsolidate compiler generated dependencies of target custom_interfaces__rosidl_typesupport_c__pyext[0m
[8.120s] [ 96%] [32mBuilding C object CMakeFiles/custom_interfaces__rosidl_typesupport_c__pyext.dir/rosidl_generator_py/custom_interfaces/_custom_interfaces_s.ep.rosidl_typesupport_c.c.o[0m
[8.227s] [100%] [32m[1mLinking C shared library rosidl_generator_py/custom_interfaces/custom_interfaces_s__rosidl_typesupport_c.cpython-310-x86_64-linux-gnu.so[0m
[8.273s] [100%] Built target custom_interfaces__rosidl_typesupport_c__pyext
[8.286s] Invoked command in '/home/cagla/fd_ws/build/custom_interfaces' returned '0': CMAKE_PREFIX_PATH=${CMAKE_PREFIX_PATH}:/home/cagla/fd_ws/install/srv_turtle:/home/cagla/ros2_ws/install/my_robot_controller:/opt/ros/humble /usr/bin/cmake --build /home/cagla/fd_ws/build/custom_interfaces -- -j2 -l2
[8.372s] Invoking command in '/home/cagla/fd_ws/build/custom_interfaces': CMAKE_PREFIX_PATH=${CMAKE_PREFIX_PATH}:/home/cagla/fd_ws/install/srv_turtle:/home/cagla/ros2_ws/install/my_robot_controller:/opt/ros/humble /usr/bin/cmake --install /home/cagla/fd_ws/build/custom_interfaces
[8.386s] -- Install configuration: ""
[8.386s] -- Up-to-date: /home/cagla/fd_ws/install/custom_interfaces/share/ament_index/resource_index/rosidl_interfaces/custom_interfaces
[8.386s] -- Up-to-date: /home/cagla/fd_ws/install/custom_interfaces/include/custom_interfaces/custom_interfaces
[8.386s] -- Up-to-date: /home/cagla/fd_ws/install/custom_interfaces/include/custom_interfaces/custom_interfaces/msg
[8.386s] -- Up-to-date: /home/cagla/fd_ws/install/custom_interfaces/include/custom_interfaces/custom_interfaces/msg/rosidl_generator_c__visibility_control.h
[8.386s] -- Installing: /home/cagla/fd_ws/install/custom_interfaces/include/custom_interfaces/custom_interfaces/msg/target_cor.h
[8.386s] -- Up-to-date: /home/cagla/fd_ws/install/custom_interfaces/include/custom_interfaces/custom_interfaces/msg/detail
[8.386s] -- Installing: /home/cagla/fd_ws/install/custom_interfaces/include/custom_interfaces/custom_interfaces/msg/detail/target_cor__type_support.h
[8.386s] -- Installing: /home/cagla/fd_ws/install/custom_interfaces/include/custom_interfaces/custom_interfaces/msg/detail/target_cor__struct.h
[8.386s] -- Installing: /home/cagla/fd_ws/install/custom_interfaces/include/custom_interfaces/custom_interfaces/msg/detail/target_cor__functions.c
[8.387s] -- Installing: /home/cagla/fd_ws/install/custom_interfaces/include/custom_interfaces/custom_interfaces/msg/detail/target_cor__functions.h
[8.387s] -- Up-to-date: /home/cagla/fd_ws/install/custom_interfaces/share/custom_interfaces/environment/library_path.sh
[8.387s] -- Installing: /home/cagla/fd_ws/install/custom_interfaces/share/custom_interfaces/environment/library_path.dsv
[8.387s] -- Installing: /home/cagla/fd_ws/install/custom_interfaces/lib/libcustom_interfaces__rosidl_generator_c.so
[8.387s] -- Set runtime path of "/home/cagla/fd_ws/install/custom_interfaces/lib/libcustom_interfaces__rosidl_generator_c.so" to ""
[8.387s] -- Up-to-date: /home/cagla/fd_ws/install/custom_interfaces/include/custom_interfaces/custom_interfaces
[8.387s] -- Up-to-date: /home/cagla/fd_ws/install/custom_interfaces/include/custom_interfaces/custom_interfaces/msg
[8.387s] -- Up-to-date: /home/cagla/fd_ws/install/custom_interfaces/include/custom_interfaces/custom_interfaces/msg/rosidl_typesupport_fastrtps_c__visibility_control.h
[8.387s] -- Up-to-date: /home/cagla/fd_ws/install/custom_interfaces/include/custom_interfaces/custom_interfaces/msg/detail
[8.387s] -- Installing: /home/cagla/fd_ws/install/custom_interfaces/include/custom_interfaces/custom_interfaces/msg/detail/target_cor__rosidl_typesupport_fastrtps_c.h
[8.387s] -- Installing: /home/cagla/fd_ws/install/custom_interfaces/lib/libcustom_interfaces__rosidl_typesupport_fastrtps_c.so
[8.387s] -- Set runtime path of "/home/cagla/fd_ws/install/custom_interfaces/lib/libcustom_interfaces__rosidl_typesupport_fastrtps_c.so" to ""
[8.387s] -- Up-to-date: /home/cagla/fd_ws/install/custom_interfaces/include/custom_interfaces/custom_interfaces
[8.387s] -- Up-to-date: /home/cagla/fd_ws/install/custom_interfaces/include/custom_interfaces/custom_interfaces/msg
[8.387s] -- Installing: /home/cagla/fd_ws/install/custom_interfaces/include/custom_interfaces/custom_interfaces/msg/target_cor.hpp
[8.388s] -- Up-to-date: /home/cagla/fd_ws/install/custom_interfaces/include/custom_interfaces/custom_interfaces/msg/detail
[8.388s] -- Installing: /home/cagla/fd_ws/install/custom_interfaces/include/custom_interfaces/custom_interfaces/msg/detail/target_cor__struct.hpp
[8.388s] -- Installing: /home/cagla/fd_ws/install/custom_interfaces/include/custom_interfaces/custom_interfaces/msg/detail/target_cor__traits.hpp
[8.388s] -- Installing: /home/cagla/fd_ws/install/custom_interfaces/include/custom_interfaces/custom_interfaces/msg/detail/target_cor__builder.hpp
[8.388s] -- Up-to-date: /home/cagla/fd_ws/install/custom_interfaces/include/custom_interfaces/custom_interfaces
[8.388s] -- Up-to-date: /home/cagla/fd_ws/install/custom_interfaces/include/custom_interfaces/custom_interfaces/msg
[8.388s] -- Up-to-date: /home/cagla/fd_ws/install/custom_interfaces/include/custom_interfaces/custom_interfaces/msg/rosidl_typesupport_fastrtps_cpp__visibility_control.h
[8.388s] -- Up-to-date: /home/cagla/fd_ws/install/custom_interfaces/include/custom_interfaces/custom_interfaces/msg/detail
[8.388s] -- Up-to-date: /home/cagla/fd_ws/install/custom_interfaces/include/custom_interfaces/custom_interfaces/msg/detail/dds_fastrtps
[8.388s] -- Installing: /home/cagla/fd_ws/install/custom_interfaces/include/custom_interfaces/custom_interfaces/msg/detail/target_cor__rosidl_typesupport_fastrtps_cpp.hpp
[8.388s] -- Installing: /home/cagla/fd_ws/install/custom_interfaces/lib/libcustom_interfaces__rosidl_typesupport_fastrtps_cpp.so
[8.388s] -- Set runtime path of "/home/cagla/fd_ws/install/custom_interfaces/lib/libcustom_interfaces__rosidl_typesupport_fastrtps_cpp.so" to ""
[8.389s] -- Up-to-date: /home/cagla/fd_ws/install/custom_interfaces/include/custom_interfaces/custom_interfaces
[8.389s] -- Up-to-date: /home/cagla/fd_ws/install/custom_interfaces/include/custom_interfaces/custom_interfaces/msg
[8.389s] -- Up-to-date: /home/cagla/fd_ws/install/custom_interfaces/include/custom_interfaces/custom_interfaces/msg/rosidl_typesupport_introspection_c__visibility_control.h
[8.389s] -- Up-to-date: /home/cagla/fd_ws/install/custom_interfaces/include/custom_interfaces/custom_interfaces/msg/detail
[8.389s] -- Installing: /home/cagla/fd_ws/install/custom_interfaces/include/custom_interfaces/custom_interfaces/msg/detail/target_cor__type_support.c
[8.389s] -- Installing: /home/cagla/fd_ws/install/custom_interfaces/include/custom_interfaces/custom_interfaces/msg/detail/target_cor__rosidl_typesupport_introspection_c.h
[8.389s] -- Installing: /home/cagla/fd_ws/install/custom_interfaces/lib/libcustom_interfaces__rosidl_typesupport_introspection_c.so
[8.389s] -- Set runtime path of "/home/cagla/fd_ws/install/custom_interfaces/lib/libcustom_interfaces__rosidl_typesupport_introspection_c.so" to ""
[8.389s] -- Installing: /home/cagla/fd_ws/install/custom_interfaces/lib/libcustom_interfaces__rosidl_typesupport_c.so
[8.389s] -- Set runtime path of "/home/cagla/fd_ws/install/custom_interfaces/lib/libcustom_interfaces__rosidl_typesupport_c.so" to ""
[8.389s] -- Up-to-date: /home/cagla/fd_ws/install/custom_interfaces/include/custom_interfaces/custom_interfaces
[8.389s] -- Up-to-date: /home/cagla/fd_ws/install/custom_interfaces/include/custom_interfaces/custom_interfaces/msg
[8.389s] -- Up-to-date: /home/cagla/fd_ws/install/custom_interfaces/include/custom_interfaces/custom_interfaces/msg/detail
[8.390s] -- Installing: /home/cagla/fd_ws/install/custom_interfaces/include/custom_interfaces/custom_interfaces/msg/detail/target_cor__rosidl_typesupport_introspection_cpp.hpp
[8.390s] -- Installing: /home/cagla/fd_ws/install/custom_interfaces/include/custom_interfaces/custom_interfaces/msg/detail/target_cor__type_support.cpp
[8.390s] -- Installing: /home/cagla/fd_ws/install/custom_interfaces/lib/libcustom_interfaces__rosidl_typesupport_introspection_cpp.so
[8.390s] -- Set runtime path of "/home/cagla/fd_ws/install/custom_interfaces/lib/libcustom_interfaces__rosidl_typesupport_introspection_cpp.so" to ""
[8.390s] -- Installing: /home/cagla/fd_ws/install/custom_interfaces/lib/libcustom_interfaces__rosidl_typesupport_cpp.so
[8.390s] -- Set runtime path of "/home/cagla/fd_ws/install/custom_interfaces/lib/libcustom_interfaces__rosidl_typesupport_cpp.so" to ""
[8.391s] -- Up-to-date: /home/cagla/fd_ws/install/custom_interfaces/share/custom_interfaces/environment/pythonpath.sh
[8.391s] -- Installing: /home/cagla/fd_ws/install/custom_interfaces/share/custom_interfaces/environment/pythonpath.dsv
[8.391s] -- Up-to-date: /home/cagla/fd_ws/install/custom_interfaces/local/lib/python3.10/dist-packages/custom_interfaces-0.0.0-py3.10.egg-info
[8.391s] -- Installing: /home/cagla/fd_ws/install/custom_interfaces/local/lib/python3.10/dist-packages/custom_interfaces-0.0.0-py3.10.egg-info/PKG-INFO
[8.391s] -- Installing: /home/cagla/fd_ws/install/custom_interfaces/local/lib/python3.10/dist-packages/custom_interfaces-0.0.0-py3.10.egg-info/top_level.txt
[8.391s] -- Installing: /home/cagla/fd_ws/install/custom_interfaces/local/lib/python3.10/dist-packages/custom_interfaces-0.0.0-py3.10.egg-info/SOURCES.txt
[8.391s] -- Installing: /home/cagla/fd_ws/install/custom_interfaces/local/lib/python3.10/dist-packages/custom_interfaces-0.0.0-py3.10.egg-info/dependency_links.txt
[8.391s] -- Up-to-date: /home/cagla/fd_ws/install/custom_interfaces/local/lib/python3.10/dist-packages/custom_interfaces
[8.392s] -- Installing: /home/cagla/fd_ws/install/custom_interfaces/local/lib/python3.10/dist-packages/custom_interfaces/_custom_interfaces_s.ep.rosidl_typesupport_fastrtps_c.c
[8.392s] -- Installing: /home/cagla/fd_ws/install/custom_interfaces/local/lib/python3.10/dist-packages/custom_interfaces/_custom_interfaces_s.ep.rosidl_typesupport_c.c
[8.392s] -- Installing: /home/cagla/fd_ws/install/custom_interfaces/local/lib/python3.10/dist-packages/custom_interfaces/_custom_interfaces_s.ep.rosidl_typesupport_introspection_c.c
[8.392s] -- Installing: /home/cagla/fd_ws/install/custom_interfaces/local/lib/python3.10/dist-packages/custom_interfaces/libcustom_interfaces__rosidl_generator_py.so
[8.392s] -- Up-to-date: /home/cagla/fd_ws/install/custom_interfaces/local/lib/python3.10/dist-packages/custom_interfaces/msg
[8.392s] -- Installing: /home/cagla/fd_ws/install/custom_interfaces/local/lib/python3.10/dist-packages/custom_interfaces/msg/_target_cor.py
[8.392s] -- Installing: /home/cagla/fd_ws/install/custom_interfaces/local/lib/python3.10/dist-packages/custom_interfaces/msg/__init__.py
[8.392s] -- Installing: /home/cagla/fd_ws/install/custom_interfaces/local/lib/python3.10/dist-packages/custom_interfaces/msg/_target_cor_s.c
[8.392s] -- Installing: /home/cagla/fd_ws/install/custom_interfaces/local/lib/python3.10/dist-packages/custom_interfaces/custom_interfaces_s__rosidl_typesupport_fastrtps_c.cpython-310-x86_64-linux-gnu.so
[8.392s] -- Installing: /home/cagla/fd_ws/install/custom_interfaces/local/lib/python3.10/dist-packages/custom_interfaces/custom_interfaces_s__rosidl_typesupport_c.cpython-310-x86_64-linux-gnu.so
[8.392s] -- Installing: /home/cagla/fd_ws/install/custom_interfaces/local/lib/python3.10/dist-packages/custom_interfaces/custom_interfaces_s__rosidl_typesupport_introspection_c.cpython-310-x86_64-linux-gnu.so
[8.392s] -- Installing: /home/cagla/fd_ws/install/custom_interfaces/local/lib/python3.10/dist-packages/custom_interfaces/__init__.py
[8.428s] Listing '/home/cagla/fd_ws/install/custom_interfaces/local/lib/python3.10/dist-packages/custom_interfaces'...
[8.429s] Compiling '/home/cagla/fd_ws/install/custom_interfaces/local/lib/python3.10/dist-packages/custom_interfaces/__init__.py'...
[8.429s] Listing '/home/cagla/fd_ws/install/custom_interfaces/local/lib/python3.10/dist-packages/custom_interfaces/msg'...
[8.429s] Compiling '/home/cagla/fd_ws/install/custom_interfaces/local/lib/python3.10/dist-packages/custom_interfaces/msg/__init__.py'...
[8.429s] Compiling '/home/cagla/fd_ws/install/custom_interfaces/local/lib/python3.10/dist-packages/custom_interfaces/msg/_target_cor.py'...
[8.433s] -- Installing: /home/cagla/fd_ws/install/custom_interfaces/local/lib/python3.10/dist-packages/custom_interfaces/custom_interfaces_s__rosidl_typesupport_fastrtps_c.cpython-310-x86_64-linux-gnu.so
[8.434s] -- Set runtime path of "/home/cagla/fd_ws/install/custom_interfaces/local/lib/python3.10/dist-packages/custom_interfaces/custom_interfaces_s__rosidl_typesupport_fastrtps_c.cpython-310-x86_64-linux-gnu.so" to ""
[8.434s] -- Installing: /home/cagla/fd_ws/install/custom_interfaces/local/lib/python3.10/dist-packages/custom_interfaces/custom_interfaces_s__rosidl_typesupport_introspection_c.cpython-310-x86_64-linux-gnu.so
[8.435s] -- Set runtime path of "/home/cagla/fd_ws/install/custom_interfaces/local/lib/python3.10/dist-packages/custom_interfaces/custom_interfaces_s__rosidl_typesupport_introspection_c.cpython-310-x86_64-linux-gnu.so" to ""
[8.435s] -- Installing: /home/cagla/fd_ws/install/custom_interfaces/local/lib/python3.10/dist-packages/custom_interfaces/custom_interfaces_s__rosidl_typesupport_c.cpython-310-x86_64-linux-gnu.so
[8.436s] -- Set runtime path of "/home/cagla/fd_ws/install/custom_interfaces/local/lib/python3.10/dist-packages/custom_interfaces/custom_interfaces_s__rosidl_typesupport_c.cpython-310-x86_64-linux-gnu.so" to ""
[8.437s] -- Installing: /home/cagla/fd_ws/install/custom_interfaces/lib/libcustom_interfaces__rosidl_generator_py.so
[8.437s] -- Set runtime path of "/home/cagla/fd_ws/install/custom_interfaces/lib/libcustom_interfaces__rosidl_generator_py.so" to ""
[8.437s] -- Installing: /home/cagla/fd_ws/install/custom_interfaces/share/custom_interfaces/msg/TargetCor.idl
[8.437s] -- Installing: /home/cagla/fd_ws/install/custom_interfaces/share/custom_interfaces/msg/TargetCor.msg
[8.438s] -- Up-to-date: /home/cagla/fd_ws/install/custom_interfaces/share/ament_index/resource_index/package_run_dependencies/custom_interfaces
[8.438s] -- Up-to-date: /home/cagla/fd_ws/install/custom_interfaces/share/ament_index/resource_index/parent_prefix_path/custom_interfaces
[8.438s] -- Up-to-date: /home/cagla/fd_ws/install/custom_interfaces/share/custom_interfaces/environment/ament_prefix_path.sh
[8.438s] -- Installing: /home/cagla/fd_ws/install/custom_interfaces/share/custom_interfaces/environment/ament_prefix_path.dsv
[8.439s] -- Up-to-date: /home/cagla/fd_ws/install/custom_interfaces/share/custom_interfaces/environment/path.sh
[8.439s] -- Installing: /home/cagla/fd_ws/install/custom_interfaces/share/custom_interfaces/environment/path.dsv
[8.439s] -- Up-to-date: /home/cagla/fd_ws/install/custom_interfaces/share/custom_interfaces/local_setup.bash
[8.439s] -- Up-to-date: /home/cagla/fd_ws/install/custom_interfaces/share/custom_interfaces/local_setup.sh
[8.439s] -- Up-to-date: /home/cagla/fd_ws/install/custom_interfaces/share/custom_interfaces/local_setup.zsh
[8.439s] -- Installing: /home/cagla/fd_ws/install/custom_interfaces/share/custom_interfaces/local_setup.dsv
[8.440s] -- Installing: /home/cagla/fd_ws/install/custom_interfaces/share/custom_interfaces/package.dsv
[8.440s] -- Up-to-date: /home/cagla/fd_ws/install/custom_interfaces/share/ament_index/resource_index/packages/custom_interfaces
[8.440s] -- Up-to-date: /home/cagla/fd_ws/install/custom_interfaces/share/custom_interfaces/cmake/export_custom_interfaces__rosidl_generator_cExport.cmake
[8.440s] -- Up-to-date: /home/cagla/fd_ws/install/custom_interfaces/share/custom_interfaces/cmake/export_custom_interfaces__rosidl_generator_cExport-noconfig.cmake
[8.440s] -- Up-to-date: /home/cagla/fd_ws/install/custom_interfaces/share/custom_interfaces/cmake/export_custom_interfaces__rosidl_typesupport_fastrtps_cExport.cmake
[8.440s] -- Up-to-date: /home/cagla/fd_ws/install/custom_interfaces/share/custom_interfaces/cmake/export_custom_interfaces__rosidl_typesupport_fastrtps_cExport-noconfig.cmake
[8.441s] -- Up-to-date: /home/cagla/fd_ws/install/custom_interfaces/share/custom_interfaces/cmake/export_custom_interfaces__rosidl_generator_cppExport.cmake
[8.441s] -- Up-to-date: /home/cagla/fd_ws/install/custom_interfaces/share/custom_interfaces/cmake/export_custom_interfaces__rosidl_typesupport_fastrtps_cppExport.cmake
[8.441s] -- Up-to-date: /home/cagla/fd_ws/install/custom_interfaces/share/custom_interfaces/cmake/export_custom_interfaces__rosidl_typesupport_fastrtps_cppExport-noconfig.cmake
[8.441s] -- Up-to-date: /home/cagla/fd_ws/install/custom_interfaces/share/custom_interfaces/cmake/custom_interfaces__rosidl_typesupport_introspection_cExport.cmake
[8.442s] -- Up-to-date: /home/cagla/fd_ws/install/custom_interfaces/share/custom_interfaces/cmake/custom_interfaces__rosidl_typesupport_introspection_cExport-noconfig.cmake
[8.442s] -- Up-to-date: /home/cagla/fd_ws/install/custom_interfaces/share/custom_interfaces/cmake/custom_interfaces__rosidl_typesupport_cExport.cmake
[8.442s] -- Up-to-date: /home/cagla/fd_ws/install/custom_interfaces/share/custom_interfaces/cmake/custom_interfaces__rosidl_typesupport_cExport-noconfig.cmake
[8.442s] -- Up-to-date: /home/cagla/fd_ws/install/custom_interfaces/share/custom_interfaces/cmake/custom_interfaces__rosidl_typesupport_introspection_cppExport.cmake
[8.442s] -- Up-to-date: /home/cagla/fd_ws/install/custom_interfaces/share/custom_interfaces/cmake/custom_interfaces__rosidl_typesupport_introspection_cppExport-noconfig.cmake
[8.443s] -- Up-to-date: /home/cagla/fd_ws/install/custom_interfaces/share/custom_interfaces/cmake/custom_interfaces__rosidl_typesupport_cppExport.cmake
[8.443s] -- Up-to-date: /home/cagla/fd_ws/install/custom_interfaces/share/custom_interfaces/cmake/custom_interfaces__rosidl_typesupport_cppExport-noconfig.cmake
[8.443s] -- Up-to-date: /home/cagla/fd_ws/install/custom_interfaces/share/custom_interfaces/cmake/export_custom_interfaces__rosidl_generator_pyExport.cmake
[8.443s] -- Up-to-date: /home/cagla/fd_ws/install/custom_interfaces/share/custom_interfaces/cmake/export_custom_interfaces__rosidl_generator_pyExport-noconfig.cmake
[8.443s] -- Up-to-date: /home/cagla/fd_ws/install/custom_interfaces/share/custom_interfaces/cmake/rosidl_cmake-extras.cmake
[8.443s] -- Up-to-date: /home/cagla/fd_ws/install/custom_interfaces/share/custom_interfaces/cmake/ament_cmake_export_dependencies-extras.cmake
[8.443s] -- Up-to-date: /home/cagla/fd_ws/install/custom_interfaces/share/custom_interfaces/cmake/ament_cmake_export_include_directories-extras.cmake
[8.443s] -- Up-to-date: /home/cagla/fd_ws/install/custom_interfaces/share/custom_interfaces/cmake/ament_cmake_export_libraries-extras.cmake
[8.443s] -- Up-to-date: /home/cagla/fd_ws/install/custom_interfaces/share/custom_interfaces/cmake/ament_cmake_export_targets-extras.cmake
[8.443s] -- Up-to-date: /home/cagla/fd_ws/install/custom_interfaces/share/custom_interfaces/cmake/rosidl_cmake_export_typesupport_targets-extras.cmake
[8.443s] -- Up-to-date: /home/cagla/fd_ws/install/custom_interfaces/share/custom_interfaces/cmake/rosidl_cmake_export_typesupport_libraries-extras.cmake
[8.443s] -- Up-to-date: /home/cagla/fd_ws/install/custom_interfaces/share/custom_interfaces/cmake/custom_interfacesConfig.cmake
[8.444s] -- Up-to-date: /home/cagla/fd_ws/install/custom_interfaces/share/custom_interfaces/cmake/custom_interfacesConfig-version.cmake
[8.444s] -- Up-to-date: /home/cagla/fd_ws/install/custom_interfaces/share/custom_interfaces/package.xml
[8.446s] Invoked command in '/home/cagla/fd_ws/build/custom_interfaces' returned '0': CMAKE_PREFIX_PATH=${CMAKE_PREFIX_PATH}:/home/cagla/fd_ws/install/srv_turtle:/home/cagla/ros2_ws/install/my_robot_controller:/opt/ros/humble /usr/bin/cmake --install /home/cagla/fd_ws/build/custom_interfaces
