[0.704s] Invoking command in '/home/cagla/ros2_ws/src/my_robot_controller': PYTHONPATH=/home/cagla/ros2_ws/build/my_robot_controller/prefix_override:/usr/lib/python3/dist-packages/colcon_core/task/python/colcon_distutils_commands:/home/cagla/ros2_ws/install/my_robot_controller/lib/python3.10/site-packages:${PYTHONPATH} /usr/bin/python3 -W ignore:setup.py install is deprecated setup.py egg_info --egg-base ../../build/my_robot_controller build --build-base /home/cagla/ros2_ws/build/my_robot_controller/build install --record /home/cagla/ros2_ws/build/my_robot_controller/install.log --single-version-externally-managed install_data
[0.984s] running egg_info
[0.986s] creating ../../build/my_robot_controller/my_robot_controller.egg-info
[0.986s] writing ../../build/my_robot_controller/my_robot_controller.egg-info/PKG-INFO
[0.986s] writing dependency_links to ../../build/my_robot_controller/my_robot_controller.egg-info/dependency_links.txt
[0.986s] writing entry points to ../../build/my_robot_controller/my_robot_controller.egg-info/entry_points.txt
[0.986s] writing requirements to ../../build/my_robot_controller/my_robot_controller.egg-info/requires.txt
[0.986s] writing top-level names to ../../build/my_robot_controller/my_robot_controller.egg-info/top_level.txt
[0.986s] writing manifest file '../../build/my_robot_controller/my_robot_controller.egg-info/SOURCES.txt'
[0.987s] reading manifest file '../../build/my_robot_controller/my_robot_controller.egg-info/SOURCES.txt'
[0.988s] writing manifest file '../../build/my_robot_controller/my_robot_controller.egg-info/SOURCES.txt'
[0.989s] running build
[0.989s] running build_py
[0.989s] creating /home/cagla/ros2_ws/build/my_robot_controller/build
[0.989s] creating /home/cagla/ros2_ws/build/my_robot_controller/build/lib
[0.989s] creating /home/cagla/ros2_ws/build/my_robot_controller/build/lib/my_robot_controller
[0.989s] copying my_robot_controller/my_first_node.py -> /home/cagla/ros2_ws/build/my_robot_controller/build/lib/my_robot_controller
[0.989s] copying my_robot_controller/draw_circle.py -> /home/cagla/ros2_ws/build/my_robot_controller/build/lib/my_robot_controller
[0.989s] copying my_robot_controller/turtle_controller.py -> /home/cagla/ros2_ws/build/my_robot_controller/build/lib/my_robot_controller
[0.989s] copying my_robot_controller/pose_subscriber.py -> /home/cagla/ros2_ws/build/my_robot_controller/build/lib/my_robot_controller
[0.989s] copying my_robot_controller/__init__.py -> /home/cagla/ros2_ws/build/my_robot_controller/build/lib/my_robot_controller
[0.989s] running install
[0.989s] running install_lib
[0.990s] creating /home/cagla/ros2_ws/install/my_robot_controller/lib/python3.10/site-packages/my_robot_controller
[0.990s] copying /home/cagla/ros2_ws/build/my_robot_controller/build/lib/my_robot_controller/my_first_node.py -> /home/cagla/ros2_ws/install/my_robot_controller/lib/python3.10/site-packages/my_robot_controller
[0.991s] copying /home/cagla/ros2_ws/build/my_robot_controller/build/lib/my_robot_controller/draw_circle.py -> /home/cagla/ros2_ws/install/my_robot_controller/lib/python3.10/site-packages/my_robot_controller
[0.991s] copying /home/cagla/ros2_ws/build/my_robot_controller/build/lib/my_robot_controller/turtle_controller.py -> /home/cagla/ros2_ws/install/my_robot_controller/lib/python3.10/site-packages/my_robot_controller
[0.991s] copying /home/cagla/ros2_ws/build/my_robot_controller/build/lib/my_robot_controller/pose_subscriber.py -> /home/cagla/ros2_ws/install/my_robot_controller/lib/python3.10/site-packages/my_robot_controller
[0.991s] copying /home/cagla/ros2_ws/build/my_robot_controller/build/lib/my_robot_controller/__init__.py -> /home/cagla/ros2_ws/install/my_robot_controller/lib/python3.10/site-packages/my_robot_controller
[0.991s] byte-compiling /home/cagla/ros2_ws/install/my_robot_controller/lib/python3.10/site-packages/my_robot_controller/my_first_node.py to my_first_node.cpython-310.pyc
[0.992s] byte-compiling /home/cagla/ros2_ws/install/my_robot_controller/lib/python3.10/site-packages/my_robot_controller/draw_circle.py to draw_circle.cpython-310.pyc
[0.992s] byte-compiling /home/cagla/ros2_ws/install/my_robot_controller/lib/python3.10/site-packages/my_robot_controller/turtle_controller.py to turtle_controller.cpython-310.pyc
[0.993s] byte-compiling /home/cagla/ros2_ws/install/my_robot_controller/lib/python3.10/site-packages/my_robot_controller/pose_subscriber.py to pose_subscriber.cpython-310.pyc
[0.993s] byte-compiling /home/cagla/ros2_ws/install/my_robot_controller/lib/python3.10/site-packages/my_robot_controller/__init__.py to __init__.cpython-310.pyc
[0.993s] running install_data
[0.993s] creating /home/cagla/ros2_ws/install/my_robot_controller/share/ament_index
[0.994s] creating /home/cagla/ros2_ws/install/my_robot_controller/share/ament_index/resource_index
[0.994s] creating /home/cagla/ros2_ws/install/my_robot_controller/share/ament_index/resource_index/packages
[0.994s] copying resource/my_robot_controller -> /home/cagla/ros2_ws/install/my_robot_controller/share/ament_index/resource_index/packages
[0.994s] copying package.xml -> /home/cagla/ros2_ws/install/my_robot_controller/share/my_robot_controller
[0.994s] running install_egg_info
[0.995s] Copying ../../build/my_robot_controller/my_robot_controller.egg-info to /home/cagla/ros2_ws/install/my_robot_controller/lib/python3.10/site-packages/my_robot_controller-0.0.0-py3.10.egg-info
[0.996s] running install_scripts
[1.016s] Installing draw_circle script to /home/cagla/ros2_ws/install/my_robot_controller/lib/my_robot_controller
[1.016s] Installing pose_subscriber script to /home/cagla/ros2_ws/install/my_robot_controller/lib/my_robot_controller
[1.016s] Installing test_node script to /home/cagla/ros2_ws/install/my_robot_controller/lib/my_robot_controller
[1.016s] Installing turtle_controller script to /home/cagla/ros2_ws/install/my_robot_controller/lib/my_robot_controller
[1.016s] writing list of installed files to '/home/cagla/ros2_ws/build/my_robot_controller/install.log'
[1.040s] Invoked command in '/home/cagla/ros2_ws/src/my_robot_controller' returned '0': PYTHONPATH=/home/cagla/ros2_ws/build/my_robot_controller/prefix_override:/usr/lib/python3/dist-packages/colcon_core/task/python/colcon_distutils_commands:/home/cagla/ros2_ws/install/my_robot_controller/lib/python3.10/site-packages:${PYTHONPATH} /usr/bin/python3 -W ignore:setup.py install is deprecated setup.py egg_info --egg-base ../../build/my_robot_controller build --build-base /home/cagla/ros2_ws/build/my_robot_controller/build install --record /home/cagla/ros2_ws/build/my_robot_controller/install.log --single-version-externally-managed install_data
