[1.422s] Invoking command in '/home/cagla/den_ws/src/talker_listener': PYTHONPATH=/home/cagla/den_ws/build/talker_listener/prefix_override:/usr/lib/python3/dist-packages/colcon_core/task/python/colcon_distutils_commands:/home/cagla/den_ws/install/talker_listener/lib/python3.10/site-packages:${PYTHONPATH} /usr/bin/python3 -W ignore:setup.py install is deprecated setup.py egg_info --egg-base ../../build/talker_listener build --build-base /home/cagla/den_ws/build/talker_listener/build install --record /home/cagla/den_ws/build/talker_listener/install.log --single-version-externally-managed install_data
[1.713s] running egg_info
[1.714s] writing ../../build/talker_listener/talker_listener.egg-info/PKG-INFO
[1.718s] writing dependency_links to ../../build/talker_listener/talker_listener.egg-info/dependency_links.txt
[1.718s] writing entry points to ../../build/talker_listener/talker_listener.egg-info/entry_points.txt
[1.718s] writing requirements to ../../build/talker_listener/talker_listener.egg-info/requires.txt
[1.718s] writing top-level names to ../../build/talker_listener/talker_listener.egg-info/top_level.txt
[1.720s] reading manifest file '../../build/talker_listener/talker_listener.egg-info/SOURCES.txt'
[1.723s] writing manifest file '../../build/talker_listener/talker_listener.egg-info/SOURCES.txt'
[1.723s] running build
[1.723s] running build_py
[1.723s] running install
[1.723s] running install_lib
[1.725s] running install_data
[1.726s] running install_egg_info
[1.728s] removing '/home/cagla/den_ws/install/talker_listener/lib/python3.10/site-packages/talker_listener-0.0.0-py3.10.egg-info' (and everything under it)
[1.731s] Copying ../../build/talker_listener/talker_listener.egg-info to /home/cagla/den_ws/install/talker_listener/lib/python3.10/site-packages/talker_listener-0.0.0-py3.10.egg-info
[1.733s] running install_scripts
[1.754s] Installing listenerNode script to /home/cagla/den_ws/install/talker_listener/lib/talker_listener
[1.754s] Installing talkerNode script to /home/cagla/den_ws/install/talker_listener/lib/talker_listener
[1.754s] writing list of installed files to '/home/cagla/den_ws/build/talker_listener/install.log'
[1.789s] Invoked command in '/home/cagla/den_ws/src/talker_listener' returned '0': PYTHONPATH=/home/cagla/den_ws/build/talker_listener/prefix_override:/usr/lib/python3/dist-packages/colcon_core/task/python/colcon_distutils_commands:/home/cagla/den_ws/install/talker_listener/lib/python3.10/site-packages:${PYTHONPATH} /usr/bin/python3 -W ignore:setup.py install is deprecated setup.py egg_info --egg-base ../../build/talker_listener build --build-base /home/cagla/den_ws/build/talker_listener/build install --record /home/cagla/den_ws/build/talker_listener/install.log --single-version-externally-managed install_data
