running egg_info
creating ../../build/turtle_actions/turtle_actions.egg-info
writing ../../build/turtle_actions/turtle_actions.egg-info/PKG-INFO
writing dependency_links to ../../build/turtle_actions/turtle_actions.egg-info/dependency_links.txt
writing entry points to ../../build/turtle_actions/turtle_actions.egg-info/entry_points.txt
writing requirements to ../../build/turtle_actions/turtle_actions.egg-info/requires.txt
writing top-level names to ../../build/turtle_actions/turtle_actions.egg-info/top_level.txt
writing manifest file '../../build/turtle_actions/turtle_actions.egg-info/SOURCES.txt'
reading manifest file '../../build/turtle_actions/turtle_actions.egg-info/SOURCES.txt'
writing manifest file '../../build/turtle_actions/turtle_actions.egg-info/SOURCES.txt'
running build
running build_py
creating /home/cagla/bir_ws/build/turtle_actions/build
creating /home/cagla/bir_ws/build/turtle_actions/build/lib
creating /home/cagla/bir_ws/build/turtle_actions/build/lib/turtle_actions
copying turtle_actions/client.py -> /home/cagla/bir_ws/build/turtle_actions/build/lib/turtle_actions
copying turtle_actions/server.py -> /home/cagla/bir_ws/build/turtle_actions/build/lib/turtle_actions
copying turtle_actions/__init__.py -> /home/cagla/bir_ws/build/turtle_actions/build/lib/turtle_actions
running install
running install_lib
creating /home/cagla/bir_ws/install/turtle_actions/lib/python3.10/site-packages/turtle_actions
copying /home/cagla/bir_ws/build/turtle_actions/build/lib/turtle_actions/client.py -> /home/cagla/bir_ws/install/turtle_actions/lib/python3.10/site-packages/turtle_actions
copying /home/cagla/bir_ws/build/turtle_actions/build/lib/turtle_actions/server.py -> /home/cagla/bir_ws/install/turtle_actions/lib/python3.10/site-packages/turtle_actions
copying /home/cagla/bir_ws/build/turtle_actions/build/lib/turtle_actions/__init__.py -> /home/cagla/bir_ws/install/turtle_actions/lib/python3.10/site-packages/turtle_actions
byte-compiling /home/cagla/bir_ws/install/turtle_actions/lib/python3.10/site-packages/turtle_actions/client.py to client.cpython-310.pyc
byte-compiling /home/cagla/bir_ws/install/turtle_actions/lib/python3.10/site-packages/turtle_actions/server.py to server.cpython-310.pyc
byte-compiling /home/cagla/bir_ws/install/turtle_actions/lib/python3.10/site-packages/turtle_actions/__init__.py to __init__.cpython-310.pyc
running install_data
creating /home/cagla/bir_ws/install/turtle_actions/share/ament_index
creating /home/cagla/bir_ws/install/turtle_actions/share/ament_index/resource_index
creating /home/cagla/bir_ws/install/turtle_actions/share/ament_index/resource_index/packages
copying resource/turtle_actions -> /home/cagla/bir_ws/install/turtle_actions/share/ament_index/resource_index/packages
copying package.xml -> /home/cagla/bir_ws/install/turtle_actions/share/turtle_actions
running install_egg_info
Copying ../../build/turtle_actions/turtle_actions.egg-info to /home/cagla/bir_ws/install/turtle_actions/lib/python3.10/site-packages/turtle_actions-0.0.0-py3.10.egg-info
running install_scripts
Installing client script to /home/cagla/bir_ws/install/turtle_actions/lib/turtle_actions
Installing server script to /home/cagla/bir_ws/install/turtle_actions/lib/turtle_actions
writing list of installed files to '/home/cagla/bir_ws/build/turtle_actions/install.log'
