[1.149s] Invoking command in '/home/cagla/bir_ws/src/turtle_actions': PYTHONPATH=/home/cagla/bir_ws/build/turtle_actions/prefix_override:/usr/lib/python3/dist-packages/colcon_core/task/python/colcon_distutils_commands:/home/cagla/bir_ws/install/turtle_actions/lib/python3.10/site-packages:${PYTHONPATH} /usr/bin/python3 -W ignore:setup.py install is deprecated setup.py egg_info --egg-base ../../build/turtle_actions build --build-base /home/cagla/bir_ws/build/turtle_actions/build install --record /home/cagla/bir_ws/build/turtle_actions/install.log --single-version-externally-managed install_data
[1.540s] running egg_info
[1.541s] creating ../../build/turtle_actions/turtle_actions.egg-info
[1.541s] writing ../../build/turtle_actions/turtle_actions.egg-info/PKG-INFO
[1.542s] writing dependency_links to ../../build/turtle_actions/turtle_actions.egg-info/dependency_links.txt
[1.543s] writing entry points to ../../build/turtle_actions/turtle_actions.egg-info/entry_points.txt
[1.545s] writing requirements to ../../build/turtle_actions/turtle_actions.egg-info/requires.txt
[1.545s] writing top-level names to ../../build/turtle_actions/turtle_actions.egg-info/top_level.txt
[1.545s] writing manifest file '../../build/turtle_actions/turtle_actions.egg-info/SOURCES.txt'
[1.550s] reading manifest file '../../build/turtle_actions/turtle_actions.egg-info/SOURCES.txt'
[1.550s] writing manifest file '../../build/turtle_actions/turtle_actions.egg-info/SOURCES.txt'
[1.551s] running build
[1.551s] running build_py
[1.551s] creating /home/cagla/bir_ws/build/turtle_actions/build
[1.551s] creating /home/cagla/bir_ws/build/turtle_actions/build/lib
[1.551s] creating /home/cagla/bir_ws/build/turtle_actions/build/lib/turtle_actions
[1.552s] copying turtle_actions/client.py -> /home/cagla/bir_ws/build/turtle_actions/build/lib/turtle_actions
[1.552s] copying turtle_actions/server.py -> /home/cagla/bir_ws/build/turtle_actions/build/lib/turtle_actions
[1.553s] copying turtle_actions/__init__.py -> /home/cagla/bir_ws/build/turtle_actions/build/lib/turtle_actions
[1.553s] running install
[1.553s] running install_lib
[1.553s] creating /home/cagla/bir_ws/install/turtle_actions/lib/python3.10/site-packages/turtle_actions
[1.553s] copying /home/cagla/bir_ws/build/turtle_actions/build/lib/turtle_actions/client.py -> /home/cagla/bir_ws/install/turtle_actions/lib/python3.10/site-packages/turtle_actions
[1.553s] copying /home/cagla/bir_ws/build/turtle_actions/build/lib/turtle_actions/server.py -> /home/cagla/bir_ws/install/turtle_actions/lib/python3.10/site-packages/turtle_actions
[1.554s] copying /home/cagla/bir_ws/build/turtle_actions/build/lib/turtle_actions/__init__.py -> /home/cagla/bir_ws/install/turtle_actions/lib/python3.10/site-packages/turtle_actions
[1.554s] byte-compiling /home/cagla/bir_ws/install/turtle_actions/lib/python3.10/site-packages/turtle_actions/client.py to client.cpython-310.pyc
[1.554s] byte-compiling /home/cagla/bir_ws/install/turtle_actions/lib/python3.10/site-packages/turtle_actions/server.py to server.cpython-310.pyc
[1.554s] byte-compiling /home/cagla/bir_ws/install/turtle_actions/lib/python3.10/site-packages/turtle_actions/__init__.py to __init__.cpython-310.pyc
[1.554s] running install_data
[1.554s] creating /home/cagla/bir_ws/install/turtle_actions/share/ament_index
[1.555s] creating /home/cagla/bir_ws/install/turtle_actions/share/ament_index/resource_index
[1.562s] creating /home/cagla/bir_ws/install/turtle_actions/share/ament_index/resource_index/packages
[1.562s] copying resource/turtle_actions -> /home/cagla/bir_ws/install/turtle_actions/share/ament_index/resource_index/packages
[1.562s] copying package.xml -> /home/cagla/bir_ws/install/turtle_actions/share/turtle_actions
[1.562s] running install_egg_info
[1.562s] Copying ../../build/turtle_actions/turtle_actions.egg-info to /home/cagla/bir_ws/install/turtle_actions/lib/python3.10/site-packages/turtle_actions-0.0.0-py3.10.egg-info
[1.565s] running install_scripts
[1.604s] Installing client script to /home/cagla/bir_ws/install/turtle_actions/lib/turtle_actions
[1.604s] Installing server script to /home/cagla/bir_ws/install/turtle_actions/lib/turtle_actions
[1.605s] writing list of installed files to '/home/cagla/bir_ws/build/turtle_actions/install.log'
[1.640s] Invoked command in '/home/cagla/bir_ws/src/turtle_actions' returned '0': PYTHONPATH=/home/cagla/bir_ws/build/turtle_actions/prefix_override:/usr/lib/python3/dist-packages/colcon_core/task/python/colcon_distutils_commands:/home/cagla/bir_ws/install/turtle_actions/lib/python3.10/site-packages:${PYTHONPATH} /usr/bin/python3 -W ignore:setup.py install is deprecated setup.py egg_info --egg-base ../../build/turtle_actions build --build-base /home/cagla/bir_ws/build/turtle_actions/build install --record /home/cagla/bir_ws/build/turtle_actions/install.log --single-version-externally-managed install_data
