[0.013s] Invoking command in '/home/cagla/bir_ws/build/turtlesim_interfaces': CMAKE_PREFIX_PATH=${CMAKE_PREFIX_PATH}:/home/cagla/yeni_ws/install/actions_py:/home/cagla/ros2_ws/install/my_robot_controller:/opt/ros/humble /usr/bin/cmake /home/cagla/bir_ws/src/turtlesim_interfaces -DCMAKE_INSTALL_PREFIX=/home/cagla/bir_ws/install/turtlesim_interfaces
[0.232s] -- The C compiler identification is GNU 11.4.0
[0.392s] -- The CXX compiler identification is GNU 11.4.0
[0.410s] -- Detecting C compiler ABI info
[0.505s] -- Detecting C compiler ABI info - done
[0.512s] -- Check for working C compiler: /usr/bin/cc - skipped
[0.513s] -- Detecting C compile features
[0.515s] -- Detecting C compile features - done
[0.521s] -- Detecting CXX compiler ABI info
[0.637s] -- Detecting CXX compiler ABI info - done
[0.647s] -- Check for working CXX compiler: /usr/bin/c++ - skipped
[0.648s] -- Detecting CXX compile features
[0.648s] -- Detecting CXX compile features - done
[0.670s] -- Found ament_cmake: 1.3.10 (/opt/ros/humble/share/ament_cmake/cmake)
[0.871s] -- Found Python3: /usr/bin/python3 (found version "3.10.12") found components: Interpreter 
[0.993s] -- Found ament_lint_auto: 0.12.11 (/opt/ros/humble/share/ament_lint_auto/cmake)
[1.104s] -- Added test 'lint_cmake' to check CMake code style
[1.108s] -- Added test 'xmllint' to check XML markup files
[1.109s] -- Configuring done
[1.111s] -- Generating done
[1.112s] -- Build files have been written to: /home/cagla/bir_ws/build/turtlesim_interfaces
[1.119s] Invoked command in '/home/cagla/bir_ws/build/turtlesim_interfaces' returned '0': CMAKE_PREFIX_PATH=${CMAKE_PREFIX_PATH}:/home/cagla/yeni_ws/install/actions_py:/home/cagla/ros2_ws/install/my_robot_controller:/opt/ros/humble /usr/bin/cmake /home/cagla/bir_ws/src/turtlesim_interfaces -DCMAKE_INSTALL_PREFIX=/home/cagla/bir_ws/install/turtlesim_interfaces
[1.119s] Invoking command in '/home/cagla/bir_ws/build/turtlesim_interfaces': CMAKE_PREFIX_PATH=${CMAKE_PREFIX_PATH}:/home/cagla/yeni_ws/install/actions_py:/home/cagla/ros2_ws/install/my_robot_controller:/opt/ros/humble /usr/bin/cmake --build /home/cagla/bir_ws/build/turtlesim_interfaces -- -j2 -l2
[1.165s] Invoked command in '/home/cagla/bir_ws/build/turtlesim_interfaces' returned '0': CMAKE_PREFIX_PATH=${CMAKE_PREFIX_PATH}:/home/cagla/yeni_ws/install/actions_py:/home/cagla/ros2_ws/install/my_robot_controller:/opt/ros/humble /usr/bin/cmake --build /home/cagla/bir_ws/build/turtlesim_interfaces -- -j2 -l2
[1.207s] Invoking command in '/home/cagla/bir_ws/build/turtlesim_interfaces': CMAKE_PREFIX_PATH=${CMAKE_PREFIX_PATH}:/home/cagla/yeni_ws/install/actions_py:/home/cagla/ros2_ws/install/my_robot_controller:/opt/ros/humble /usr/bin/cmake --install /home/cagla/bir_ws/build/turtlesim_interfaces
[1.214s] -- Install configuration: ""
[1.214s] -- Installing: /home/cagla/bir_ws/install/turtlesim_interfaces/share/ament_index/resource_index/package_run_dependencies/turtlesim_interfaces
[1.215s] -- Installing: /home/cagla/bir_ws/install/turtlesim_interfaces/share/ament_index/resource_index/parent_prefix_path/turtlesim_interfaces
[1.215s] -- Installing: /home/cagla/bir_ws/install/turtlesim_interfaces/share/turtlesim_interfaces/environment/ament_prefix_path.sh
[1.215s] -- Installing: /home/cagla/bir_ws/install/turtlesim_interfaces/share/turtlesim_interfaces/environment/ament_prefix_path.dsv
[1.215s] -- Installing: /home/cagla/bir_ws/install/turtlesim_interfaces/share/turtlesim_interfaces/environment/path.sh
[1.215s] -- Installing: /home/cagla/bir_ws/install/turtlesim_interfaces/share/turtlesim_interfaces/environment/path.dsv
[1.215s] -- Installing: /home/cagla/bir_ws/install/turtlesim_interfaces/share/turtlesim_interfaces/local_setup.bash
[1.215s] -- Installing: /home/cagla/bir_ws/install/turtlesim_interfaces/share/turtlesim_interfaces/local_setup.sh
[1.216s] -- Installing: /home/cagla/bir_ws/install/turtlesim_interfaces/share/turtlesim_interfaces/local_setup.zsh
[1.216s] -- Installing: /home/cagla/bir_ws/install/turtlesim_interfaces/share/turtlesim_interfaces/local_setup.dsv
[1.216s] -- Installing: /home/cagla/bir_ws/install/turtlesim_interfaces/share/turtlesim_interfaces/package.dsv
[1.216s] -- Installing: /home/cagla/bir_ws/install/turtlesim_interfaces/share/ament_index/resource_index/packages/turtlesim_interfaces
[1.216s] -- Installing: /home/cagla/bir_ws/install/turtlesim_interfaces/share/turtlesim_interfaces/cmake/turtlesim_interfacesConfig.cmake
[1.217s] -- Installing: /home/cagla/bir_ws/install/turtlesim_interfaces/share/turtlesim_interfaces/cmake/turtlesim_interfacesConfig-version.cmake
[1.217s] -- Installing: /home/cagla/bir_ws/install/turtlesim_interfaces/share/turtlesim_interfaces/package.xml
[1.219s] Invoked command in '/home/cagla/bir_ws/build/turtlesim_interfaces' returned '0': CMAKE_PREFIX_PATH=${CMAKE_PREFIX_PATH}:/home/cagla/yeni_ws/install/actions_py:/home/cagla/ros2_ws/install/my_robot_controller:/opt/ros/humble /usr/bin/cmake --install /home/cagla/bir_ws/build/turtlesim_interfaces
