[0.120s] DEBUG:colcon:Command line arguments: ['/usr/bin/colcon', 'build']
[0.121s] DEBUG:colcon:Parsed command line arguments: Namespace(log_base=None, log_level=None, verb_name='build', build_base='build', install_base='install', merge_install=False, symlink_install=False, test_result_base=None, continue_on_error=False, executor='parallel', parallel_workers=2, event_handlers=None, ignore_user_meta=False, metas=['./colcon.meta'], base_paths=['.'], packages_ignore=None, packages_ignore_regex=None, paths=None, packages_up_to=None, packages_up_to_regex=None, packages_above=None, packages_above_and_dependencies=None, packages_above_depth=None, packages_select_by_dep=None, packages_skip_by_dep=None, packages_skip_up_to=None, packages_select_build_failed=False, packages_skip_build_finished=False, packages_select_test_failures=False, packages_skip_test_passed=False, packages_select=None, packages_skip=None, packages_select_regex=None, packages_skip_regex=None, packages_start=None, packages_end=None, allow_overriding=[], cmake_args=None, cmake_target=None, cmake_target_skip_unavailable=False, cmake_clean_cache=False, cmake_clean_first=False, cmake_force_configure=False, ament_cmake_args=None, catkin_cmake_args=None, catkin_skip_building_tests=False, mixin_files=None, mixin=None, verb_parser=<colcon_mixin.mixin.mixin_argument.MixinArgumentDecorator object at 0x7141f99a6260>, verb_extension=<colcon_core.verb.build.BuildVerb object at 0x7141f9aaa890>, main=<bound method BuildVerb.main of <colcon_core.verb.build.BuildVerb object at 0x7141f9aaa890>>, mixin_verb=('build',))
[0.336s] Level 1:colcon.colcon_core.package_discovery:discover_packages(colcon_meta) check parameters
[0.336s] Level 1:colcon.colcon_core.package_discovery:discover_packages(recursive) check parameters
[0.336s] Level 1:colcon.colcon_core.package_discovery:discover_packages(ignore) check parameters
[0.336s] Level 1:colcon.colcon_core.package_discovery:discover_packages(path) check parameters
[0.336s] Level 1:colcon.colcon_core.package_discovery:discover_packages(colcon_meta) discover
[0.336s] Level 1:colcon.colcon_core.package_discovery:discover_packages(recursive) discover
[0.336s] INFO:colcon.colcon_core.package_discovery:Crawling recursively for packages in '/home/cagla/fd_ws'
[0.336s] Level 1:colcon.colcon_core.package_identification:_identify(.) by extensions ['ignore', 'ignore_ament_install']
[0.336s] Level 1:colcon.colcon_core.package_identification:_identify(.) by extension 'ignore'
[0.336s] Level 1:colcon.colcon_core.package_identification:_identify(.) by extension 'ignore_ament_install'
[0.336s] Level 1:colcon.colcon_core.package_identification:_identify(.) by extensions ['colcon_pkg']
[0.336s] Level 1:colcon.colcon_core.package_identification:_identify(.) by extension 'colcon_pkg'
[0.336s] Level 1:colcon.colcon_core.package_identification:_identify(.) by extensions ['colcon_meta']
[0.336s] Level 1:colcon.colcon_core.package_identification:_identify(.) by extension 'colcon_meta'
[0.336s] Level 1:colcon.colcon_core.package_identification:_identify(.) by extensions ['ros']
[0.336s] Level 1:colcon.colcon_core.package_identification:_identify(.) by extension 'ros'
[0.350s] Level 1:colcon.colcon_core.package_identification:_identify(.) by extensions ['cmake', 'python']
[0.351s] Level 1:colcon.colcon_core.package_identification:_identify(.) by extension 'cmake'
[0.351s] Level 1:colcon.colcon_core.package_identification:_identify(.) by extension 'python'
[0.351s] Level 1:colcon.colcon_core.package_identification:_identify(.) by extensions ['python_setup_py']
[0.351s] Level 1:colcon.colcon_core.package_identification:_identify(.) by extension 'python_setup_py'
[0.351s] Level 1:colcon.colcon_core.package_identification:_identify(build) by extensions ['ignore', 'ignore_ament_install']
[0.352s] Level 1:colcon.colcon_core.package_identification:_identify(build) by extension 'ignore'
[0.352s] Level 1:colcon.colcon_core.package_identification:_identify(build) ignored
[0.352s] Level 1:colcon.colcon_core.package_identification:_identify(install) by extensions ['ignore', 'ignore_ament_install']
[0.352s] Level 1:colcon.colcon_core.package_identification:_identify(install) by extension 'ignore'
[0.352s] Level 1:colcon.colcon_core.package_identification:_identify(install) ignored
[0.352s] Level 1:colcon.colcon_core.package_identification:_identify(log) by extensions ['ignore', 'ignore_ament_install']
[0.352s] Level 1:colcon.colcon_core.package_identification:_identify(log) by extension 'ignore'
[0.352s] Level 1:colcon.colcon_core.package_identification:_identify(log) ignored
[0.352s] Level 1:colcon.colcon_core.package_identification:_identify(src) by extensions ['ignore', 'ignore_ament_install']
[0.352s] Level 1:colcon.colcon_core.package_identification:_identify(src) by extension 'ignore'
[0.352s] Level 1:colcon.colcon_core.package_identification:_identify(src) by extension 'ignore_ament_install'
[0.353s] Level 1:colcon.colcon_core.package_identification:_identify(src) by extensions ['colcon_pkg']
[0.353s] Level 1:colcon.colcon_core.package_identification:_identify(src) by extension 'colcon_pkg'
[0.353s] Level 1:colcon.colcon_core.package_identification:_identify(src) by extensions ['colcon_meta']
[0.353s] Level 1:colcon.colcon_core.package_identification:_identify(src) by extension 'colcon_meta'
[0.353s] Level 1:colcon.colcon_core.package_identification:_identify(src) by extensions ['ros']
[0.353s] Level 1:colcon.colcon_core.package_identification:_identify(src) by extension 'ros'
[0.353s] Level 1:colcon.colcon_core.package_identification:_identify(src) by extensions ['cmake', 'python']
[0.353s] Level 1:colcon.colcon_core.package_identification:_identify(src) by extension 'cmake'
[0.353s] Level 1:colcon.colcon_core.package_identification:_identify(src) by extension 'python'
[0.353s] Level 1:colcon.colcon_core.package_identification:_identify(src) by extensions ['python_setup_py']
[0.353s] Level 1:colcon.colcon_core.package_identification:_identify(src) by extension 'python_setup_py'
[0.353s] Level 1:colcon.colcon_core.package_identification:_identify(src/custom_interfaces) by extensions ['ignore', 'ignore_ament_install']
[0.353s] Level 1:colcon.colcon_core.package_identification:_identify(src/custom_interfaces) by extension 'ignore'
[0.353s] Level 1:colcon.colcon_core.package_identification:_identify(src/custom_interfaces) by extension 'ignore_ament_install'
[0.353s] Level 1:colcon.colcon_core.package_identification:_identify(src/custom_interfaces) by extensions ['colcon_pkg']
[0.353s] Level 1:colcon.colcon_core.package_identification:_identify(src/custom_interfaces) by extension 'colcon_pkg'
[0.353s] Level 1:colcon.colcon_core.package_identification:_identify(src/custom_interfaces) by extensions ['colcon_meta']
[0.353s] Level 1:colcon.colcon_core.package_identification:_identify(src/custom_interfaces) by extension 'colcon_meta'
[0.353s] Level 1:colcon.colcon_core.package_identification:_identify(src/custom_interfaces) by extensions ['ros']
[0.353s] Level 1:colcon.colcon_core.package_identification:_identify(src/custom_interfaces) by extension 'ros'
[0.357s] DEBUG:colcon.colcon_core.package_identification:Package 'src/custom_interfaces' with type 'ros.ament_cmake' and name 'custom_interfaces'
[0.357s] Level 1:colcon.colcon_core.package_identification:_identify(src/srv_turtle) by extensions ['ignore', 'ignore_ament_install']
[0.357s] Level 1:colcon.colcon_core.package_identification:_identify(src/srv_turtle) by extension 'ignore'
[0.358s] Level 1:colcon.colcon_core.package_identification:_identify(src/srv_turtle) by extension 'ignore_ament_install'
[0.358s] Level 1:colcon.colcon_core.package_identification:_identify(src/srv_turtle) by extensions ['colcon_pkg']
[0.358s] Level 1:colcon.colcon_core.package_identification:_identify(src/srv_turtle) by extension 'colcon_pkg'
[0.358s] Level 1:colcon.colcon_core.package_identification:_identify(src/srv_turtle) by extensions ['colcon_meta']
[0.358s] Level 1:colcon.colcon_core.package_identification:_identify(src/srv_turtle) by extension 'colcon_meta'
[0.358s] Level 1:colcon.colcon_core.package_identification:_identify(src/srv_turtle) by extensions ['ros']
[0.358s] Level 1:colcon.colcon_core.package_identification:_identify(src/srv_turtle) by extension 'ros'
[0.358s] DEBUG:colcon.colcon_core.package_identification:Package 'src/srv_turtle' with type 'ros.ament_python' and name 'srv_turtle'
[0.358s] Level 1:colcon.colcon_core.package_discovery:discover_packages(recursive) using defaults
[0.359s] Level 1:colcon.colcon_core.package_discovery:discover_packages(ignore) discover
[0.359s] Level 1:colcon.colcon_core.package_discovery:discover_packages(ignore) using defaults
[0.359s] Level 1:colcon.colcon_core.package_discovery:discover_packages(path) discover
[0.359s] Level 1:colcon.colcon_core.package_discovery:discover_packages(path) using defaults
[0.387s] Level 1:colcon.colcon_core.package_discovery:discover_packages(prefix_path) check parameters
[0.387s] Level 1:colcon.colcon_core.package_discovery:discover_packages(prefix_path) discover
[0.389s] DEBUG:colcon.colcon_installed_package_information.package_discovery:Found 2 installed packages in /home/cagla/fd_ws/install
[0.389s] DEBUG:colcon.colcon_installed_package_information.package_discovery:Found 1 installed packages in /home/cagla/ros2_ws/install
[0.390s] DEBUG:colcon.colcon_installed_package_information.package_discovery:Found 293 installed packages in /opt/ros/humble
[0.411s] Level 1:colcon.colcon_core.package_discovery:discover_packages(prefix_path) using defaults
[0.464s] Level 5:colcon.colcon_core.verb:set package 'custom_interfaces' build argument 'cmake_args' from command line to 'None'
[0.464s] Level 5:colcon.colcon_core.verb:set package 'custom_interfaces' build argument 'cmake_target' from command line to 'None'
[0.464s] Level 5:colcon.colcon_core.verb:set package 'custom_interfaces' build argument 'cmake_target_skip_unavailable' from command line to 'False'
[0.464s] Level 5:colcon.colcon_core.verb:set package 'custom_interfaces' build argument 'cmake_clean_cache' from command line to 'False'
[0.464s] Level 5:colcon.colcon_core.verb:set package 'custom_interfaces' build argument 'cmake_clean_first' from command line to 'False'
[0.464s] Level 5:colcon.colcon_core.verb:set package 'custom_interfaces' build argument 'cmake_force_configure' from command line to 'False'
[0.464s] Level 5:colcon.colcon_core.verb:set package 'custom_interfaces' build argument 'ament_cmake_args' from command line to 'None'
[0.464s] Level 5:colcon.colcon_core.verb:set package 'custom_interfaces' build argument 'catkin_cmake_args' from command line to 'None'
[0.464s] Level 5:colcon.colcon_core.verb:set package 'custom_interfaces' build argument 'catkin_skip_building_tests' from command line to 'False'
[0.465s] DEBUG:colcon.colcon_core.verb:Building package 'custom_interfaces' with the following arguments: {'ament_cmake_args': None, 'build_base': '/home/cagla/fd_ws/build/custom_interfaces', 'catkin_cmake_args': None, 'catkin_skip_building_tests': False, 'cmake_args': None, 'cmake_clean_cache': False, 'cmake_clean_first': False, 'cmake_force_configure': False, 'cmake_target': None, 'cmake_target_skip_unavailable': False, 'install_base': '/home/cagla/fd_ws/install/custom_interfaces', 'merge_install': False, 'path': '/home/cagla/fd_ws/src/custom_interfaces', 'symlink_install': False, 'test_result_base': None}
[0.465s] Level 5:colcon.colcon_core.verb:set package 'srv_turtle' build argument 'cmake_args' from command line to 'None'
[0.465s] Level 5:colcon.colcon_core.verb:set package 'srv_turtle' build argument 'cmake_target' from command line to 'None'
[0.465s] Level 5:colcon.colcon_core.verb:set package 'srv_turtle' build argument 'cmake_target_skip_unavailable' from command line to 'False'
[0.465s] Level 5:colcon.colcon_core.verb:set package 'srv_turtle' build argument 'cmake_clean_cache' from command line to 'False'
[0.465s] Level 5:colcon.colcon_core.verb:set package 'srv_turtle' build argument 'cmake_clean_first' from command line to 'False'
[0.465s] Level 5:colcon.colcon_core.verb:set package 'srv_turtle' build argument 'cmake_force_configure' from command line to 'False'
[0.465s] Level 5:colcon.colcon_core.verb:set package 'srv_turtle' build argument 'ament_cmake_args' from command line to 'None'
[0.465s] Level 5:colcon.colcon_core.verb:set package 'srv_turtle' build argument 'catkin_cmake_args' from command line to 'None'
[0.465s] Level 5:colcon.colcon_core.verb:set package 'srv_turtle' build argument 'catkin_skip_building_tests' from command line to 'False'
[0.465s] DEBUG:colcon.colcon_core.verb:Building package 'srv_turtle' with the following arguments: {'ament_cmake_args': None, 'build_base': '/home/cagla/fd_ws/build/srv_turtle', 'catkin_cmake_args': None, 'catkin_skip_building_tests': False, 'cmake_args': None, 'cmake_clean_cache': False, 'cmake_clean_first': False, 'cmake_force_configure': False, 'cmake_target': None, 'cmake_target_skip_unavailable': False, 'install_base': '/home/cagla/fd_ws/install/srv_turtle', 'merge_install': False, 'path': '/home/cagla/fd_ws/src/srv_turtle', 'symlink_install': False, 'test_result_base': None}
[0.465s] INFO:colcon.colcon_core.executor:Executing jobs using 'parallel' executor
[0.467s] DEBUG:colcon.colcon_parallel_executor.executor.parallel:run_until_complete
[0.467s] INFO:colcon.colcon_ros.task.ament_cmake.build:Building ROS package in '/home/cagla/fd_ws/src/custom_interfaces' with build type 'ament_cmake'
[0.468s] INFO:colcon.colcon_cmake.task.cmake.build:Building CMake package in '/home/cagla/fd_ws/src/custom_interfaces'
[0.470s] INFO:colcon.colcon_core.plugin_system:Skipping extension 'colcon_core.shell.bat': Not used on non-Windows systems
[0.471s] INFO:colcon.colcon_core.shell:Skip shell extension 'powershell' for command environment: Not usable outside of PowerShell
[0.471s] DEBUG:colcon.colcon_core.shell:Skip shell extension 'dsv' for command environment
[0.483s] DEBUG:colcon.colcon_core.event_handler.log_command:Invoking command in '/home/cagla/fd_ws/build/custom_interfaces': CMAKE_PREFIX_PATH=${CMAKE_PREFIX_PATH}:/home/cagla/fd_ws/install/srv_turtle:/home/cagla/ros2_ws/install/my_robot_controller:/opt/ros/humble /usr/bin/cmake --build /home/cagla/fd_ws/build/custom_interfaces -- -j2 -l2
[8.441s] DEBUG:colcon.colcon_core.event_handler.log_command:Invoked command in '/home/cagla/fd_ws/build/custom_interfaces' returned '0': CMAKE_PREFIX_PATH=${CMAKE_PREFIX_PATH}:/home/cagla/fd_ws/install/srv_turtle:/home/cagla/ros2_ws/install/my_robot_controller:/opt/ros/humble /usr/bin/cmake --build /home/cagla/fd_ws/build/custom_interfaces -- -j2 -l2
[8.527s] DEBUG:colcon.colcon_core.event_handler.log_command:Invoking command in '/home/cagla/fd_ws/build/custom_interfaces': CMAKE_PREFIX_PATH=${CMAKE_PREFIX_PATH}:/home/cagla/fd_ws/install/srv_turtle:/home/cagla/ros2_ws/install/my_robot_controller:/opt/ros/humble /usr/bin/cmake --install /home/cagla/fd_ws/build/custom_interfaces
[8.603s] Level 1:colcon.colcon_core.environment:create_environment_scripts_only(custom_interfaces)
[8.605s] DEBUG:colcon.colcon_core.event_handler.log_command:Invoked command in '/home/cagla/fd_ws/build/custom_interfaces' returned '0': CMAKE_PREFIX_PATH=${CMAKE_PREFIX_PATH}:/home/cagla/fd_ws/install/srv_turtle:/home/cagla/ros2_ws/install/my_robot_controller:/opt/ros/humble /usr/bin/cmake --install /home/cagla/fd_ws/build/custom_interfaces
[8.608s] Level 1:colcon.colcon_core.environment:checking '/home/cagla/fd_ws/install/custom_interfaces' for CMake module files
[8.609s] Level 1:colcon.colcon_core.environment:checking '/home/cagla/fd_ws/install/custom_interfaces' for CMake config files
[8.609s] Level 1:colcon.colcon_core.shell:create_environment_hook('custom_interfaces', 'cmake_prefix_path')
[8.609s] INFO:colcon.colcon_core.shell:Creating environment hook '/home/cagla/fd_ws/install/custom_interfaces/share/custom_interfaces/hook/cmake_prefix_path.ps1'
[8.610s] INFO:colcon.colcon_core.shell:Creating environment descriptor '/home/cagla/fd_ws/install/custom_interfaces/share/custom_interfaces/hook/cmake_prefix_path.dsv'
[8.610s] INFO:colcon.colcon_core.shell:Creating environment hook '/home/cagla/fd_ws/install/custom_interfaces/share/custom_interfaces/hook/cmake_prefix_path.sh'
[8.611s] Level 1:colcon.colcon_core.environment:checking '/home/cagla/fd_ws/install/custom_interfaces/lib'
[8.611s] Level 1:colcon.colcon_core.shell:create_environment_hook('custom_interfaces', 'ld_library_path_lib')
[8.612s] INFO:colcon.colcon_core.shell:Creating environment hook '/home/cagla/fd_ws/install/custom_interfaces/share/custom_interfaces/hook/ld_library_path_lib.ps1'
[8.612s] INFO:colcon.colcon_core.shell:Creating environment descriptor '/home/cagla/fd_ws/install/custom_interfaces/share/custom_interfaces/hook/ld_library_path_lib.dsv'
[8.612s] INFO:colcon.colcon_core.shell:Creating environment hook '/home/cagla/fd_ws/install/custom_interfaces/share/custom_interfaces/hook/ld_library_path_lib.sh'
[8.613s] Level 1:colcon.colcon_core.environment:checking '/home/cagla/fd_ws/install/custom_interfaces/bin'
[8.613s] Level 1:colcon.colcon_core.environment:checking '/home/cagla/fd_ws/install/custom_interfaces/lib/pkgconfig/custom_interfaces.pc'
[8.613s] Level 1:colcon.colcon_core.environment:checking '/home/cagla/fd_ws/install/custom_interfaces/lib/python3.10/site-packages'
[8.613s] Level 1:colcon.colcon_core.environment:checking '/home/cagla/fd_ws/install/custom_interfaces/bin'
[8.613s] INFO:colcon.colcon_core.shell:Creating package script '/home/cagla/fd_ws/install/custom_interfaces/share/custom_interfaces/package.ps1'
[8.614s] INFO:colcon.colcon_core.shell:Creating package descriptor '/home/cagla/fd_ws/install/custom_interfaces/share/custom_interfaces/package.dsv'
[8.615s] INFO:colcon.colcon_core.shell:Creating package script '/home/cagla/fd_ws/install/custom_interfaces/share/custom_interfaces/package.sh'
[8.616s] INFO:colcon.colcon_core.shell:Creating package script '/home/cagla/fd_ws/install/custom_interfaces/share/custom_interfaces/package.bash'
[8.616s] INFO:colcon.colcon_core.shell:Creating package script '/home/cagla/fd_ws/install/custom_interfaces/share/custom_interfaces/package.zsh'
[8.617s] Level 1:colcon.colcon_core.environment:create_file_with_runtime_dependencies(/home/cagla/fd_ws/install/custom_interfaces/share/colcon-core/packages/custom_interfaces)
[8.689s] Level 1:colcon.colcon_core.environment:create_environment_scripts_only(custom_interfaces)
[8.691s] Level 1:colcon.colcon_core.environment:checking '/home/cagla/fd_ws/install/custom_interfaces' for CMake module files
[8.691s] Level 1:colcon.colcon_core.environment:checking '/home/cagla/fd_ws/install/custom_interfaces' for CMake config files
[8.692s] Level 1:colcon.colcon_core.shell:create_environment_hook('custom_interfaces', 'cmake_prefix_path')
[8.692s] INFO:colcon.colcon_core.shell:Creating environment hook '/home/cagla/fd_ws/install/custom_interfaces/share/custom_interfaces/hook/cmake_prefix_path.ps1'
[8.692s] INFO:colcon.colcon_core.shell:Creating environment descriptor '/home/cagla/fd_ws/install/custom_interfaces/share/custom_interfaces/hook/cmake_prefix_path.dsv'
[8.693s] INFO:colcon.colcon_core.shell:Creating environment hook '/home/cagla/fd_ws/install/custom_interfaces/share/custom_interfaces/hook/cmake_prefix_path.sh'
[8.693s] Level 1:colcon.colcon_core.environment:checking '/home/cagla/fd_ws/install/custom_interfaces/lib'
[8.693s] Level 1:colcon.colcon_core.shell:create_environment_hook('custom_interfaces', 'ld_library_path_lib')
[8.694s] INFO:colcon.colcon_core.shell:Creating environment hook '/home/cagla/fd_ws/install/custom_interfaces/share/custom_interfaces/hook/ld_library_path_lib.ps1'
[8.695s] INFO:colcon.colcon_core.shell:Creating environment descriptor '/home/cagla/fd_ws/install/custom_interfaces/share/custom_interfaces/hook/ld_library_path_lib.dsv'
[8.696s] INFO:colcon.colcon_core.shell:Creating environment hook '/home/cagla/fd_ws/install/custom_interfaces/share/custom_interfaces/hook/ld_library_path_lib.sh'
[8.698s] Level 1:colcon.colcon_core.environment:checking '/home/cagla/fd_ws/install/custom_interfaces/bin'
[8.698s] Level 1:colcon.colcon_core.environment:checking '/home/cagla/fd_ws/install/custom_interfaces/lib/pkgconfig/custom_interfaces.pc'
[8.698s] Level 1:colcon.colcon_core.environment:checking '/home/cagla/fd_ws/install/custom_interfaces/lib/python3.10/site-packages'
[8.698s] Level 1:colcon.colcon_core.environment:checking '/home/cagla/fd_ws/install/custom_interfaces/bin'
[8.699s] INFO:colcon.colcon_core.shell:Creating package script '/home/cagla/fd_ws/install/custom_interfaces/share/custom_interfaces/package.ps1'
[8.699s] INFO:colcon.colcon_core.shell:Creating package descriptor '/home/cagla/fd_ws/install/custom_interfaces/share/custom_interfaces/package.dsv'
[8.700s] INFO:colcon.colcon_core.shell:Creating package script '/home/cagla/fd_ws/install/custom_interfaces/share/custom_interfaces/package.sh'
[8.700s] INFO:colcon.colcon_core.shell:Creating package script '/home/cagla/fd_ws/install/custom_interfaces/share/custom_interfaces/package.bash'
[8.701s] INFO:colcon.colcon_core.shell:Creating package script '/home/cagla/fd_ws/install/custom_interfaces/share/custom_interfaces/package.zsh'
[8.701s] Level 1:colcon.colcon_core.environment:create_file_with_runtime_dependencies(/home/cagla/fd_ws/install/custom_interfaces/share/colcon-core/packages/custom_interfaces)
[8.702s] INFO:colcon.colcon_ros.task.ament_python.build:Building ROS package in '/home/cagla/fd_ws/src/srv_turtle' with build type 'ament_python'
[8.702s] Level 1:colcon.colcon_core.shell:create_environment_hook('srv_turtle', 'ament_prefix_path')
[8.703s] INFO:colcon.colcon_core.shell:Creating environment hook '/home/cagla/fd_ws/install/srv_turtle/share/srv_turtle/hook/ament_prefix_path.ps1'
[8.704s] INFO:colcon.colcon_core.shell:Creating environment descriptor '/home/cagla/fd_ws/install/srv_turtle/share/srv_turtle/hook/ament_prefix_path.dsv'
[8.704s] INFO:colcon.colcon_core.shell:Creating environment hook '/home/cagla/fd_ws/install/srv_turtle/share/srv_turtle/hook/ament_prefix_path.sh'
[8.706s] INFO:colcon.colcon_core.shell:Skip shell extension 'powershell' for command environment: Not usable outside of PowerShell
[8.706s] DEBUG:colcon.colcon_core.shell:Skip shell extension 'dsv' for command environment
[9.036s] INFO:colcon.colcon_core.task.python.build:Building Python package in '/home/cagla/fd_ws/src/srv_turtle'
[9.037s] INFO:colcon.colcon_core.shell:Skip shell extension 'powershell' for command environment: Not usable outside of PowerShell
[9.037s] DEBUG:colcon.colcon_core.shell:Skip shell extension 'dsv' for command environment
[9.480s] DEBUG:colcon.colcon_core.event_handler.log_command:Invoking command in '/home/cagla/fd_ws/src/srv_turtle': PYTHONPATH=/home/cagla/fd_ws/build/srv_turtle/prefix_override:/usr/lib/python3/dist-packages/colcon_core/task/python/colcon_distutils_commands:/home/cagla/fd_ws/install/srv_turtle/lib/python3.10/site-packages:${PYTHONPATH} /usr/bin/python3 -W ignore:setup.py install is deprecated setup.py egg_info --egg-base ../../build/srv_turtle build --build-base /home/cagla/fd_ws/build/srv_turtle/build install --record /home/cagla/fd_ws/build/srv_turtle/install.log --single-version-externally-managed install_data
[9.876s] Level 1:colcon.colcon_core.environment:checking '/home/cagla/fd_ws/install/srv_turtle' for CMake module files
[9.877s] Level 1:colcon.colcon_core.environment:checking '/home/cagla/fd_ws/install/srv_turtle' for CMake config files
[9.878s] Level 1:colcon.colcon_core.environment:checking '/home/cagla/fd_ws/install/srv_turtle/lib'
[9.878s] Level 1:colcon.colcon_core.environment:checking '/home/cagla/fd_ws/install/srv_turtle/bin'
[9.878s] Level 1:colcon.colcon_core.environment:checking '/home/cagla/fd_ws/install/srv_turtle/lib/pkgconfig/srv_turtle.pc'
[9.878s] Level 1:colcon.colcon_core.environment:checking '/home/cagla/fd_ws/install/srv_turtle/lib/python3.10/site-packages'
[9.878s] Level 1:colcon.colcon_core.shell:create_environment_hook('srv_turtle', 'pythonpath')
[9.878s] INFO:colcon.colcon_core.shell:Creating environment hook '/home/cagla/fd_ws/install/srv_turtle/share/srv_turtle/hook/pythonpath.ps1'
[9.879s] INFO:colcon.colcon_core.shell:Creating environment descriptor '/home/cagla/fd_ws/install/srv_turtle/share/srv_turtle/hook/pythonpath.dsv'
[9.879s] INFO:colcon.colcon_core.shell:Creating environment hook '/home/cagla/fd_ws/install/srv_turtle/share/srv_turtle/hook/pythonpath.sh'
[9.880s] DEBUG:colcon.colcon_core.event_handler.log_command:Invoked command in '/home/cagla/fd_ws/src/srv_turtle' returned '0': PYTHONPATH=/home/cagla/fd_ws/build/srv_turtle/prefix_override:/usr/lib/python3/dist-packages/colcon_core/task/python/colcon_distutils_commands:/home/cagla/fd_ws/install/srv_turtle/lib/python3.10/site-packages:${PYTHONPATH} /usr/bin/python3 -W ignore:setup.py install is deprecated setup.py egg_info --egg-base ../../build/srv_turtle build --build-base /home/cagla/fd_ws/build/srv_turtle/build install --record /home/cagla/fd_ws/build/srv_turtle/install.log --single-version-externally-managed install_data
[9.881s] Level 1:colcon.colcon_core.environment:checking '/home/cagla/fd_ws/install/srv_turtle/bin'
[9.881s] Level 1:colcon.colcon_core.environment:create_environment_scripts_only(srv_turtle)
[9.881s] INFO:colcon.colcon_core.shell:Creating package script '/home/cagla/fd_ws/install/srv_turtle/share/srv_turtle/package.ps1'
[9.882s] INFO:colcon.colcon_core.shell:Creating package descriptor '/home/cagla/fd_ws/install/srv_turtle/share/srv_turtle/package.dsv'
[9.883s] INFO:colcon.colcon_core.shell:Creating package script '/home/cagla/fd_ws/install/srv_turtle/share/srv_turtle/package.sh'
[9.884s] INFO:colcon.colcon_core.shell:Creating package script '/home/cagla/fd_ws/install/srv_turtle/share/srv_turtle/package.bash'
[9.884s] INFO:colcon.colcon_core.shell:Creating package script '/home/cagla/fd_ws/install/srv_turtle/share/srv_turtle/package.zsh'
[9.884s] Level 1:colcon.colcon_core.environment:create_file_with_runtime_dependencies(/home/cagla/fd_ws/install/srv_turtle/share/colcon-core/packages/srv_turtle)
[9.885s] DEBUG:colcon.colcon_parallel_executor.executor.parallel:closing loop
[9.885s] DEBUG:colcon.colcon_parallel_executor.executor.parallel:loop closed
[9.885s] DEBUG:colcon.colcon_parallel_executor.executor.parallel:run_until_complete finished with '0'
[9.885s] DEBUG:colcon.colcon_core.event_reactor:joining thread
[9.898s] INFO:colcon.colcon_core.plugin_system:Skipping extension 'colcon_notification.desktop_notification.terminal_notifier': Not used on non-Darwin systems
[9.899s] INFO:colcon.colcon_core.plugin_system:Skipping extension 'colcon_notification.desktop_notification.win32': Not used on non-Windows systems
[9.899s] INFO:colcon.colcon_notification.desktop_notification:Sending desktop notification using 'notify2'
[9.938s] DEBUG:colcon.colcon_core.event_reactor:joined thread
[9.939s] INFO:colcon.colcon_core.shell:Creating prefix script '/home/cagla/fd_ws/install/local_setup.ps1'
[9.940s] INFO:colcon.colcon_core.shell:Creating prefix util module '/home/cagla/fd_ws/install/_local_setup_util_ps1.py'
[9.941s] INFO:colcon.colcon_core.shell:Creating prefix chain script '/home/cagla/fd_ws/install/setup.ps1'
[9.942s] INFO:colcon.colcon_core.shell:Creating prefix script '/home/cagla/fd_ws/install/local_setup.sh'
[9.943s] INFO:colcon.colcon_core.shell:Creating prefix util module '/home/cagla/fd_ws/install/_local_setup_util_sh.py'
[9.943s] INFO:colcon.colcon_core.shell:Creating prefix chain script '/home/cagla/fd_ws/install/setup.sh'
[9.945s] INFO:colcon.colcon_core.shell:Creating prefix script '/home/cagla/fd_ws/install/local_setup.bash'
[9.948s] INFO:colcon.colcon_core.shell:Creating prefix chain script '/home/cagla/fd_ws/install/setup.bash'
[9.951s] INFO:colcon.colcon_core.shell:Creating prefix script '/home/cagla/fd_ws/install/local_setup.zsh'
[9.952s] INFO:colcon.colcon_core.shell:Creating prefix chain script '/home/cagla/fd_ws/install/setup.zsh'
