[0.092s] DEBUG:colcon:Command line arguments: ['/usr/bin/colcon', 'build']
[0.092s] DEBUG:colcon:Parsed command line arguments: Namespace(log_base=None, log_level=None, verb_name='build', build_base='build', install_base='install', merge_install=False, symlink_install=False, test_result_base=None, continue_on_error=False, executor='parallel', parallel_workers=2, event_handlers=None, ignore_user_meta=False, metas=['./colcon.meta'], base_paths=['.'], packages_ignore=None, packages_ignore_regex=None, paths=None, packages_up_to=None, packages_up_to_regex=None, packages_above=None, packages_above_and_dependencies=None, packages_above_depth=None, packages_select_by_dep=None, packages_skip_by_dep=None, packages_skip_up_to=None, packages_select_build_failed=False, packages_skip_build_finished=False, packages_select_test_failures=False, packages_skip_test_passed=False, packages_select=None, packages_skip=None, packages_select_regex=None, packages_skip_regex=None, packages_start=None, packages_end=None, allow_overriding=[], cmake_args=None, cmake_target=None, cmake_target_skip_unavailable=False, cmake_clean_cache=False, cmake_clean_first=False, cmake_force_configure=False, ament_cmake_args=None, catkin_cmake_args=None, catkin_skip_building_tests=False, mixin_files=None, mixin=None, verb_parser=<colcon_mixin.mixin.mixin_argument.MixinArgumentDecorator object at 0x7d9e8b92a260>, verb_extension=<colcon_core.verb.build.BuildVerb object at 0x7d9e8ba2e890>, main=<bound method BuildVerb.main of <colcon_core.verb.build.BuildVerb object at 0x7d9e8ba2e890>>, mixin_verb=('build',))
[0.229s] Level 1:colcon.colcon_core.package_discovery:discover_packages(colcon_meta) check parameters
[0.229s] Level 1:colcon.colcon_core.package_discovery:discover_packages(recursive) check parameters
[0.229s] Level 1:colcon.colcon_core.package_discovery:discover_packages(ignore) check parameters
[0.229s] Level 1:colcon.colcon_core.package_discovery:discover_packages(path) check parameters
[0.229s] Level 1:colcon.colcon_core.package_discovery:discover_packages(colcon_meta) discover
[0.229s] Level 1:colcon.colcon_core.package_discovery:discover_packages(recursive) discover
[0.230s] INFO:colcon.colcon_core.package_discovery:Crawling recursively for packages in '/home/cagla/fd_ws'
[0.230s] Level 1:colcon.colcon_core.package_identification:_identify(.) by extensions ['ignore', 'ignore_ament_install']
[0.230s] Level 1:colcon.colcon_core.package_identification:_identify(.) by extension 'ignore'
[0.230s] Level 1:colcon.colcon_core.package_identification:_identify(.) by extension 'ignore_ament_install'
[0.230s] Level 1:colcon.colcon_core.package_identification:_identify(.) by extensions ['colcon_pkg']
[0.230s] Level 1:colcon.colcon_core.package_identification:_identify(.) by extension 'colcon_pkg'
[0.230s] Level 1:colcon.colcon_core.package_identification:_identify(.) by extensions ['colcon_meta']
[0.230s] Level 1:colcon.colcon_core.package_identification:_identify(.) by extension 'colcon_meta'
[0.230s] Level 1:colcon.colcon_core.package_identification:_identify(.) by extensions ['ros']
[0.230s] Level 1:colcon.colcon_core.package_identification:_identify(.) by extension 'ros'
[0.239s] Level 1:colcon.colcon_core.package_identification:_identify(.) by extensions ['cmake', 'python']
[0.239s] Level 1:colcon.colcon_core.package_identification:_identify(.) by extension 'cmake'
[0.239s] Level 1:colcon.colcon_core.package_identification:_identify(.) by extension 'python'
[0.239s] Level 1:colcon.colcon_core.package_identification:_identify(.) by extensions ['python_setup_py']
[0.239s] Level 1:colcon.colcon_core.package_identification:_identify(.) by extension 'python_setup_py'
[0.240s] Level 1:colcon.colcon_core.package_identification:_identify(build) by extensions ['ignore', 'ignore_ament_install']
[0.240s] Level 1:colcon.colcon_core.package_identification:_identify(build) by extension 'ignore'
[0.240s] Level 1:colcon.colcon_core.package_identification:_identify(build) ignored
[0.240s] Level 1:colcon.colcon_core.package_identification:_identify(install) by extensions ['ignore', 'ignore_ament_install']
[0.240s] Level 1:colcon.colcon_core.package_identification:_identify(install) by extension 'ignore'
[0.240s] Level 1:colcon.colcon_core.package_identification:_identify(install) ignored
[0.240s] Level 1:colcon.colcon_core.package_identification:_identify(log) by extensions ['ignore', 'ignore_ament_install']
[0.240s] Level 1:colcon.colcon_core.package_identification:_identify(log) by extension 'ignore'
[0.240s] Level 1:colcon.colcon_core.package_identification:_identify(log) ignored
[0.240s] Level 1:colcon.colcon_core.package_identification:_identify(src) by extensions ['ignore', 'ignore_ament_install']
[0.240s] Level 1:colcon.colcon_core.package_identification:_identify(src) by extension 'ignore'
[0.240s] Level 1:colcon.colcon_core.package_identification:_identify(src) by extension 'ignore_ament_install'
[0.240s] Level 1:colcon.colcon_core.package_identification:_identify(src) by extensions ['colcon_pkg']
[0.240s] Level 1:colcon.colcon_core.package_identification:_identify(src) by extension 'colcon_pkg'
[0.240s] Level 1:colcon.colcon_core.package_identification:_identify(src) by extensions ['colcon_meta']
[0.240s] Level 1:colcon.colcon_core.package_identification:_identify(src) by extension 'colcon_meta'
[0.240s] Level 1:colcon.colcon_core.package_identification:_identify(src) by extensions ['ros']
[0.240s] Level 1:colcon.colcon_core.package_identification:_identify(src) by extension 'ros'
[0.241s] Level 1:colcon.colcon_core.package_identification:_identify(src) by extensions ['cmake', 'python']
[0.241s] Level 1:colcon.colcon_core.package_identification:_identify(src) by extension 'cmake'
[0.241s] Level 1:colcon.colcon_core.package_identification:_identify(src) by extension 'python'
[0.241s] Level 1:colcon.colcon_core.package_identification:_identify(src) by extensions ['python_setup_py']
[0.241s] Level 1:colcon.colcon_core.package_identification:_identify(src) by extension 'python_setup_py'
[0.241s] Level 1:colcon.colcon_core.package_identification:_identify(src/custom_interfaces) by extensions ['ignore', 'ignore_ament_install']
[0.241s] Level 1:colcon.colcon_core.package_identification:_identify(src/custom_interfaces) by extension 'ignore'
[0.241s] Level 1:colcon.colcon_core.package_identification:_identify(src/custom_interfaces) by extension 'ignore_ament_install'
[0.241s] Level 1:colcon.colcon_core.package_identification:_identify(src/custom_interfaces) by extensions ['colcon_pkg']
[0.241s] Level 1:colcon.colcon_core.package_identification:_identify(src/custom_interfaces) by extension 'colcon_pkg'
[0.241s] Level 1:colcon.colcon_core.package_identification:_identify(src/custom_interfaces) by extensions ['colcon_meta']
[0.241s] Level 1:colcon.colcon_core.package_identification:_identify(src/custom_interfaces) by extension 'colcon_meta'
[0.241s] Level 1:colcon.colcon_core.package_identification:_identify(src/custom_interfaces) by extensions ['ros']
[0.241s] Level 1:colcon.colcon_core.package_identification:_identify(src/custom_interfaces) by extension 'ros'
[0.243s] DEBUG:colcon.colcon_core.package_identification:Package 'src/custom_interfaces' with type 'ros.ament_cmake' and name 'custom_interfaces'
[0.243s] Level 1:colcon.colcon_core.package_identification:_identify(src/srv_turtle) by extensions ['ignore', 'ignore_ament_install']
[0.243s] Level 1:colcon.colcon_core.package_identification:_identify(src/srv_turtle) by extension 'ignore'
[0.243s] Level 1:colcon.colcon_core.package_identification:_identify(src/srv_turtle) by extension 'ignore_ament_install'
[0.243s] Level 1:colcon.colcon_core.package_identification:_identify(src/srv_turtle) by extensions ['colcon_pkg']
[0.243s] Level 1:colcon.colcon_core.package_identification:_identify(src/srv_turtle) by extension 'colcon_pkg'
[0.243s] Level 1:colcon.colcon_core.package_identification:_identify(src/srv_turtle) by extensions ['colcon_meta']
[0.243s] Level 1:colcon.colcon_core.package_identification:_identify(src/srv_turtle) by extension 'colcon_meta'
[0.243s] Level 1:colcon.colcon_core.package_identification:_identify(src/srv_turtle) by extensions ['ros']
[0.243s] Level 1:colcon.colcon_core.package_identification:_identify(src/srv_turtle) by extension 'ros'
[0.244s] DEBUG:colcon.colcon_core.package_identification:Package 'src/srv_turtle' with type 'ros.ament_python' and name 'srv_turtle'
[0.244s] Level 1:colcon.colcon_core.package_discovery:discover_packages(recursive) using defaults
[0.244s] Level 1:colcon.colcon_core.package_discovery:discover_packages(ignore) discover
[0.244s] Level 1:colcon.colcon_core.package_discovery:discover_packages(ignore) using defaults
[0.244s] Level 1:colcon.colcon_core.package_discovery:discover_packages(path) discover
[0.244s] Level 1:colcon.colcon_core.package_discovery:discover_packages(path) using defaults
[0.263s] Level 1:colcon.colcon_core.package_discovery:discover_packages(prefix_path) check parameters
[0.263s] Level 1:colcon.colcon_core.package_discovery:discover_packages(prefix_path) discover
[0.265s] DEBUG:colcon.colcon_installed_package_information.package_discovery:Found 2 installed packages in /home/cagla/fd_ws/install
[0.265s] DEBUG:colcon.colcon_installed_package_information.package_discovery:Found 1 installed packages in /home/cagla/ros2_ws/install
[0.266s] DEBUG:colcon.colcon_installed_package_information.package_discovery:Found 293 installed packages in /opt/ros/humble
[0.278s] Level 1:colcon.colcon_core.package_discovery:discover_packages(prefix_path) using defaults
[0.319s] Level 5:colcon.colcon_core.verb:set package 'custom_interfaces' build argument 'cmake_args' from command line to 'None'
[0.319s] Level 5:colcon.colcon_core.verb:set package 'custom_interfaces' build argument 'cmake_target' from command line to 'None'
[0.319s] Level 5:colcon.colcon_core.verb:set package 'custom_interfaces' build argument 'cmake_target_skip_unavailable' from command line to 'False'
[0.319s] Level 5:colcon.colcon_core.verb:set package 'custom_interfaces' build argument 'cmake_clean_cache' from command line to 'False'
[0.319s] Level 5:colcon.colcon_core.verb:set package 'custom_interfaces' build argument 'cmake_clean_first' from command line to 'False'
[0.319s] Level 5:colcon.colcon_core.verb:set package 'custom_interfaces' build argument 'cmake_force_configure' from command line to 'False'
[0.319s] Level 5:colcon.colcon_core.verb:set package 'custom_interfaces' build argument 'ament_cmake_args' from command line to 'None'
[0.319s] Level 5:colcon.colcon_core.verb:set package 'custom_interfaces' build argument 'catkin_cmake_args' from command line to 'None'
[0.319s] Level 5:colcon.colcon_core.verb:set package 'custom_interfaces' build argument 'catkin_skip_building_tests' from command line to 'False'
[0.319s] DEBUG:colcon.colcon_core.verb:Building package 'custom_interfaces' with the following arguments: {'ament_cmake_args': None, 'build_base': '/home/cagla/fd_ws/build/custom_interfaces', 'catkin_cmake_args': None, 'catkin_skip_building_tests': False, 'cmake_args': None, 'cmake_clean_cache': False, 'cmake_clean_first': False, 'cmake_force_configure': False, 'cmake_target': None, 'cmake_target_skip_unavailable': False, 'install_base': '/home/cagla/fd_ws/install/custom_interfaces', 'merge_install': False, 'path': '/home/cagla/fd_ws/src/custom_interfaces', 'symlink_install': False, 'test_result_base': None}
[0.319s] Level 5:colcon.colcon_core.verb:set package 'srv_turtle' build argument 'cmake_args' from command line to 'None'
[0.319s] Level 5:colcon.colcon_core.verb:set package 'srv_turtle' build argument 'cmake_target' from command line to 'None'
[0.320s] Level 5:colcon.colcon_core.verb:set package 'srv_turtle' build argument 'cmake_target_skip_unavailable' from command line to 'False'
[0.320s] Level 5:colcon.colcon_core.verb:set package 'srv_turtle' build argument 'cmake_clean_cache' from command line to 'False'
[0.320s] Level 5:colcon.colcon_core.verb:set package 'srv_turtle' build argument 'cmake_clean_first' from command line to 'False'
[0.320s] Level 5:colcon.colcon_core.verb:set package 'srv_turtle' build argument 'cmake_force_configure' from command line to 'False'
[0.320s] Level 5:colcon.colcon_core.verb:set package 'srv_turtle' build argument 'ament_cmake_args' from command line to 'None'
[0.320s] Level 5:colcon.colcon_core.verb:set package 'srv_turtle' build argument 'catkin_cmake_args' from command line to 'None'
[0.320s] Level 5:colcon.colcon_core.verb:set package 'srv_turtle' build argument 'catkin_skip_building_tests' from command line to 'False'
[0.320s] DEBUG:colcon.colcon_core.verb:Building package 'srv_turtle' with the following arguments: {'ament_cmake_args': None, 'build_base': '/home/cagla/fd_ws/build/srv_turtle', 'catkin_cmake_args': None, 'catkin_skip_building_tests': False, 'cmake_args': None, 'cmake_clean_cache': False, 'cmake_clean_first': False, 'cmake_force_configure': False, 'cmake_target': None, 'cmake_target_skip_unavailable': False, 'install_base': '/home/cagla/fd_ws/install/srv_turtle', 'merge_install': False, 'path': '/home/cagla/fd_ws/src/srv_turtle', 'symlink_install': False, 'test_result_base': None}
[0.320s] INFO:colcon.colcon_core.executor:Executing jobs using 'parallel' executor
[0.327s] DEBUG:colcon.colcon_parallel_executor.executor.parallel:run_until_complete
[0.327s] INFO:colcon.colcon_ros.task.ament_cmake.build:Building ROS package in '/home/cagla/fd_ws/src/custom_interfaces' with build type 'ament_cmake'
[0.327s] INFO:colcon.colcon_cmake.task.cmake.build:Building CMake package in '/home/cagla/fd_ws/src/custom_interfaces'
[0.330s] INFO:colcon.colcon_core.plugin_system:Skipping extension 'colcon_core.shell.bat': Not used on non-Windows systems
[0.331s] INFO:colcon.colcon_core.shell:Skip shell extension 'powershell' for command environment: Not usable outside of PowerShell
[0.331s] DEBUG:colcon.colcon_core.shell:Skip shell extension 'dsv' for command environment
[0.343s] DEBUG:colcon.colcon_core.event_handler.log_command:Invoking command in '/home/cagla/fd_ws/build/custom_interfaces': CMAKE_PREFIX_PATH=${CMAKE_PREFIX_PATH}:/home/cagla/fd_ws/install/srv_turtle:/home/cagla/ros2_ws/install/my_robot_controller:/opt/ros/humble /usr/bin/cmake --build /home/cagla/fd_ws/build/custom_interfaces -- -j2 -l2
[0.950s] DEBUG:colcon.colcon_core.event_handler.log_command:Invoked command in '/home/cagla/fd_ws/build/custom_interfaces' returned '0': CMAKE_PREFIX_PATH=${CMAKE_PREFIX_PATH}:/home/cagla/fd_ws/install/srv_turtle:/home/cagla/ros2_ws/install/my_robot_controller:/opt/ros/humble /usr/bin/cmake --build /home/cagla/fd_ws/build/custom_interfaces -- -j2 -l2
[1.016s] DEBUG:colcon.colcon_core.event_handler.log_command:Invoking command in '/home/cagla/fd_ws/build/custom_interfaces': CMAKE_PREFIX_PATH=${CMAKE_PREFIX_PATH}:/home/cagla/fd_ws/install/srv_turtle:/home/cagla/ros2_ws/install/my_robot_controller:/opt/ros/humble /usr/bin/cmake --install /home/cagla/fd_ws/build/custom_interfaces
[1.064s] Level 1:colcon.colcon_core.environment:create_environment_scripts_only(custom_interfaces)
[1.065s] DEBUG:colcon.colcon_core.event_handler.log_command:Invoked command in '/home/cagla/fd_ws/build/custom_interfaces' returned '0': CMAKE_PREFIX_PATH=${CMAKE_PREFIX_PATH}:/home/cagla/fd_ws/install/srv_turtle:/home/cagla/ros2_ws/install/my_robot_controller:/opt/ros/humble /usr/bin/cmake --install /home/cagla/fd_ws/build/custom_interfaces
[1.067s] Level 1:colcon.colcon_core.environment:checking '/home/cagla/fd_ws/install/custom_interfaces' for CMake module files
[1.067s] Level 1:colcon.colcon_core.environment:checking '/home/cagla/fd_ws/install/custom_interfaces' for CMake config files
[1.067s] Level 1:colcon.colcon_core.shell:create_environment_hook('custom_interfaces', 'cmake_prefix_path')
[1.067s] INFO:colcon.colcon_core.shell:Creating environment hook '/home/cagla/fd_ws/install/custom_interfaces/share/custom_interfaces/hook/cmake_prefix_path.ps1'
[1.068s] INFO:colcon.colcon_core.shell:Creating environment descriptor '/home/cagla/fd_ws/install/custom_interfaces/share/custom_interfaces/hook/cmake_prefix_path.dsv'
[1.069s] INFO:colcon.colcon_core.shell:Creating environment hook '/home/cagla/fd_ws/install/custom_interfaces/share/custom_interfaces/hook/cmake_prefix_path.sh'
[1.069s] Level 1:colcon.colcon_core.environment:checking '/home/cagla/fd_ws/install/custom_interfaces/lib'
[1.070s] Level 1:colcon.colcon_core.shell:create_environment_hook('custom_interfaces', 'ld_library_path_lib')
[1.070s] INFO:colcon.colcon_core.shell:Creating environment hook '/home/cagla/fd_ws/install/custom_interfaces/share/custom_interfaces/hook/ld_library_path_lib.ps1'
[1.070s] INFO:colcon.colcon_core.shell:Creating environment descriptor '/home/cagla/fd_ws/install/custom_interfaces/share/custom_interfaces/hook/ld_library_path_lib.dsv'
[1.070s] INFO:colcon.colcon_core.shell:Creating environment hook '/home/cagla/fd_ws/install/custom_interfaces/share/custom_interfaces/hook/ld_library_path_lib.sh'
[1.071s] Level 1:colcon.colcon_core.environment:checking '/home/cagla/fd_ws/install/custom_interfaces/bin'
[1.071s] Level 1:colcon.colcon_core.environment:checking '/home/cagla/fd_ws/install/custom_interfaces/lib/pkgconfig/custom_interfaces.pc'
[1.071s] Level 1:colcon.colcon_core.environment:checking '/home/cagla/fd_ws/install/custom_interfaces/lib/python3.10/site-packages'
[1.071s] Level 1:colcon.colcon_core.environment:checking '/home/cagla/fd_ws/install/custom_interfaces/bin'
[1.072s] INFO:colcon.colcon_core.shell:Creating package script '/home/cagla/fd_ws/install/custom_interfaces/share/custom_interfaces/package.ps1'
[1.072s] INFO:colcon.colcon_core.shell:Creating package descriptor '/home/cagla/fd_ws/install/custom_interfaces/share/custom_interfaces/package.dsv'
[1.073s] INFO:colcon.colcon_core.shell:Creating package script '/home/cagla/fd_ws/install/custom_interfaces/share/custom_interfaces/package.sh'
[1.074s] INFO:colcon.colcon_core.shell:Creating package script '/home/cagla/fd_ws/install/custom_interfaces/share/custom_interfaces/package.bash'
[1.074s] INFO:colcon.colcon_core.shell:Creating package script '/home/cagla/fd_ws/install/custom_interfaces/share/custom_interfaces/package.zsh'
[1.075s] Level 1:colcon.colcon_core.environment:create_file_with_runtime_dependencies(/home/cagla/fd_ws/install/custom_interfaces/share/colcon-core/packages/custom_interfaces)
[1.147s] Level 1:colcon.colcon_core.environment:create_environment_scripts_only(custom_interfaces)
[1.147s] Level 1:colcon.colcon_core.environment:checking '/home/cagla/fd_ws/install/custom_interfaces' for CMake module files
[1.148s] Level 1:colcon.colcon_core.environment:checking '/home/cagla/fd_ws/install/custom_interfaces' for CMake config files
[1.149s] Level 1:colcon.colcon_core.shell:create_environment_hook('custom_interfaces', 'cmake_prefix_path')
[1.149s] INFO:colcon.colcon_core.shell:Creating environment hook '/home/cagla/fd_ws/install/custom_interfaces/share/custom_interfaces/hook/cmake_prefix_path.ps1'
[1.151s] INFO:colcon.colcon_core.shell:Creating environment descriptor '/home/cagla/fd_ws/install/custom_interfaces/share/custom_interfaces/hook/cmake_prefix_path.dsv'
[1.152s] INFO:colcon.colcon_core.shell:Creating environment hook '/home/cagla/fd_ws/install/custom_interfaces/share/custom_interfaces/hook/cmake_prefix_path.sh'
[1.153s] Level 1:colcon.colcon_core.environment:checking '/home/cagla/fd_ws/install/custom_interfaces/lib'
[1.153s] Level 1:colcon.colcon_core.shell:create_environment_hook('custom_interfaces', 'ld_library_path_lib')
[1.153s] INFO:colcon.colcon_core.shell:Creating environment hook '/home/cagla/fd_ws/install/custom_interfaces/share/custom_interfaces/hook/ld_library_path_lib.ps1'
[1.156s] INFO:colcon.colcon_core.shell:Creating environment descriptor '/home/cagla/fd_ws/install/custom_interfaces/share/custom_interfaces/hook/ld_library_path_lib.dsv'
[1.159s] INFO:colcon.colcon_core.shell:Creating environment hook '/home/cagla/fd_ws/install/custom_interfaces/share/custom_interfaces/hook/ld_library_path_lib.sh'
[1.160s] Level 1:colcon.colcon_core.environment:checking '/home/cagla/fd_ws/install/custom_interfaces/bin'
[1.160s] Level 1:colcon.colcon_core.environment:checking '/home/cagla/fd_ws/install/custom_interfaces/lib/pkgconfig/custom_interfaces.pc'
[1.160s] Level 1:colcon.colcon_core.environment:checking '/home/cagla/fd_ws/install/custom_interfaces/lib/python3.10/site-packages'
[1.160s] Level 1:colcon.colcon_core.environment:checking '/home/cagla/fd_ws/install/custom_interfaces/bin'
[1.160s] INFO:colcon.colcon_core.shell:Creating package script '/home/cagla/fd_ws/install/custom_interfaces/share/custom_interfaces/package.ps1'
[1.161s] INFO:colcon.colcon_core.shell:Creating package descriptor '/home/cagla/fd_ws/install/custom_interfaces/share/custom_interfaces/package.dsv'
[1.161s] INFO:colcon.colcon_core.shell:Creating package script '/home/cagla/fd_ws/install/custom_interfaces/share/custom_interfaces/package.sh'
[1.162s] INFO:colcon.colcon_core.shell:Creating package script '/home/cagla/fd_ws/install/custom_interfaces/share/custom_interfaces/package.bash'
[1.162s] INFO:colcon.colcon_core.shell:Creating package script '/home/cagla/fd_ws/install/custom_interfaces/share/custom_interfaces/package.zsh'
[1.162s] Level 1:colcon.colcon_core.environment:create_file_with_runtime_dependencies(/home/cagla/fd_ws/install/custom_interfaces/share/colcon-core/packages/custom_interfaces)
[1.165s] INFO:colcon.colcon_ros.task.ament_python.build:Building ROS package in '/home/cagla/fd_ws/src/srv_turtle' with build type 'ament_python'
[1.165s] Level 1:colcon.colcon_core.shell:create_environment_hook('srv_turtle', 'ament_prefix_path')
[1.165s] INFO:colcon.colcon_core.shell:Creating environment hook '/home/cagla/fd_ws/install/srv_turtle/share/srv_turtle/hook/ament_prefix_path.ps1'
[1.166s] INFO:colcon.colcon_core.shell:Creating environment descriptor '/home/cagla/fd_ws/install/srv_turtle/share/srv_turtle/hook/ament_prefix_path.dsv'
[1.166s] INFO:colcon.colcon_core.shell:Creating environment hook '/home/cagla/fd_ws/install/srv_turtle/share/srv_turtle/hook/ament_prefix_path.sh'
[1.167s] INFO:colcon.colcon_core.shell:Skip shell extension 'powershell' for command environment: Not usable outside of PowerShell
[1.167s] DEBUG:colcon.colcon_core.shell:Skip shell extension 'dsv' for command environment
[1.535s] INFO:colcon.colcon_core.task.python.build:Building Python package in '/home/cagla/fd_ws/src/srv_turtle'
[1.536s] INFO:colcon.colcon_core.shell:Skip shell extension 'powershell' for command environment: Not usable outside of PowerShell
[1.536s] DEBUG:colcon.colcon_core.shell:Skip shell extension 'dsv' for command environment
[2.001s] DEBUG:colcon.colcon_core.event_handler.log_command:Invoking command in '/home/cagla/fd_ws/src/srv_turtle': PYTHONPATH=/home/cagla/fd_ws/build/srv_turtle/prefix_override:/usr/lib/python3/dist-packages/colcon_core/task/python/colcon_distutils_commands:/home/cagla/fd_ws/install/srv_turtle/lib/python3.10/site-packages:${PYTHONPATH} /usr/bin/python3 -W ignore:setup.py install is deprecated setup.py egg_info --egg-base ../../build/srv_turtle build --build-base /home/cagla/fd_ws/build/srv_turtle/build install --record /home/cagla/fd_ws/build/srv_turtle/install.log --single-version-externally-managed install_data
[2.350s] Level 1:colcon.colcon_core.environment:checking '/home/cagla/fd_ws/install/srv_turtle' for CMake module files
[2.350s] DEBUG:colcon.colcon_core.event_handler.log_command:Invoked command in '/home/cagla/fd_ws/src/srv_turtle' returned '0': PYTHONPATH=/home/cagla/fd_ws/build/srv_turtle/prefix_override:/usr/lib/python3/dist-packages/colcon_core/task/python/colcon_distutils_commands:/home/cagla/fd_ws/install/srv_turtle/lib/python3.10/site-packages:${PYTHONPATH} /usr/bin/python3 -W ignore:setup.py install is deprecated setup.py egg_info --egg-base ../../build/srv_turtle build --build-base /home/cagla/fd_ws/build/srv_turtle/build install --record /home/cagla/fd_ws/build/srv_turtle/install.log --single-version-externally-managed install_data
[2.351s] Level 1:colcon.colcon_core.environment:checking '/home/cagla/fd_ws/install/srv_turtle' for CMake config files
[2.351s] Level 1:colcon.colcon_core.environment:checking '/home/cagla/fd_ws/install/srv_turtle/lib'
[2.351s] Level 1:colcon.colcon_core.environment:checking '/home/cagla/fd_ws/install/srv_turtle/bin'
[2.352s] Level 1:colcon.colcon_core.environment:checking '/home/cagla/fd_ws/install/srv_turtle/lib/pkgconfig/srv_turtle.pc'
[2.352s] Level 1:colcon.colcon_core.environment:checking '/home/cagla/fd_ws/install/srv_turtle/lib/python3.10/site-packages'
[2.352s] Level 1:colcon.colcon_core.shell:create_environment_hook('srv_turtle', 'pythonpath')
[2.353s] INFO:colcon.colcon_core.shell:Creating environment hook '/home/cagla/fd_ws/install/srv_turtle/share/srv_turtle/hook/pythonpath.ps1'
[2.353s] INFO:colcon.colcon_core.shell:Creating environment descriptor '/home/cagla/fd_ws/install/srv_turtle/share/srv_turtle/hook/pythonpath.dsv'
[2.353s] INFO:colcon.colcon_core.shell:Creating environment hook '/home/cagla/fd_ws/install/srv_turtle/share/srv_turtle/hook/pythonpath.sh'
[2.354s] Level 1:colcon.colcon_core.environment:checking '/home/cagla/fd_ws/install/srv_turtle/bin'
[2.354s] Level 1:colcon.colcon_core.environment:create_environment_scripts_only(srv_turtle)
[2.354s] INFO:colcon.colcon_core.shell:Creating package script '/home/cagla/fd_ws/install/srv_turtle/share/srv_turtle/package.ps1'
[2.355s] INFO:colcon.colcon_core.shell:Creating package descriptor '/home/cagla/fd_ws/install/srv_turtle/share/srv_turtle/package.dsv'
[2.356s] INFO:colcon.colcon_core.shell:Creating package script '/home/cagla/fd_ws/install/srv_turtle/share/srv_turtle/package.sh'
[2.356s] INFO:colcon.colcon_core.shell:Creating package script '/home/cagla/fd_ws/install/srv_turtle/share/srv_turtle/package.bash'
[2.357s] INFO:colcon.colcon_core.shell:Creating package script '/home/cagla/fd_ws/install/srv_turtle/share/srv_turtle/package.zsh'
[2.357s] Level 1:colcon.colcon_core.environment:create_file_with_runtime_dependencies(/home/cagla/fd_ws/install/srv_turtle/share/colcon-core/packages/srv_turtle)
[2.358s] DEBUG:colcon.colcon_parallel_executor.executor.parallel:closing loop
[2.358s] DEBUG:colcon.colcon_parallel_executor.executor.parallel:loop closed
[2.358s] DEBUG:colcon.colcon_parallel_executor.executor.parallel:run_until_complete finished with '0'
[2.358s] DEBUG:colcon.colcon_core.event_reactor:joining thread
[2.368s] INFO:colcon.colcon_core.plugin_system:Skipping extension 'colcon_notification.desktop_notification.terminal_notifier': Not used on non-Darwin systems
[2.368s] INFO:colcon.colcon_core.plugin_system:Skipping extension 'colcon_notification.desktop_notification.win32': Not used on non-Windows systems
[2.368s] INFO:colcon.colcon_notification.desktop_notification:Sending desktop notification using 'notify2'
[2.392s] DEBUG:colcon.colcon_core.event_reactor:joined thread
[2.392s] INFO:colcon.colcon_core.shell:Creating prefix script '/home/cagla/fd_ws/install/local_setup.ps1'
[2.394s] INFO:colcon.colcon_core.shell:Creating prefix util module '/home/cagla/fd_ws/install/_local_setup_util_ps1.py'
[2.399s] INFO:colcon.colcon_core.shell:Creating prefix chain script '/home/cagla/fd_ws/install/setup.ps1'
[2.403s] INFO:colcon.colcon_core.shell:Creating prefix script '/home/cagla/fd_ws/install/local_setup.sh'
[2.406s] INFO:colcon.colcon_core.shell:Creating prefix util module '/home/cagla/fd_ws/install/_local_setup_util_sh.py'
[2.406s] INFO:colcon.colcon_core.shell:Creating prefix chain script '/home/cagla/fd_ws/install/setup.sh'
[2.407s] INFO:colcon.colcon_core.shell:Creating prefix script '/home/cagla/fd_ws/install/local_setup.bash'
[2.410s] INFO:colcon.colcon_core.shell:Creating prefix chain script '/home/cagla/fd_ws/install/setup.bash'
[2.411s] INFO:colcon.colcon_core.shell:Creating prefix script '/home/cagla/fd_ws/install/local_setup.zsh'
[2.414s] INFO:colcon.colcon_core.shell:Creating prefix chain script '/home/cagla/fd_ws/install/setup.zsh'
