[0.935s] Invoking command in '/home/cagla/ros2_ws/src/my_robot_controller': PYTHONPATH=/home/cagla/ros2_ws/build/my_robot_controller/prefix_override:/usr/lib/python3/dist-packages/colcon_core/task/python/colcon_distutils_commands:/home/cagla/ros2_ws/install/my_robot_controller/lib/python3.10/site-packages:${PYTHONPATH} /usr/bin/python3 -W ignore:setup.py install is deprecated setup.py egg_info --egg-base ../../build/my_robot_controller build --build-base /home/cagla/ros2_ws/build/my_robot_controller/build install --record /home/cagla/ros2_ws/build/my_robot_controller/install.log --single-version-externally-managed install_data
[1.243s] running egg_info
[1.244s] writing ../../build/my_robot_controller/my_robot_controller.egg-info/PKG-INFO
[1.245s] writing dependency_links to ../../build/my_robot_controller/my_robot_controller.egg-info/dependency_links.txt
[1.245s] writing entry points to ../../build/my_robot_controller/my_robot_controller.egg-info/entry_points.txt
[1.245s] writing requirements to ../../build/my_robot_controller/my_robot_controller.egg-info/requires.txt
[1.245s] writing top-level names to ../../build/my_robot_controller/my_robot_controller.egg-info/top_level.txt
[1.245s] reading manifest file '../../build/my_robot_controller/my_robot_controller.egg-info/SOURCES.txt'
[1.249s] writing manifest file '../../build/my_robot_controller/my_robot_controller.egg-info/SOURCES.txt'
[1.249s] running build
[1.249s] running build_py
[1.249s] running install
[1.249s] running install_lib
[1.249s] running install_data
[1.249s] running install_egg_info
[1.251s] removing '/home/cagla/ros2_ws/install/my_robot_controller/lib/python3.10/site-packages/my_robot_controller-0.0.0-py3.10.egg-info' (and everything under it)
[1.253s] Copying ../../build/my_robot_controller/my_robot_controller.egg-info to /home/cagla/ros2_ws/install/my_robot_controller/lib/python3.10/site-packages/my_robot_controller-0.0.0-py3.10.egg-info
[1.253s] running install_scripts
[1.278s] Installing draw_circle script to /home/cagla/ros2_ws/install/my_robot_controller/lib/my_robot_controller
[1.278s] Installing pose_subscriber script to /home/cagla/ros2_ws/install/my_robot_controller/lib/my_robot_controller
[1.279s] Installing test_node script to /home/cagla/ros2_ws/install/my_robot_controller/lib/my_robot_controller
[1.279s] Installing turtle_controller script to /home/cagla/ros2_ws/install/my_robot_controller/lib/my_robot_controller
[1.279s] writing list of installed files to '/home/cagla/ros2_ws/build/my_robot_controller/install.log'
[1.307s] Invoked command in '/home/cagla/ros2_ws/src/my_robot_controller' returned '0': PYTHONPATH=/home/cagla/ros2_ws/build/my_robot_controller/prefix_override:/usr/lib/python3/dist-packages/colcon_core/task/python/colcon_distutils_commands:/home/cagla/ros2_ws/install/my_robot_controller/lib/python3.10/site-packages:${PYTHONPATH} /usr/bin/python3 -W ignore:setup.py install is deprecated setup.py egg_info --egg-base ../../build/my_robot_controller build --build-base /home/cagla/ros2_ws/build/my_robot_controller/build install --record /home/cagla/ros2_ws/build/my_robot_controller/install.log --single-version-externally-managed install_data
