[0.015s] Invoking command in '/home/cagla/fd_ws/build/custom_interfaces': CMAKE_PREFIX_PATH=${CMAKE_PREFIX_PATH}:/home/cagla/fd_ws/install/srv_turtle:/home/cagla/ros2_ws/install/my_robot_controller:/opt/ros/humble /usr/bin/cmake --build /home/cagla/fd_ws/build/custom_interfaces -- -j2 -l2
[0.070s] -- Found ament_cmake: 1.3.10 (/opt/ros/humble/share/ament_cmake/cmake)
[0.273s] -- Found geometry_msgs: 4.2.4 (/opt/ros/humble/share/geometry_msgs/cmake)
[0.300s] -- Found rosidl_generator_c: 3.1.5 (/opt/ros/humble/share/rosidl_generator_c/cmake)
[0.301s] -- Found rosidl_adapter: 3.1.5 (/opt/ros/humble/share/rosidl_adapter/cmake)
[0.307s] -- Found rosidl_generator_cpp: 3.1.5 (/opt/ros/humble/share/rosidl_generator_cpp/cmake)
[0.343s] -- Using all available rosidl_typesupport_c: rosidl_typesupport_fastrtps_c;rosidl_typesupport_introspection_c
[0.362s] -- Using all available rosidl_typesupport_cpp: rosidl_typesupport_fastrtps_cpp;rosidl_typesupport_introspection_cpp
[0.447s] -- Found rosidl_default_generators: 1.2.0 (/opt/ros/humble/share/rosidl_default_generators/cmake)
[0.921s] -- Found ament_cmake_ros: 0.10.0 (/opt/ros/humble/share/ament_cmake_ros/cmake)
[1.436s] -- Using all available rosidl_typesupport_c: rosidl_typesupport_fastrtps_c;rosidl_typesupport_introspection_c
[1.664s] -- Using all available rosidl_typesupport_cpp: rosidl_typesupport_fastrtps_cpp;rosidl_typesupport_introspection_cpp
[1.699s] -- Found python_cmake_module: 0.10.0 (/opt/ros/humble/share/python_cmake_module/cmake)
[1.734s] -- Using PYTHON_EXECUTABLE: /usr/bin/python3
[1.735s] -- Using PYTHON_INCLUDE_DIRS: /usr/include/python3.10
[1.735s] -- Using PYTHON_LIBRARIES: /usr/lib/x86_64-linux-gnu/libpython3.10.so
[1.823s] -- Configuring done
[1.921s] -- Generating done
[1.933s] -- Build files have been written to: /home/cagla/fd_ws/build/custom_interfaces
[1.984s] [  2%] [34m[1mGenerating C code for ROS interfaces[0m
[1.996s] [  5%] [34m[1mGenerating C++ code for ROS interfaces[0m
[2.503s] [  5%] Built target custom_interfaces__cpp
[2.529s] [35m[1mConsolidate compiler generated dependencies of target custom_interfaces__rosidl_generator_c[0m
[2.542s] [  7%] [32mBuilding C object CMakeFiles/custom_interfaces__rosidl_generator_c.dir/rosidl_generator_c/custom_interfaces/msg/detail/target_cor__functions.c.o[0m
[2.555s] [  7%] Built target ament_cmake_python_copy_custom_interfaces
[2.568s] [ 10%] [34m[1mGenerating C++ type support dispatch for ROS interfaces[0m
[2.646s] [ 12%] [32mBuilding C object CMakeFiles/custom_interfaces__rosidl_generator_c.dir/rosidl_generator_c/custom_interfaces/srv/detail/my_bool__functions.c.o[0m
[2.740s] [ 15%] [32m[1mLinking C shared library libcustom_interfaces__rosidl_generator_c.so[0m
[2.794s] [ 15%] Built target custom_interfaces__rosidl_generator_c
[2.820s] [ 17%] [34m[1mGenerating C++ type support for eProsima Fast-RTPS[0m
[2.930s] [35m[1mConsolidate compiler generated dependencies of target custom_interfaces__rosidl_typesupport_cpp[0m
[2.993s] [ 20%] [32mBuilding CXX object CMakeFiles/custom_interfaces__rosidl_typesupport_cpp.dir/rosidl_typesupport_cpp/custom_interfaces/msg/target_cor__type_support.cpp.o[0m
[3.393s] [35m[1mConsolidate compiler generated dependencies of target custom_interfaces__rosidl_typesupport_fastrtps_cpp[0m
[3.411s] [ 23%] [32mBuilding CXX object CMakeFiles/custom_interfaces__rosidl_typesupport_fastrtps_cpp.dir/rosidl_typesupport_fastrtps_cpp/custom_interfaces/msg/detail/dds_fastrtps/target_cor__type_support.cpp.o[0m
[3.508s] [ 25%] [32mBuilding CXX object CMakeFiles/custom_interfaces__rosidl_typesupport_cpp.dir/rosidl_typesupport_cpp/custom_interfaces/srv/my_bool__type_support.cpp.o[0m
[3.843s] [ 28%] [32m[1mLinking CXX shared library libcustom_interfaces__rosidl_typesupport_cpp.so[0m
[3.899s] [ 28%] Built target custom_interfaces__rosidl_typesupport_cpp
[3.914s] [ 30%] [34m[1mGenerating C introspection for ROS interfaces[0m
[3.938s] [ 33%] [32mBuilding CXX object CMakeFiles/custom_interfaces__rosidl_typesupport_fastrtps_cpp.dir/rosidl_typesupport_fastrtps_cpp/custom_interfaces/srv/detail/dds_fastrtps/my_bool__type_support.cpp.o[0m
[4.326s] [35m[1mConsolidate compiler generated dependencies of target custom_interfaces__rosidl_typesupport_introspection_c[0m
[4.343s] [ 35%] [32mBuilding C object CMakeFiles/custom_interfaces__rosidl_typesupport_introspection_c.dir/rosidl_typesupport_introspection_c/custom_interfaces/msg/detail/target_cor__type_support.c.o[0m
[4.392s] [ 38%] [32mBuilding C object CMakeFiles/custom_interfaces__rosidl_typesupport_introspection_c.dir/rosidl_typesupport_introspection_c/custom_interfaces/srv/detail/my_bool__type_support.c.o[0m
[4.424s] [ 41%] [32m[1mLinking C shared library libcustom_interfaces__rosidl_typesupport_introspection_c.so[0m
[4.465s] [ 41%] Built target custom_interfaces__rosidl_typesupport_introspection_c
[4.470s] [ 43%] [32m[1mLinking CXX shared library libcustom_interfaces__rosidl_typesupport_fastrtps_cpp.so[0m
[4.473s] [ 46%] [34m[1mGenerating C type support dispatch for ROS interfaces[0m
[4.632s] [ 46%] Built target custom_interfaces__rosidl_typesupport_fastrtps_cpp
[4.647s] [ 48%] [34m[1mGenerating C++ introspection for ROS interfaces[0m
[4.911s] [35m[1mConsolidate compiler generated dependencies of target custom_interfaces__rosidl_typesupport_c[0m
[4.924s] [ 51%] [32mBuilding CXX object CMakeFiles/custom_interfaces__rosidl_typesupport_c.dir/rosidl_typesupport_c/custom_interfaces/msg/target_cor__type_support.cpp.o[0m
[4.966s] [ 53%] [32mBuilding CXX object CMakeFiles/custom_interfaces__rosidl_typesupport_c.dir/rosidl_typesupport_c/custom_interfaces/srv/my_bool__type_support.cpp.o[0m
[5.001s] [ 56%] [32m[1mLinking CXX shared library libcustom_interfaces__rosidl_typesupport_c.so[0m
[5.058s] [ 56%] Built target custom_interfaces__rosidl_typesupport_c
[5.075s] [35m[1mConsolidate compiler generated dependencies of target custom_interfaces__rosidl_typesupport_introspection_cpp[0m
[5.088s] [ 58%] [32mBuilding CXX object CMakeFiles/custom_interfaces__rosidl_typesupport_introspection_cpp.dir/rosidl_typesupport_introspection_cpp/custom_interfaces/msg/detail/target_cor__type_support.cpp.o[0m
[5.415s] running egg_info
[5.416s] writing custom_interfaces.egg-info/PKG-INFO
[5.417s] writing dependency_links to custom_interfaces.egg-info/dependency_links.txt
[5.417s] writing top-level names to custom_interfaces.egg-info/top_level.txt
[5.424s] reading manifest file 'custom_interfaces.egg-info/SOURCES.txt'
[5.427s] writing manifest file 'custom_interfaces.egg-info/SOURCES.txt'
[5.487s] [ 58%] Built target ament_cmake_python_build_custom_interfaces_egg
[5.500s] [ 61%] [32mBuilding CXX object CMakeFiles/custom_interfaces__rosidl_typesupport_introspection_cpp.dir/rosidl_typesupport_introspection_cpp/custom_interfaces/srv/detail/my_bool__type_support.cpp.o[0m
[5.650s] [ 64%] [34m[1mGenerating C type support for eProsima Fast-RTPS[0m
[6.066s] [35m[1mConsolidate compiler generated dependencies of target custom_interfaces__rosidl_typesupport_fastrtps_c[0m
[6.071s] [ 66%] [32m[1mLinking CXX shared library libcustom_interfaces__rosidl_typesupport_introspection_cpp.so[0m
[6.087s] [ 69%] [32mBuilding CXX object CMakeFiles/custom_interfaces__rosidl_typesupport_fastrtps_c.dir/rosidl_typesupport_fastrtps_c/custom_interfaces/msg/detail/target_cor__type_support_c.cpp.o[0m
[6.164s] [ 69%] Built target custom_interfaces__rosidl_typesupport_introspection_cpp
[6.172s] [ 71%] [32mBuilding CXX object CMakeFiles/custom_interfaces__rosidl_typesupport_fastrtps_c.dir/rosidl_typesupport_fastrtps_c/custom_interfaces/srv/detail/my_bool__type_support_c.cpp.o[0m
[6.761s] [ 74%] [32m[1mLinking CXX shared library libcustom_interfaces__rosidl_typesupport_fastrtps_c.so[0m
[6.859s] [ 74%] Built target custom_interfaces__rosidl_typesupport_fastrtps_c
[6.881s] [ 74%] Built target custom_interfaces
[6.913s] [ 76%] [34m[1mGenerating Python code for ROS interfaces[0m
[7.366s] [ 76%] Built target custom_interfaces__py
[7.375s] [35m[1mConsolidate compiler generated dependencies of target custom_interfaces__rosidl_generator_py[0m
[7.388s] [ 79%] [32mBuilding C object CMakeFiles/custom_interfaces__rosidl_generator_py.dir/rosidl_generator_py/custom_interfaces/msg/_target_cor_s.c.o[0m
[7.388s] [ 82%] [32mBuilding C object CMakeFiles/custom_interfaces__rosidl_generator_py.dir/rosidl_generator_py/custom_interfaces/srv/_my_bool_s.c.o[0m
[7.520s] [ 84%] [32m[1mLinking C shared library rosidl_generator_py/custom_interfaces/libcustom_interfaces__rosidl_generator_py.so[0m
[7.559s] [ 84%] Built target custom_interfaces__rosidl_generator_py
[7.570s] [35m[1mConsolidate compiler generated dependencies of target custom_interfaces__rosidl_typesupport_fastrtps_c__pyext[0m
[7.571s] [35m[1mConsolidate compiler generated dependencies of target custom_interfaces__rosidl_typesupport_introspection_c__pyext[0m
[7.583s] [ 87%] [32mBuilding C object CMakeFiles/custom_interfaces__rosidl_typesupport_fastrtps_c__pyext.dir/rosidl_generator_py/custom_interfaces/_custom_interfaces_s.ep.rosidl_typesupport_fastrtps_c.c.o[0m
[7.587s] [ 89%] [32mBuilding C object CMakeFiles/custom_interfaces__rosidl_typesupport_introspection_c__pyext.dir/rosidl_generator_py/custom_interfaces/_custom_interfaces_s.ep.rosidl_typesupport_introspection_c.c.o[0m
[7.729s] [ 92%] [32m[1mLinking C shared library rosidl_generator_py/custom_interfaces/custom_interfaces_s__rosidl_typesupport_introspection_c.cpython-310-x86_64-linux-gnu.so[0m
[7.752s] [ 94%] [32m[1mLinking C shared library rosidl_generator_py/custom_interfaces/custom_interfaces_s__rosidl_typesupport_fastrtps_c.cpython-310-x86_64-linux-gnu.so[0m
[7.778s] [ 94%] Built target custom_interfaces__rosidl_typesupport_introspection_c__pyext
[7.789s] [35m[1mConsolidate compiler generated dependencies of target custom_interfaces__rosidl_typesupport_c__pyext[0m
[7.791s] [ 94%] Built target custom_interfaces__rosidl_typesupport_fastrtps_c__pyext
[7.799s] [ 97%] [32mBuilding C object CMakeFiles/custom_interfaces__rosidl_typesupport_c__pyext.dir/rosidl_generator_py/custom_interfaces/_custom_interfaces_s.ep.rosidl_typesupport_c.c.o[0m
[7.902s] [100%] [32m[1mLinking C shared library rosidl_generator_py/custom_interfaces/custom_interfaces_s__rosidl_typesupport_c.cpython-310-x86_64-linux-gnu.so[0m
[7.962s] [100%] Built target custom_interfaces__rosidl_typesupport_c__pyext
[7.973s] Invoked command in '/home/cagla/fd_ws/build/custom_interfaces' returned '0': CMAKE_PREFIX_PATH=${CMAKE_PREFIX_PATH}:/home/cagla/fd_ws/install/srv_turtle:/home/cagla/ros2_ws/install/my_robot_controller:/opt/ros/humble /usr/bin/cmake --build /home/cagla/fd_ws/build/custom_interfaces -- -j2 -l2
[8.059s] Invoking command in '/home/cagla/fd_ws/build/custom_interfaces': CMAKE_PREFIX_PATH=${CMAKE_PREFIX_PATH}:/home/cagla/fd_ws/install/srv_turtle:/home/cagla/ros2_ws/install/my_robot_controller:/opt/ros/humble /usr/bin/cmake --install /home/cagla/fd_ws/build/custom_interfaces
[8.066s] -- Install configuration: ""
[8.066s] -- Installing: /home/cagla/fd_ws/install/custom_interfaces/share/ament_index/resource_index/rosidl_interfaces/custom_interfaces
[8.069s] -- Up-to-date: /home/cagla/fd_ws/install/custom_interfaces/include/custom_interfaces/custom_interfaces
[8.069s] -- Up-to-date: /home/cagla/fd_ws/install/custom_interfaces/include/custom_interfaces/custom_interfaces/msg
[8.069s] -- Up-to-date: /home/cagla/fd_ws/install/custom_interfaces/include/custom_interfaces/custom_interfaces/msg/rosidl_generator_c__visibility_control.h
[8.069s] -- Installing: /home/cagla/fd_ws/install/custom_interfaces/include/custom_interfaces/custom_interfaces/msg/target_cor.h
[8.069s] -- Up-to-date: /home/cagla/fd_ws/install/custom_interfaces/include/custom_interfaces/custom_interfaces/msg/detail
[8.069s] -- Installing: /home/cagla/fd_ws/install/custom_interfaces/include/custom_interfaces/custom_interfaces/msg/detail/target_cor__type_support.h
[8.069s] -- Installing: /home/cagla/fd_ws/install/custom_interfaces/include/custom_interfaces/custom_interfaces/msg/detail/target_cor__struct.h
[8.070s] -- Installing: /home/cagla/fd_ws/install/custom_interfaces/include/custom_interfaces/custom_interfaces/msg/detail/target_cor__functions.c
[8.070s] -- Installing: /home/cagla/fd_ws/install/custom_interfaces/include/custom_interfaces/custom_interfaces/msg/detail/target_cor__functions.h
[8.070s] -- Installing: /home/cagla/fd_ws/install/custom_interfaces/include/custom_interfaces/custom_interfaces/srv
[8.070s] -- Installing: /home/cagla/fd_ws/install/custom_interfaces/include/custom_interfaces/custom_interfaces/srv/my_bool.h
[8.070s] -- Installing: /home/cagla/fd_ws/install/custom_interfaces/include/custom_interfaces/custom_interfaces/srv/detail
[8.070s] -- Installing: /home/cagla/fd_ws/install/custom_interfaces/include/custom_interfaces/custom_interfaces/srv/detail/my_bool__functions.h
[8.070s] -- Installing: /home/cagla/fd_ws/install/custom_interfaces/include/custom_interfaces/custom_interfaces/srv/detail/my_bool__type_support.h
[8.070s] -- Installing: /home/cagla/fd_ws/install/custom_interfaces/include/custom_interfaces/custom_interfaces/srv/detail/my_bool__struct.h
[8.070s] -- Installing: /home/cagla/fd_ws/install/custom_interfaces/include/custom_interfaces/custom_interfaces/srv/detail/my_bool__functions.c
[8.070s] -- Up-to-date: /home/cagla/fd_ws/install/custom_interfaces/share/custom_interfaces/environment/library_path.sh
[8.070s] -- Installing: /home/cagla/fd_ws/install/custom_interfaces/share/custom_interfaces/environment/library_path.dsv
[8.071s] -- Installing: /home/cagla/fd_ws/install/custom_interfaces/lib/libcustom_interfaces__rosidl_generator_c.so
[8.071s] -- Set runtime path of "/home/cagla/fd_ws/install/custom_interfaces/lib/libcustom_interfaces__rosidl_generator_c.so" to ""
[8.071s] -- Up-to-date: /home/cagla/fd_ws/install/custom_interfaces/include/custom_interfaces/custom_interfaces
[8.071s] -- Up-to-date: /home/cagla/fd_ws/install/custom_interfaces/include/custom_interfaces/custom_interfaces/msg
[8.071s] -- Up-to-date: /home/cagla/fd_ws/install/custom_interfaces/include/custom_interfaces/custom_interfaces/msg/rosidl_typesupport_fastrtps_c__visibility_control.h
[8.071s] -- Up-to-date: /home/cagla/fd_ws/install/custom_interfaces/include/custom_interfaces/custom_interfaces/msg/detail
[8.071s] -- Installing: /home/cagla/fd_ws/install/custom_interfaces/include/custom_interfaces/custom_interfaces/msg/detail/target_cor__rosidl_typesupport_fastrtps_c.h
[8.071s] -- Up-to-date: /home/cagla/fd_ws/install/custom_interfaces/include/custom_interfaces/custom_interfaces/srv
[8.071s] -- Up-to-date: /home/cagla/fd_ws/install/custom_interfaces/include/custom_interfaces/custom_interfaces/srv/detail
[8.071s] -- Installing: /home/cagla/fd_ws/install/custom_interfaces/include/custom_interfaces/custom_interfaces/srv/detail/my_bool__rosidl_typesupport_fastrtps_c.h
[8.072s] -- Installing: /home/cagla/fd_ws/install/custom_interfaces/lib/libcustom_interfaces__rosidl_typesupport_fastrtps_c.so
[8.072s] -- Set runtime path of "/home/cagla/fd_ws/install/custom_interfaces/lib/libcustom_interfaces__rosidl_typesupport_fastrtps_c.so" to ""
[8.072s] -- Up-to-date: /home/cagla/fd_ws/install/custom_interfaces/include/custom_interfaces/custom_interfaces
[8.072s] -- Up-to-date: /home/cagla/fd_ws/install/custom_interfaces/include/custom_interfaces/custom_interfaces/msg
[8.072s] -- Installing: /home/cagla/fd_ws/install/custom_interfaces/include/custom_interfaces/custom_interfaces/msg/target_cor.hpp
[8.072s] -- Up-to-date: /home/cagla/fd_ws/install/custom_interfaces/include/custom_interfaces/custom_interfaces/msg/detail
[8.072s] -- Installing: /home/cagla/fd_ws/install/custom_interfaces/include/custom_interfaces/custom_interfaces/msg/detail/target_cor__struct.hpp
[8.072s] -- Installing: /home/cagla/fd_ws/install/custom_interfaces/include/custom_interfaces/custom_interfaces/msg/detail/target_cor__traits.hpp
[8.072s] -- Installing: /home/cagla/fd_ws/install/custom_interfaces/include/custom_interfaces/custom_interfaces/msg/detail/target_cor__builder.hpp
[8.073s] -- Up-to-date: /home/cagla/fd_ws/install/custom_interfaces/include/custom_interfaces/custom_interfaces/srv
[8.073s] -- Installing: /home/cagla/fd_ws/install/custom_interfaces/include/custom_interfaces/custom_interfaces/srv/my_bool.hpp
[8.073s] -- Up-to-date: /home/cagla/fd_ws/install/custom_interfaces/include/custom_interfaces/custom_interfaces/srv/detail
[8.073s] -- Installing: /home/cagla/fd_ws/install/custom_interfaces/include/custom_interfaces/custom_interfaces/srv/detail/my_bool__traits.hpp
[8.073s] -- Installing: /home/cagla/fd_ws/install/custom_interfaces/include/custom_interfaces/custom_interfaces/srv/detail/my_bool__struct.hpp
[8.073s] -- Installing: /home/cagla/fd_ws/install/custom_interfaces/include/custom_interfaces/custom_interfaces/srv/detail/my_bool__builder.hpp
[8.073s] -- Up-to-date: /home/cagla/fd_ws/install/custom_interfaces/include/custom_interfaces/custom_interfaces
[8.073s] -- Up-to-date: /home/cagla/fd_ws/install/custom_interfaces/include/custom_interfaces/custom_interfaces/msg
[8.073s] -- Up-to-date: /home/cagla/fd_ws/install/custom_interfaces/include/custom_interfaces/custom_interfaces/msg/rosidl_typesupport_fastrtps_cpp__visibility_control.h
[8.073s] -- Up-to-date: /home/cagla/fd_ws/install/custom_interfaces/include/custom_interfaces/custom_interfaces/msg/detail
[8.074s] -- Up-to-date: /home/cagla/fd_ws/install/custom_interfaces/include/custom_interfaces/custom_interfaces/msg/detail/dds_fastrtps
[8.074s] -- Installing: /home/cagla/fd_ws/install/custom_interfaces/include/custom_interfaces/custom_interfaces/msg/detail/target_cor__rosidl_typesupport_fastrtps_cpp.hpp
[8.074s] -- Up-to-date: /home/cagla/fd_ws/install/custom_interfaces/include/custom_interfaces/custom_interfaces/srv
[8.074s] -- Up-to-date: /home/cagla/fd_ws/install/custom_interfaces/include/custom_interfaces/custom_interfaces/srv/detail
[8.074s] -- Installing: /home/cagla/fd_ws/install/custom_interfaces/include/custom_interfaces/custom_interfaces/srv/detail/my_bool__rosidl_typesupport_fastrtps_cpp.hpp
[8.074s] -- Installing: /home/cagla/fd_ws/install/custom_interfaces/include/custom_interfaces/custom_interfaces/srv/detail/dds_fastrtps
[8.074s] -- Installing: /home/cagla/fd_ws/install/custom_interfaces/lib/libcustom_interfaces__rosidl_typesupport_fastrtps_cpp.so
[8.074s] -- Set runtime path of "/home/cagla/fd_ws/install/custom_interfaces/lib/libcustom_interfaces__rosidl_typesupport_fastrtps_cpp.so" to ""
[8.074s] -- Up-to-date: /home/cagla/fd_ws/install/custom_interfaces/include/custom_interfaces/custom_interfaces
[8.074s] -- Up-to-date: /home/cagla/fd_ws/install/custom_interfaces/include/custom_interfaces/custom_interfaces/msg
[8.074s] -- Up-to-date: /home/cagla/fd_ws/install/custom_interfaces/include/custom_interfaces/custom_interfaces/msg/rosidl_typesupport_introspection_c__visibility_control.h
[8.074s] -- Up-to-date: /home/cagla/fd_ws/install/custom_interfaces/include/custom_interfaces/custom_interfaces/msg/detail
[8.074s] -- Installing: /home/cagla/fd_ws/install/custom_interfaces/include/custom_interfaces/custom_interfaces/msg/detail/target_cor__type_support.c
[8.074s] -- Installing: /home/cagla/fd_ws/install/custom_interfaces/include/custom_interfaces/custom_interfaces/msg/detail/target_cor__rosidl_typesupport_introspection_c.h
[8.074s] -- Up-to-date: /home/cagla/fd_ws/install/custom_interfaces/include/custom_interfaces/custom_interfaces/srv
[8.074s] -- Up-to-date: /home/cagla/fd_ws/install/custom_interfaces/include/custom_interfaces/custom_interfaces/srv/detail
[8.074s] -- Installing: /home/cagla/fd_ws/install/custom_interfaces/include/custom_interfaces/custom_interfaces/srv/detail/my_bool__type_support.c
[8.075s] -- Installing: /home/cagla/fd_ws/install/custom_interfaces/include/custom_interfaces/custom_interfaces/srv/detail/my_bool__rosidl_typesupport_introspection_c.h
[8.075s] -- Installing: /home/cagla/fd_ws/install/custom_interfaces/lib/libcustom_interfaces__rosidl_typesupport_introspection_c.so
[8.075s] -- Set runtime path of "/home/cagla/fd_ws/install/custom_interfaces/lib/libcustom_interfaces__rosidl_typesupport_introspection_c.so" to ""
[8.075s] -- Installing: /home/cagla/fd_ws/install/custom_interfaces/lib/libcustom_interfaces__rosidl_typesupport_c.so
[8.075s] -- Set runtime path of "/home/cagla/fd_ws/install/custom_interfaces/lib/libcustom_interfaces__rosidl_typesupport_c.so" to ""
[8.075s] -- Up-to-date: /home/cagla/fd_ws/install/custom_interfaces/include/custom_interfaces/custom_interfaces
[8.075s] -- Up-to-date: /home/cagla/fd_ws/install/custom_interfaces/include/custom_interfaces/custom_interfaces/msg
[8.075s] -- Up-to-date: /home/cagla/fd_ws/install/custom_interfaces/include/custom_interfaces/custom_interfaces/msg/detail
[8.075s] -- Installing: /home/cagla/fd_ws/install/custom_interfaces/include/custom_interfaces/custom_interfaces/msg/detail/target_cor__rosidl_typesupport_introspection_cpp.hpp
[8.075s] -- Installing: /home/cagla/fd_ws/install/custom_interfaces/include/custom_interfaces/custom_interfaces/msg/detail/target_cor__type_support.cpp
[8.075s] -- Up-to-date: /home/cagla/fd_ws/install/custom_interfaces/include/custom_interfaces/custom_interfaces/srv
[8.075s] -- Up-to-date: /home/cagla/fd_ws/install/custom_interfaces/include/custom_interfaces/custom_interfaces/srv/detail
[8.076s] -- Installing: /home/cagla/fd_ws/install/custom_interfaces/include/custom_interfaces/custom_interfaces/srv/detail/my_bool__type_support.cpp
[8.076s] -- Installing: /home/cagla/fd_ws/install/custom_interfaces/include/custom_interfaces/custom_interfaces/srv/detail/my_bool__rosidl_typesupport_introspection_cpp.hpp
[8.076s] -- Installing: /home/cagla/fd_ws/install/custom_interfaces/lib/libcustom_interfaces__rosidl_typesupport_introspection_cpp.so
[8.076s] -- Set runtime path of "/home/cagla/fd_ws/install/custom_interfaces/lib/libcustom_interfaces__rosidl_typesupport_introspection_cpp.so" to ""
[8.076s] -- Installing: /home/cagla/fd_ws/install/custom_interfaces/lib/libcustom_interfaces__rosidl_typesupport_cpp.so
[8.076s] -- Set runtime path of "/home/cagla/fd_ws/install/custom_interfaces/lib/libcustom_interfaces__rosidl_typesupport_cpp.so" to ""
[8.076s] -- Up-to-date: /home/cagla/fd_ws/install/custom_interfaces/share/custom_interfaces/environment/pythonpath.sh
[8.076s] -- Installing: /home/cagla/fd_ws/install/custom_interfaces/share/custom_interfaces/environment/pythonpath.dsv
[8.077s] -- Up-to-date: /home/cagla/fd_ws/install/custom_interfaces/local/lib/python3.10/dist-packages/custom_interfaces-0.0.0-py3.10.egg-info
[8.077s] -- Installing: /home/cagla/fd_ws/install/custom_interfaces/local/lib/python3.10/dist-packages/custom_interfaces-0.0.0-py3.10.egg-info/PKG-INFO
[8.077s] -- Installing: /home/cagla/fd_ws/install/custom_interfaces/local/lib/python3.10/dist-packages/custom_interfaces-0.0.0-py3.10.egg-info/top_level.txt
[8.077s] -- Installing: /home/cagla/fd_ws/install/custom_interfaces/local/lib/python3.10/dist-packages/custom_interfaces-0.0.0-py3.10.egg-info/SOURCES.txt
[8.078s] -- Installing: /home/cagla/fd_ws/install/custom_interfaces/local/lib/python3.10/dist-packages/custom_interfaces-0.0.0-py3.10.egg-info/dependency_links.txt
[8.078s] -- Up-to-date: /home/cagla/fd_ws/install/custom_interfaces/local/lib/python3.10/dist-packages/custom_interfaces
[8.078s] -- Installing: /home/cagla/fd_ws/install/custom_interfaces/local/lib/python3.10/dist-packages/custom_interfaces/_custom_interfaces_s.ep.rosidl_typesupport_fastrtps_c.c
[8.078s] -- Installing: /home/cagla/fd_ws/install/custom_interfaces/local/lib/python3.10/dist-packages/custom_interfaces/_custom_interfaces_s.ep.rosidl_typesupport_c.c
[8.078s] -- Installing: /home/cagla/fd_ws/install/custom_interfaces/local/lib/python3.10/dist-packages/custom_interfaces/_custom_interfaces_s.ep.rosidl_typesupport_introspection_c.c
[8.078s] -- Installing: /home/cagla/fd_ws/install/custom_interfaces/local/lib/python3.10/dist-packages/custom_interfaces/libcustom_interfaces__rosidl_generator_py.so
[8.078s] -- Up-to-date: /home/cagla/fd_ws/install/custom_interfaces/local/lib/python3.10/dist-packages/custom_interfaces/msg
[8.078s] -- Installing: /home/cagla/fd_ws/install/custom_interfaces/local/lib/python3.10/dist-packages/custom_interfaces/msg/_target_cor.py
[8.078s] -- Installing: /home/cagla/fd_ws/install/custom_interfaces/local/lib/python3.10/dist-packages/custom_interfaces/msg/__init__.py
[8.078s] -- Installing: /home/cagla/fd_ws/install/custom_interfaces/local/lib/python3.10/dist-packages/custom_interfaces/msg/_target_cor_s.c
[8.079s] -- Installing: /home/cagla/fd_ws/install/custom_interfaces/local/lib/python3.10/dist-packages/custom_interfaces/custom_interfaces_s__rosidl_typesupport_fastrtps_c.cpython-310-x86_64-linux-gnu.so
[8.079s] -- Installing: /home/cagla/fd_ws/install/custom_interfaces/local/lib/python3.10/dist-packages/custom_interfaces/custom_interfaces_s__rosidl_typesupport_c.cpython-310-x86_64-linux-gnu.so
[8.079s] -- Installing: /home/cagla/fd_ws/install/custom_interfaces/local/lib/python3.10/dist-packages/custom_interfaces/custom_interfaces_s__rosidl_typesupport_introspection_c.cpython-310-x86_64-linux-gnu.so
[8.079s] -- Installing: /home/cagla/fd_ws/install/custom_interfaces/local/lib/python3.10/dist-packages/custom_interfaces/srv
[8.079s] -- Installing: /home/cagla/fd_ws/install/custom_interfaces/local/lib/python3.10/dist-packages/custom_interfaces/srv/_my_bool.py
[8.079s] -- Installing: /home/cagla/fd_ws/install/custom_interfaces/local/lib/python3.10/dist-packages/custom_interfaces/srv/_my_bool_s.c
[8.079s] -- Installing: /home/cagla/fd_ws/install/custom_interfaces/local/lib/python3.10/dist-packages/custom_interfaces/srv/__init__.py
[8.079s] -- Installing: /home/cagla/fd_ws/install/custom_interfaces/local/lib/python3.10/dist-packages/custom_interfaces/__init__.py
[8.116s] Listing '/home/cagla/fd_ws/install/custom_interfaces/local/lib/python3.10/dist-packages/custom_interfaces'...
[8.116s] Compiling '/home/cagla/fd_ws/install/custom_interfaces/local/lib/python3.10/dist-packages/custom_interfaces/__init__.py'...
[8.116s] Listing '/home/cagla/fd_ws/install/custom_interfaces/local/lib/python3.10/dist-packages/custom_interfaces/msg'...
[8.116s] Compiling '/home/cagla/fd_ws/install/custom_interfaces/local/lib/python3.10/dist-packages/custom_interfaces/msg/__init__.py'...
[8.116s] Compiling '/home/cagla/fd_ws/install/custom_interfaces/local/lib/python3.10/dist-packages/custom_interfaces/msg/_target_cor.py'...
[8.116s] Listing '/home/cagla/fd_ws/install/custom_interfaces/local/lib/python3.10/dist-packages/custom_interfaces/srv'...
[8.116s] Compiling '/home/cagla/fd_ws/install/custom_interfaces/local/lib/python3.10/dist-packages/custom_interfaces/srv/__init__.py'...
[8.116s] Compiling '/home/cagla/fd_ws/install/custom_interfaces/local/lib/python3.10/dist-packages/custom_interfaces/srv/_my_bool.py'...
[8.119s] -- Installing: /home/cagla/fd_ws/install/custom_interfaces/local/lib/python3.10/dist-packages/custom_interfaces/custom_interfaces_s__rosidl_typesupport_fastrtps_c.cpython-310-x86_64-linux-gnu.so
[8.124s] -- Set runtime path of "/home/cagla/fd_ws/install/custom_interfaces/local/lib/python3.10/dist-packages/custom_interfaces/custom_interfaces_s__rosidl_typesupport_fastrtps_c.cpython-310-x86_64-linux-gnu.so" to ""
[8.124s] -- Installing: /home/cagla/fd_ws/install/custom_interfaces/local/lib/python3.10/dist-packages/custom_interfaces/custom_interfaces_s__rosidl_typesupport_introspection_c.cpython-310-x86_64-linux-gnu.so
[8.124s] -- Set runtime path of "/home/cagla/fd_ws/install/custom_interfaces/local/lib/python3.10/dist-packages/custom_interfaces/custom_interfaces_s__rosidl_typesupport_introspection_c.cpython-310-x86_64-linux-gnu.so" to ""
[8.124s] -- Installing: /home/cagla/fd_ws/install/custom_interfaces/local/lib/python3.10/dist-packages/custom_interfaces/custom_interfaces_s__rosidl_typesupport_c.cpython-310-x86_64-linux-gnu.so
[8.124s] -- Set runtime path of "/home/cagla/fd_ws/install/custom_interfaces/local/lib/python3.10/dist-packages/custom_interfaces/custom_interfaces_s__rosidl_typesupport_c.cpython-310-x86_64-linux-gnu.so" to ""
[8.124s] -- Installing: /home/cagla/fd_ws/install/custom_interfaces/lib/libcustom_interfaces__rosidl_generator_py.so
[8.124s] -- Set runtime path of "/home/cagla/fd_ws/install/custom_interfaces/lib/libcustom_interfaces__rosidl_generator_py.so" to ""
[8.124s] -- Up-to-date: /home/cagla/fd_ws/install/custom_interfaces/share/custom_interfaces/msg/TargetCor.idl
[8.124s] -- Installing: /home/cagla/fd_ws/install/custom_interfaces/share/custom_interfaces/srv/MyBool.idl
[8.124s] -- Up-to-date: /home/cagla/fd_ws/install/custom_interfaces/share/custom_interfaces/msg/TargetCor.msg
[8.125s] -- Installing: /home/cagla/fd_ws/install/custom_interfaces/share/custom_interfaces/srv/MyBool.srv
[8.125s] -- Installing: /home/cagla/fd_ws/install/custom_interfaces/share/custom_interfaces/srv/MyBool_Request.msg
[8.125s] -- Installing: /home/cagla/fd_ws/install/custom_interfaces/share/custom_interfaces/srv/MyBool_Response.msg
[8.125s] -- Up-to-date: /home/cagla/fd_ws/install/custom_interfaces/share/ament_index/resource_index/package_run_dependencies/custom_interfaces
[8.125s] -- Up-to-date: /home/cagla/fd_ws/install/custom_interfaces/share/ament_index/resource_index/parent_prefix_path/custom_interfaces
[8.128s] -- Up-to-date: /home/cagla/fd_ws/install/custom_interfaces/share/custom_interfaces/environment/ament_prefix_path.sh
[8.130s] -- Installing: /home/cagla/fd_ws/install/custom_interfaces/share/custom_interfaces/environment/ament_prefix_path.dsv
[8.130s] -- Up-to-date: /home/cagla/fd_ws/install/custom_interfaces/share/custom_interfaces/environment/path.sh
[8.130s] -- Installing: /home/cagla/fd_ws/install/custom_interfaces/share/custom_interfaces/environment/path.dsv
[8.130s] -- Up-to-date: /home/cagla/fd_ws/install/custom_interfaces/share/custom_interfaces/local_setup.bash
[8.130s] -- Up-to-date: /home/cagla/fd_ws/install/custom_interfaces/share/custom_interfaces/local_setup.sh
[8.130s] -- Up-to-date: /home/cagla/fd_ws/install/custom_interfaces/share/custom_interfaces/local_setup.zsh
[8.130s] -- Installing: /home/cagla/fd_ws/install/custom_interfaces/share/custom_interfaces/local_setup.dsv
[8.130s] -- Installing: /home/cagla/fd_ws/install/custom_interfaces/share/custom_interfaces/package.dsv
[8.130s] -- Up-to-date: /home/cagla/fd_ws/install/custom_interfaces/share/ament_index/resource_index/packages/custom_interfaces
[8.130s] -- Up-to-date: /home/cagla/fd_ws/install/custom_interfaces/share/custom_interfaces/cmake/export_custom_interfaces__rosidl_generator_cExport.cmake
[8.130s] -- Up-to-date: /home/cagla/fd_ws/install/custom_interfaces/share/custom_interfaces/cmake/export_custom_interfaces__rosidl_generator_cExport-noconfig.cmake
[8.130s] -- Up-to-date: /home/cagla/fd_ws/install/custom_interfaces/share/custom_interfaces/cmake/export_custom_interfaces__rosidl_typesupport_fastrtps_cExport.cmake
[8.131s] -- Up-to-date: /home/cagla/fd_ws/install/custom_interfaces/share/custom_interfaces/cmake/export_custom_interfaces__rosidl_typesupport_fastrtps_cExport-noconfig.cmake
[8.131s] -- Up-to-date: /home/cagla/fd_ws/install/custom_interfaces/share/custom_interfaces/cmake/export_custom_interfaces__rosidl_generator_cppExport.cmake
[8.131s] -- Up-to-date: /home/cagla/fd_ws/install/custom_interfaces/share/custom_interfaces/cmake/export_custom_interfaces__rosidl_typesupport_fastrtps_cppExport.cmake
[8.132s] -- Up-to-date: /home/cagla/fd_ws/install/custom_interfaces/share/custom_interfaces/cmake/export_custom_interfaces__rosidl_typesupport_fastrtps_cppExport-noconfig.cmake
[8.132s] -- Up-to-date: /home/cagla/fd_ws/install/custom_interfaces/share/custom_interfaces/cmake/custom_interfaces__rosidl_typesupport_introspection_cExport.cmake
[8.132s] -- Up-to-date: /home/cagla/fd_ws/install/custom_interfaces/share/custom_interfaces/cmake/custom_interfaces__rosidl_typesupport_introspection_cExport-noconfig.cmake
[8.132s] -- Up-to-date: /home/cagla/fd_ws/install/custom_interfaces/share/custom_interfaces/cmake/custom_interfaces__rosidl_typesupport_cExport.cmake
[8.132s] -- Up-to-date: /home/cagla/fd_ws/install/custom_interfaces/share/custom_interfaces/cmake/custom_interfaces__rosidl_typesupport_cExport-noconfig.cmake
[8.132s] -- Up-to-date: /home/cagla/fd_ws/install/custom_interfaces/share/custom_interfaces/cmake/custom_interfaces__rosidl_typesupport_introspection_cppExport.cmake
[8.133s] -- Up-to-date: /home/cagla/fd_ws/install/custom_interfaces/share/custom_interfaces/cmake/custom_interfaces__rosidl_typesupport_introspection_cppExport-noconfig.cmake
[8.133s] -- Up-to-date: /home/cagla/fd_ws/install/custom_interfaces/share/custom_interfaces/cmake/custom_interfaces__rosidl_typesupport_cppExport.cmake
[8.133s] -- Up-to-date: /home/cagla/fd_ws/install/custom_interfaces/share/custom_interfaces/cmake/custom_interfaces__rosidl_typesupport_cppExport-noconfig.cmake
[8.133s] -- Up-to-date: /home/cagla/fd_ws/install/custom_interfaces/share/custom_interfaces/cmake/export_custom_interfaces__rosidl_generator_pyExport.cmake
[8.133s] -- Up-to-date: /home/cagla/fd_ws/install/custom_interfaces/share/custom_interfaces/cmake/export_custom_interfaces__rosidl_generator_pyExport-noconfig.cmake
[8.133s] -- Installing: /home/cagla/fd_ws/install/custom_interfaces/share/custom_interfaces/cmake/rosidl_cmake-extras.cmake
[8.133s] -- Up-to-date: /home/cagla/fd_ws/install/custom_interfaces/share/custom_interfaces/cmake/ament_cmake_export_dependencies-extras.cmake
[8.133s] -- Up-to-date: /home/cagla/fd_ws/install/custom_interfaces/share/custom_interfaces/cmake/ament_cmake_export_include_directories-extras.cmake
[8.133s] -- Up-to-date: /home/cagla/fd_ws/install/custom_interfaces/share/custom_interfaces/cmake/ament_cmake_export_libraries-extras.cmake
[8.133s] -- Up-to-date: /home/cagla/fd_ws/install/custom_interfaces/share/custom_interfaces/cmake/ament_cmake_export_targets-extras.cmake
[8.133s] -- Up-to-date: /home/cagla/fd_ws/install/custom_interfaces/share/custom_interfaces/cmake/rosidl_cmake_export_typesupport_targets-extras.cmake
[8.133s] -- Up-to-date: /home/cagla/fd_ws/install/custom_interfaces/share/custom_interfaces/cmake/rosidl_cmake_export_typesupport_libraries-extras.cmake
[8.134s] -- Up-to-date: /home/cagla/fd_ws/install/custom_interfaces/share/custom_interfaces/cmake/custom_interfacesConfig.cmake
[8.134s] -- Up-to-date: /home/cagla/fd_ws/install/custom_interfaces/share/custom_interfaces/cmake/custom_interfacesConfig-version.cmake
[8.134s] -- Up-to-date: /home/cagla/fd_ws/install/custom_interfaces/share/custom_interfaces/package.xml
[8.137s] Invoked command in '/home/cagla/fd_ws/build/custom_interfaces' returned '0': CMAKE_PREFIX_PATH=${CMAKE_PREFIX_PATH}:/home/cagla/fd_ws/install/srv_turtle:/home/cagla/ros2_ws/install/my_robot_controller:/opt/ros/humble /usr/bin/cmake --install /home/cagla/fd_ws/build/custom_interfaces
