[0.666s] Invoking command in '/home/cagla/den_ws/src/talker_listener': PYTHONPATH=/home/cagla/den_ws/build/talker_listener/prefix_override:/usr/lib/python3/dist-packages/colcon_core/task/python/colcon_distutils_commands:/home/cagla/den_ws/install/talker_listener/lib/python3.10/site-packages:${PYTHONPATH} /usr/bin/python3 -W ignore:setup.py install is deprecated setup.py egg_info --egg-base ../../build/talker_listener build --build-base /home/cagla/den_ws/build/talker_listener/build install --record /home/cagla/den_ws/build/talker_listener/install.log --single-version-externally-managed install_data
[0.984s] running egg_info
[0.984s] writing ../../build/talker_listener/talker_listener.egg-info/PKG-INFO
[0.984s] writing dependency_links to ../../build/talker_listener/talker_listener.egg-info/dependency_links.txt
[0.985s] writing entry points to ../../build/talker_listener/talker_listener.egg-info/entry_points.txt
[0.985s] writing requirements to ../../build/talker_listener/talker_listener.egg-info/requires.txt
[0.985s] writing top-level names to ../../build/talker_listener/talker_listener.egg-info/top_level.txt
[0.987s] reading manifest file '../../build/talker_listener/talker_listener.egg-info/SOURCES.txt'
[0.988s] writing manifest file '../../build/talker_listener/talker_listener.egg-info/SOURCES.txt'
[0.988s] running build
[0.988s] running build_py
[0.988s] running install
[0.989s] running install_lib
[0.991s] running install_data
[0.991s] running install_egg_info
[0.993s] removing '/home/cagla/den_ws/install/talker_listener/lib/python3.10/site-packages/talker_listener-0.0.0-py3.10.egg-info' (and everything under it)
[0.993s] Copying ../../build/talker_listener/talker_listener.egg-info to /home/cagla/den_ws/install/talker_listener/lib/python3.10/site-packages/talker_listener-0.0.0-py3.10.egg-info
[0.994s] running install_scripts
[1.012s] Installing listenerNode script to /home/cagla/den_ws/install/talker_listener/lib/talker_listener
[1.013s] Installing talkerNode script to /home/cagla/den_ws/install/talker_listener/lib/talker_listener
[1.013s] writing list of installed files to '/home/cagla/den_ws/build/talker_listener/install.log'
[1.038s] Invoked command in '/home/cagla/den_ws/src/talker_listener' returned '0': PYTHONPATH=/home/cagla/den_ws/build/talker_listener/prefix_override:/usr/lib/python3/dist-packages/colcon_core/task/python/colcon_distutils_commands:/home/cagla/den_ws/install/talker_listener/lib/python3.10/site-packages:${PYTHONPATH} /usr/bin/python3 -W ignore:setup.py install is deprecated setup.py egg_info --egg-base ../../build/talker_listener build --build-base /home/cagla/den_ws/build/talker_listener/build install --record /home/cagla/den_ws/build/talker_listener/install.log --single-version-externally-managed install_data
