[0.019s] Invoking command in '/home/cagla/sercli_ws/build/custom_interfaces': CMAKE_PREFIX_PATH=${CMAKE_PREFIX_PATH}:/home/cagla/sercli_ws/install/add_integers:/home/cagla/ros2_ws/install/my_robot_controller:/opt/ros/humble /usr/bin/cmake /home/cagla/sercli_ws/src/custom_interfaces -DCMAKE_INSTALL_PREFIX=/home/cagla/sercli_ws/install/custom_interfaces
[0.091s] -- The C compiler identification is GNU 11.4.0
[0.166s] -- The CXX compiler identification is GNU 11.4.0
[0.173s] -- Detecting C compiler ABI info
[0.316s] -- Detecting C compiler ABI info - done
[0.329s] -- Check for working C compiler: /usr/bin/cc - skipped
[0.333s] -- Detecting C compile features
[0.333s] -- Detecting C compile features - done
[0.339s] -- Detecting CXX compiler ABI info
[0.469s] -- Detecting CXX compiler ABI info - done
[0.478s] -- Check for working CXX compiler: /usr/bin/c++ - skipped
[0.479s] -- Detecting CXX compile features
[0.480s] -- Detecting CXX compile features - done
[0.485s] -- Found ament_cmake: 1.3.10 (/opt/ros/humble/share/ament_cmake/cmake)
[0.660s] -- Found Python3: /usr/bin/python3 (found version "3.10.12") found components: Interpreter 
[0.751s] -- Found rosidl_default_generators: 1.2.0 (/opt/ros/humble/share/rosidl_default_generators/cmake)
[0.756s] -- Using all available rosidl_typesupport_c: rosidl_typesupport_fastrtps_c;rosidl_typesupport_introspection_c
[0.761s] -- Found rosidl_adapter: 3.1.5 (/opt/ros/humble/share/rosidl_adapter/cmake)
[0.826s] -- Using all available rosidl_typesupport_cpp: rosidl_typesupport_fastrtps_cpp;rosidl_typesupport_introspection_cpp
[1.196s] -- Found ament_cmake_ros: 0.10.0 (/opt/ros/humble/share/ament_cmake_ros/cmake)
[1.402s] -- Using all available rosidl_typesupport_c: rosidl_typesupport_fastrtps_c;rosidl_typesupport_introspection_c
[1.690s] -- Using all available rosidl_typesupport_cpp: rosidl_typesupport_fastrtps_cpp;rosidl_typesupport_introspection_cpp
[1.712s] -- Found PythonInterp: /usr/bin/python3 (found suitable version "3.10.12", minimum required is "3.6") 
[1.713s] -- Found python_cmake_module: 0.10.0 (/opt/ros/humble/share/python_cmake_module/cmake)
[1.740s] -- Found PythonLibs: /usr/lib/x86_64-linux-gnu/libpython3.10.so (found suitable version "3.10.12", minimum required is "3.5") 
[1.740s] -- Using PYTHON_EXECUTABLE: /usr/bin/python3
[1.741s] -- Using PYTHON_INCLUDE_DIRS: /usr/include/python3.10
[1.741s] -- Using PYTHON_LIBRARIES: /usr/lib/x86_64-linux-gnu/libpython3.10.so
[1.765s] -- Found PythonExtra: .so  
[1.816s] -- Found ament_lint_auto: 0.12.11 (/opt/ros/humble/share/ament_lint_auto/cmake)
[1.844s] -- Added test 'lint_cmake' to check CMake code style
[1.844s] -- Added test 'xmllint' to check XML markup files
[1.844s] -- Configuring done
[1.885s] -- Generating done
[1.893s] -- Build files have been written to: /home/cagla/sercli_ws/build/custom_interfaces
[1.904s] Invoked command in '/home/cagla/sercli_ws/build/custom_interfaces' returned '0': CMAKE_PREFIX_PATH=${CMAKE_PREFIX_PATH}:/home/cagla/sercli_ws/install/add_integers:/home/cagla/ros2_ws/install/my_robot_controller:/opt/ros/humble /usr/bin/cmake /home/cagla/sercli_ws/src/custom_interfaces -DCMAKE_INSTALL_PREFIX=/home/cagla/sercli_ws/install/custom_interfaces
[1.905s] Invoking command in '/home/cagla/sercli_ws/build/custom_interfaces': CMAKE_PREFIX_PATH=${CMAKE_PREFIX_PATH}:/home/cagla/sercli_ws/install/add_integers:/home/cagla/ros2_ws/install/my_robot_controller:/opt/ros/humble /usr/bin/cmake --build /home/cagla/sercli_ws/build/custom_interfaces -- -j2 -l2
[1.949s] [  3%] [34m[1mGenerating C code for ROS interfaces[0m
[1.972s] [  6%] [34m[1mGenerating C++ code for ROS interfaces[0m
[2.620s] [  6%] Built target custom_interfaces__cpp
[2.646s] [  9%] [32mBuilding C object CMakeFiles/custom_interfaces__rosidl_generator_c.dir/rosidl_generator_c/custom_interfaces/srv/detail/add_two_ints__functions.c.o[0m
[2.651s] [  9%] Built target ament_cmake_python_copy_custom_interfaces
[2.670s] [ 12%] [34m[1mGenerating C++ type support for eProsima Fast-RTPS[0m
[2.731s] [ 16%] [32m[1mLinking C shared library libcustom_interfaces__rosidl_generator_c.so[0m
[2.785s] [ 16%] Built target custom_interfaces__rosidl_generator_c
[2.798s] [ 19%] [34m[1mGenerating C++ introspection for ROS interfaces[0m
[3.003s] [ 22%] [32mBuilding CXX object CMakeFiles/custom_interfaces__rosidl_typesupport_fastrtps_cpp.dir/rosidl_typesupport_fastrtps_cpp/custom_interfaces/srv/detail/dds_fastrtps/add_two_ints__type_support.cpp.o[0m
[3.073s] [ 25%] [32mBuilding CXX object CMakeFiles/custom_interfaces__rosidl_typesupport_introspection_cpp.dir/rosidl_typesupport_introspection_cpp/custom_interfaces/srv/detail/add_two_ints__type_support.cpp.o[0m
[3.517s] [ 29%] [32m[1mLinking CXX shared library libcustom_interfaces__rosidl_typesupport_fastrtps_cpp.so[0m
[3.523s] [ 32%] [32m[1mLinking CXX shared library libcustom_interfaces__rosidl_typesupport_introspection_cpp.so[0m
[3.582s] [ 32%] Built target custom_interfaces__rosidl_typesupport_introspection_cpp
[3.600s] [ 35%] [34m[1mGenerating C++ type support dispatch for ROS interfaces[0m
[3.621s] [ 35%] Built target custom_interfaces__rosidl_typesupport_fastrtps_cpp
[3.635s] [ 38%] [34m[1mGenerating C type support for eProsima Fast-RTPS[0m
[3.849s] [ 41%] [32mBuilding CXX object CMakeFiles/custom_interfaces__rosidl_typesupport_cpp.dir/rosidl_typesupport_cpp/custom_interfaces/srv/add_two_ints__type_support.cpp.o[0m
[3.940s] [ 45%] [32mBuilding CXX object CMakeFiles/custom_interfaces__rosidl_typesupport_fastrtps_c.dir/rosidl_typesupport_fastrtps_c/custom_interfaces/srv/detail/add_two_ints__type_support_c.cpp.o[0m
[4.313s] [ 48%] [32m[1mLinking CXX shared library libcustom_interfaces__rosidl_typesupport_cpp.so[0m
[4.453s] [ 48%] Built target custom_interfaces__rosidl_typesupport_cpp
[4.503s] [ 51%] [34m[1mGenerating C introspection for ROS interfaces[0m
[4.691s] [ 54%] [32m[1mLinking CXX shared library libcustom_interfaces__rosidl_typesupport_fastrtps_c.so[0m
[4.784s] [ 54%] Built target custom_interfaces__rosidl_typesupport_fastrtps_c
[4.802s] [ 58%] [34m[1mGenerating C type support dispatch for ROS interfaces[0m
[5.026s] [ 61%] [32mBuilding C object CMakeFiles/custom_interfaces__rosidl_typesupport_introspection_c.dir/rosidl_typesupport_introspection_c/custom_interfaces/srv/detail/add_two_ints__type_support.c.o[0m
[5.085s] [ 64%] [32m[1mLinking C shared library libcustom_interfaces__rosidl_typesupport_introspection_c.so[0m
[5.155s] [ 64%] Built target custom_interfaces__rosidl_typesupport_introspection_c
[5.348s] [ 67%] [32mBuilding CXX object CMakeFiles/custom_interfaces__rosidl_typesupport_c.dir/rosidl_typesupport_c/custom_interfaces/srv/add_two_ints__type_support.cpp.o[0m
[5.451s] [ 70%] [32m[1mLinking CXX shared library libcustom_interfaces__rosidl_typesupport_c.so[0m
[5.674s] [ 70%] Built target custom_interfaces__rosidl_typesupport_c
[5.759s] [ 70%] Built target custom_interfaces
[5.812s] [ 74%] [34m[1mGenerating Python code for ROS interfaces[0m
[6.444s] running egg_info
[6.446s] creating custom_interfaces.egg-info
[6.449s] writing custom_interfaces.egg-info/PKG-INFO
[6.449s] writing dependency_links to custom_interfaces.egg-info/dependency_links.txt
[6.453s] writing top-level names to custom_interfaces.egg-info/top_level.txt
[6.465s] writing manifest file 'custom_interfaces.egg-info/SOURCES.txt'
[6.474s] reading manifest file 'custom_interfaces.egg-info/SOURCES.txt'
[6.474s] writing manifest file 'custom_interfaces.egg-info/SOURCES.txt'
[6.618s] [ 74%] Built target ament_cmake_python_build_custom_interfaces_egg
[7.352s] [ 74%] Built target custom_interfaces__py
[7.453s] [ 77%] [32mBuilding C object CMakeFiles/custom_interfaces__rosidl_generator_py.dir/rosidl_generator_py/custom_interfaces/srv/_add_two_ints_s.c.o[0m
[7.773s] [ 80%] [32m[1mLinking C shared library rosidl_generator_py/custom_interfaces/libcustom_interfaces__rosidl_generator_py.so[0m
[7.864s] [ 80%] Built target custom_interfaces__rosidl_generator_py
[7.961s] [ 83%] [32mBuilding C object CMakeFiles/custom_interfaces__rosidl_typesupport_introspection_c__pyext.dir/rosidl_generator_py/custom_interfaces/_custom_interfaces_s.ep.rosidl_typesupport_introspection_c.c.o[0m
[7.962s] [ 87%] [32mBuilding C object CMakeFiles/custom_interfaces__rosidl_typesupport_fastrtps_c__pyext.dir/rosidl_generator_py/custom_interfaces/_custom_interfaces_s.ep.rosidl_typesupport_fastrtps_c.c.o[0m
[8.457s] [ 90%] [32m[1mLinking C shared library rosidl_generator_py/custom_interfaces/custom_interfaces_s__rosidl_typesupport_fastrtps_c.cpython-310-x86_64-linux-gnu.so[0m
[8.472s] [ 93%] [32m[1mLinking C shared library rosidl_generator_py/custom_interfaces/custom_interfaces_s__rosidl_typesupport_introspection_c.cpython-310-x86_64-linux-gnu.so[0m
[8.718s] [ 93%] Built target custom_interfaces__rosidl_typesupport_introspection_c__pyext
[8.726s] [ 93%] Built target custom_interfaces__rosidl_typesupport_fastrtps_c__pyext
[8.797s] [ 96%] [32mBuilding C object CMakeFiles/custom_interfaces__rosidl_typesupport_c__pyext.dir/rosidl_generator_py/custom_interfaces/_custom_interfaces_s.ep.rosidl_typesupport_c.c.o[0m
[9.017s] [100%] [32m[1mLinking C shared library rosidl_generator_py/custom_interfaces/custom_interfaces_s__rosidl_typesupport_c.cpython-310-x86_64-linux-gnu.so[0m
[9.090s] [100%] Built target custom_interfaces__rosidl_typesupport_c__pyext
[9.135s] Invoked command in '/home/cagla/sercli_ws/build/custom_interfaces' returned '0': CMAKE_PREFIX_PATH=${CMAKE_PREFIX_PATH}:/home/cagla/sercli_ws/install/add_integers:/home/cagla/ros2_ws/install/my_robot_controller:/opt/ros/humble /usr/bin/cmake --build /home/cagla/sercli_ws/build/custom_interfaces -- -j2 -l2
[9.427s] Invoking command in '/home/cagla/sercli_ws/build/custom_interfaces': CMAKE_PREFIX_PATH=${CMAKE_PREFIX_PATH}:/home/cagla/sercli_ws/install/add_integers:/home/cagla/ros2_ws/install/my_robot_controller:/opt/ros/humble /usr/bin/cmake --install /home/cagla/sercli_ws/build/custom_interfaces
[9.459s] -- Install configuration: ""
[9.460s] -- Installing: /home/cagla/sercli_ws/install/custom_interfaces/share/ament_index/resource_index/rosidl_interfaces/custom_interfaces
[9.461s] -- Installing: /home/cagla/sercli_ws/install/custom_interfaces/include/custom_interfaces/custom_interfaces
[9.468s] -- Installing: /home/cagla/sercli_ws/install/custom_interfaces/include/custom_interfaces/custom_interfaces/msg
[9.468s] -- Installing: /home/cagla/sercli_ws/install/custom_interfaces/include/custom_interfaces/custom_interfaces/msg/rosidl_generator_c__visibility_control.h
[9.468s] -- Installing: /home/cagla/sercli_ws/install/custom_interfaces/include/custom_interfaces/custom_interfaces/srv
[9.469s] -- Installing: /home/cagla/sercli_ws/install/custom_interfaces/include/custom_interfaces/custom_interfaces/srv/add_two_ints.h
[9.469s] -- Installing: /home/cagla/sercli_ws/install/custom_interfaces/include/custom_interfaces/custom_interfaces/srv/detail
[9.469s] -- Installing: /home/cagla/sercli_ws/install/custom_interfaces/include/custom_interfaces/custom_interfaces/srv/detail/add_two_ints__functions.c
[9.469s] -- Installing: /home/cagla/sercli_ws/install/custom_interfaces/include/custom_interfaces/custom_interfaces/srv/detail/add_two_ints__functions.h
[9.469s] -- Installing: /home/cagla/sercli_ws/install/custom_interfaces/include/custom_interfaces/custom_interfaces/srv/detail/add_two_ints__struct.h
[9.471s] -- Installing: /home/cagla/sercli_ws/install/custom_interfaces/include/custom_interfaces/custom_interfaces/srv/detail/add_two_ints__type_support.h
[9.472s] -- Installing: /home/cagla/sercli_ws/install/custom_interfaces/share/custom_interfaces/environment/library_path.sh
[9.473s] -- Installing: /home/cagla/sercli_ws/install/custom_interfaces/share/custom_interfaces/environment/library_path.dsv
[9.477s] -- Installing: /home/cagla/sercli_ws/install/custom_interfaces/lib/libcustom_interfaces__rosidl_generator_c.so
[9.485s] -- Set runtime path of "/home/cagla/sercli_ws/install/custom_interfaces/lib/libcustom_interfaces__rosidl_generator_c.so" to ""
[9.485s] -- Up-to-date: /home/cagla/sercli_ws/install/custom_interfaces/include/custom_interfaces/custom_interfaces
[9.485s] -- Up-to-date: /home/cagla/sercli_ws/install/custom_interfaces/include/custom_interfaces/custom_interfaces/msg
[9.485s] -- Installing: /home/cagla/sercli_ws/install/custom_interfaces/include/custom_interfaces/custom_interfaces/msg/rosidl_typesupport_fastrtps_c__visibility_control.h
[9.485s] -- Up-to-date: /home/cagla/sercli_ws/install/custom_interfaces/include/custom_interfaces/custom_interfaces/srv
[9.485s] -- Up-to-date: /home/cagla/sercli_ws/install/custom_interfaces/include/custom_interfaces/custom_interfaces/srv/detail
[9.485s] -- Installing: /home/cagla/sercli_ws/install/custom_interfaces/include/custom_interfaces/custom_interfaces/srv/detail/add_two_ints__rosidl_typesupport_fastrtps_c.h
[9.492s] -- Installing: /home/cagla/sercli_ws/install/custom_interfaces/lib/libcustom_interfaces__rosidl_typesupport_fastrtps_c.so
[9.492s] -- Set runtime path of "/home/cagla/sercli_ws/install/custom_interfaces/lib/libcustom_interfaces__rosidl_typesupport_fastrtps_c.so" to ""
[9.498s] -- Up-to-date: /home/cagla/sercli_ws/install/custom_interfaces/include/custom_interfaces/custom_interfaces
[9.498s] -- Up-to-date: /home/cagla/sercli_ws/install/custom_interfaces/include/custom_interfaces/custom_interfaces/msg
[9.498s] -- Installing: /home/cagla/sercli_ws/install/custom_interfaces/include/custom_interfaces/custom_interfaces/msg/rosidl_typesupport_introspection_c__visibility_control.h
[9.498s] -- Up-to-date: /home/cagla/sercli_ws/install/custom_interfaces/include/custom_interfaces/custom_interfaces/srv
[9.498s] -- Up-to-date: /home/cagla/sercli_ws/install/custom_interfaces/include/custom_interfaces/custom_interfaces/srv/detail
[9.499s] -- Installing: /home/cagla/sercli_ws/install/custom_interfaces/include/custom_interfaces/custom_interfaces/srv/detail/add_two_ints__rosidl_typesupport_introspection_c.h
[9.499s] -- Installing: /home/cagla/sercli_ws/install/custom_interfaces/include/custom_interfaces/custom_interfaces/srv/detail/add_two_ints__type_support.c
[9.499s] -- Installing: /home/cagla/sercli_ws/install/custom_interfaces/lib/libcustom_interfaces__rosidl_typesupport_introspection_c.so
[9.499s] -- Set runtime path of "/home/cagla/sercli_ws/install/custom_interfaces/lib/libcustom_interfaces__rosidl_typesupport_introspection_c.so" to ""
[9.499s] -- Installing: /home/cagla/sercli_ws/install/custom_interfaces/lib/libcustom_interfaces__rosidl_typesupport_c.so
[9.499s] -- Set runtime path of "/home/cagla/sercli_ws/install/custom_interfaces/lib/libcustom_interfaces__rosidl_typesupport_c.so" to ""
[9.499s] -- Up-to-date: /home/cagla/sercli_ws/install/custom_interfaces/include/custom_interfaces/custom_interfaces
[9.502s] -- Up-to-date: /home/cagla/sercli_ws/install/custom_interfaces/include/custom_interfaces/custom_interfaces/srv
[9.502s] -- Installing: /home/cagla/sercli_ws/install/custom_interfaces/include/custom_interfaces/custom_interfaces/srv/add_two_ints.hpp
[9.502s] -- Up-to-date: /home/cagla/sercli_ws/install/custom_interfaces/include/custom_interfaces/custom_interfaces/srv/detail
[9.502s] -- Installing: /home/cagla/sercli_ws/install/custom_interfaces/include/custom_interfaces/custom_interfaces/srv/detail/add_two_ints__traits.hpp
[9.503s] -- Installing: /home/cagla/sercli_ws/install/custom_interfaces/include/custom_interfaces/custom_interfaces/srv/detail/add_two_ints__struct.hpp
[9.503s] -- Installing: /home/cagla/sercli_ws/install/custom_interfaces/include/custom_interfaces/custom_interfaces/srv/detail/add_two_ints__builder.hpp
[9.503s] -- Up-to-date: /home/cagla/sercli_ws/install/custom_interfaces/include/custom_interfaces/custom_interfaces
[9.503s] -- Up-to-date: /home/cagla/sercli_ws/install/custom_interfaces/include/custom_interfaces/custom_interfaces/msg
[9.503s] -- Installing: /home/cagla/sercli_ws/install/custom_interfaces/include/custom_interfaces/custom_interfaces/msg/rosidl_typesupport_fastrtps_cpp__visibility_control.h
[9.503s] -- Up-to-date: /home/cagla/sercli_ws/install/custom_interfaces/include/custom_interfaces/custom_interfaces/srv
[9.503s] -- Up-to-date: /home/cagla/sercli_ws/install/custom_interfaces/include/custom_interfaces/custom_interfaces/srv/detail
[9.503s] -- Installing: /home/cagla/sercli_ws/install/custom_interfaces/include/custom_interfaces/custom_interfaces/srv/detail/dds_fastrtps
[9.503s] -- Installing: /home/cagla/sercli_ws/install/custom_interfaces/include/custom_interfaces/custom_interfaces/srv/detail/add_two_ints__rosidl_typesupport_fastrtps_cpp.hpp
[9.503s] -- Installing: /home/cagla/sercli_ws/install/custom_interfaces/lib/libcustom_interfaces__rosidl_typesupport_fastrtps_cpp.so
[9.506s] -- Set runtime path of "/home/cagla/sercli_ws/install/custom_interfaces/lib/libcustom_interfaces__rosidl_typesupport_fastrtps_cpp.so" to ""
[9.507s] -- Up-to-date: /home/cagla/sercli_ws/install/custom_interfaces/include/custom_interfaces/custom_interfaces
[9.507s] -- Up-to-date: /home/cagla/sercli_ws/install/custom_interfaces/include/custom_interfaces/custom_interfaces/srv
[9.507s] -- Up-to-date: /home/cagla/sercli_ws/install/custom_interfaces/include/custom_interfaces/custom_interfaces/srv/detail
[9.507s] -- Installing: /home/cagla/sercli_ws/install/custom_interfaces/include/custom_interfaces/custom_interfaces/srv/detail/add_two_ints__type_support.cpp
[9.507s] -- Installing: /home/cagla/sercli_ws/install/custom_interfaces/include/custom_interfaces/custom_interfaces/srv/detail/add_two_ints__rosidl_typesupport_introspection_cpp.hpp
[9.507s] -- Installing: /home/cagla/sercli_ws/install/custom_interfaces/lib/libcustom_interfaces__rosidl_typesupport_introspection_cpp.so
[9.507s] -- Set runtime path of "/home/cagla/sercli_ws/install/custom_interfaces/lib/libcustom_interfaces__rosidl_typesupport_introspection_cpp.so" to ""
[9.507s] -- Installing: /home/cagla/sercli_ws/install/custom_interfaces/lib/libcustom_interfaces__rosidl_typesupport_cpp.so
[9.509s] -- Set runtime path of "/home/cagla/sercli_ws/install/custom_interfaces/lib/libcustom_interfaces__rosidl_typesupport_cpp.so" to ""
[9.509s] -- Installing: /home/cagla/sercli_ws/install/custom_interfaces/share/custom_interfaces/environment/pythonpath.sh
[9.510s] -- Installing: /home/cagla/sercli_ws/install/custom_interfaces/share/custom_interfaces/environment/pythonpath.dsv
[9.510s] -- Installing: /home/cagla/sercli_ws/install/custom_interfaces/local/lib/python3.10/dist-packages/custom_interfaces-0.0.0-py3.10.egg-info
[9.510s] -- Installing: /home/cagla/sercli_ws/install/custom_interfaces/local/lib/python3.10/dist-packages/custom_interfaces-0.0.0-py3.10.egg-info/PKG-INFO
[9.510s] -- Installing: /home/cagla/sercli_ws/install/custom_interfaces/local/lib/python3.10/dist-packages/custom_interfaces-0.0.0-py3.10.egg-info/top_level.txt
[9.510s] -- Installing: /home/cagla/sercli_ws/install/custom_interfaces/local/lib/python3.10/dist-packages/custom_interfaces-0.0.0-py3.10.egg-info/SOURCES.txt
[9.510s] -- Installing: /home/cagla/sercli_ws/install/custom_interfaces/local/lib/python3.10/dist-packages/custom_interfaces-0.0.0-py3.10.egg-info/dependency_links.txt
[9.511s] -- Installing: /home/cagla/sercli_ws/install/custom_interfaces/local/lib/python3.10/dist-packages/custom_interfaces
[9.511s] -- Installing: /home/cagla/sercli_ws/install/custom_interfaces/local/lib/python3.10/dist-packages/custom_interfaces/_custom_interfaces_s.ep.rosidl_typesupport_fastrtps_c.c
[9.511s] -- Installing: /home/cagla/sercli_ws/install/custom_interfaces/local/lib/python3.10/dist-packages/custom_interfaces/_custom_interfaces_s.ep.rosidl_typesupport_c.c
[9.511s] -- Installing: /home/cagla/sercli_ws/install/custom_interfaces/local/lib/python3.10/dist-packages/custom_interfaces/_custom_interfaces_s.ep.rosidl_typesupport_introspection_c.c
[9.511s] -- Installing: /home/cagla/sercli_ws/install/custom_interfaces/local/lib/python3.10/dist-packages/custom_interfaces/libcustom_interfaces__rosidl_generator_py.so
[9.515s] -- Installing: /home/cagla/sercli_ws/install/custom_interfaces/local/lib/python3.10/dist-packages/custom_interfaces/custom_interfaces_s__rosidl_typesupport_fastrtps_c.cpython-310-x86_64-linux-gnu.so
[9.516s] -- Installing: /home/cagla/sercli_ws/install/custom_interfaces/local/lib/python3.10/dist-packages/custom_interfaces/custom_interfaces_s__rosidl_typesupport_c.cpython-310-x86_64-linux-gnu.so
[9.517s] -- Installing: /home/cagla/sercli_ws/install/custom_interfaces/local/lib/python3.10/dist-packages/custom_interfaces/custom_interfaces_s__rosidl_typesupport_introspection_c.cpython-310-x86_64-linux-gnu.so
[9.517s] -- Installing: /home/cagla/sercli_ws/install/custom_interfaces/local/lib/python3.10/dist-packages/custom_interfaces/srv
[9.517s] -- Installing: /home/cagla/sercli_ws/install/custom_interfaces/local/lib/python3.10/dist-packages/custom_interfaces/srv/_add_two_ints.py
[9.518s] -- Installing: /home/cagla/sercli_ws/install/custom_interfaces/local/lib/python3.10/dist-packages/custom_interfaces/srv/__init__.py
[9.518s] -- Installing: /home/cagla/sercli_ws/install/custom_interfaces/local/lib/python3.10/dist-packages/custom_interfaces/srv/_add_two_ints_s.c
[9.518s] -- Installing: /home/cagla/sercli_ws/install/custom_interfaces/local/lib/python3.10/dist-packages/custom_interfaces/__init__.py
[9.616s] Listing '/home/cagla/sercli_ws/install/custom_interfaces/local/lib/python3.10/dist-packages/custom_interfaces'...
[9.616s] Compiling '/home/cagla/sercli_ws/install/custom_interfaces/local/lib/python3.10/dist-packages/custom_interfaces/__init__.py'...
[9.616s] Listing '/home/cagla/sercli_ws/install/custom_interfaces/local/lib/python3.10/dist-packages/custom_interfaces/srv'...
[9.616s] Compiling '/home/cagla/sercli_ws/install/custom_interfaces/local/lib/python3.10/dist-packages/custom_interfaces/srv/__init__.py'...
[9.616s] Compiling '/home/cagla/sercli_ws/install/custom_interfaces/local/lib/python3.10/dist-packages/custom_interfaces/srv/_add_two_ints.py'...
[9.623s] -- Installing: /home/cagla/sercli_ws/install/custom_interfaces/local/lib/python3.10/dist-packages/custom_interfaces/custom_interfaces_s__rosidl_typesupport_fastrtps_c.cpython-310-x86_64-linux-gnu.so
[9.624s] -- Set runtime path of "/home/cagla/sercli_ws/install/custom_interfaces/local/lib/python3.10/dist-packages/custom_interfaces/custom_interfaces_s__rosidl_typesupport_fastrtps_c.cpython-310-x86_64-linux-gnu.so" to ""
[9.624s] -- Installing: /home/cagla/sercli_ws/install/custom_interfaces/local/lib/python3.10/dist-packages/custom_interfaces/custom_interfaces_s__rosidl_typesupport_introspection_c.cpython-310-x86_64-linux-gnu.so
[9.625s] -- Set runtime path of "/home/cagla/sercli_ws/install/custom_interfaces/local/lib/python3.10/dist-packages/custom_interfaces/custom_interfaces_s__rosidl_typesupport_introspection_c.cpython-310-x86_64-linux-gnu.so" to ""
[9.625s] -- Installing: /home/cagla/sercli_ws/install/custom_interfaces/local/lib/python3.10/dist-packages/custom_interfaces/custom_interfaces_s__rosidl_typesupport_c.cpython-310-x86_64-linux-gnu.so
[9.625s] -- Set runtime path of "/home/cagla/sercli_ws/install/custom_interfaces/local/lib/python3.10/dist-packages/custom_interfaces/custom_interfaces_s__rosidl_typesupport_c.cpython-310-x86_64-linux-gnu.so" to ""
[9.626s] -- Installing: /home/cagla/sercli_ws/install/custom_interfaces/lib/libcustom_interfaces__rosidl_generator_py.so
[9.626s] -- Set runtime path of "/home/cagla/sercli_ws/install/custom_interfaces/lib/libcustom_interfaces__rosidl_generator_py.so" to ""
[9.627s] -- Installing: /home/cagla/sercli_ws/install/custom_interfaces/share/custom_interfaces/srv/AddTwoInts.idl
[9.627s] -- Installing: /home/cagla/sercli_ws/install/custom_interfaces/share/custom_interfaces/srv/AddTwoInts.srv
[9.627s] -- Installing: /home/cagla/sercli_ws/install/custom_interfaces/share/custom_interfaces/srv/AddTwoInts_Request.msg
[9.627s] -- Installing: /home/cagla/sercli_ws/install/custom_interfaces/share/custom_interfaces/srv/AddTwoInts_Response.msg
[9.628s] -- Installing: /home/cagla/sercli_ws/install/custom_interfaces/share/ament_index/resource_index/package_run_dependencies/custom_interfaces
[9.628s] -- Installing: /home/cagla/sercli_ws/install/custom_interfaces/share/ament_index/resource_index/parent_prefix_path/custom_interfaces
[9.629s] -- Installing: /home/cagla/sercli_ws/install/custom_interfaces/share/custom_interfaces/environment/ament_prefix_path.sh
[9.629s] -- Installing: /home/cagla/sercli_ws/install/custom_interfaces/share/custom_interfaces/environment/ament_prefix_path.dsv
[9.630s] -- Installing: /home/cagla/sercli_ws/install/custom_interfaces/share/custom_interfaces/environment/path.sh
[9.631s] -- Installing: /home/cagla/sercli_ws/install/custom_interfaces/share/custom_interfaces/environment/path.dsv
[9.637s] -- Installing: /home/cagla/sercli_ws/install/custom_interfaces/share/custom_interfaces/local_setup.bash
[9.637s] -- Installing: /home/cagla/sercli_ws/install/custom_interfaces/share/custom_interfaces/local_setup.sh
[9.638s] -- Installing: /home/cagla/sercli_ws/install/custom_interfaces/share/custom_interfaces/local_setup.zsh
[9.638s] -- Installing: /home/cagla/sercli_ws/install/custom_interfaces/share/custom_interfaces/local_setup.dsv
[9.639s] -- Installing: /home/cagla/sercli_ws/install/custom_interfaces/share/custom_interfaces/package.dsv
[9.648s] -- Installing: /home/cagla/sercli_ws/install/custom_interfaces/share/ament_index/resource_index/packages/custom_interfaces
[9.648s] -- Installing: /home/cagla/sercli_ws/install/custom_interfaces/share/custom_interfaces/cmake/export_custom_interfaces__rosidl_generator_cExport.cmake
[9.648s] -- Installing: /home/cagla/sercli_ws/install/custom_interfaces/share/custom_interfaces/cmake/export_custom_interfaces__rosidl_generator_cExport-noconfig.cmake
[9.648s] -- Installing: /home/cagla/sercli_ws/install/custom_interfaces/share/custom_interfaces/cmake/export_custom_interfaces__rosidl_typesupport_fastrtps_cExport.cmake
[9.648s] -- Installing: /home/cagla/sercli_ws/install/custom_interfaces/share/custom_interfaces/cmake/export_custom_interfaces__rosidl_typesupport_fastrtps_cExport-noconfig.cmake
[9.649s] -- Installing: /home/cagla/sercli_ws/install/custom_interfaces/share/custom_interfaces/cmake/custom_interfaces__rosidl_typesupport_introspection_cExport.cmake
[9.649s] -- Installing: /home/cagla/sercli_ws/install/custom_interfaces/share/custom_interfaces/cmake/custom_interfaces__rosidl_typesupport_introspection_cExport-noconfig.cmake
[9.649s] -- Installing: /home/cagla/sercli_ws/install/custom_interfaces/share/custom_interfaces/cmake/custom_interfaces__rosidl_typesupport_cExport.cmake
[9.650s] -- Installing: /home/cagla/sercli_ws/install/custom_interfaces/share/custom_interfaces/cmake/custom_interfaces__rosidl_typesupport_cExport-noconfig.cmake
[9.650s] -- Installing: /home/cagla/sercli_ws/install/custom_interfaces/share/custom_interfaces/cmake/export_custom_interfaces__rosidl_generator_cppExport.cmake
[9.650s] -- Installing: /home/cagla/sercli_ws/install/custom_interfaces/share/custom_interfaces/cmake/export_custom_interfaces__rosidl_typesupport_fastrtps_cppExport.cmake
[9.650s] -- Installing: /home/cagla/sercli_ws/install/custom_interfaces/share/custom_interfaces/cmake/export_custom_interfaces__rosidl_typesupport_fastrtps_cppExport-noconfig.cmake
[9.653s] -- Installing: /home/cagla/sercli_ws/install/custom_interfaces/share/custom_interfaces/cmake/custom_interfaces__rosidl_typesupport_introspection_cppExport.cmake
[9.653s] -- Installing: /home/cagla/sercli_ws/install/custom_interfaces/share/custom_interfaces/cmake/custom_interfaces__rosidl_typesupport_introspection_cppExport-noconfig.cmake
[9.653s] -- Installing: /home/cagla/sercli_ws/install/custom_interfaces/share/custom_interfaces/cmake/custom_interfaces__rosidl_typesupport_cppExport.cmake
[9.655s] -- Installing: /home/cagla/sercli_ws/install/custom_interfaces/share/custom_interfaces/cmake/custom_interfaces__rosidl_typesupport_cppExport-noconfig.cmake
[9.656s] -- Installing: /home/cagla/sercli_ws/install/custom_interfaces/share/custom_interfaces/cmake/export_custom_interfaces__rosidl_generator_pyExport.cmake
[9.656s] -- Installing: /home/cagla/sercli_ws/install/custom_interfaces/share/custom_interfaces/cmake/export_custom_interfaces__rosidl_generator_pyExport-noconfig.cmake
[9.656s] -- Installing: /home/cagla/sercli_ws/install/custom_interfaces/share/custom_interfaces/cmake/rosidl_cmake-extras.cmake
[9.656s] -- Installing: /home/cagla/sercli_ws/install/custom_interfaces/share/custom_interfaces/cmake/ament_cmake_export_include_directories-extras.cmake
[9.656s] -- Installing: /home/cagla/sercli_ws/install/custom_interfaces/share/custom_interfaces/cmake/ament_cmake_export_libraries-extras.cmake
[9.656s] -- Installing: /home/cagla/sercli_ws/install/custom_interfaces/share/custom_interfaces/cmake/ament_cmake_export_targets-extras.cmake
[9.656s] -- Installing: /home/cagla/sercli_ws/install/custom_interfaces/share/custom_interfaces/cmake/rosidl_cmake_export_typesupport_targets-extras.cmake
[9.656s] -- Installing: /home/cagla/sercli_ws/install/custom_interfaces/share/custom_interfaces/cmake/ament_cmake_export_dependencies-extras.cmake
[9.657s] -- Installing: /home/cagla/sercli_ws/install/custom_interfaces/share/custom_interfaces/cmake/rosidl_cmake_export_typesupport_libraries-extras.cmake
[9.659s] -- Installing: /home/cagla/sercli_ws/install/custom_interfaces/share/custom_interfaces/cmake/custom_interfacesConfig.cmake
[9.660s] -- Installing: /home/cagla/sercli_ws/install/custom_interfaces/share/custom_interfaces/cmake/custom_interfacesConfig-version.cmake
[9.660s] -- Installing: /home/cagla/sercli_ws/install/custom_interfaces/share/custom_interfaces/package.xml
[9.667s] Invoked command in '/home/cagla/sercli_ws/build/custom_interfaces' returned '0': CMAKE_PREFIX_PATH=${CMAKE_PREFIX_PATH}:/home/cagla/sercli_ws/install/add_integers:/home/cagla/ros2_ws/install/my_robot_controller:/opt/ros/humble /usr/bin/cmake --install /home/cagla/sercli_ws/build/custom_interfaces
