[0.318s] DEBUG:colcon:Command line arguments: ['/usr/bin/colcon', 'build']
[0.318s] DEBUG:colcon:Parsed command line arguments: Namespace(log_base=None, log_level=None, verb_name='build', build_base='build', install_base='install', merge_install=False, symlink_install=False, test_result_base=None, continue_on_error=False, executor='parallel', parallel_workers=2, event_handlers=None, ignore_user_meta=False, metas=['./colcon.meta'], base_paths=['.'], packages_ignore=None, packages_ignore_regex=None, paths=None, packages_up_to=None, packages_up_to_regex=None, packages_above=None, packages_above_and_dependencies=None, packages_above_depth=None, packages_select_by_dep=None, packages_skip_by_dep=None, packages_skip_up_to=None, packages_select_build_failed=False, packages_skip_build_finished=False, packages_select_test_failures=False, packages_skip_test_passed=False, packages_select=None, packages_skip=None, packages_select_regex=None, packages_skip_regex=None, packages_start=None, packages_end=None, allow_overriding=[], cmake_args=None, cmake_target=None, cmake_target_skip_unavailable=False, cmake_clean_cache=False, cmake_clean_first=False, cmake_force_configure=False, ament_cmake_args=None, catkin_cmake_args=None, catkin_skip_building_tests=False, mixin_files=None, mixin=None, verb_parser=<colcon_mixin.mixin.mixin_argument.MixinArgumentDecorator object at 0x701e407332e0>, verb_extension=<colcon_core.verb.build.BuildVerb object at 0x701e408339a0>, main=<bound method BuildVerb.main of <colcon_core.verb.build.BuildVerb object at 0x701e408339a0>>, mixin_verb=('build',))
[0.850s] Level 1:colcon.colcon_core.package_discovery:discover_packages(colcon_meta) check parameters
[0.850s] Level 1:colcon.colcon_core.package_discovery:discover_packages(recursive) check parameters
[0.850s] Level 1:colcon.colcon_core.package_discovery:discover_packages(ignore) check parameters
[0.850s] Level 1:colcon.colcon_core.package_discovery:discover_packages(path) check parameters
[0.850s] Level 1:colcon.colcon_core.package_discovery:discover_packages(colcon_meta) discover
[0.850s] Level 1:colcon.colcon_core.package_discovery:discover_packages(recursive) discover
[0.850s] INFO:colcon.colcon_core.package_discovery:Crawling recursively for packages in '/home/cagla/sercli_ws'
[0.850s] Level 1:colcon.colcon_core.package_identification:_identify(.) by extensions ['ignore', 'ignore_ament_install']
[0.850s] Level 1:colcon.colcon_core.package_identification:_identify(.) by extension 'ignore'
[0.850s] Level 1:colcon.colcon_core.package_identification:_identify(.) by extension 'ignore_ament_install'
[0.851s] Level 1:colcon.colcon_core.package_identification:_identify(.) by extensions ['colcon_pkg']
[0.851s] Level 1:colcon.colcon_core.package_identification:_identify(.) by extension 'colcon_pkg'
[0.851s] Level 1:colcon.colcon_core.package_identification:_identify(.) by extensions ['colcon_meta']
[0.851s] Level 1:colcon.colcon_core.package_identification:_identify(.) by extension 'colcon_meta'
[0.851s] Level 1:colcon.colcon_core.package_identification:_identify(.) by extensions ['ros']
[0.851s] Level 1:colcon.colcon_core.package_identification:_identify(.) by extension 'ros'
[0.867s] Level 1:colcon.colcon_core.package_identification:_identify(.) by extensions ['cmake', 'python']
[0.867s] Level 1:colcon.colcon_core.package_identification:_identify(.) by extension 'cmake'
[0.867s] Level 1:colcon.colcon_core.package_identification:_identify(.) by extension 'python'
[0.867s] Level 1:colcon.colcon_core.package_identification:_identify(.) by extensions ['python_setup_py']
[0.867s] Level 1:colcon.colcon_core.package_identification:_identify(.) by extension 'python_setup_py'
[0.867s] Level 1:colcon.colcon_core.package_identification:_identify(build) by extensions ['ignore', 'ignore_ament_install']
[0.867s] Level 1:colcon.colcon_core.package_identification:_identify(build) by extension 'ignore'
[0.867s] Level 1:colcon.colcon_core.package_identification:_identify(build) ignored
[0.868s] Level 1:colcon.colcon_core.package_identification:_identify(install) by extensions ['ignore', 'ignore_ament_install']
[0.868s] Level 1:colcon.colcon_core.package_identification:_identify(install) by extension 'ignore'
[0.868s] Level 1:colcon.colcon_core.package_identification:_identify(install) ignored
[0.868s] Level 1:colcon.colcon_core.package_identification:_identify(log) by extensions ['ignore', 'ignore_ament_install']
[0.868s] Level 1:colcon.colcon_core.package_identification:_identify(log) by extension 'ignore'
[0.868s] Level 1:colcon.colcon_core.package_identification:_identify(log) ignored
[0.869s] Level 1:colcon.colcon_core.package_identification:_identify(src) by extensions ['ignore', 'ignore_ament_install']
[0.869s] Level 1:colcon.colcon_core.package_identification:_identify(src) by extension 'ignore'
[0.869s] Level 1:colcon.colcon_core.package_identification:_identify(src) by extension 'ignore_ament_install'
[0.869s] Level 1:colcon.colcon_core.package_identification:_identify(src) by extensions ['colcon_pkg']
[0.869s] Level 1:colcon.colcon_core.package_identification:_identify(src) by extension 'colcon_pkg'
[0.869s] Level 1:colcon.colcon_core.package_identification:_identify(src) by extensions ['colcon_meta']
[0.869s] Level 1:colcon.colcon_core.package_identification:_identify(src) by extension 'colcon_meta'
[0.869s] Level 1:colcon.colcon_core.package_identification:_identify(src) by extensions ['ros']
[0.869s] Level 1:colcon.colcon_core.package_identification:_identify(src) by extension 'ros'
[0.869s] Level 1:colcon.colcon_core.package_identification:_identify(src) by extensions ['cmake', 'python']
[0.869s] Level 1:colcon.colcon_core.package_identification:_identify(src) by extension 'cmake'
[0.869s] Level 1:colcon.colcon_core.package_identification:_identify(src) by extension 'python'
[0.869s] Level 1:colcon.colcon_core.package_identification:_identify(src) by extensions ['python_setup_py']
[0.869s] Level 1:colcon.colcon_core.package_identification:_identify(src) by extension 'python_setup_py'
[0.869s] Level 1:colcon.colcon_core.package_identification:_identify(src/add_integers) by extensions ['ignore', 'ignore_ament_install']
[0.869s] Level 1:colcon.colcon_core.package_identification:_identify(src/add_integers) by extension 'ignore'
[0.869s] Level 1:colcon.colcon_core.package_identification:_identify(src/add_integers) by extension 'ignore_ament_install'
[0.870s] Level 1:colcon.colcon_core.package_identification:_identify(src/add_integers) by extensions ['colcon_pkg']
[0.870s] Level 1:colcon.colcon_core.package_identification:_identify(src/add_integers) by extension 'colcon_pkg'
[0.870s] Level 1:colcon.colcon_core.package_identification:_identify(src/add_integers) by extensions ['colcon_meta']
[0.870s] Level 1:colcon.colcon_core.package_identification:_identify(src/add_integers) by extension 'colcon_meta'
[0.870s] Level 1:colcon.colcon_core.package_identification:_identify(src/add_integers) by extensions ['ros']
[0.870s] Level 1:colcon.colcon_core.package_identification:_identify(src/add_integers) by extension 'ros'
[0.876s] DEBUG:colcon.colcon_core.package_identification:Package 'src/add_integers' with type 'ros.ament_python' and name 'add_integers'
[0.876s] Level 1:colcon.colcon_core.package_identification:_identify(src/custom_interfaces) by extensions ['ignore', 'ignore_ament_install']
[0.876s] Level 1:colcon.colcon_core.package_identification:_identify(src/custom_interfaces) by extension 'ignore'
[0.876s] Level 1:colcon.colcon_core.package_identification:_identify(src/custom_interfaces) by extension 'ignore_ament_install'
[0.877s] Level 1:colcon.colcon_core.package_identification:_identify(src/custom_interfaces) by extensions ['colcon_pkg']
[0.877s] Level 1:colcon.colcon_core.package_identification:_identify(src/custom_interfaces) by extension 'colcon_pkg'
[0.877s] Level 1:colcon.colcon_core.package_identification:_identify(src/custom_interfaces) by extensions ['colcon_meta']
[0.877s] Level 1:colcon.colcon_core.package_identification:_identify(src/custom_interfaces) by extension 'colcon_meta'
[0.877s] Level 1:colcon.colcon_core.package_identification:_identify(src/custom_interfaces) by extensions ['ros']
[0.877s] Level 1:colcon.colcon_core.package_identification:_identify(src/custom_interfaces) by extension 'ros'
[0.877s] DEBUG:colcon.colcon_core.package_identification:Package 'src/custom_interfaces' with type 'ros.ament_cmake' and name 'custom_interfaces'
[0.877s] Level 1:colcon.colcon_core.package_discovery:discover_packages(recursive) using defaults
[0.878s] Level 1:colcon.colcon_core.package_discovery:discover_packages(ignore) discover
[0.878s] Level 1:colcon.colcon_core.package_discovery:discover_packages(ignore) using defaults
[0.878s] Level 1:colcon.colcon_core.package_discovery:discover_packages(path) discover
[0.878s] Level 1:colcon.colcon_core.package_discovery:discover_packages(path) using defaults
[0.907s] Level 1:colcon.colcon_core.package_discovery:discover_packages(prefix_path) check parameters
[0.907s] Level 1:colcon.colcon_core.package_discovery:discover_packages(prefix_path) discover
[0.909s] WARNING:colcon.colcon_core.prefix_path.colcon:The path '/home/cagla/ros2_ws/install' in the environment variable COLCON_PREFIX_PATH doesn't exist
[0.910s] WARNING:colcon.colcon_ros.prefix_path.ament:The path '/home/cagla/ros2_ws/install/my_robot_controller' in the environment variable AMENT_PREFIX_PATH doesn't exist
[0.912s] DEBUG:colcon.colcon_installed_package_information.package_discovery:Found 389 installed packages in /opt/ros/humble
[0.930s] Level 1:colcon.colcon_core.package_discovery:discover_packages(prefix_path) using defaults
[1.202s] Level 5:colcon.colcon_core.verb:set package 'custom_interfaces' build argument 'cmake_args' from command line to 'None'
[1.203s] Level 5:colcon.colcon_core.verb:set package 'custom_interfaces' build argument 'cmake_target' from command line to 'None'
[1.203s] Level 5:colcon.colcon_core.verb:set package 'custom_interfaces' build argument 'cmake_target_skip_unavailable' from command line to 'False'
[1.203s] Level 5:colcon.colcon_core.verb:set package 'custom_interfaces' build argument 'cmake_clean_cache' from command line to 'False'
[1.203s] Level 5:colcon.colcon_core.verb:set package 'custom_interfaces' build argument 'cmake_clean_first' from command line to 'False'
[1.203s] Level 5:colcon.colcon_core.verb:set package 'custom_interfaces' build argument 'cmake_force_configure' from command line to 'False'
[1.203s] Level 5:colcon.colcon_core.verb:set package 'custom_interfaces' build argument 'ament_cmake_args' from command line to 'None'
[1.203s] Level 5:colcon.colcon_core.verb:set package 'custom_interfaces' build argument 'catkin_cmake_args' from command line to 'None'
[1.203s] Level 5:colcon.colcon_core.verb:set package 'custom_interfaces' build argument 'catkin_skip_building_tests' from command line to 'False'
[1.203s] DEBUG:colcon.colcon_core.verb:Building package 'custom_interfaces' with the following arguments: {'ament_cmake_args': None, 'build_base': '/home/cagla/sercli_ws/build/custom_interfaces', 'catkin_cmake_args': None, 'catkin_skip_building_tests': False, 'cmake_args': None, 'cmake_clean_cache': False, 'cmake_clean_first': False, 'cmake_force_configure': False, 'cmake_target': None, 'cmake_target_skip_unavailable': False, 'install_base': '/home/cagla/sercli_ws/install/custom_interfaces', 'merge_install': False, 'path': '/home/cagla/sercli_ws/src/custom_interfaces', 'symlink_install': False, 'test_result_base': None}
[1.203s] Level 5:colcon.colcon_core.verb:set package 'add_integers' build argument 'cmake_args' from command line to 'None'
[1.203s] Level 5:colcon.colcon_core.verb:set package 'add_integers' build argument 'cmake_target' from command line to 'None'
[1.203s] Level 5:colcon.colcon_core.verb:set package 'add_integers' build argument 'cmake_target_skip_unavailable' from command line to 'False'
[1.203s] Level 5:colcon.colcon_core.verb:set package 'add_integers' build argument 'cmake_clean_cache' from command line to 'False'
[1.203s] Level 5:colcon.colcon_core.verb:set package 'add_integers' build argument 'cmake_clean_first' from command line to 'False'
[1.203s] Level 5:colcon.colcon_core.verb:set package 'add_integers' build argument 'cmake_force_configure' from command line to 'False'
[1.203s] Level 5:colcon.colcon_core.verb:set package 'add_integers' build argument 'ament_cmake_args' from command line to 'None'
[1.203s] Level 5:colcon.colcon_core.verb:set package 'add_integers' build argument 'catkin_cmake_args' from command line to 'None'
[1.203s] Level 5:colcon.colcon_core.verb:set package 'add_integers' build argument 'catkin_skip_building_tests' from command line to 'False'
[1.203s] DEBUG:colcon.colcon_core.verb:Building package 'add_integers' with the following arguments: {'ament_cmake_args': None, 'build_base': '/home/cagla/sercli_ws/build/add_integers', 'catkin_cmake_args': None, 'catkin_skip_building_tests': False, 'cmake_args': None, 'cmake_clean_cache': False, 'cmake_clean_first': False, 'cmake_force_configure': False, 'cmake_target': None, 'cmake_target_skip_unavailable': False, 'install_base': '/home/cagla/sercli_ws/install/add_integers', 'merge_install': False, 'path': '/home/cagla/sercli_ws/src/add_integers', 'symlink_install': False, 'test_result_base': None}
[1.204s] INFO:colcon.colcon_core.executor:Executing jobs using 'parallel' executor
[1.205s] DEBUG:colcon.colcon_parallel_executor.executor.parallel:run_until_complete
[1.205s] INFO:colcon.colcon_ros.task.ament_cmake.build:Building ROS package in '/home/cagla/sercli_ws/src/custom_interfaces' with build type 'ament_cmake'
[1.205s] INFO:colcon.colcon_cmake.task.cmake.build:Building CMake package in '/home/cagla/sercli_ws/src/custom_interfaces'
[1.215s] INFO:colcon.colcon_core.plugin_system:Skipping extension 'colcon_core.shell.bat': Not used on non-Windows systems
[1.216s] INFO:colcon.colcon_core.shell:Skip shell extension 'powershell' for command environment: Not usable outside of PowerShell
[1.216s] DEBUG:colcon.colcon_core.shell:Skip shell extension 'dsv' for command environment
[1.232s] DEBUG:colcon.colcon_core.event_handler.log_command:Invoking command in '/home/cagla/sercli_ws/build/custom_interfaces': CMAKE_PREFIX_PATH=/home/cagla/ros2_ws/install/my_robot_controller:/opt/ros/humble /usr/bin/cmake --build /home/cagla/sercli_ws/build/custom_interfaces -- -j2 -l2
[4.504s] DEBUG:colcon.colcon_core.event_handler.log_command:Invoked command in '/home/cagla/sercli_ws/build/custom_interfaces' returned '0': CMAKE_PREFIX_PATH=/home/cagla/ros2_ws/install/my_robot_controller:/opt/ros/humble /usr/bin/cmake --build /home/cagla/sercli_ws/build/custom_interfaces -- -j2 -l2
[4.623s] DEBUG:colcon.colcon_core.event_handler.log_command:Invoking command in '/home/cagla/sercli_ws/build/custom_interfaces': CMAKE_PREFIX_PATH=/home/cagla/ros2_ws/install/my_robot_controller:/opt/ros/humble /usr/bin/cmake --install /home/cagla/sercli_ws/build/custom_interfaces
[4.820s] Level 1:colcon.colcon_core.environment:create_environment_scripts_only(custom_interfaces)
[4.821s] DEBUG:colcon.colcon_core.event_handler.log_command:Invoked command in '/home/cagla/sercli_ws/build/custom_interfaces' returned '0': CMAKE_PREFIX_PATH=/home/cagla/ros2_ws/install/my_robot_controller:/opt/ros/humble /usr/bin/cmake --install /home/cagla/sercli_ws/build/custom_interfaces
[4.835s] Level 1:colcon.colcon_core.environment:checking '/home/cagla/sercli_ws/install/custom_interfaces' for CMake module files
[4.836s] Level 1:colcon.colcon_core.environment:checking '/home/cagla/sercli_ws/install/custom_interfaces' for CMake config files
[4.836s] Level 1:colcon.colcon_core.shell:create_environment_hook('custom_interfaces', 'cmake_prefix_path')
[4.837s] INFO:colcon.colcon_core.shell:Creating environment hook '/home/cagla/sercli_ws/install/custom_interfaces/share/custom_interfaces/hook/cmake_prefix_path.ps1'
[4.839s] INFO:colcon.colcon_core.shell:Creating environment descriptor '/home/cagla/sercli_ws/install/custom_interfaces/share/custom_interfaces/hook/cmake_prefix_path.dsv'
[4.841s] INFO:colcon.colcon_core.shell:Creating environment hook '/home/cagla/sercli_ws/install/custom_interfaces/share/custom_interfaces/hook/cmake_prefix_path.sh'
[4.843s] Level 1:colcon.colcon_core.environment:checking '/home/cagla/sercli_ws/install/custom_interfaces/lib'
[4.843s] Level 1:colcon.colcon_core.shell:create_environment_hook('custom_interfaces', 'ld_library_path_lib')
[4.844s] INFO:colcon.colcon_core.shell:Creating environment hook '/home/cagla/sercli_ws/install/custom_interfaces/share/custom_interfaces/hook/ld_library_path_lib.ps1'
[4.845s] INFO:colcon.colcon_core.shell:Creating environment descriptor '/home/cagla/sercli_ws/install/custom_interfaces/share/custom_interfaces/hook/ld_library_path_lib.dsv'
[4.846s] INFO:colcon.colcon_core.shell:Creating environment hook '/home/cagla/sercli_ws/install/custom_interfaces/share/custom_interfaces/hook/ld_library_path_lib.sh'
[4.846s] Level 1:colcon.colcon_core.environment:checking '/home/cagla/sercli_ws/install/custom_interfaces/bin'
[4.846s] Level 1:colcon.colcon_core.environment:checking '/home/cagla/sercli_ws/install/custom_interfaces/lib/pkgconfig/custom_interfaces.pc'
[4.846s] Level 1:colcon.colcon_core.environment:checking '/home/cagla/sercli_ws/install/custom_interfaces/lib/python3.10/site-packages'
[4.847s] Level 1:colcon.colcon_core.environment:checking '/home/cagla/sercli_ws/install/custom_interfaces/bin'
[4.847s] INFO:colcon.colcon_core.shell:Creating package script '/home/cagla/sercli_ws/install/custom_interfaces/share/custom_interfaces/package.ps1'
[4.850s] INFO:colcon.colcon_core.shell:Creating package descriptor '/home/cagla/sercli_ws/install/custom_interfaces/share/custom_interfaces/package.dsv'
[4.852s] INFO:colcon.colcon_core.shell:Creating package script '/home/cagla/sercli_ws/install/custom_interfaces/share/custom_interfaces/package.sh'
[4.853s] INFO:colcon.colcon_core.shell:Creating package script '/home/cagla/sercli_ws/install/custom_interfaces/share/custom_interfaces/package.bash'
[4.855s] INFO:colcon.colcon_core.shell:Creating package script '/home/cagla/sercli_ws/install/custom_interfaces/share/custom_interfaces/package.zsh'
[4.857s] Level 1:colcon.colcon_core.environment:create_file_with_runtime_dependencies(/home/cagla/sercli_ws/install/custom_interfaces/share/colcon-core/packages/custom_interfaces)
[4.970s] Level 1:colcon.colcon_core.environment:create_environment_scripts_only(custom_interfaces)
[4.970s] Level 1:colcon.colcon_core.environment:checking '/home/cagla/sercli_ws/install/custom_interfaces' for CMake module files
[4.972s] Level 1:colcon.colcon_core.environment:checking '/home/cagla/sercli_ws/install/custom_interfaces' for CMake config files
[4.973s] Level 1:colcon.colcon_core.shell:create_environment_hook('custom_interfaces', 'cmake_prefix_path')
[4.974s] INFO:colcon.colcon_core.shell:Creating environment hook '/home/cagla/sercli_ws/install/custom_interfaces/share/custom_interfaces/hook/cmake_prefix_path.ps1'
[4.976s] INFO:colcon.colcon_core.shell:Creating environment descriptor '/home/cagla/sercli_ws/install/custom_interfaces/share/custom_interfaces/hook/cmake_prefix_path.dsv'
[4.979s] INFO:colcon.colcon_core.shell:Creating environment hook '/home/cagla/sercli_ws/install/custom_interfaces/share/custom_interfaces/hook/cmake_prefix_path.sh'
[4.983s] Level 1:colcon.colcon_core.environment:checking '/home/cagla/sercli_ws/install/custom_interfaces/lib'
[4.983s] Level 1:colcon.colcon_core.shell:create_environment_hook('custom_interfaces', 'ld_library_path_lib')
[4.984s] INFO:colcon.colcon_core.shell:Creating environment hook '/home/cagla/sercli_ws/install/custom_interfaces/share/custom_interfaces/hook/ld_library_path_lib.ps1'
[4.985s] INFO:colcon.colcon_core.shell:Creating environment descriptor '/home/cagla/sercli_ws/install/custom_interfaces/share/custom_interfaces/hook/ld_library_path_lib.dsv'
[4.986s] INFO:colcon.colcon_core.shell:Creating environment hook '/home/cagla/sercli_ws/install/custom_interfaces/share/custom_interfaces/hook/ld_library_path_lib.sh'
[4.987s] Level 1:colcon.colcon_core.environment:checking '/home/cagla/sercli_ws/install/custom_interfaces/bin'
[4.987s] Level 1:colcon.colcon_core.environment:checking '/home/cagla/sercli_ws/install/custom_interfaces/lib/pkgconfig/custom_interfaces.pc'
[4.987s] Level 1:colcon.colcon_core.environment:checking '/home/cagla/sercli_ws/install/custom_interfaces/lib/python3.10/site-packages'
[4.988s] Level 1:colcon.colcon_core.environment:checking '/home/cagla/sercli_ws/install/custom_interfaces/bin'
[4.990s] INFO:colcon.colcon_core.shell:Creating package script '/home/cagla/sercli_ws/install/custom_interfaces/share/custom_interfaces/package.ps1'
[4.992s] INFO:colcon.colcon_core.shell:Creating package descriptor '/home/cagla/sercli_ws/install/custom_interfaces/share/custom_interfaces/package.dsv'
[4.993s] INFO:colcon.colcon_core.shell:Creating package script '/home/cagla/sercli_ws/install/custom_interfaces/share/custom_interfaces/package.sh'
[4.996s] INFO:colcon.colcon_core.shell:Creating package script '/home/cagla/sercli_ws/install/custom_interfaces/share/custom_interfaces/package.bash'
[4.997s] INFO:colcon.colcon_core.shell:Creating package script '/home/cagla/sercli_ws/install/custom_interfaces/share/custom_interfaces/package.zsh'
[4.997s] Level 1:colcon.colcon_core.environment:create_file_with_runtime_dependencies(/home/cagla/sercli_ws/install/custom_interfaces/share/colcon-core/packages/custom_interfaces)
[4.998s] INFO:colcon.colcon_ros.task.ament_python.build:Building ROS package in '/home/cagla/sercli_ws/src/add_integers' with build type 'ament_python'
[5.002s] Level 1:colcon.colcon_core.shell:create_environment_hook('add_integers', 'ament_prefix_path')
[5.002s] INFO:colcon.colcon_core.shell:Creating environment hook '/home/cagla/sercli_ws/install/add_integers/share/add_integers/hook/ament_prefix_path.ps1'
[5.006s] INFO:colcon.colcon_core.shell:Creating environment descriptor '/home/cagla/sercli_ws/install/add_integers/share/add_integers/hook/ament_prefix_path.dsv'
[5.006s] INFO:colcon.colcon_core.shell:Creating environment hook '/home/cagla/sercli_ws/install/add_integers/share/add_integers/hook/ament_prefix_path.sh'
[5.007s] INFO:colcon.colcon_core.shell:Skip shell extension 'powershell' for command environment: Not usable outside of PowerShell
[5.007s] DEBUG:colcon.colcon_core.shell:Skip shell extension 'dsv' for command environment
[5.483s] INFO:colcon.colcon_core.task.python.build:Building Python package in '/home/cagla/sercli_ws/src/add_integers'
[5.484s] INFO:colcon.colcon_core.shell:Skip shell extension 'powershell' for command environment: Not usable outside of PowerShell
[5.484s] DEBUG:colcon.colcon_core.shell:Skip shell extension 'dsv' for command environment
[6.579s] DEBUG:colcon.colcon_core.event_handler.log_command:Invoking command in '/home/cagla/sercli_ws/src/add_integers': AMENT_PREFIX_PATH=/home/cagla/sercli_ws/install/custom_interfaces:${AMENT_PREFIX_PATH} CMAKE_PREFIX_PATH=/home/cagla/sercli_ws/install/custom_interfaces LD_LIBRARY_PATH=/home/cagla/sercli_ws/install/custom_interfaces/lib:${LD_LIBRARY_PATH} PYTHONPATH=/home/cagla/sercli_ws/build/add_integers/prefix_override:/usr/lib/python3/dist-packages/colcon_core/task/python/colcon_distutils_commands:/home/cagla/sercli_ws/install/add_integers/lib/python3.10/site-packages:/home/cagla/sercli_ws/install/custom_interfaces/local/lib/python3.10/dist-packages:${PYTHONPATH} /usr/bin/python3 -W ignore:setup.py install is deprecated setup.py egg_info --egg-base ../../build/add_integers build --build-base /home/cagla/sercli_ws/build/add_integers/build install --record /home/cagla/sercli_ws/build/add_integers/install.log --single-version-externally-managed install_data
[7.052s] Level 1:colcon.colcon_core.environment:checking '/home/cagla/sercli_ws/install/add_integers' for CMake module files
[7.054s] Level 1:colcon.colcon_core.environment:checking '/home/cagla/sercli_ws/install/add_integers' for CMake config files
[7.055s] DEBUG:colcon.colcon_core.event_handler.log_command:Invoked command in '/home/cagla/sercli_ws/src/add_integers' returned '0': AMENT_PREFIX_PATH=/home/cagla/sercli_ws/install/custom_interfaces:${AMENT_PREFIX_PATH} CMAKE_PREFIX_PATH=/home/cagla/sercli_ws/install/custom_interfaces LD_LIBRARY_PATH=/home/cagla/sercli_ws/install/custom_interfaces/lib:${LD_LIBRARY_PATH} PYTHONPATH=/home/cagla/sercli_ws/build/add_integers/prefix_override:/usr/lib/python3/dist-packages/colcon_core/task/python/colcon_distutils_commands:/home/cagla/sercli_ws/install/add_integers/lib/python3.10/site-packages:/home/cagla/sercli_ws/install/custom_interfaces/local/lib/python3.10/dist-packages:${PYTHONPATH} /usr/bin/python3 -W ignore:setup.py install is deprecated setup.py egg_info --egg-base ../../build/add_integers build --build-base /home/cagla/sercli_ws/build/add_integers/build install --record /home/cagla/sercli_ws/build/add_integers/install.log --single-version-externally-managed install_data
[7.056s] Level 1:colcon.colcon_core.environment:checking '/home/cagla/sercli_ws/install/add_integers/lib'
[7.056s] Level 1:colcon.colcon_core.environment:checking '/home/cagla/sercli_ws/install/add_integers/bin'
[7.056s] Level 1:colcon.colcon_core.environment:checking '/home/cagla/sercli_ws/install/add_integers/lib/pkgconfig/add_integers.pc'
[7.057s] Level 1:colcon.colcon_core.environment:checking '/home/cagla/sercli_ws/install/add_integers/lib/python3.10/site-packages'
[7.057s] Level 1:colcon.colcon_core.shell:create_environment_hook('add_integers', 'pythonpath')
[7.057s] INFO:colcon.colcon_core.shell:Creating environment hook '/home/cagla/sercli_ws/install/add_integers/share/add_integers/hook/pythonpath.ps1'
[7.058s] INFO:colcon.colcon_core.shell:Creating environment descriptor '/home/cagla/sercli_ws/install/add_integers/share/add_integers/hook/pythonpath.dsv'
[7.059s] INFO:colcon.colcon_core.shell:Creating environment hook '/home/cagla/sercli_ws/install/add_integers/share/add_integers/hook/pythonpath.sh'
[7.060s] Level 1:colcon.colcon_core.environment:checking '/home/cagla/sercli_ws/install/add_integers/bin'
[7.061s] Level 1:colcon.colcon_core.environment:create_environment_scripts_only(add_integers)
[7.061s] INFO:colcon.colcon_core.shell:Creating package script '/home/cagla/sercli_ws/install/add_integers/share/add_integers/package.ps1'
[7.062s] INFO:colcon.colcon_core.shell:Creating package descriptor '/home/cagla/sercli_ws/install/add_integers/share/add_integers/package.dsv'
[7.064s] INFO:colcon.colcon_core.shell:Creating package script '/home/cagla/sercli_ws/install/add_integers/share/add_integers/package.sh'
[7.066s] INFO:colcon.colcon_core.shell:Creating package script '/home/cagla/sercli_ws/install/add_integers/share/add_integers/package.bash'
[7.068s] INFO:colcon.colcon_core.shell:Creating package script '/home/cagla/sercli_ws/install/add_integers/share/add_integers/package.zsh'
[7.069s] Level 1:colcon.colcon_core.environment:create_file_with_runtime_dependencies(/home/cagla/sercli_ws/install/add_integers/share/colcon-core/packages/add_integers)
[7.071s] DEBUG:colcon.colcon_parallel_executor.executor.parallel:closing loop
[7.071s] DEBUG:colcon.colcon_parallel_executor.executor.parallel:loop closed
[7.071s] DEBUG:colcon.colcon_parallel_executor.executor.parallel:run_until_complete finished with '0'
[7.071s] DEBUG:colcon.colcon_core.event_reactor:joining thread
[7.094s] INFO:colcon.colcon_core.plugin_system:Skipping extension 'colcon_notification.desktop_notification.terminal_notifier': Not used on non-Darwin systems
[7.095s] INFO:colcon.colcon_core.plugin_system:Skipping extension 'colcon_notification.desktop_notification.win32': Not used on non-Windows systems
[7.095s] INFO:colcon.colcon_notification.desktop_notification:Sending desktop notification using 'notify2'
[7.281s] DEBUG:colcon.colcon_core.event_reactor:joined thread
[7.285s] INFO:colcon.colcon_core.shell:Creating prefix script '/home/cagla/sercli_ws/install/local_setup.ps1'
[7.289s] INFO:colcon.colcon_core.shell:Creating prefix util module '/home/cagla/sercli_ws/install/_local_setup_util_ps1.py'
[7.292s] INFO:colcon.colcon_core.shell:Creating prefix chain script '/home/cagla/sercli_ws/install/setup.ps1'
[7.295s] INFO:colcon.colcon_core.shell:Creating prefix script '/home/cagla/sercli_ws/install/local_setup.sh'
[7.299s] INFO:colcon.colcon_core.shell:Creating prefix util module '/home/cagla/sercli_ws/install/_local_setup_util_sh.py'
[7.300s] INFO:colcon.colcon_core.shell:Creating prefix chain script '/home/cagla/sercli_ws/install/setup.sh'
[7.302s] INFO:colcon.colcon_core.shell:Creating prefix script '/home/cagla/sercli_ws/install/local_setup.bash'
[7.304s] INFO:colcon.colcon_core.shell:Creating prefix chain script '/home/cagla/sercli_ws/install/setup.bash'
[7.307s] INFO:colcon.colcon_core.shell:Creating prefix script '/home/cagla/sercli_ws/install/local_setup.zsh'
[7.310s] INFO:colcon.colcon_core.shell:Creating prefix chain script '/home/cagla/sercli_ws/install/setup.zsh'
