[0.109s] DEBUG:colcon:Command line arguments: ['/usr/bin/colcon', 'build']
[0.110s] DEBUG:colcon:Parsed command line arguments: Namespace(log_base=None, log_level=None, verb_name='build', build_base='build', install_base='install', merge_install=False, symlink_install=False, test_result_base=None, continue_on_error=False, executor='parallel', parallel_workers=2, event_handlers=None, ignore_user_meta=False, metas=['./colcon.meta'], base_paths=['.'], packages_ignore=None, packages_ignore_regex=None, paths=None, packages_up_to=None, packages_up_to_regex=None, packages_above=None, packages_above_and_dependencies=None, packages_above_depth=None, packages_select_by_dep=None, packages_skip_by_dep=None, packages_skip_up_to=None, packages_select_build_failed=False, packages_skip_build_finished=False, packages_select_test_failures=False, packages_skip_test_passed=False, packages_select=None, packages_skip=None, packages_select_regex=None, packages_skip_regex=None, packages_start=None, packages_end=None, allow_overriding=[], cmake_args=None, cmake_target=None, cmake_target_skip_unavailable=False, cmake_clean_cache=False, cmake_clean_first=False, cmake_force_configure=False, ament_cmake_args=None, catkin_cmake_args=None, catkin_skip_building_tests=False, mixin_files=None, mixin=None, verb_parser=<colcon_mixin.mixin.mixin_argument.MixinArgumentDecorator object at 0x74ee7c82e290>, verb_extension=<colcon_core.verb.build.BuildVerb object at 0x74ee7c9368c0>, main=<bound method BuildVerb.main of <colcon_core.verb.build.BuildVerb object at 0x74ee7c9368c0>>, mixin_verb=('build',))
[0.264s] Level 1:colcon.colcon_core.package_discovery:discover_packages(colcon_meta) check parameters
[0.264s] Level 1:colcon.colcon_core.package_discovery:discover_packages(recursive) check parameters
[0.264s] Level 1:colcon.colcon_core.package_discovery:discover_packages(ignore) check parameters
[0.264s] Level 1:colcon.colcon_core.package_discovery:discover_packages(path) check parameters
[0.264s] Level 1:colcon.colcon_core.package_discovery:discover_packages(colcon_meta) discover
[0.265s] Level 1:colcon.colcon_core.package_discovery:discover_packages(recursive) discover
[0.265s] INFO:colcon.colcon_core.package_discovery:Crawling recursively for packages in '/home/cagla/bir_ws'
[0.265s] Level 1:colcon.colcon_core.package_identification:_identify(.) by extensions ['ignore', 'ignore_ament_install']
[0.265s] Level 1:colcon.colcon_core.package_identification:_identify(.) by extension 'ignore'
[0.265s] Level 1:colcon.colcon_core.package_identification:_identify(.) by extension 'ignore_ament_install'
[0.265s] Level 1:colcon.colcon_core.package_identification:_identify(.) by extensions ['colcon_pkg']
[0.265s] Level 1:colcon.colcon_core.package_identification:_identify(.) by extension 'colcon_pkg'
[0.265s] Level 1:colcon.colcon_core.package_identification:_identify(.) by extensions ['colcon_meta']
[0.265s] Level 1:colcon.colcon_core.package_identification:_identify(.) by extension 'colcon_meta'
[0.265s] Level 1:colcon.colcon_core.package_identification:_identify(.) by extensions ['ros']
[0.265s] Level 1:colcon.colcon_core.package_identification:_identify(.) by extension 'ros'
[0.276s] Level 1:colcon.colcon_core.package_identification:_identify(.) by extensions ['cmake', 'python']
[0.276s] Level 1:colcon.colcon_core.package_identification:_identify(.) by extension 'cmake'
[0.276s] Level 1:colcon.colcon_core.package_identification:_identify(.) by extension 'python'
[0.276s] Level 1:colcon.colcon_core.package_identification:_identify(.) by extensions ['python_setup_py']
[0.276s] Level 1:colcon.colcon_core.package_identification:_identify(.) by extension 'python_setup_py'
[0.276s] Level 1:colcon.colcon_core.package_identification:_identify(build) by extensions ['ignore', 'ignore_ament_install']
[0.276s] Level 1:colcon.colcon_core.package_identification:_identify(build) by extension 'ignore'
[0.276s] Level 1:colcon.colcon_core.package_identification:_identify(build) ignored
[0.277s] Level 1:colcon.colcon_core.package_identification:_identify(install) by extensions ['ignore', 'ignore_ament_install']
[0.277s] Level 1:colcon.colcon_core.package_identification:_identify(install) by extension 'ignore'
[0.277s] Level 1:colcon.colcon_core.package_identification:_identify(install) ignored
[0.277s] Level 1:colcon.colcon_core.package_identification:_identify(log) by extensions ['ignore', 'ignore_ament_install']
[0.277s] Level 1:colcon.colcon_core.package_identification:_identify(log) by extension 'ignore'
[0.277s] Level 1:colcon.colcon_core.package_identification:_identify(log) ignored
[0.277s] Level 1:colcon.colcon_core.package_identification:_identify(src) by extensions ['ignore', 'ignore_ament_install']
[0.277s] Level 1:colcon.colcon_core.package_identification:_identify(src) by extension 'ignore'
[0.277s] Level 1:colcon.colcon_core.package_identification:_identify(src) by extension 'ignore_ament_install'
[0.277s] Level 1:colcon.colcon_core.package_identification:_identify(src) by extensions ['colcon_pkg']
[0.277s] Level 1:colcon.colcon_core.package_identification:_identify(src) by extension 'colcon_pkg'
[0.277s] Level 1:colcon.colcon_core.package_identification:_identify(src) by extensions ['colcon_meta']
[0.278s] Level 1:colcon.colcon_core.package_identification:_identify(src) by extension 'colcon_meta'
[0.278s] Level 1:colcon.colcon_core.package_identification:_identify(src) by extensions ['ros']
[0.278s] Level 1:colcon.colcon_core.package_identification:_identify(src) by extension 'ros'
[0.278s] Level 1:colcon.colcon_core.package_identification:_identify(src) by extensions ['cmake', 'python']
[0.278s] Level 1:colcon.colcon_core.package_identification:_identify(src) by extension 'cmake'
[0.278s] Level 1:colcon.colcon_core.package_identification:_identify(src) by extension 'python'
[0.278s] Level 1:colcon.colcon_core.package_identification:_identify(src) by extensions ['python_setup_py']
[0.278s] Level 1:colcon.colcon_core.package_identification:_identify(src) by extension 'python_setup_py'
[0.278s] Level 1:colcon.colcon_core.package_identification:_identify(src/turtle_actions) by extensions ['ignore', 'ignore_ament_install']
[0.278s] Level 1:colcon.colcon_core.package_identification:_identify(src/turtle_actions) by extension 'ignore'
[0.278s] Level 1:colcon.colcon_core.package_identification:_identify(src/turtle_actions) by extension 'ignore_ament_install'
[0.278s] Level 1:colcon.colcon_core.package_identification:_identify(src/turtle_actions) by extensions ['colcon_pkg']
[0.278s] Level 1:colcon.colcon_core.package_identification:_identify(src/turtle_actions) by extension 'colcon_pkg'
[0.278s] Level 1:colcon.colcon_core.package_identification:_identify(src/turtle_actions) by extensions ['colcon_meta']
[0.278s] Level 1:colcon.colcon_core.package_identification:_identify(src/turtle_actions) by extension 'colcon_meta'
[0.278s] Level 1:colcon.colcon_core.package_identification:_identify(src/turtle_actions) by extensions ['ros']
[0.278s] Level 1:colcon.colcon_core.package_identification:_identify(src/turtle_actions) by extension 'ros'
[0.281s] DEBUG:colcon.colcon_core.package_identification:Package 'src/turtle_actions' with type 'ros.ament_python' and name 'turtle_actions'
[0.281s] Level 1:colcon.colcon_core.package_identification:_identify(src/turtlesim_interfaces) by extensions ['ignore', 'ignore_ament_install']
[0.282s] Level 1:colcon.colcon_core.package_identification:_identify(src/turtlesim_interfaces) by extension 'ignore'
[0.282s] Level 1:colcon.colcon_core.package_identification:_identify(src/turtlesim_interfaces) by extension 'ignore_ament_install'
[0.282s] Level 1:colcon.colcon_core.package_identification:_identify(src/turtlesim_interfaces) by extensions ['colcon_pkg']
[0.282s] Level 1:colcon.colcon_core.package_identification:_identify(src/turtlesim_interfaces) by extension 'colcon_pkg'
[0.282s] Level 1:colcon.colcon_core.package_identification:_identify(src/turtlesim_interfaces) by extensions ['colcon_meta']
[0.282s] Level 1:colcon.colcon_core.package_identification:_identify(src/turtlesim_interfaces) by extension 'colcon_meta'
[0.282s] Level 1:colcon.colcon_core.package_identification:_identify(src/turtlesim_interfaces) by extensions ['ros']
[0.282s] Level 1:colcon.colcon_core.package_identification:_identify(src/turtlesim_interfaces) by extension 'ros'
[0.282s] DEBUG:colcon.colcon_core.package_identification:Package 'src/turtlesim_interfaces' with type 'ros.ament_cmake' and name 'turtlesim_interfaces'
[0.282s] Level 1:colcon.colcon_core.package_discovery:discover_packages(recursive) using defaults
[0.283s] Level 1:colcon.colcon_core.package_discovery:discover_packages(ignore) discover
[0.283s] Level 1:colcon.colcon_core.package_discovery:discover_packages(ignore) using defaults
[0.283s] Level 1:colcon.colcon_core.package_discovery:discover_packages(path) discover
[0.283s] Level 1:colcon.colcon_core.package_discovery:discover_packages(path) using defaults
[0.301s] Level 1:colcon.colcon_core.package_discovery:discover_packages(prefix_path) check parameters
[0.301s] Level 1:colcon.colcon_core.package_discovery:discover_packages(prefix_path) discover
[0.303s] DEBUG:colcon.colcon_installed_package_information.package_discovery:Found 1 installed packages in /home/cagla/bir_ws/install
[0.303s] DEBUG:colcon.colcon_installed_package_information.package_discovery:Found 1 installed packages in /home/cagla/ros2_ws/install
[0.304s] DEBUG:colcon.colcon_installed_package_information.package_discovery:Found 2 installed packages in /home/cagla/yeni_ws/install
[0.305s] DEBUG:colcon.colcon_installed_package_information.package_discovery:Found 293 installed packages in /opt/ros/humble
[0.318s] Level 1:colcon.colcon_core.package_discovery:discover_packages(prefix_path) using defaults
[0.354s] Level 5:colcon.colcon_core.verb:set package 'turtle_actions' build argument 'cmake_args' from command line to 'None'
[0.354s] Level 5:colcon.colcon_core.verb:set package 'turtle_actions' build argument 'cmake_target' from command line to 'None'
[0.354s] Level 5:colcon.colcon_core.verb:set package 'turtle_actions' build argument 'cmake_target_skip_unavailable' from command line to 'False'
[0.354s] Level 5:colcon.colcon_core.verb:set package 'turtle_actions' build argument 'cmake_clean_cache' from command line to 'False'
[0.354s] Level 5:colcon.colcon_core.verb:set package 'turtle_actions' build argument 'cmake_clean_first' from command line to 'False'
[0.354s] Level 5:colcon.colcon_core.verb:set package 'turtle_actions' build argument 'cmake_force_configure' from command line to 'False'
[0.354s] Level 5:colcon.colcon_core.verb:set package 'turtle_actions' build argument 'ament_cmake_args' from command line to 'None'
[0.354s] Level 5:colcon.colcon_core.verb:set package 'turtle_actions' build argument 'catkin_cmake_args' from command line to 'None'
[0.354s] Level 5:colcon.colcon_core.verb:set package 'turtle_actions' build argument 'catkin_skip_building_tests' from command line to 'False'
[0.354s] DEBUG:colcon.colcon_core.verb:Building package 'turtle_actions' with the following arguments: {'ament_cmake_args': None, 'build_base': '/home/cagla/bir_ws/build/turtle_actions', 'catkin_cmake_args': None, 'catkin_skip_building_tests': False, 'cmake_args': None, 'cmake_clean_cache': False, 'cmake_clean_first': False, 'cmake_force_configure': False, 'cmake_target': None, 'cmake_target_skip_unavailable': False, 'install_base': '/home/cagla/bir_ws/install/turtle_actions', 'merge_install': False, 'path': '/home/cagla/bir_ws/src/turtle_actions', 'symlink_install': False, 'test_result_base': None}
[0.354s] Level 5:colcon.colcon_core.verb:set package 'turtlesim_interfaces' build argument 'cmake_args' from command line to 'None'
[0.354s] Level 5:colcon.colcon_core.verb:set package 'turtlesim_interfaces' build argument 'cmake_target' from command line to 'None'
[0.354s] Level 5:colcon.colcon_core.verb:set package 'turtlesim_interfaces' build argument 'cmake_target_skip_unavailable' from command line to 'False'
[0.355s] Level 5:colcon.colcon_core.verb:set package 'turtlesim_interfaces' build argument 'cmake_clean_cache' from command line to 'False'
[0.355s] Level 5:colcon.colcon_core.verb:set package 'turtlesim_interfaces' build argument 'cmake_clean_first' from command line to 'False'
[0.355s] Level 5:colcon.colcon_core.verb:set package 'turtlesim_interfaces' build argument 'cmake_force_configure' from command line to 'False'
[0.355s] Level 5:colcon.colcon_core.verb:set package 'turtlesim_interfaces' build argument 'ament_cmake_args' from command line to 'None'
[0.355s] Level 5:colcon.colcon_core.verb:set package 'turtlesim_interfaces' build argument 'catkin_cmake_args' from command line to 'None'
[0.355s] Level 5:colcon.colcon_core.verb:set package 'turtlesim_interfaces' build argument 'catkin_skip_building_tests' from command line to 'False'
[0.355s] DEBUG:colcon.colcon_core.verb:Building package 'turtlesim_interfaces' with the following arguments: {'ament_cmake_args': None, 'build_base': '/home/cagla/bir_ws/build/turtlesim_interfaces', 'catkin_cmake_args': None, 'catkin_skip_building_tests': False, 'cmake_args': None, 'cmake_clean_cache': False, 'cmake_clean_first': False, 'cmake_force_configure': False, 'cmake_target': None, 'cmake_target_skip_unavailable': False, 'install_base': '/home/cagla/bir_ws/install/turtlesim_interfaces', 'merge_install': False, 'path': '/home/cagla/bir_ws/src/turtlesim_interfaces', 'symlink_install': False, 'test_result_base': None}
[0.355s] INFO:colcon.colcon_core.executor:Executing jobs using 'parallel' executor
[0.356s] DEBUG:colcon.colcon_parallel_executor.executor.parallel:run_until_complete
[0.357s] INFO:colcon.colcon_ros.task.ament_python.build:Building ROS package in '/home/cagla/bir_ws/src/turtle_actions' with build type 'ament_python'
[0.357s] Level 1:colcon.colcon_core.shell:create_environment_hook('turtle_actions', 'ament_prefix_path')
[0.359s] INFO:colcon.colcon_core.plugin_system:Skipping extension 'colcon_core.shell.bat': Not used on non-Windows systems
[0.360s] INFO:colcon.colcon_core.shell:Creating environment hook '/home/cagla/bir_ws/install/turtle_actions/share/turtle_actions/hook/ament_prefix_path.ps1'
[0.360s] INFO:colcon.colcon_core.shell:Creating environment descriptor '/home/cagla/bir_ws/install/turtle_actions/share/turtle_actions/hook/ament_prefix_path.dsv'
[0.361s] INFO:colcon.colcon_core.shell:Creating environment hook '/home/cagla/bir_ws/install/turtle_actions/share/turtle_actions/hook/ament_prefix_path.sh'
[0.362s] INFO:colcon.colcon_core.shell:Skip shell extension 'powershell' for command environment: Not usable outside of PowerShell
[0.362s] DEBUG:colcon.colcon_core.shell:Skip shell extension 'dsv' for command environment
[0.367s] INFO:colcon.colcon_ros.task.ament_cmake.build:Building ROS package in '/home/cagla/bir_ws/src/turtlesim_interfaces' with build type 'ament_cmake'
[0.367s] INFO:colcon.colcon_cmake.task.cmake.build:Building CMake package in '/home/cagla/bir_ws/src/turtlesim_interfaces'
[0.367s] INFO:colcon.colcon_core.shell:Skip shell extension 'powershell' for command environment: Not usable outside of PowerShell
[0.367s] DEBUG:colcon.colcon_core.shell:Skip shell extension 'dsv' for command environment
[0.818s] INFO:colcon.colcon_core.task.python.build:Building Python package in '/home/cagla/bir_ws/src/turtle_actions'
[0.819s] INFO:colcon.colcon_core.shell:Skip shell extension 'powershell' for command environment: Not usable outside of PowerShell
[0.819s] DEBUG:colcon.colcon_core.shell:Skip shell extension 'dsv' for command environment
[0.834s] DEBUG:colcon.colcon_core.event_handler.log_command:Invoking command in '/home/cagla/bir_ws/build/turtlesim_interfaces': CMAKE_PREFIX_PATH=${CMAKE_PREFIX_PATH}:/home/cagla/yeni_ws/install/actions_py:/home/cagla/ros2_ws/install/my_robot_controller:/opt/ros/humble /usr/bin/cmake --build /home/cagla/bir_ws/build/turtlesim_interfaces -- -j2 -l2
[1.511s] DEBUG:colcon.colcon_core.event_handler.log_command:Invoking command in '/home/cagla/bir_ws/src/turtle_actions': PYTHONPATH=/home/cagla/bir_ws/build/turtle_actions/prefix_override:/usr/lib/python3/dist-packages/colcon_core/task/python/colcon_distutils_commands:/home/cagla/bir_ws/install/turtle_actions/lib/python3.10/site-packages:${PYTHONPATH} /usr/bin/python3 -W ignore:setup.py install is deprecated setup.py egg_info --egg-base ../../build/turtle_actions build --build-base /home/cagla/bir_ws/build/turtle_actions/build install --record /home/cagla/bir_ws/build/turtle_actions/install.log --single-version-externally-managed install_data
[1.998s] DEBUG:colcon.colcon_core.event_handler.log_command:Invoked command in '/home/cagla/bir_ws/src/turtle_actions' returned '0': PYTHONPATH=/home/cagla/bir_ws/build/turtle_actions/prefix_override:/usr/lib/python3/dist-packages/colcon_core/task/python/colcon_distutils_commands:/home/cagla/bir_ws/install/turtle_actions/lib/python3.10/site-packages:${PYTHONPATH} /usr/bin/python3 -W ignore:setup.py install is deprecated setup.py egg_info --egg-base ../../build/turtle_actions build --build-base /home/cagla/bir_ws/build/turtle_actions/build install --record /home/cagla/bir_ws/build/turtle_actions/install.log --single-version-externally-managed install_data
[2.001s] Level 1:colcon.colcon_core.environment:checking '/home/cagla/bir_ws/install/turtle_actions' for CMake module files
[2.001s] Level 1:colcon.colcon_core.environment:checking '/home/cagla/bir_ws/install/turtle_actions' for CMake config files
[2.002s] Level 1:colcon.colcon_core.environment:checking '/home/cagla/bir_ws/install/turtle_actions/lib'
[2.002s] Level 1:colcon.colcon_core.environment:checking '/home/cagla/bir_ws/install/turtle_actions/bin'
[2.002s] Level 1:colcon.colcon_core.environment:checking '/home/cagla/bir_ws/install/turtle_actions/lib/pkgconfig/turtle_actions.pc'
[2.002s] Level 1:colcon.colcon_core.environment:checking '/home/cagla/bir_ws/install/turtle_actions/lib/python3.10/site-packages'
[2.002s] Level 1:colcon.colcon_core.shell:create_environment_hook('turtle_actions', 'pythonpath')
[2.003s] INFO:colcon.colcon_core.shell:Creating environment hook '/home/cagla/bir_ws/install/turtle_actions/share/turtle_actions/hook/pythonpath.ps1'
[2.003s] INFO:colcon.colcon_core.shell:Creating environment descriptor '/home/cagla/bir_ws/install/turtle_actions/share/turtle_actions/hook/pythonpath.dsv'
[2.004s] INFO:colcon.colcon_core.shell:Creating environment hook '/home/cagla/bir_ws/install/turtle_actions/share/turtle_actions/hook/pythonpath.sh'
[2.004s] Level 1:colcon.colcon_core.environment:checking '/home/cagla/bir_ws/install/turtle_actions/bin'
[2.004s] Level 1:colcon.colcon_core.environment:create_environment_scripts_only(turtle_actions)
[2.005s] INFO:colcon.colcon_core.shell:Creating package script '/home/cagla/bir_ws/install/turtle_actions/share/turtle_actions/package.ps1'
[2.007s] INFO:colcon.colcon_core.shell:Creating package descriptor '/home/cagla/bir_ws/install/turtle_actions/share/turtle_actions/package.dsv'
[2.008s] INFO:colcon.colcon_core.shell:Creating package script '/home/cagla/bir_ws/install/turtle_actions/share/turtle_actions/package.sh'
[2.008s] INFO:colcon.colcon_core.shell:Creating package script '/home/cagla/bir_ws/install/turtle_actions/share/turtle_actions/package.bash'
[2.009s] INFO:colcon.colcon_core.shell:Creating package script '/home/cagla/bir_ws/install/turtle_actions/share/turtle_actions/package.zsh'
[2.010s] Level 1:colcon.colcon_core.environment:create_file_with_runtime_dependencies(/home/cagla/bir_ws/install/turtle_actions/share/colcon-core/packages/turtle_actions)
[14.103s] DEBUG:colcon.colcon_core.event_handler.log_command:Invoked command in '/home/cagla/bir_ws/build/turtlesim_interfaces' returned '0': CMAKE_PREFIX_PATH=${CMAKE_PREFIX_PATH}:/home/cagla/yeni_ws/install/actions_py:/home/cagla/ros2_ws/install/my_robot_controller:/opt/ros/humble /usr/bin/cmake --build /home/cagla/bir_ws/build/turtlesim_interfaces -- -j2 -l2
[14.277s] DEBUG:colcon.colcon_core.event_handler.log_command:Invoking command in '/home/cagla/bir_ws/build/turtlesim_interfaces': CMAKE_PREFIX_PATH=${CMAKE_PREFIX_PATH}:/home/cagla/yeni_ws/install/actions_py:/home/cagla/ros2_ws/install/my_robot_controller:/opt/ros/humble /usr/bin/cmake --install /home/cagla/bir_ws/build/turtlesim_interfaces
[14.461s] Level 1:colcon.colcon_core.environment:create_environment_scripts_only(turtlesim_interfaces)
[14.462s] Level 1:colcon.colcon_core.environment:checking '/home/cagla/bir_ws/install/turtlesim_interfaces' for CMake module files
[14.462s] DEBUG:colcon.colcon_core.event_handler.log_command:Invoked command in '/home/cagla/bir_ws/build/turtlesim_interfaces' returned '0': CMAKE_PREFIX_PATH=${CMAKE_PREFIX_PATH}:/home/cagla/yeni_ws/install/actions_py:/home/cagla/ros2_ws/install/my_robot_controller:/opt/ros/humble /usr/bin/cmake --install /home/cagla/bir_ws/build/turtlesim_interfaces
[14.466s] Level 1:colcon.colcon_core.environment:checking '/home/cagla/bir_ws/install/turtlesim_interfaces' for CMake config files
[14.466s] Level 1:colcon.colcon_core.shell:create_environment_hook('turtlesim_interfaces', 'cmake_prefix_path')
[14.467s] INFO:colcon.colcon_core.shell:Creating environment hook '/home/cagla/bir_ws/install/turtlesim_interfaces/share/turtlesim_interfaces/hook/cmake_prefix_path.ps1'
[14.467s] INFO:colcon.colcon_core.shell:Creating environment descriptor '/home/cagla/bir_ws/install/turtlesim_interfaces/share/turtlesim_interfaces/hook/cmake_prefix_path.dsv'
[14.472s] INFO:colcon.colcon_core.shell:Creating environment hook '/home/cagla/bir_ws/install/turtlesim_interfaces/share/turtlesim_interfaces/hook/cmake_prefix_path.sh'
[14.474s] Level 1:colcon.colcon_core.environment:checking '/home/cagla/bir_ws/install/turtlesim_interfaces/lib'
[14.474s] Level 1:colcon.colcon_core.shell:create_environment_hook('turtlesim_interfaces', 'ld_library_path_lib')
[14.474s] INFO:colcon.colcon_core.shell:Creating environment hook '/home/cagla/bir_ws/install/turtlesim_interfaces/share/turtlesim_interfaces/hook/ld_library_path_lib.ps1'
[14.475s] INFO:colcon.colcon_core.shell:Creating environment descriptor '/home/cagla/bir_ws/install/turtlesim_interfaces/share/turtlesim_interfaces/hook/ld_library_path_lib.dsv'
[14.475s] INFO:colcon.colcon_core.shell:Creating environment hook '/home/cagla/bir_ws/install/turtlesim_interfaces/share/turtlesim_interfaces/hook/ld_library_path_lib.sh'
[14.475s] Level 1:colcon.colcon_core.environment:checking '/home/cagla/bir_ws/install/turtlesim_interfaces/bin'
[14.475s] Level 1:colcon.colcon_core.environment:checking '/home/cagla/bir_ws/install/turtlesim_interfaces/lib/pkgconfig/turtlesim_interfaces.pc'
[14.479s] Level 1:colcon.colcon_core.environment:checking '/home/cagla/bir_ws/install/turtlesim_interfaces/lib/python3.10/site-packages'
[14.480s] Level 1:colcon.colcon_core.environment:checking '/home/cagla/bir_ws/install/turtlesim_interfaces/bin'
[14.480s] INFO:colcon.colcon_core.shell:Creating package script '/home/cagla/bir_ws/install/turtlesim_interfaces/share/turtlesim_interfaces/package.ps1'
[14.485s] INFO:colcon.colcon_core.shell:Creating package descriptor '/home/cagla/bir_ws/install/turtlesim_interfaces/share/turtlesim_interfaces/package.dsv'
[14.485s] INFO:colcon.colcon_core.shell:Creating package script '/home/cagla/bir_ws/install/turtlesim_interfaces/share/turtlesim_interfaces/package.sh'
[14.492s] INFO:colcon.colcon_core.shell:Creating package script '/home/cagla/bir_ws/install/turtlesim_interfaces/share/turtlesim_interfaces/package.bash'
[14.492s] INFO:colcon.colcon_core.shell:Creating package script '/home/cagla/bir_ws/install/turtlesim_interfaces/share/turtlesim_interfaces/package.zsh'
[14.496s] Level 1:colcon.colcon_core.environment:create_file_with_runtime_dependencies(/home/cagla/bir_ws/install/turtlesim_interfaces/share/colcon-core/packages/turtlesim_interfaces)
[14.667s] Level 1:colcon.colcon_core.environment:create_environment_scripts_only(turtlesim_interfaces)
[14.667s] Level 1:colcon.colcon_core.environment:checking '/home/cagla/bir_ws/install/turtlesim_interfaces' for CMake module files
[14.668s] Level 1:colcon.colcon_core.environment:checking '/home/cagla/bir_ws/install/turtlesim_interfaces' for CMake config files
[14.671s] Level 1:colcon.colcon_core.shell:create_environment_hook('turtlesim_interfaces', 'cmake_prefix_path')
[14.672s] INFO:colcon.colcon_core.shell:Creating environment hook '/home/cagla/bir_ws/install/turtlesim_interfaces/share/turtlesim_interfaces/hook/cmake_prefix_path.ps1'
[14.672s] INFO:colcon.colcon_core.shell:Creating environment descriptor '/home/cagla/bir_ws/install/turtlesim_interfaces/share/turtlesim_interfaces/hook/cmake_prefix_path.dsv'
[14.673s] INFO:colcon.colcon_core.shell:Creating environment hook '/home/cagla/bir_ws/install/turtlesim_interfaces/share/turtlesim_interfaces/hook/cmake_prefix_path.sh'
[14.676s] Level 1:colcon.colcon_core.environment:checking '/home/cagla/bir_ws/install/turtlesim_interfaces/lib'
[14.676s] Level 1:colcon.colcon_core.shell:create_environment_hook('turtlesim_interfaces', 'ld_library_path_lib')
[14.677s] INFO:colcon.colcon_core.shell:Creating environment hook '/home/cagla/bir_ws/install/turtlesim_interfaces/share/turtlesim_interfaces/hook/ld_library_path_lib.ps1'
[14.677s] INFO:colcon.colcon_core.shell:Creating environment descriptor '/home/cagla/bir_ws/install/turtlesim_interfaces/share/turtlesim_interfaces/hook/ld_library_path_lib.dsv'
[14.678s] INFO:colcon.colcon_core.shell:Creating environment hook '/home/cagla/bir_ws/install/turtlesim_interfaces/share/turtlesim_interfaces/hook/ld_library_path_lib.sh'
[14.680s] Level 1:colcon.colcon_core.environment:checking '/home/cagla/bir_ws/install/turtlesim_interfaces/bin'
[14.680s] Level 1:colcon.colcon_core.environment:checking '/home/cagla/bir_ws/install/turtlesim_interfaces/lib/pkgconfig/turtlesim_interfaces.pc'
[14.681s] Level 1:colcon.colcon_core.environment:checking '/home/cagla/bir_ws/install/turtlesim_interfaces/lib/python3.10/site-packages'
[14.681s] Level 1:colcon.colcon_core.environment:checking '/home/cagla/bir_ws/install/turtlesim_interfaces/bin'
[14.682s] INFO:colcon.colcon_core.shell:Creating package script '/home/cagla/bir_ws/install/turtlesim_interfaces/share/turtlesim_interfaces/package.ps1'
[14.685s] INFO:colcon.colcon_core.shell:Creating package descriptor '/home/cagla/bir_ws/install/turtlesim_interfaces/share/turtlesim_interfaces/package.dsv'
[14.686s] INFO:colcon.colcon_core.shell:Creating package script '/home/cagla/bir_ws/install/turtlesim_interfaces/share/turtlesim_interfaces/package.sh'
[14.688s] INFO:colcon.colcon_core.shell:Creating package script '/home/cagla/bir_ws/install/turtlesim_interfaces/share/turtlesim_interfaces/package.bash'
[14.690s] INFO:colcon.colcon_core.shell:Creating package script '/home/cagla/bir_ws/install/turtlesim_interfaces/share/turtlesim_interfaces/package.zsh'
[14.694s] Level 1:colcon.colcon_core.environment:create_file_with_runtime_dependencies(/home/cagla/bir_ws/install/turtlesim_interfaces/share/colcon-core/packages/turtlesim_interfaces)
[14.695s] DEBUG:colcon.colcon_parallel_executor.executor.parallel:closing loop
[14.695s] DEBUG:colcon.colcon_parallel_executor.executor.parallel:loop closed
[14.695s] DEBUG:colcon.colcon_parallel_executor.executor.parallel:run_until_complete finished with '0'
[14.696s] DEBUG:colcon.colcon_core.event_reactor:joining thread
[14.717s] INFO:colcon.colcon_core.plugin_system:Skipping extension 'colcon_notification.desktop_notification.terminal_notifier': Not used on non-Darwin systems
[14.717s] INFO:colcon.colcon_core.plugin_system:Skipping extension 'colcon_notification.desktop_notification.win32': Not used on non-Windows systems
[14.717s] INFO:colcon.colcon_notification.desktop_notification:Sending desktop notification using 'notify2'
[14.761s] DEBUG:colcon.colcon_core.event_reactor:joined thread
[14.762s] INFO:colcon.colcon_core.shell:Creating prefix script '/home/cagla/bir_ws/install/local_setup.ps1'
[14.763s] INFO:colcon.colcon_core.shell:Creating prefix util module '/home/cagla/bir_ws/install/_local_setup_util_ps1.py'
[14.766s] INFO:colcon.colcon_core.shell:Creating prefix chain script '/home/cagla/bir_ws/install/setup.ps1'
[14.770s] INFO:colcon.colcon_core.shell:Creating prefix script '/home/cagla/bir_ws/install/local_setup.sh'
[14.772s] INFO:colcon.colcon_core.shell:Creating prefix util module '/home/cagla/bir_ws/install/_local_setup_util_sh.py'
[14.774s] INFO:colcon.colcon_core.shell:Creating prefix chain script '/home/cagla/bir_ws/install/setup.sh'
[14.779s] INFO:colcon.colcon_core.shell:Creating prefix script '/home/cagla/bir_ws/install/local_setup.bash'
[14.780s] INFO:colcon.colcon_core.shell:Creating prefix chain script '/home/cagla/bir_ws/install/setup.bash'
[14.783s] INFO:colcon.colcon_core.shell:Creating prefix script '/home/cagla/bir_ws/install/local_setup.zsh'
[14.786s] INFO:colcon.colcon_core.shell:Creating prefix chain script '/home/cagla/bir_ws/install/setup.zsh'
