[0.018s] Invoking command in '/home/cagla/sercli_ws/build/custom_interfaces': /usr/bin/cmake /home/cagla/sercli_ws/src/custom_interfaces -DCMAKE_INSTALL_PREFIX=/home/cagla/sercli_ws/install/custom_interfaces
[0.101s] -- The C compiler identification is GNU 11.4.0
[0.175s] -- The CXX compiler identification is GNU 11.4.0
[0.184s] -- Detecting C compiler ABI info
[0.291s] -- Detecting C compiler ABI info - done
[0.298s] -- Check for working C compiler: /usr/bin/cc - skipped
[0.298s] -- Detecting C compile features
[0.299s] -- Detecting C compile features - done
[0.306s] -- Detecting CXX compiler ABI info
[0.417s] -- Detecting CXX compiler ABI info - done
[0.424s] -- Check for working CXX compiler: /usr/bin/c++ - skipped
[0.424s] -- Detecting CXX compile features
[0.425s] -- Detecting CXX compile features - done
[0.427s] -- Found ament_cmake: 1.3.10 (/opt/ros/humble/share/ament_cmake/cmake)
[0.619s] -- Found Python3: /usr/bin/python3 (found version "3.10.12") found components: Interpreter 
[0.714s] -- Found rosidl_default_generators: 1.2.0 (/opt/ros/humble/share/rosidl_default_generators/cmake)
[0.714s] -- Configuring incomplete, errors occurred!
[0.714s] See also "/home/cagla/sercli_ws/build/custom_interfaces/CMakeFiles/CMakeOutput.log".
[0.715s] [31mCMake Error at /opt/ros/humble/share/rosidl_typesupport_c/cmake/get_used_typesupports.cmake:35 (message):
[0.715s]   No 'rosidl_typesupport_c' found
[0.715s] Call Stack (most recent call first):
[0.715s]   /opt/ros/humble/share/rosidl_typesupport_c/cmake/rosidl_typesupport_c-extras.cmake:8 (get_used_typesupports)
[0.715s]   /opt/ros/humble/share/rosidl_typesupport_c/cmake/rosidl_typesupport_cConfig.cmake:41 (include)
[0.715s]   /opt/ros/humble/share/rosidl_default_generators/cmake/rosidl_default_generators-extras.cmake:21 (find_package)
[0.715s]   /opt/ros/humble/share/rosidl_default_generators/cmake/rosidl_default_generatorsConfig.cmake:41 (include)
[0.715s]   CMakeLists.txt:10 (find_package)
[0.715s] 
[0.715s] [0m
[0.722s] Invoked command in '/home/cagla/sercli_ws/build/custom_interfaces' returned '1': /usr/bin/cmake /home/cagla/sercli_ws/src/custom_interfaces -DCMAKE_INSTALL_PREFIX=/home/cagla/sercli_ws/install/custom_interfaces
