running egg_info
writing ../../build/turtle_actions/turtle_actions.egg-info/PKG-INFO
writing dependency_links to ../../build/turtle_actions/turtle_actions.egg-info/dependency_links.txt
writing entry points to ../../build/turtle_actions/turtle_actions.egg-info/entry_points.txt
writing requirements to ../../build/turtle_actions/turtle_actions.egg-info/requires.txt
writing top-level names to ../../build/turtle_actions/turtle_actions.egg-info/top_level.txt
reading manifest file '../../build/turtle_actions/turtle_actions.egg-info/SOURCES.txt'
writing manifest file '../../build/turtle_actions/turtle_actions.egg-info/SOURCES.txt'
running build
running build_py
copying turtle_actions/server.py -> /home/cagla/bir_ws/build/turtle_actions/build/lib/turtle_actions
running install
running install_lib
copying /home/cagla/bir_ws/build/turtle_actions/build/lib/turtle_actions/server.py -> /home/cagla/bir_ws/install/turtle_actions/lib/python3.10/site-packages/turtle_actions
byte-compiling /home/cagla/bir_ws/install/turtle_actions/lib/python3.10/site-packages/turtle_actions/server.py to server.cpython-310.pyc
running install_data
running install_egg_info
removing '/home/cagla/bir_ws/install/turtle_actions/lib/python3.10/site-packages/turtle_actions-0.0.0-py3.10.egg-info' (and everything under it)
Copying ../../build/turtle_actions/turtle_actions.egg-info to /home/cagla/bir_ws/install/turtle_actions/lib/python3.10/site-packages/turtle_actions-0.0.0-py3.10.egg-info
running install_scripts
Installing client script to /home/cagla/bir_ws/install/turtle_actions/lib/turtle_actions
Installing server script to /home/cagla/bir_ws/install/turtle_actions/lib/turtle_actions
writing list of installed files to '/home/cagla/bir_ws/build/turtle_actions/install.log'
