[0.011s] Invoking command in '/home/cagla/fd_ws/build/custom_interfaces': CMAKE_PREFIX_PATH=${CMAKE_PREFIX_PATH}:/home/cagla/fd_ws/install/srv_turtle:/home/cagla/ros2_ws/install/my_robot_controller:/opt/ros/humble /usr/bin/cmake --build /home/cagla/fd_ws/build/custom_interfaces -- -j2 -l2
[0.060s] [35m[1mConsolidate compiler generated dependencies of target custom_interfaces__rosidl_generator_c[0m
[0.064s] [  3%] Built target custom_interfaces__cpp
[0.074s] [ 12%] Built target custom_interfaces__rosidl_generator_c
[0.085s] [35m[1mConsolidate compiler generated dependencies of target custom_interfaces__rosidl_typesupport_cpp[0m
[0.092s] [ 12%] Built target ament_cmake_python_copy_custom_interfaces
[0.110s] [35m[1mConsolidate compiler generated dependencies of target custom_interfaces__rosidl_typesupport_fastrtps_c[0m
[0.112s] [ 22%] Built target custom_interfaces__rosidl_typesupport_cpp
[0.117s] [ 32%] Built target custom_interfaces__rosidl_typesupport_fastrtps_c
[0.128s] [35m[1mConsolidate compiler generated dependencies of target custom_interfaces__rosidl_typesupport_fastrtps_cpp[0m
[0.128s] [35m[1mConsolidate compiler generated dependencies of target custom_interfaces__rosidl_typesupport_introspection_c[0m
[0.166s] [ 41%] Built target custom_interfaces__rosidl_typesupport_introspection_c
[0.169s] [ 51%] Built target custom_interfaces__rosidl_typesupport_fastrtps_cpp
[0.183s] [35m[1mConsolidate compiler generated dependencies of target custom_interfaces__rosidl_typesupport_c[0m
[0.188s] [35m[1mConsolidate compiler generated dependencies of target custom_interfaces__rosidl_typesupport_introspection_cpp[0m
[0.208s] [ 61%] Built target custom_interfaces__rosidl_typesupport_c
[0.212s] [ 70%] Built target custom_interfaces__rosidl_typesupport_introspection_cpp
[0.234s] [ 70%] Built target custom_interfaces
[0.265s] [ 74%] Built target custom_interfaces__py
[0.288s] [35m[1mConsolidate compiler generated dependencies of target custom_interfaces__rosidl_generator_py[0m
[0.321s] [ 80%] Built target custom_interfaces__rosidl_generator_py
[0.336s] [35m[1mConsolidate compiler generated dependencies of target custom_interfaces__rosidl_typesupport_fastrtps_c__pyext[0m
[0.369s] [ 87%] Built target custom_interfaces__rosidl_typesupport_fastrtps_c__pyext
[0.391s] [35m[1mConsolidate compiler generated dependencies of target custom_interfaces__rosidl_typesupport_introspection_c__pyext[0m
[0.413s] [ 93%] Built target custom_interfaces__rosidl_typesupport_introspection_c__pyext
[0.425s] [35m[1mConsolidate compiler generated dependencies of target custom_interfaces__rosidl_typesupport_c__pyext[0m
[0.448s] [100%] Built target custom_interfaces__rosidl_typesupport_c__pyext
[0.563s] running egg_info
[0.564s] writing custom_interfaces.egg-info/PKG-INFO
[0.564s] writing dependency_links to custom_interfaces.egg-info/dependency_links.txt
[0.565s] writing top-level names to custom_interfaces.egg-info/top_level.txt
[0.567s] reading manifest file 'custom_interfaces.egg-info/SOURCES.txt'
[0.568s] writing manifest file 'custom_interfaces.egg-info/SOURCES.txt'
[0.596s] [100%] Built target ament_cmake_python_build_custom_interfaces_egg
[0.612s] Invoked command in '/home/cagla/fd_ws/build/custom_interfaces' returned '0': CMAKE_PREFIX_PATH=${CMAKE_PREFIX_PATH}:/home/cagla/fd_ws/install/srv_turtle:/home/cagla/ros2_ws/install/my_robot_controller:/opt/ros/humble /usr/bin/cmake --build /home/cagla/fd_ws/build/custom_interfaces -- -j2 -l2
[0.685s] Invoking command in '/home/cagla/fd_ws/build/custom_interfaces': CMAKE_PREFIX_PATH=${CMAKE_PREFIX_PATH}:/home/cagla/fd_ws/install/srv_turtle:/home/cagla/ros2_ws/install/my_robot_controller:/opt/ros/humble /usr/bin/cmake --install /home/cagla/fd_ws/build/custom_interfaces
[0.695s] -- Install configuration: ""
[0.695s] -- Up-to-date: /home/cagla/fd_ws/install/custom_interfaces/share/ament_index/resource_index/rosidl_interfaces/custom_interfaces
[0.696s] -- Up-to-date: /home/cagla/fd_ws/install/custom_interfaces/include/custom_interfaces/custom_interfaces
[0.696s] -- Up-to-date: /home/cagla/fd_ws/install/custom_interfaces/include/custom_interfaces/custom_interfaces/msg
[0.696s] -- Up-to-date: /home/cagla/fd_ws/install/custom_interfaces/include/custom_interfaces/custom_interfaces/msg/rosidl_generator_c__visibility_control.h
[0.696s] -- Up-to-date: /home/cagla/fd_ws/install/custom_interfaces/include/custom_interfaces/custom_interfaces/msg/target_cor.h
[0.696s] -- Up-to-date: /home/cagla/fd_ws/install/custom_interfaces/include/custom_interfaces/custom_interfaces/msg/detail
[0.697s] -- Up-to-date: /home/cagla/fd_ws/install/custom_interfaces/include/custom_interfaces/custom_interfaces/msg/detail/target_cor__type_support.h
[0.697s] -- Up-to-date: /home/cagla/fd_ws/install/custom_interfaces/include/custom_interfaces/custom_interfaces/msg/detail/target_cor__struct.h
[0.697s] -- Up-to-date: /home/cagla/fd_ws/install/custom_interfaces/include/custom_interfaces/custom_interfaces/msg/detail/target_cor__functions.c
[0.698s] -- Up-to-date: /home/cagla/fd_ws/install/custom_interfaces/include/custom_interfaces/custom_interfaces/msg/detail/target_cor__functions.h
[0.698s] -- Up-to-date: /home/cagla/fd_ws/install/custom_interfaces/share/custom_interfaces/environment/library_path.sh
[0.698s] -- Up-to-date: /home/cagla/fd_ws/install/custom_interfaces/share/custom_interfaces/environment/library_path.dsv
[0.698s] -- Up-to-date: /home/cagla/fd_ws/install/custom_interfaces/lib/libcustom_interfaces__rosidl_generator_c.so
[0.698s] -- Up-to-date: /home/cagla/fd_ws/install/custom_interfaces/include/custom_interfaces/custom_interfaces
[0.698s] -- Up-to-date: /home/cagla/fd_ws/install/custom_interfaces/include/custom_interfaces/custom_interfaces/msg
[0.698s] -- Up-to-date: /home/cagla/fd_ws/install/custom_interfaces/include/custom_interfaces/custom_interfaces/msg/rosidl_typesupport_fastrtps_c__visibility_control.h
[0.698s] -- Up-to-date: /home/cagla/fd_ws/install/custom_interfaces/include/custom_interfaces/custom_interfaces/msg/detail
[0.698s] -- Up-to-date: /home/cagla/fd_ws/install/custom_interfaces/include/custom_interfaces/custom_interfaces/msg/detail/target_cor__rosidl_typesupport_fastrtps_c.h
[0.698s] -- Up-to-date: /home/cagla/fd_ws/install/custom_interfaces/lib/libcustom_interfaces__rosidl_typesupport_fastrtps_c.so
[0.698s] -- Up-to-date: /home/cagla/fd_ws/install/custom_interfaces/include/custom_interfaces/custom_interfaces
[0.698s] -- Up-to-date: /home/cagla/fd_ws/install/custom_interfaces/include/custom_interfaces/custom_interfaces/msg
[0.698s] -- Up-to-date: /home/cagla/fd_ws/install/custom_interfaces/include/custom_interfaces/custom_interfaces/msg/target_cor.hpp
[0.698s] -- Up-to-date: /home/cagla/fd_ws/install/custom_interfaces/include/custom_interfaces/custom_interfaces/msg/detail
[0.698s] -- Up-to-date: /home/cagla/fd_ws/install/custom_interfaces/include/custom_interfaces/custom_interfaces/msg/detail/target_cor__struct.hpp
[0.698s] -- Up-to-date: /home/cagla/fd_ws/install/custom_interfaces/include/custom_interfaces/custom_interfaces/msg/detail/target_cor__traits.hpp
[0.698s] -- Up-to-date: /home/cagla/fd_ws/install/custom_interfaces/include/custom_interfaces/custom_interfaces/msg/detail/target_cor__builder.hpp
[0.698s] -- Up-to-date: /home/cagla/fd_ws/install/custom_interfaces/include/custom_interfaces/custom_interfaces
[0.698s] -- Up-to-date: /home/cagla/fd_ws/install/custom_interfaces/include/custom_interfaces/custom_interfaces/msg
[0.698s] -- Up-to-date: /home/cagla/fd_ws/install/custom_interfaces/include/custom_interfaces/custom_interfaces/msg/rosidl_typesupport_fastrtps_cpp__visibility_control.h
[0.699s] -- Up-to-date: /home/cagla/fd_ws/install/custom_interfaces/include/custom_interfaces/custom_interfaces/msg/detail
[0.699s] -- Up-to-date: /home/cagla/fd_ws/install/custom_interfaces/include/custom_interfaces/custom_interfaces/msg/detail/dds_fastrtps
[0.699s] -- Up-to-date: /home/cagla/fd_ws/install/custom_interfaces/include/custom_interfaces/custom_interfaces/msg/detail/target_cor__rosidl_typesupport_fastrtps_cpp.hpp
[0.699s] -- Up-to-date: /home/cagla/fd_ws/install/custom_interfaces/lib/libcustom_interfaces__rosidl_typesupport_fastrtps_cpp.so
[0.699s] -- Up-to-date: /home/cagla/fd_ws/install/custom_interfaces/include/custom_interfaces/custom_interfaces
[0.699s] -- Up-to-date: /home/cagla/fd_ws/install/custom_interfaces/include/custom_interfaces/custom_interfaces/msg
[0.699s] -- Up-to-date: /home/cagla/fd_ws/install/custom_interfaces/include/custom_interfaces/custom_interfaces/msg/rosidl_typesupport_introspection_c__visibility_control.h
[0.699s] -- Up-to-date: /home/cagla/fd_ws/install/custom_interfaces/include/custom_interfaces/custom_interfaces/msg/detail
[0.699s] -- Up-to-date: /home/cagla/fd_ws/install/custom_interfaces/include/custom_interfaces/custom_interfaces/msg/detail/target_cor__type_support.c
[0.699s] -- Up-to-date: /home/cagla/fd_ws/install/custom_interfaces/include/custom_interfaces/custom_interfaces/msg/detail/target_cor__rosidl_typesupport_introspection_c.h
[0.699s] -- Up-to-date: /home/cagla/fd_ws/install/custom_interfaces/lib/libcustom_interfaces__rosidl_typesupport_introspection_c.so
[0.699s] -- Up-to-date: /home/cagla/fd_ws/install/custom_interfaces/lib/libcustom_interfaces__rosidl_typesupport_c.so
[0.699s] -- Up-to-date: /home/cagla/fd_ws/install/custom_interfaces/include/custom_interfaces/custom_interfaces
[0.699s] -- Up-to-date: /home/cagla/fd_ws/install/custom_interfaces/include/custom_interfaces/custom_interfaces/msg
[0.701s] -- Up-to-date: /home/cagla/fd_ws/install/custom_interfaces/include/custom_interfaces/custom_interfaces/msg/detail
[0.701s] -- Up-to-date: /home/cagla/fd_ws/install/custom_interfaces/include/custom_interfaces/custom_interfaces/msg/detail/target_cor__rosidl_typesupport_introspection_cpp.hpp
[0.701s] -- Up-to-date: /home/cagla/fd_ws/install/custom_interfaces/include/custom_interfaces/custom_interfaces/msg/detail/target_cor__type_support.cpp
[0.701s] -- Up-to-date: /home/cagla/fd_ws/install/custom_interfaces/lib/libcustom_interfaces__rosidl_typesupport_introspection_cpp.so
[0.701s] -- Up-to-date: /home/cagla/fd_ws/install/custom_interfaces/lib/libcustom_interfaces__rosidl_typesupport_cpp.so
[0.703s] -- Up-to-date: /home/cagla/fd_ws/install/custom_interfaces/share/custom_interfaces/environment/pythonpath.sh
[0.703s] -- Up-to-date: /home/cagla/fd_ws/install/custom_interfaces/share/custom_interfaces/environment/pythonpath.dsv
[0.703s] -- Up-to-date: /home/cagla/fd_ws/install/custom_interfaces/local/lib/python3.10/dist-packages/custom_interfaces-0.0.0-py3.10.egg-info
[0.703s] -- Installing: /home/cagla/fd_ws/install/custom_interfaces/local/lib/python3.10/dist-packages/custom_interfaces-0.0.0-py3.10.egg-info/PKG-INFO
[0.703s] -- Installing: /home/cagla/fd_ws/install/custom_interfaces/local/lib/python3.10/dist-packages/custom_interfaces-0.0.0-py3.10.egg-info/top_level.txt
[0.703s] -- Installing: /home/cagla/fd_ws/install/custom_interfaces/local/lib/python3.10/dist-packages/custom_interfaces-0.0.0-py3.10.egg-info/SOURCES.txt
[0.703s] -- Installing: /home/cagla/fd_ws/install/custom_interfaces/local/lib/python3.10/dist-packages/custom_interfaces-0.0.0-py3.10.egg-info/dependency_links.txt
[0.703s] -- Up-to-date: /home/cagla/fd_ws/install/custom_interfaces/local/lib/python3.10/dist-packages/custom_interfaces
[0.703s] -- Up-to-date: /home/cagla/fd_ws/install/custom_interfaces/local/lib/python3.10/dist-packages/custom_interfaces/_custom_interfaces_s.ep.rosidl_typesupport_fastrtps_c.c
[0.703s] -- Up-to-date: /home/cagla/fd_ws/install/custom_interfaces/local/lib/python3.10/dist-packages/custom_interfaces/_custom_interfaces_s.ep.rosidl_typesupport_c.c
[0.703s] -- Up-to-date: /home/cagla/fd_ws/install/custom_interfaces/local/lib/python3.10/dist-packages/custom_interfaces/_custom_interfaces_s.ep.rosidl_typesupport_introspection_c.c
[0.703s] -- Up-to-date: /home/cagla/fd_ws/install/custom_interfaces/local/lib/python3.10/dist-packages/custom_interfaces/libcustom_interfaces__rosidl_generator_py.so
[0.703s] -- Up-to-date: /home/cagla/fd_ws/install/custom_interfaces/local/lib/python3.10/dist-packages/custom_interfaces/msg
[0.703s] -- Up-to-date: /home/cagla/fd_ws/install/custom_interfaces/local/lib/python3.10/dist-packages/custom_interfaces/msg/_target_cor.py
[0.703s] -- Up-to-date: /home/cagla/fd_ws/install/custom_interfaces/local/lib/python3.10/dist-packages/custom_interfaces/msg/__init__.py
[0.703s] -- Up-to-date: /home/cagla/fd_ws/install/custom_interfaces/local/lib/python3.10/dist-packages/custom_interfaces/msg/_target_cor_s.c
[0.703s] -- Up-to-date: /home/cagla/fd_ws/install/custom_interfaces/local/lib/python3.10/dist-packages/custom_interfaces/custom_interfaces_s__rosidl_typesupport_fastrtps_c.cpython-310-x86_64-linux-gnu.so
[0.703s] -- Up-to-date: /home/cagla/fd_ws/install/custom_interfaces/local/lib/python3.10/dist-packages/custom_interfaces/custom_interfaces_s__rosidl_typesupport_c.cpython-310-x86_64-linux-gnu.so
[0.704s] -- Up-to-date: /home/cagla/fd_ws/install/custom_interfaces/local/lib/python3.10/dist-packages/custom_interfaces/custom_interfaces_s__rosidl_typesupport_introspection_c.cpython-310-x86_64-linux-gnu.so
[0.704s] -- Up-to-date: /home/cagla/fd_ws/install/custom_interfaces/local/lib/python3.10/dist-packages/custom_interfaces/__init__.py
[0.731s] Listing '/home/cagla/fd_ws/install/custom_interfaces/local/lib/python3.10/dist-packages/custom_interfaces'...
[0.731s] Listing '/home/cagla/fd_ws/install/custom_interfaces/local/lib/python3.10/dist-packages/custom_interfaces/msg'...
[0.735s] -- Up-to-date: /home/cagla/fd_ws/install/custom_interfaces/local/lib/python3.10/dist-packages/custom_interfaces/custom_interfaces_s__rosidl_typesupport_fastrtps_c.cpython-310-x86_64-linux-gnu.so
[0.735s] -- Up-to-date: /home/cagla/fd_ws/install/custom_interfaces/local/lib/python3.10/dist-packages/custom_interfaces/custom_interfaces_s__rosidl_typesupport_introspection_c.cpython-310-x86_64-linux-gnu.so
[0.735s] -- Up-to-date: /home/cagla/fd_ws/install/custom_interfaces/local/lib/python3.10/dist-packages/custom_interfaces/custom_interfaces_s__rosidl_typesupport_c.cpython-310-x86_64-linux-gnu.so
[0.736s] -- Up-to-date: /home/cagla/fd_ws/install/custom_interfaces/lib/libcustom_interfaces__rosidl_generator_py.so
[0.736s] -- Up-to-date: /home/cagla/fd_ws/install/custom_interfaces/share/custom_interfaces/msg/TargetCor.idl
[0.736s] -- Up-to-date: /home/cagla/fd_ws/install/custom_interfaces/share/custom_interfaces/msg/TargetCor.msg
[0.736s] -- Up-to-date: /home/cagla/fd_ws/install/custom_interfaces/share/ament_index/resource_index/package_run_dependencies/custom_interfaces
[0.736s] -- Up-to-date: /home/cagla/fd_ws/install/custom_interfaces/share/ament_index/resource_index/parent_prefix_path/custom_interfaces
[0.736s] -- Up-to-date: /home/cagla/fd_ws/install/custom_interfaces/share/custom_interfaces/environment/ament_prefix_path.sh
[0.736s] -- Up-to-date: /home/cagla/fd_ws/install/custom_interfaces/share/custom_interfaces/environment/ament_prefix_path.dsv
[0.737s] -- Up-to-date: /home/cagla/fd_ws/install/custom_interfaces/share/custom_interfaces/environment/path.sh
[0.737s] -- Up-to-date: /home/cagla/fd_ws/install/custom_interfaces/share/custom_interfaces/environment/path.dsv
[0.737s] -- Up-to-date: /home/cagla/fd_ws/install/custom_interfaces/share/custom_interfaces/local_setup.bash
[0.737s] -- Up-to-date: /home/cagla/fd_ws/install/custom_interfaces/share/custom_interfaces/local_setup.sh
[0.737s] -- Up-to-date: /home/cagla/fd_ws/install/custom_interfaces/share/custom_interfaces/local_setup.zsh
[0.737s] -- Up-to-date: /home/cagla/fd_ws/install/custom_interfaces/share/custom_interfaces/local_setup.dsv
[0.737s] -- Installing: /home/cagla/fd_ws/install/custom_interfaces/share/custom_interfaces/package.dsv
[0.737s] -- Up-to-date: /home/cagla/fd_ws/install/custom_interfaces/share/ament_index/resource_index/packages/custom_interfaces
[0.737s] -- Up-to-date: /home/cagla/fd_ws/install/custom_interfaces/share/custom_interfaces/cmake/export_custom_interfaces__rosidl_generator_cExport.cmake
[0.737s] -- Up-to-date: /home/cagla/fd_ws/install/custom_interfaces/share/custom_interfaces/cmake/export_custom_interfaces__rosidl_generator_cExport-noconfig.cmake
[0.737s] -- Up-to-date: /home/cagla/fd_ws/install/custom_interfaces/share/custom_interfaces/cmake/export_custom_interfaces__rosidl_typesupport_fastrtps_cExport.cmake
[0.737s] -- Up-to-date: /home/cagla/fd_ws/install/custom_interfaces/share/custom_interfaces/cmake/export_custom_interfaces__rosidl_typesupport_fastrtps_cExport-noconfig.cmake
[0.738s] -- Up-to-date: /home/cagla/fd_ws/install/custom_interfaces/share/custom_interfaces/cmake/export_custom_interfaces__rosidl_generator_cppExport.cmake
[0.738s] -- Up-to-date: /home/cagla/fd_ws/install/custom_interfaces/share/custom_interfaces/cmake/export_custom_interfaces__rosidl_typesupport_fastrtps_cppExport.cmake
[0.738s] -- Up-to-date: /home/cagla/fd_ws/install/custom_interfaces/share/custom_interfaces/cmake/export_custom_interfaces__rosidl_typesupport_fastrtps_cppExport-noconfig.cmake
[0.738s] -- Up-to-date: /home/cagla/fd_ws/install/custom_interfaces/share/custom_interfaces/cmake/custom_interfaces__rosidl_typesupport_introspection_cExport.cmake
[0.738s] -- Up-to-date: /home/cagla/fd_ws/install/custom_interfaces/share/custom_interfaces/cmake/custom_interfaces__rosidl_typesupport_introspection_cExport-noconfig.cmake
[0.738s] -- Up-to-date: /home/cagla/fd_ws/install/custom_interfaces/share/custom_interfaces/cmake/custom_interfaces__rosidl_typesupport_cExport.cmake
[0.738s] -- Up-to-date: /home/cagla/fd_ws/install/custom_interfaces/share/custom_interfaces/cmake/custom_interfaces__rosidl_typesupport_cExport-noconfig.cmake
[0.738s] -- Up-to-date: /home/cagla/fd_ws/install/custom_interfaces/share/custom_interfaces/cmake/custom_interfaces__rosidl_typesupport_introspection_cppExport.cmake
[0.738s] -- Up-to-date: /home/cagla/fd_ws/install/custom_interfaces/share/custom_interfaces/cmake/custom_interfaces__rosidl_typesupport_introspection_cppExport-noconfig.cmake
[0.738s] -- Up-to-date: /home/cagla/fd_ws/install/custom_interfaces/share/custom_interfaces/cmake/custom_interfaces__rosidl_typesupport_cppExport.cmake
[0.738s] -- Up-to-date: /home/cagla/fd_ws/install/custom_interfaces/share/custom_interfaces/cmake/custom_interfaces__rosidl_typesupport_cppExport-noconfig.cmake
[0.739s] -- Up-to-date: /home/cagla/fd_ws/install/custom_interfaces/share/custom_interfaces/cmake/export_custom_interfaces__rosidl_generator_pyExport.cmake
[0.739s] -- Up-to-date: /home/cagla/fd_ws/install/custom_interfaces/share/custom_interfaces/cmake/export_custom_interfaces__rosidl_generator_pyExport-noconfig.cmake
[0.739s] -- Up-to-date: /home/cagla/fd_ws/install/custom_interfaces/share/custom_interfaces/cmake/rosidl_cmake-extras.cmake
[0.739s] -- Up-to-date: /home/cagla/fd_ws/install/custom_interfaces/share/custom_interfaces/cmake/ament_cmake_export_dependencies-extras.cmake
[0.739s] -- Up-to-date: /home/cagla/fd_ws/install/custom_interfaces/share/custom_interfaces/cmake/ament_cmake_export_include_directories-extras.cmake
[0.739s] -- Up-to-date: /home/cagla/fd_ws/install/custom_interfaces/share/custom_interfaces/cmake/ament_cmake_export_libraries-extras.cmake
[0.739s] -- Up-to-date: /home/cagla/fd_ws/install/custom_interfaces/share/custom_interfaces/cmake/ament_cmake_export_targets-extras.cmake
[0.739s] -- Up-to-date: /home/cagla/fd_ws/install/custom_interfaces/share/custom_interfaces/cmake/rosidl_cmake_export_typesupport_targets-extras.cmake
[0.739s] -- Up-to-date: /home/cagla/fd_ws/install/custom_interfaces/share/custom_interfaces/cmake/rosidl_cmake_export_typesupport_libraries-extras.cmake
[0.739s] -- Up-to-date: /home/cagla/fd_ws/install/custom_interfaces/share/custom_interfaces/cmake/custom_interfacesConfig.cmake
[0.739s] -- Up-to-date: /home/cagla/fd_ws/install/custom_interfaces/share/custom_interfaces/cmake/custom_interfacesConfig-version.cmake
[0.739s] -- Up-to-date: /home/cagla/fd_ws/install/custom_interfaces/share/custom_interfaces/package.xml
[0.742s] Invoked command in '/home/cagla/fd_ws/build/custom_interfaces' returned '0': CMAKE_PREFIX_PATH=${CMAKE_PREFIX_PATH}:/home/cagla/fd_ws/install/srv_turtle:/home/cagla/ros2_ws/install/my_robot_controller:/opt/ros/humble /usr/bin/cmake --install /home/cagla/fd_ws/build/custom_interfaces
