[0.480s] DEBUG:colcon:Command line arguments: ['/usr/bin/colcon', 'list', '-p', '--base-paths', '/home/cagla/fd_ws']
[0.480s] DEBUG:colcon:Parsed command line arguments: Namespace(log_base=None, log_level=None, verb_name='list', build_base='build', ignore_user_meta=False, metas=['./colcon.meta'], base_paths=['/home/cagla/fd_ws'], packages_ignore=None, packages_ignore_regex=None, paths=None, packages_up_to=None, packages_up_to_regex=None, packages_above=None, packages_above_and_dependencies=None, packages_above_depth=None, packages_select_by_dep=None, packages_skip_by_dep=None, packages_skip_up_to=None, packages_select_build_failed=False, packages_skip_build_finished=False, packages_select_test_failures=False, packages_skip_test_passed=False, packages_select=None, packages_skip=None, packages_select_regex=None, packages_skip_regex=None, packages_start=None, packages_end=None, allow_overriding=[], topological_order=False, names_only=False, paths_only=True, topological_graph=False, topological_graph_dot=False, topological_graph_density=False, topological_graph_legend=False, topological_graph_dot_cluster=False, topological_graph_dot_include_skipped=False, mixin_files=None, mixin=None, verb_parser=<colcon_mixin.mixin.mixin_argument.MixinArgumentDecorator object at 0x7f19380df490>, verb_extension=<colcon_package_information.verb.list.ListVerb object at 0x7f19380de3e0>, main=<bound method ListVerb.main of <colcon_package_information.verb.list.ListVerb object at 0x7f19380de3e0>>, mixin_verb=('list',))
[2.268s] Level 1:colcon.colcon_core.package_discovery:discover_packages(colcon_meta) check parameters
[2.268s] Level 1:colcon.colcon_core.package_discovery:discover_packages(recursive) check parameters
[2.268s] Level 1:colcon.colcon_core.package_discovery:discover_packages(ignore) check parameters
[2.268s] Level 1:colcon.colcon_core.package_discovery:discover_packages(path) check parameters
[2.268s] Level 1:colcon.colcon_core.package_discovery:discover_packages(recursive) discover
[2.268s] INFO:colcon.colcon_core.package_discovery:Crawling recursively for packages in '/home/cagla/fd_ws'
[2.268s] Level 1:colcon.colcon_core.package_identification:_identify(/home/cagla/fd_ws) by extensions ['ignore', 'ignore_ament_install']
[2.268s] Level 1:colcon.colcon_core.package_identification:_identify(/home/cagla/fd_ws) by extension 'ignore'
[2.268s] Level 1:colcon.colcon_core.package_identification:_identify(/home/cagla/fd_ws) by extension 'ignore_ament_install'
[2.268s] Level 1:colcon.colcon_core.package_identification:_identify(/home/cagla/fd_ws) by extensions ['colcon_pkg']
[2.268s] Level 1:colcon.colcon_core.package_identification:_identify(/home/cagla/fd_ws) by extension 'colcon_pkg'
[2.269s] Level 1:colcon.colcon_core.package_identification:_identify(/home/cagla/fd_ws) by extensions ['colcon_meta']
[2.269s] Level 1:colcon.colcon_core.package_identification:_identify(/home/cagla/fd_ws) by extension 'colcon_meta'
[2.269s] Level 1:colcon.colcon_core.package_identification:_identify(/home/cagla/fd_ws) by extensions ['ros']
[2.269s] Level 1:colcon.colcon_core.package_identification:_identify(/home/cagla/fd_ws) by extension 'ros'
[2.333s] Level 1:colcon.colcon_core.package_identification:_identify(/home/cagla/fd_ws) by extensions ['cmake', 'python']
[2.333s] Level 1:colcon.colcon_core.package_identification:_identify(/home/cagla/fd_ws) by extension 'cmake'
[2.333s] Level 1:colcon.colcon_core.package_identification:_identify(/home/cagla/fd_ws) by extension 'python'
[2.333s] Level 1:colcon.colcon_core.package_identification:_identify(/home/cagla/fd_ws) by extensions ['python_setup_py']
[2.333s] Level 1:colcon.colcon_core.package_identification:_identify(/home/cagla/fd_ws) by extension 'python_setup_py'
[2.333s] Level 1:colcon.colcon_core.package_identification:_identify(/home/cagla/fd_ws/build) by extensions ['ignore', 'ignore_ament_install']
[2.333s] Level 1:colcon.colcon_core.package_identification:_identify(/home/cagla/fd_ws/build) by extension 'ignore'
[2.333s] Level 1:colcon.colcon_core.package_identification:_identify(/home/cagla/fd_ws/build) ignored
[2.334s] Level 1:colcon.colcon_core.package_identification:_identify(/home/cagla/fd_ws/install) by extensions ['ignore', 'ignore_ament_install']
[2.334s] Level 1:colcon.colcon_core.package_identification:_identify(/home/cagla/fd_ws/install) by extension 'ignore'
[2.334s] Level 1:colcon.colcon_core.package_identification:_identify(/home/cagla/fd_ws/install) ignored
[2.334s] Level 1:colcon.colcon_core.package_identification:_identify(/home/cagla/fd_ws/log) by extensions ['ignore', 'ignore_ament_install']
[2.334s] Level 1:colcon.colcon_core.package_identification:_identify(/home/cagla/fd_ws/log) by extension 'ignore'
[2.334s] Level 1:colcon.colcon_core.package_identification:_identify(/home/cagla/fd_ws/log) ignored
[2.334s] Level 1:colcon.colcon_core.package_identification:_identify(/home/cagla/fd_ws/src) by extensions ['ignore', 'ignore_ament_install']
[2.336s] Level 1:colcon.colcon_core.package_identification:_identify(/home/cagla/fd_ws/src) by extension 'ignore'
[2.336s] Level 1:colcon.colcon_core.package_identification:_identify(/home/cagla/fd_ws/src) by extension 'ignore_ament_install'
[2.346s] Level 1:colcon.colcon_core.package_identification:_identify(/home/cagla/fd_ws/src) by extensions ['colcon_pkg']
[2.346s] Level 1:colcon.colcon_core.package_identification:_identify(/home/cagla/fd_ws/src) by extension 'colcon_pkg'
[2.346s] Level 1:colcon.colcon_core.package_identification:_identify(/home/cagla/fd_ws/src) by extensions ['colcon_meta']
[2.346s] Level 1:colcon.colcon_core.package_identification:_identify(/home/cagla/fd_ws/src) by extension 'colcon_meta'
[2.347s] Level 1:colcon.colcon_core.package_identification:_identify(/home/cagla/fd_ws/src) by extensions ['ros']
[2.347s] Level 1:colcon.colcon_core.package_identification:_identify(/home/cagla/fd_ws/src) by extension 'ros'
[2.347s] Level 1:colcon.colcon_core.package_identification:_identify(/home/cagla/fd_ws/src) by extensions ['cmake', 'python']
[2.347s] Level 1:colcon.colcon_core.package_identification:_identify(/home/cagla/fd_ws/src) by extension 'cmake'
[2.347s] Level 1:colcon.colcon_core.package_identification:_identify(/home/cagla/fd_ws/src) by extension 'python'
[2.347s] Level 1:colcon.colcon_core.package_identification:_identify(/home/cagla/fd_ws/src) by extensions ['python_setup_py']
[2.347s] Level 1:colcon.colcon_core.package_identification:_identify(/home/cagla/fd_ws/src) by extension 'python_setup_py'
[2.347s] Level 1:colcon.colcon_core.package_identification:_identify(/home/cagla/fd_ws/src/custom_interfaces) by extensions ['ignore', 'ignore_ament_install']
[2.376s] Level 1:colcon.colcon_core.package_identification:_identify(/home/cagla/fd_ws/src/custom_interfaces) by extension 'ignore'
[2.376s] Level 1:colcon.colcon_core.package_identification:_identify(/home/cagla/fd_ws/src/custom_interfaces) by extension 'ignore_ament_install'
[2.376s] Level 1:colcon.colcon_core.package_identification:_identify(/home/cagla/fd_ws/src/custom_interfaces) by extensions ['colcon_pkg']
[2.376s] Level 1:colcon.colcon_core.package_identification:_identify(/home/cagla/fd_ws/src/custom_interfaces) by extension 'colcon_pkg'
[2.376s] Level 1:colcon.colcon_core.package_identification:_identify(/home/cagla/fd_ws/src/custom_interfaces) by extensions ['colcon_meta']
[2.376s] Level 1:colcon.colcon_core.package_identification:_identify(/home/cagla/fd_ws/src/custom_interfaces) by extension 'colcon_meta'
[2.376s] Level 1:colcon.colcon_core.package_identification:_identify(/home/cagla/fd_ws/src/custom_interfaces) by extensions ['ros']
[2.376s] Level 1:colcon.colcon_core.package_identification:_identify(/home/cagla/fd_ws/src/custom_interfaces) by extension 'ros'
[2.417s] DEBUG:colcon.colcon_core.package_identification:Package '/home/cagla/fd_ws/src/custom_interfaces' with type 'ros.ament_cmake' and name 'custom_interfaces'
[2.419s] Level 1:colcon.colcon_core.package_identification:_identify(/home/cagla/fd_ws/src/srv_turtle) by extensions ['ignore', 'ignore_ament_install']
[2.419s] Level 1:colcon.colcon_core.package_identification:_identify(/home/cagla/fd_ws/src/srv_turtle) by extension 'ignore'
[2.420s] Level 1:colcon.colcon_core.package_identification:_identify(/home/cagla/fd_ws/src/srv_turtle) by extension 'ignore_ament_install'
[2.420s] Level 1:colcon.colcon_core.package_identification:_identify(/home/cagla/fd_ws/src/srv_turtle) by extensions ['colcon_pkg']
[2.420s] Level 1:colcon.colcon_core.package_identification:_identify(/home/cagla/fd_ws/src/srv_turtle) by extension 'colcon_pkg'
[2.420s] Level 1:colcon.colcon_core.package_identification:_identify(/home/cagla/fd_ws/src/srv_turtle) by extensions ['colcon_meta']
[2.420s] Level 1:colcon.colcon_core.package_identification:_identify(/home/cagla/fd_ws/src/srv_turtle) by extension 'colcon_meta'
[2.420s] Level 1:colcon.colcon_core.package_identification:_identify(/home/cagla/fd_ws/src/srv_turtle) by extensions ['ros']
[2.420s] Level 1:colcon.colcon_core.package_identification:_identify(/home/cagla/fd_ws/src/srv_turtle) by extension 'ros'
[2.430s] DEBUG:colcon.colcon_core.package_identification:Package '/home/cagla/fd_ws/src/srv_turtle' with type 'ros.ament_python' and name 'srv_turtle'
[2.430s] Level 1:colcon.colcon_core.package_discovery:discover_packages(recursive) using defaults
