[1.577s] Invoking command in '/home/cagla/sercli_ws/src/add_integers': AMENT_PREFIX_PATH=/home/cagla/sercli_ws/install/custom_interfaces:${AMENT_PREFIX_PATH} CMAKE_PREFIX_PATH=/home/cagla/sercli_ws/install/custom_interfaces LD_LIBRARY_PATH=/home/cagla/sercli_ws/install/custom_interfaces/lib:${LD_LIBRARY_PATH} PYTHONPATH=/home/cagla/sercli_ws/build/add_integers/prefix_override:/usr/lib/python3/dist-packages/colcon_core/task/python/colcon_distutils_commands:/home/cagla/sercli_ws/install/add_integers/lib/python3.10/site-packages:/home/cagla/sercli_ws/install/custom_interfaces/local/lib/python3.10/dist-packages:${PYTHONPATH} /usr/bin/python3 -W ignore:setup.py install is deprecated setup.py egg_info --egg-base ../../build/add_integers build --build-base /home/cagla/sercli_ws/build/add_integers/build install --record /home/cagla/sercli_ws/build/add_integers/install.log --single-version-externally-managed install_data
[1.944s] running egg_info
[1.946s] writing ../../build/add_integers/add_integers.egg-info/PKG-INFO
[1.948s] writing dependency_links to ../../build/add_integers/add_integers.egg-info/dependency_links.txt
[1.949s] writing entry points to ../../build/add_integers/add_integers.egg-info/entry_points.txt
[1.950s] writing requirements to ../../build/add_integers/add_integers.egg-info/requires.txt
[1.951s] writing top-level names to ../../build/add_integers/add_integers.egg-info/top_level.txt
[1.954s] reading manifest file '../../build/add_integers/add_integers.egg-info/SOURCES.txt'
[1.959s] writing manifest file '../../build/add_integers/add_integers.egg-info/SOURCES.txt'
[1.960s] running build
[1.961s] running build_py
[1.963s] copying add_integers/service_node.py -> /home/cagla/sercli_ws/build/add_integers/build/lib/add_integers
[1.964s] copying add_integers/client_node.py -> /home/cagla/sercli_ws/build/add_integers/build/lib/add_integers
[1.967s] running install
[1.969s] running install_lib
[1.969s] copying /home/cagla/sercli_ws/build/add_integers/build/lib/add_integers/service_node.py -> /home/cagla/sercli_ws/install/add_integers/lib/python3.10/site-packages/add_integers
[1.969s] copying /home/cagla/sercli_ws/build/add_integers/build/lib/add_integers/client_node.py -> /home/cagla/sercli_ws/install/add_integers/lib/python3.10/site-packages/add_integers
[1.970s] byte-compiling /home/cagla/sercli_ws/install/add_integers/lib/python3.10/site-packages/add_integers/service_node.py to service_node.cpython-310.pyc
[1.970s] byte-compiling /home/cagla/sercli_ws/install/add_integers/lib/python3.10/site-packages/add_integers/client_node.py to client_node.cpython-310.pyc
[1.973s] running install_data
[1.975s] running install_egg_info
[1.978s] removing '/home/cagla/sercli_ws/install/add_integers/lib/python3.10/site-packages/add_integers-0.0.0-py3.10.egg-info' (and everything under it)
[1.981s] Copying ../../build/add_integers/add_integers.egg-info to /home/cagla/sercli_ws/install/add_integers/lib/python3.10/site-packages/add_integers-0.0.0-py3.10.egg-info
[1.984s] running install_scripts
[2.008s] Installing addition_client script to /home/cagla/sercli_ws/install/add_integers/lib/add_integers
[2.009s] Installing addition_service script to /home/cagla/sercli_ws/install/add_integers/lib/add_integers
[2.009s] writing list of installed files to '/home/cagla/sercli_ws/build/add_integers/install.log'
[2.054s] Invoked command in '/home/cagla/sercli_ws/src/add_integers' returned '0': AMENT_PREFIX_PATH=/home/cagla/sercli_ws/install/custom_interfaces:${AMENT_PREFIX_PATH} CMAKE_PREFIX_PATH=/home/cagla/sercli_ws/install/custom_interfaces LD_LIBRARY_PATH=/home/cagla/sercli_ws/install/custom_interfaces/lib:${LD_LIBRARY_PATH} PYTHONPATH=/home/cagla/sercli_ws/build/add_integers/prefix_override:/usr/lib/python3/dist-packages/colcon_core/task/python/colcon_distutils_commands:/home/cagla/sercli_ws/install/add_integers/lib/python3.10/site-packages:/home/cagla/sercli_ws/install/custom_interfaces/local/lib/python3.10/dist-packages:${PYTHONPATH} /usr/bin/python3 -W ignore:setup.py install is deprecated setup.py egg_info --egg-base ../../build/add_integers build --build-base /home/cagla/sercli_ws/build/add_integers/build install --record /home/cagla/sercli_ws/build/add_integers/install.log --single-version-externally-managed install_data
