[0.736s] Invoking command in '/home/cagla/sercli_ws/src/add_integers': PYTHONPATH=/home/cagla/sercli_ws/build/add_integers/prefix_override:/usr/lib/python3/dist-packages/colcon_core/task/python/colcon_distutils_commands:/home/cagla/sercli_ws/install/add_integers/lib/python3.10/site-packages:${PYTHONPATH} /usr/bin/python3 -W ignore:setup.py install is deprecated setup.py egg_info --egg-base ../../build/add_integers build --build-base /home/cagla/sercli_ws/build/add_integers/build install --record /home/cagla/sercli_ws/build/add_integers/install.log --single-version-externally-managed install_data
[1.007s] running egg_info
[1.007s] writing ../../build/add_integers/add_integers.egg-info/PKG-INFO
[1.007s] writing dependency_links to ../../build/add_integers/add_integers.egg-info/dependency_links.txt
[1.007s] writing entry points to ../../build/add_integers/add_integers.egg-info/entry_points.txt
[1.007s] writing requirements to ../../build/add_integers/add_integers.egg-info/requires.txt
[1.007s] writing top-level names to ../../build/add_integers/add_integers.egg-info/top_level.txt
[1.011s] reading manifest file '../../build/add_integers/add_integers.egg-info/SOURCES.txt'
[1.011s] writing manifest file '../../build/add_integers/add_integers.egg-info/SOURCES.txt'
[1.012s] running build
[1.012s] running build_py
[1.012s] copying add_integers/client_node.py -> /home/cagla/sercli_ws/build/add_integers/build/lib/add_integers
[1.012s] running install
[1.012s] running install_lib
[1.012s] copying /home/cagla/sercli_ws/build/add_integers/build/lib/add_integers/client_node.py -> /home/cagla/sercli_ws/install/add_integers/lib/python3.10/site-packages/add_integers
[1.014s] byte-compiling /home/cagla/sercli_ws/install/add_integers/lib/python3.10/site-packages/add_integers/client_node.py to client_node.cpython-310.pyc
[1.014s] running install_data
[1.014s] running install_egg_info
[1.014s] removing '/home/cagla/sercli_ws/install/add_integers/lib/python3.10/site-packages/add_integers-0.0.0-py3.10.egg-info' (and everything under it)
[1.014s] Copying ../../build/add_integers/add_integers.egg-info to /home/cagla/sercli_ws/install/add_integers/lib/python3.10/site-packages/add_integers-0.0.0-py3.10.egg-info
[1.017s] running install_scripts
[1.044s] Installing addition_client script to /home/cagla/sercli_ws/install/add_integers/lib/add_integers
[1.045s] Installing addition_service script to /home/cagla/sercli_ws/install/add_integers/lib/add_integers
[1.045s] writing list of installed files to '/home/cagla/sercli_ws/build/add_integers/install.log'
[1.071s] Invoked command in '/home/cagla/sercli_ws/src/add_integers' returned '0': PYTHONPATH=/home/cagla/sercli_ws/build/add_integers/prefix_override:/usr/lib/python3/dist-packages/colcon_core/task/python/colcon_distutils_commands:/home/cagla/sercli_ws/install/add_integers/lib/python3.10/site-packages:${PYTHONPATH} /usr/bin/python3 -W ignore:setup.py install is deprecated setup.py egg_info --egg-base ../../build/add_integers build --build-base /home/cagla/sercli_ws/build/add_integers/build install --record /home/cagla/sercli_ws/build/add_integers/install.log --single-version-externally-managed install_data
