[0.026s] Invoking command in '/home/cagla/sercli_ws/build/custom_interfaces': CMAKE_PREFIX_PATH=/home/cagla/ros2_ws/install/my_robot_controller:/opt/ros/humble /usr/bin/cmake --build /home/cagla/sercli_ws/build/custom_interfaces -- -j2 -l2
[0.205s] -- Found ament_cmake: 1.3.10 (/opt/ros/humble/share/ament_cmake/cmake)
[0.497s] -- Found rosidl_default_generators: 1.2.0 (/opt/ros/humble/share/rosidl_default_generators/cmake)
[0.506s] -- Using all available rosidl_typesupport_c: rosidl_typesupport_fastrtps_c;rosidl_typesupport_introspection_c
[0.517s] -- Found rosidl_adapter: 3.1.5 (/opt/ros/humble/share/rosidl_adapter/cmake)
[0.619s] -- Using all available rosidl_typesupport_cpp: rosidl_typesupport_fastrtps_cpp;rosidl_typesupport_introspection_cpp
[1.146s] -- Found ament_cmake_ros: 0.10.0 (/opt/ros/humble/share/ament_cmake_ros/cmake)
[1.438s] -- Using all available rosidl_typesupport_c: rosidl_typesupport_fastrtps_c;rosidl_typesupport_introspection_c
[1.786s] -- Using all available rosidl_typesupport_cpp: rosidl_typesupport_fastrtps_cpp;rosidl_typesupport_introspection_cpp
[1.819s] -- Found python_cmake_module: 0.10.0 (/opt/ros/humble/share/python_cmake_module/cmake)
[1.850s] -- Using PYTHON_EXECUTABLE: /usr/bin/python3
[1.850s] -- Using PYTHON_INCLUDE_DIRS: /usr/include/python3.10
[1.851s] -- Using PYTHON_LIBRARIES: /usr/lib/x86_64-linux-gnu/libpython3.10.so
[1.873s] -- Found ament_lint_auto: 0.12.11 (/opt/ros/humble/share/ament_lint_auto/cmake)
[1.936s] -- Added test 'lint_cmake' to check CMake code style
[1.939s] -- Added test 'xmllint' to check XML markup files
[1.954s] -- Configuring done
[2.089s] -- Generating done
[2.095s] -- Build files have been written to: /home/cagla/sercli_ws/build/custom_interfaces
[2.152s] [  3%] Built target custom_interfaces__cpp
[2.174s] [35m[1mConsolidate compiler generated dependencies of target custom_interfaces__rosidl_generator_c[0m
[2.192s] [ 12%] Built target custom_interfaces__rosidl_generator_c
[2.241s] [ 12%] Built target ament_cmake_python_copy_custom_interfaces
[2.256s] [35m[1mConsolidate compiler generated dependencies of target custom_interfaces__rosidl_typesupport_cpp[0m
[2.280s] [ 22%] Built target custom_interfaces__rosidl_typesupport_cpp
[2.296s] [35m[1mConsolidate compiler generated dependencies of target custom_interfaces__rosidl_typesupport_fastrtps_c[0m
[2.320s] [ 32%] Built target custom_interfaces__rosidl_typesupport_fastrtps_c
[2.336s] [35m[1mConsolidate compiler generated dependencies of target custom_interfaces__rosidl_typesupport_introspection_c[0m
[2.354s] [ 41%] Built target custom_interfaces__rosidl_typesupport_introspection_c
[2.392s] [35m[1mConsolidate compiler generated dependencies of target custom_interfaces__rosidl_typesupport_c[0m
[2.410s] [ 51%] Built target custom_interfaces__rosidl_typesupport_c
[2.432s] [35m[1mConsolidate compiler generated dependencies of target custom_interfaces__rosidl_typesupport_fastrtps_cpp[0m
[2.460s] [ 61%] Built target custom_interfaces__rosidl_typesupport_fastrtps_cpp
[2.481s] [35m[1mConsolidate compiler generated dependencies of target custom_interfaces__rosidl_typesupport_introspection_cpp[0m
[2.526s] [ 70%] Built target custom_interfaces__rosidl_typesupport_introspection_cpp
[3.000s] running egg_info
[3.000s] writing custom_interfaces.egg-info/PKG-INFO
[3.001s] writing dependency_links to custom_interfaces.egg-info/dependency_links.txt
[3.001s] writing top-level names to custom_interfaces.egg-info/top_level.txt
[3.007s] reading manifest file 'custom_interfaces.egg-info/SOURCES.txt'
[3.008s] writing manifest file 'custom_interfaces.egg-info/SOURCES.txt'
[3.055s] [ 70%] Built target ament_cmake_python_build_custom_interfaces_egg
[3.091s] [ 70%] Built target custom_interfaces
[3.122s] [ 74%] Built target custom_interfaces__py
[3.137s] [35m[1mConsolidate compiler generated dependencies of target custom_interfaces__rosidl_generator_py[0m
[3.154s] [ 80%] Built target custom_interfaces__rosidl_generator_py
[3.175s] [35m[1mConsolidate compiler generated dependencies of target custom_interfaces__rosidl_typesupport_fastrtps_c__pyext[0m
[3.194s] [ 87%] Built target custom_interfaces__rosidl_typesupport_fastrtps_c__pyext
[3.214s] [35m[1mConsolidate compiler generated dependencies of target custom_interfaces__rosidl_typesupport_introspection_c__pyext[0m
[3.231s] [ 93%] Built target custom_interfaces__rosidl_typesupport_introspection_c__pyext
[3.249s] [35m[1mConsolidate compiler generated dependencies of target custom_interfaces__rosidl_typesupport_c__pyext[0m
[3.269s] [100%] Built target custom_interfaces__rosidl_typesupport_c__pyext
[3.298s] Invoked command in '/home/cagla/sercli_ws/build/custom_interfaces' returned '0': CMAKE_PREFIX_PATH=/home/cagla/ros2_ws/install/my_robot_controller:/opt/ros/humble /usr/bin/cmake --build /home/cagla/sercli_ws/build/custom_interfaces -- -j2 -l2
[3.416s] Invoking command in '/home/cagla/sercli_ws/build/custom_interfaces': CMAKE_PREFIX_PATH=/home/cagla/ros2_ws/install/my_robot_controller:/opt/ros/humble /usr/bin/cmake --install /home/cagla/sercli_ws/build/custom_interfaces
[3.428s] -- Install configuration: ""
[3.428s] -- Up-to-date: /home/cagla/sercli_ws/install/custom_interfaces/share/ament_index/resource_index/rosidl_interfaces/custom_interfaces
[3.428s] -- Up-to-date: /home/cagla/sercli_ws/install/custom_interfaces/include/custom_interfaces/custom_interfaces
[3.429s] -- Up-to-date: /home/cagla/sercli_ws/install/custom_interfaces/include/custom_interfaces/custom_interfaces/msg
[3.429s] -- Up-to-date: /home/cagla/sercli_ws/install/custom_interfaces/include/custom_interfaces/custom_interfaces/msg/rosidl_generator_c__visibility_control.h
[3.429s] -- Up-to-date: /home/cagla/sercli_ws/install/custom_interfaces/include/custom_interfaces/custom_interfaces/srv
[3.429s] -- Up-to-date: /home/cagla/sercli_ws/install/custom_interfaces/include/custom_interfaces/custom_interfaces/srv/add_two_ints.h
[3.430s] -- Up-to-date: /home/cagla/sercli_ws/install/custom_interfaces/include/custom_interfaces/custom_interfaces/srv/detail
[3.430s] -- Up-to-date: /home/cagla/sercli_ws/install/custom_interfaces/include/custom_interfaces/custom_interfaces/srv/detail/add_two_ints__functions.c
[3.430s] -- Up-to-date: /home/cagla/sercli_ws/install/custom_interfaces/include/custom_interfaces/custom_interfaces/srv/detail/add_two_ints__functions.h
[3.431s] -- Up-to-date: /home/cagla/sercli_ws/install/custom_interfaces/include/custom_interfaces/custom_interfaces/srv/detail/add_two_ints__struct.h
[3.431s] -- Up-to-date: /home/cagla/sercli_ws/install/custom_interfaces/include/custom_interfaces/custom_interfaces/srv/detail/add_two_ints__type_support.h
[3.432s] -- Up-to-date: /home/cagla/sercli_ws/install/custom_interfaces/share/custom_interfaces/environment/library_path.sh
[3.432s] -- Installing: /home/cagla/sercli_ws/install/custom_interfaces/share/custom_interfaces/environment/library_path.dsv
[3.434s] -- Up-to-date: /home/cagla/sercli_ws/install/custom_interfaces/lib/libcustom_interfaces__rosidl_generator_c.so
[3.435s] -- Up-to-date: /home/cagla/sercli_ws/install/custom_interfaces/include/custom_interfaces/custom_interfaces
[3.435s] -- Up-to-date: /home/cagla/sercli_ws/install/custom_interfaces/include/custom_interfaces/custom_interfaces/msg
[3.436s] -- Up-to-date: /home/cagla/sercli_ws/install/custom_interfaces/include/custom_interfaces/custom_interfaces/msg/rosidl_typesupport_fastrtps_c__visibility_control.h
[3.436s] -- Up-to-date: /home/cagla/sercli_ws/install/custom_interfaces/include/custom_interfaces/custom_interfaces/srv
[3.436s] -- Up-to-date: /home/cagla/sercli_ws/install/custom_interfaces/include/custom_interfaces/custom_interfaces/srv/detail
[3.436s] -- Up-to-date: /home/cagla/sercli_ws/install/custom_interfaces/include/custom_interfaces/custom_interfaces/srv/detail/add_two_ints__rosidl_typesupport_fastrtps_c.h
[3.437s] -- Up-to-date: /home/cagla/sercli_ws/install/custom_interfaces/lib/libcustom_interfaces__rosidl_typesupport_fastrtps_c.so
[3.437s] -- Up-to-date: /home/cagla/sercli_ws/install/custom_interfaces/include/custom_interfaces/custom_interfaces
[3.438s] -- Up-to-date: /home/cagla/sercli_ws/install/custom_interfaces/include/custom_interfaces/custom_interfaces/msg
[3.438s] -- Up-to-date: /home/cagla/sercli_ws/install/custom_interfaces/include/custom_interfaces/custom_interfaces/msg/rosidl_typesupport_introspection_c__visibility_control.h
[3.438s] -- Up-to-date: /home/cagla/sercli_ws/install/custom_interfaces/include/custom_interfaces/custom_interfaces/srv
[3.438s] -- Up-to-date: /home/cagla/sercli_ws/install/custom_interfaces/include/custom_interfaces/custom_interfaces/srv/detail
[3.438s] -- Up-to-date: /home/cagla/sercli_ws/install/custom_interfaces/include/custom_interfaces/custom_interfaces/srv/detail/add_two_ints__rosidl_typesupport_introspection_c.h
[3.438s] -- Up-to-date: /home/cagla/sercli_ws/install/custom_interfaces/include/custom_interfaces/custom_interfaces/srv/detail/add_two_ints__type_support.c
[3.441s] -- Up-to-date: /home/cagla/sercli_ws/install/custom_interfaces/lib/libcustom_interfaces__rosidl_typesupport_introspection_c.so
[3.442s] -- Up-to-date: /home/cagla/sercli_ws/install/custom_interfaces/lib/libcustom_interfaces__rosidl_typesupport_c.so
[3.442s] -- Up-to-date: /home/cagla/sercli_ws/install/custom_interfaces/include/custom_interfaces/custom_interfaces
[3.442s] -- Up-to-date: /home/cagla/sercli_ws/install/custom_interfaces/include/custom_interfaces/custom_interfaces/srv
[3.442s] -- Up-to-date: /home/cagla/sercli_ws/install/custom_interfaces/include/custom_interfaces/custom_interfaces/srv/add_two_ints.hpp
[3.443s] -- Up-to-date: /home/cagla/sercli_ws/install/custom_interfaces/include/custom_interfaces/custom_interfaces/srv/detail
[3.443s] -- Up-to-date: /home/cagla/sercli_ws/install/custom_interfaces/include/custom_interfaces/custom_interfaces/srv/detail/add_two_ints__traits.hpp
[3.443s] -- Up-to-date: /home/cagla/sercli_ws/install/custom_interfaces/include/custom_interfaces/custom_interfaces/srv/detail/add_two_ints__struct.hpp
[3.443s] -- Up-to-date: /home/cagla/sercli_ws/install/custom_interfaces/include/custom_interfaces/custom_interfaces/srv/detail/add_two_ints__builder.hpp
[3.444s] -- Up-to-date: /home/cagla/sercli_ws/install/custom_interfaces/include/custom_interfaces/custom_interfaces
[3.444s] -- Up-to-date: /home/cagla/sercli_ws/install/custom_interfaces/include/custom_interfaces/custom_interfaces/msg
[3.444s] -- Up-to-date: /home/cagla/sercli_ws/install/custom_interfaces/include/custom_interfaces/custom_interfaces/msg/rosidl_typesupport_fastrtps_cpp__visibility_control.h
[3.444s] -- Up-to-date: /home/cagla/sercli_ws/install/custom_interfaces/include/custom_interfaces/custom_interfaces/srv
[3.444s] -- Up-to-date: /home/cagla/sercli_ws/install/custom_interfaces/include/custom_interfaces/custom_interfaces/srv/detail
[3.444s] -- Up-to-date: /home/cagla/sercli_ws/install/custom_interfaces/include/custom_interfaces/custom_interfaces/srv/detail/dds_fastrtps
[3.444s] -- Up-to-date: /home/cagla/sercli_ws/install/custom_interfaces/include/custom_interfaces/custom_interfaces/srv/detail/add_two_ints__rosidl_typesupport_fastrtps_cpp.hpp
[3.446s] -- Up-to-date: /home/cagla/sercli_ws/install/custom_interfaces/lib/libcustom_interfaces__rosidl_typesupport_fastrtps_cpp.so
[3.446s] -- Up-to-date: /home/cagla/sercli_ws/install/custom_interfaces/include/custom_interfaces/custom_interfaces
[3.446s] -- Up-to-date: /home/cagla/sercli_ws/install/custom_interfaces/include/custom_interfaces/custom_interfaces/srv
[3.446s] -- Up-to-date: /home/cagla/sercli_ws/install/custom_interfaces/include/custom_interfaces/custom_interfaces/srv/detail
[3.446s] -- Up-to-date: /home/cagla/sercli_ws/install/custom_interfaces/include/custom_interfaces/custom_interfaces/srv/detail/add_two_ints__type_support.cpp
[3.447s] -- Up-to-date: /home/cagla/sercli_ws/install/custom_interfaces/include/custom_interfaces/custom_interfaces/srv/detail/add_two_ints__rosidl_typesupport_introspection_cpp.hpp
[3.450s] -- Up-to-date: /home/cagla/sercli_ws/install/custom_interfaces/lib/libcustom_interfaces__rosidl_typesupport_introspection_cpp.so
[3.451s] -- Up-to-date: /home/cagla/sercli_ws/install/custom_interfaces/lib/libcustom_interfaces__rosidl_typesupport_cpp.so
[3.452s] -- Up-to-date: /home/cagla/sercli_ws/install/custom_interfaces/share/custom_interfaces/environment/pythonpath.sh
[3.452s] -- Installing: /home/cagla/sercli_ws/install/custom_interfaces/share/custom_interfaces/environment/pythonpath.dsv
[3.452s] -- Up-to-date: /home/cagla/sercli_ws/install/custom_interfaces/local/lib/python3.10/dist-packages/custom_interfaces-0.0.0-py3.10.egg-info
[3.452s] -- Installing: /home/cagla/sercli_ws/install/custom_interfaces/local/lib/python3.10/dist-packages/custom_interfaces-0.0.0-py3.10.egg-info/PKG-INFO
[3.453s] -- Installing: /home/cagla/sercli_ws/install/custom_interfaces/local/lib/python3.10/dist-packages/custom_interfaces-0.0.0-py3.10.egg-info/top_level.txt
[3.453s] -- Installing: /home/cagla/sercli_ws/install/custom_interfaces/local/lib/python3.10/dist-packages/custom_interfaces-0.0.0-py3.10.egg-info/SOURCES.txt
[3.453s] -- Installing: /home/cagla/sercli_ws/install/custom_interfaces/local/lib/python3.10/dist-packages/custom_interfaces-0.0.0-py3.10.egg-info/dependency_links.txt
[3.453s] -- Up-to-date: /home/cagla/sercli_ws/install/custom_interfaces/local/lib/python3.10/dist-packages/custom_interfaces
[3.454s] -- Up-to-date: /home/cagla/sercli_ws/install/custom_interfaces/local/lib/python3.10/dist-packages/custom_interfaces/_custom_interfaces_s.ep.rosidl_typesupport_fastrtps_c.c
[3.454s] -- Up-to-date: /home/cagla/sercli_ws/install/custom_interfaces/local/lib/python3.10/dist-packages/custom_interfaces/_custom_interfaces_s.ep.rosidl_typesupport_c.c
[3.454s] -- Up-to-date: /home/cagla/sercli_ws/install/custom_interfaces/local/lib/python3.10/dist-packages/custom_interfaces/_custom_interfaces_s.ep.rosidl_typesupport_introspection_c.c
[3.454s] -- Up-to-date: /home/cagla/sercli_ws/install/custom_interfaces/local/lib/python3.10/dist-packages/custom_interfaces/libcustom_interfaces__rosidl_generator_py.so
[3.454s] -- Up-to-date: /home/cagla/sercli_ws/install/custom_interfaces/local/lib/python3.10/dist-packages/custom_interfaces/custom_interfaces_s__rosidl_typesupport_fastrtps_c.cpython-310-x86_64-linux-gnu.so
[3.454s] -- Up-to-date: /home/cagla/sercli_ws/install/custom_interfaces/local/lib/python3.10/dist-packages/custom_interfaces/custom_interfaces_s__rosidl_typesupport_c.cpython-310-x86_64-linux-gnu.so
[3.454s] -- Up-to-date: /home/cagla/sercli_ws/install/custom_interfaces/local/lib/python3.10/dist-packages/custom_interfaces/custom_interfaces_s__rosidl_typesupport_introspection_c.cpython-310-x86_64-linux-gnu.so
[3.454s] -- Up-to-date: /home/cagla/sercli_ws/install/custom_interfaces/local/lib/python3.10/dist-packages/custom_interfaces/srv
[3.455s] -- Up-to-date: /home/cagla/sercli_ws/install/custom_interfaces/local/lib/python3.10/dist-packages/custom_interfaces/srv/_add_two_ints.py
[3.455s] -- Up-to-date: /home/cagla/sercli_ws/install/custom_interfaces/local/lib/python3.10/dist-packages/custom_interfaces/srv/__init__.py
[3.455s] -- Up-to-date: /home/cagla/sercli_ws/install/custom_interfaces/local/lib/python3.10/dist-packages/custom_interfaces/srv/_add_two_ints_s.c
[3.455s] -- Installing: /home/cagla/sercli_ws/install/custom_interfaces/local/lib/python3.10/dist-packages/custom_interfaces/__init__.py
[3.556s] Listing '/home/cagla/sercli_ws/install/custom_interfaces/local/lib/python3.10/dist-packages/custom_interfaces'...
[3.557s] Compiling '/home/cagla/sercli_ws/install/custom_interfaces/local/lib/python3.10/dist-packages/custom_interfaces/__init__.py'...
[3.557s] Listing '/home/cagla/sercli_ws/install/custom_interfaces/local/lib/python3.10/dist-packages/custom_interfaces/srv'...
[3.568s] -- Up-to-date: /home/cagla/sercli_ws/install/custom_interfaces/local/lib/python3.10/dist-packages/custom_interfaces/custom_interfaces_s__rosidl_typesupport_fastrtps_c.cpython-310-x86_64-linux-gnu.so
[3.572s] -- Up-to-date: /home/cagla/sercli_ws/install/custom_interfaces/local/lib/python3.10/dist-packages/custom_interfaces/custom_interfaces_s__rosidl_typesupport_introspection_c.cpython-310-x86_64-linux-gnu.so
[3.577s] -- Up-to-date: /home/cagla/sercli_ws/install/custom_interfaces/local/lib/python3.10/dist-packages/custom_interfaces/custom_interfaces_s__rosidl_typesupport_c.cpython-310-x86_64-linux-gnu.so
[3.578s] -- Up-to-date: /home/cagla/sercli_ws/install/custom_interfaces/lib/libcustom_interfaces__rosidl_generator_py.so
[3.580s] -- Up-to-date: /home/cagla/sercli_ws/install/custom_interfaces/share/custom_interfaces/srv/AddTwoInts.idl
[3.580s] -- Installing: /home/cagla/sercli_ws/install/custom_interfaces/share/custom_interfaces/srv/AddTwoInts.srv
[3.583s] -- Up-to-date: /home/cagla/sercli_ws/install/custom_interfaces/share/custom_interfaces/srv/AddTwoInts_Request.msg
[3.583s] -- Installing: /home/cagla/sercli_ws/install/custom_interfaces/share/custom_interfaces/srv/AddTwoInts_Response.msg
[3.583s] -- Up-to-date: /home/cagla/sercli_ws/install/custom_interfaces/share/ament_index/resource_index/package_run_dependencies/custom_interfaces
[3.584s] -- Installing: /home/cagla/sercli_ws/install/custom_interfaces/share/ament_index/resource_index/parent_prefix_path/custom_interfaces
[3.585s] -- Up-to-date: /home/cagla/sercli_ws/install/custom_interfaces/share/custom_interfaces/environment/ament_prefix_path.sh
[3.585s] -- Installing: /home/cagla/sercli_ws/install/custom_interfaces/share/custom_interfaces/environment/ament_prefix_path.dsv
[3.587s] -- Up-to-date: /home/cagla/sercli_ws/install/custom_interfaces/share/custom_interfaces/environment/path.sh
[3.587s] -- Installing: /home/cagla/sercli_ws/install/custom_interfaces/share/custom_interfaces/environment/path.dsv
[3.587s] -- Up-to-date: /home/cagla/sercli_ws/install/custom_interfaces/share/custom_interfaces/local_setup.bash
[3.588s] -- Up-to-date: /home/cagla/sercli_ws/install/custom_interfaces/share/custom_interfaces/local_setup.sh
[3.588s] -- Up-to-date: /home/cagla/sercli_ws/install/custom_interfaces/share/custom_interfaces/local_setup.zsh
[3.589s] -- Installing: /home/cagla/sercli_ws/install/custom_interfaces/share/custom_interfaces/local_setup.dsv
[3.590s] -- Installing: /home/cagla/sercli_ws/install/custom_interfaces/share/custom_interfaces/package.dsv
[3.591s] -- Up-to-date: /home/cagla/sercli_ws/install/custom_interfaces/share/ament_index/resource_index/packages/custom_interfaces
[3.592s] -- Up-to-date: /home/cagla/sercli_ws/install/custom_interfaces/share/custom_interfaces/cmake/export_custom_interfaces__rosidl_generator_cExport.cmake
[3.593s] -- Up-to-date: /home/cagla/sercli_ws/install/custom_interfaces/share/custom_interfaces/cmake/export_custom_interfaces__rosidl_generator_cExport-noconfig.cmake
[3.596s] -- Up-to-date: /home/cagla/sercli_ws/install/custom_interfaces/share/custom_interfaces/cmake/export_custom_interfaces__rosidl_typesupport_fastrtps_cExport.cmake
[3.597s] -- Up-to-date: /home/cagla/sercli_ws/install/custom_interfaces/share/custom_interfaces/cmake/export_custom_interfaces__rosidl_typesupport_fastrtps_cExport-noconfig.cmake
[3.597s] -- Up-to-date: /home/cagla/sercli_ws/install/custom_interfaces/share/custom_interfaces/cmake/custom_interfaces__rosidl_typesupport_introspection_cExport.cmake
[3.597s] -- Up-to-date: /home/cagla/sercli_ws/install/custom_interfaces/share/custom_interfaces/cmake/custom_interfaces__rosidl_typesupport_introspection_cExport-noconfig.cmake
[3.598s] -- Up-to-date: /home/cagla/sercli_ws/install/custom_interfaces/share/custom_interfaces/cmake/custom_interfaces__rosidl_typesupport_cExport.cmake
[3.599s] -- Up-to-date: /home/cagla/sercli_ws/install/custom_interfaces/share/custom_interfaces/cmake/custom_interfaces__rosidl_typesupport_cExport-noconfig.cmake
[3.600s] -- Up-to-date: /home/cagla/sercli_ws/install/custom_interfaces/share/custom_interfaces/cmake/export_custom_interfaces__rosidl_generator_cppExport.cmake
[3.601s] -- Up-to-date: /home/cagla/sercli_ws/install/custom_interfaces/share/custom_interfaces/cmake/export_custom_interfaces__rosidl_typesupport_fastrtps_cppExport.cmake
[3.602s] -- Up-to-date: /home/cagla/sercli_ws/install/custom_interfaces/share/custom_interfaces/cmake/export_custom_interfaces__rosidl_typesupport_fastrtps_cppExport-noconfig.cmake
[3.603s] -- Up-to-date: /home/cagla/sercli_ws/install/custom_interfaces/share/custom_interfaces/cmake/custom_interfaces__rosidl_typesupport_introspection_cppExport.cmake
[3.603s] -- Up-to-date: /home/cagla/sercli_ws/install/custom_interfaces/share/custom_interfaces/cmake/custom_interfaces__rosidl_typesupport_introspection_cppExport-noconfig.cmake
[3.605s] -- Up-to-date: /home/cagla/sercli_ws/install/custom_interfaces/share/custom_interfaces/cmake/custom_interfaces__rosidl_typesupport_cppExport.cmake
[3.605s] -- Up-to-date: /home/cagla/sercli_ws/install/custom_interfaces/share/custom_interfaces/cmake/custom_interfaces__rosidl_typesupport_cppExport-noconfig.cmake
[3.607s] -- Up-to-date: /home/cagla/sercli_ws/install/custom_interfaces/share/custom_interfaces/cmake/export_custom_interfaces__rosidl_generator_pyExport.cmake
[3.607s] -- Up-to-date: /home/cagla/sercli_ws/install/custom_interfaces/share/custom_interfaces/cmake/export_custom_interfaces__rosidl_generator_pyExport-noconfig.cmake
[3.608s] -- Up-to-date: /home/cagla/sercli_ws/install/custom_interfaces/share/custom_interfaces/cmake/rosidl_cmake-extras.cmake
[3.608s] -- Up-to-date: /home/cagla/sercli_ws/install/custom_interfaces/share/custom_interfaces/cmake/ament_cmake_export_include_directories-extras.cmake
[3.608s] -- Up-to-date: /home/cagla/sercli_ws/install/custom_interfaces/share/custom_interfaces/cmake/ament_cmake_export_libraries-extras.cmake
[3.608s] -- Up-to-date: /home/cagla/sercli_ws/install/custom_interfaces/share/custom_interfaces/cmake/ament_cmake_export_targets-extras.cmake
[3.608s] -- Up-to-date: /home/cagla/sercli_ws/install/custom_interfaces/share/custom_interfaces/cmake/rosidl_cmake_export_typesupport_targets-extras.cmake
[3.608s] -- Up-to-date: /home/cagla/sercli_ws/install/custom_interfaces/share/custom_interfaces/cmake/ament_cmake_export_dependencies-extras.cmake
[3.608s] -- Up-to-date: /home/cagla/sercli_ws/install/custom_interfaces/share/custom_interfaces/cmake/rosidl_cmake_export_typesupport_libraries-extras.cmake
[3.608s] -- Up-to-date: /home/cagla/sercli_ws/install/custom_interfaces/share/custom_interfaces/cmake/custom_interfacesConfig.cmake
[3.610s] -- Up-to-date: /home/cagla/sercli_ws/install/custom_interfaces/share/custom_interfaces/cmake/custom_interfacesConfig-version.cmake
[3.613s] -- Installing: /home/cagla/sercli_ws/install/custom_interfaces/share/custom_interfaces/package.xml
[3.615s] Invoked command in '/home/cagla/sercli_ws/build/custom_interfaces' returned '0': CMAKE_PREFIX_PATH=/home/cagla/ros2_ws/install/my_robot_controller:/opt/ros/humble /usr/bin/cmake --install /home/cagla/sercli_ws/build/custom_interfaces
