[0.010s] Invoking command in '/home/cagla/fd_ws/build/custom_interfaces': CMAKE_PREFIX_PATH=${CMAKE_PREFIX_PATH}:/home/cagla/fd_ws/install/srv_turtle:/home/cagla/ros2_ws/install/my_robot_controller:/opt/ros/humble /usr/bin/cmake --build /home/cagla/fd_ws/build/custom_interfaces -- -j2 -l2
[0.039s] -- Found ament_cmake: 1.3.10 (/opt/ros/humble/share/ament_cmake/cmake)
[0.212s] -- Found geometry_msgs: 4.2.4 (/opt/ros/humble/share/geometry_msgs/cmake)
[0.248s] -- Found rosidl_generator_c: 3.1.5 (/opt/ros/humble/share/rosidl_generator_c/cmake)
[0.251s] -- Found rosidl_adapter: 3.1.5 (/opt/ros/humble/share/rosidl_adapter/cmake)
[0.257s] -- Found rosidl_generator_cpp: 3.1.5 (/opt/ros/humble/share/rosidl_generator_cpp/cmake)
[0.268s] -- Using all available rosidl_typesupport_c: rosidl_typesupport_fastrtps_c;rosidl_typesupport_introspection_c
[0.279s] -- Using all available rosidl_typesupport_cpp: rosidl_typesupport_fastrtps_cpp;rosidl_typesupport_introspection_cpp
[0.311s] -- Found rosidl_default_generators: 1.2.0 (/opt/ros/humble/share/rosidl_default_generators/cmake)
[0.686s] -- Found ament_cmake_ros: 0.10.0 (/opt/ros/humble/share/ament_cmake_ros/cmake)
[1.233s] -- Using all available rosidl_typesupport_c: rosidl_typesupport_fastrtps_c;rosidl_typesupport_introspection_c
[1.421s] -- Using all available rosidl_typesupport_cpp: rosidl_typesupport_fastrtps_cpp;rosidl_typesupport_introspection_cpp
[1.455s] -- Found python_cmake_module: 0.10.0 (/opt/ros/humble/share/python_cmake_module/cmake)
[1.484s] -- Using PYTHON_EXECUTABLE: /usr/bin/python3
[1.484s] -- Using PYTHON_INCLUDE_DIRS: /usr/include/python3.10
[1.484s] -- Using PYTHON_LIBRARIES: /usr/lib/x86_64-linux-gnu/libpython3.10.so
[1.538s] -- Configuring done
[1.614s] -- Generating done
[1.621s] -- Build files have been written to: /home/cagla/fd_ws/build/custom_interfaces
[1.671s] [  3%] [32mBuilding C object CMakeFiles/custom_interfaces__rosidl_generator_c.dir/rosidl_generator_c/custom_interfaces/msg/detail/target_cor__functions.c.o[0m
[1.675s] [  6%] Built target custom_interfaces__cpp
[1.717s] [  6%] Built target ament_cmake_python_copy_custom_interfaces
[1.760s] [  9%] [32mBuilding CXX object CMakeFiles/custom_interfaces__rosidl_typesupport_cpp.dir/rosidl_typesupport_cpp/custom_interfaces/msg/target_cor__type_support.cpp.o[0m
[1.834s] [ 12%] [32m[1mLinking C shared library libcustom_interfaces__rosidl_generator_c.so[0m
[1.925s] [ 16%] Built target custom_interfaces__rosidl_generator_c
[1.952s] [ 19%] [32mBuilding CXX object CMakeFiles/custom_interfaces__rosidl_typesupport_fastrtps_cpp.dir/rosidl_typesupport_fastrtps_cpp/custom_interfaces/msg/detail/dds_fastrtps/target_cor__type_support.cpp.o[0m
[2.211s] [ 22%] [32m[1mLinking CXX shared library libcustom_interfaces__rosidl_typesupport_cpp.so[0m
[2.265s] [ 25%] Built target custom_interfaces__rosidl_typesupport_cpp
[2.275s] [ 29%] [34m[1mGenerating C introspection for ROS interfaces[0m
[2.424s] [ 32%] [32m[1mLinking CXX shared library libcustom_interfaces__rosidl_typesupport_fastrtps_cpp.so[0m
[2.518s] [ 35%] Built target custom_interfaces__rosidl_typesupport_fastrtps_cpp
[2.526s] [ 38%] [34m[1mGenerating C type support dispatch for ROS interfaces[0m
[2.574s] [ 41%] [32mBuilding C object CMakeFiles/custom_interfaces__rosidl_typesupport_introspection_c.dir/rosidl_typesupport_introspection_c/custom_interfaces/msg/detail/target_cor__type_support.c.o[0m
[2.620s] [ 45%] [32m[1mLinking C shared library libcustom_interfaces__rosidl_typesupport_introspection_c.so[0m
[2.659s] [ 45%] Built target custom_interfaces__rosidl_typesupport_introspection_c
[2.672s] [ 48%] [34m[1mGenerating C++ introspection for ROS interfaces[0m
[2.788s] [ 51%] [32mBuilding CXX object CMakeFiles/custom_interfaces__rosidl_typesupport_c.dir/rosidl_typesupport_c/custom_interfaces/msg/target_cor__type_support.cpp.o[0m
[2.831s] [ 54%] [32m[1mLinking CXX shared library libcustom_interfaces__rosidl_typesupport_c.so[0m
[2.907s] [ 54%] Built target custom_interfaces__rosidl_typesupport_c
[3.108s] [ 58%] [32mBuilding CXX object CMakeFiles/custom_interfaces__rosidl_typesupport_introspection_cpp.dir/rosidl_typesupport_introspection_cpp/custom_interfaces/msg/detail/target_cor__type_support.cpp.o[0m
[3.308s] running egg_info
[3.308s] creating custom_interfaces.egg-info
[3.308s] writing custom_interfaces.egg-info/PKG-INFO
[3.308s] writing dependency_links to custom_interfaces.egg-info/dependency_links.txt
[3.308s] writing top-level names to custom_interfaces.egg-info/top_level.txt
[3.308s] writing manifest file 'custom_interfaces.egg-info/SOURCES.txt'
[3.312s] reading manifest file 'custom_interfaces.egg-info/SOURCES.txt'
[3.313s] writing manifest file 'custom_interfaces.egg-info/SOURCES.txt'
[3.351s] [ 58%] Built target ament_cmake_python_build_custom_interfaces_egg
[3.371s] [ 61%] [34m[1mGenerating C type support for eProsima Fast-RTPS[0m
[3.668s] [ 64%] [32mBuilding CXX object CMakeFiles/custom_interfaces__rosidl_typesupport_fastrtps_c.dir/rosidl_typesupport_fastrtps_c/custom_interfaces/msg/detail/target_cor__type_support_c.cpp.o[0m
[3.713s] [ 67%] [32m[1mLinking CXX shared library libcustom_interfaces__rosidl_typesupport_introspection_cpp.so[0m
[3.837s] [ 67%] Built target custom_interfaces__rosidl_typesupport_introspection_cpp
[4.085s] [ 70%] [32m[1mLinking CXX shared library libcustom_interfaces__rosidl_typesupport_fastrtps_c.so[0m
[4.175s] [ 70%] Built target custom_interfaces__rosidl_typesupport_fastrtps_c
[4.201s] [ 70%] Built target custom_interfaces
[4.230s] [ 74%] [34m[1mGenerating Python code for ROS interfaces[0m
[4.563s] [ 74%] Built target custom_interfaces__py
[4.582s] [ 77%] [32mBuilding C object CMakeFiles/custom_interfaces__rosidl_generator_py.dir/rosidl_generator_py/custom_interfaces/msg/_target_cor_s.c.o[0m
[4.844s] [ 80%] [32m[1mLinking C shared library rosidl_generator_py/custom_interfaces/libcustom_interfaces__rosidl_generator_py.so[0m
[4.903s] [ 80%] Built target custom_interfaces__rosidl_generator_py
[4.924s] [ 83%] [32mBuilding C object CMakeFiles/custom_interfaces__rosidl_typesupport_introspection_c__pyext.dir/rosidl_generator_py/custom_interfaces/_custom_interfaces_s.ep.rosidl_typesupport_introspection_c.c.o[0m
[4.925s] [ 87%] [32mBuilding C object CMakeFiles/custom_interfaces__rosidl_typesupport_fastrtps_c__pyext.dir/rosidl_generator_py/custom_interfaces/_custom_interfaces_s.ep.rosidl_typesupport_fastrtps_c.c.o[0m
[5.037s] [ 90%] [32m[1mLinking C shared library rosidl_generator_py/custom_interfaces/custom_interfaces_s__rosidl_typesupport_introspection_c.cpython-310-x86_64-linux-gnu.so[0m
[5.051s] [ 93%] [32m[1mLinking C shared library rosidl_generator_py/custom_interfaces/custom_interfaces_s__rosidl_typesupport_fastrtps_c.cpython-310-x86_64-linux-gnu.so[0m
[5.082s] [ 93%] Built target custom_interfaces__rosidl_typesupport_introspection_c__pyext
[5.088s] [ 93%] Built target custom_interfaces__rosidl_typesupport_fastrtps_c__pyext
[5.107s] [ 96%] [32mBuilding C object CMakeFiles/custom_interfaces__rosidl_typesupport_c__pyext.dir/rosidl_generator_py/custom_interfaces/_custom_interfaces_s.ep.rosidl_typesupport_c.c.o[0m
[5.204s] [100%] [32m[1mLinking C shared library rosidl_generator_py/custom_interfaces/custom_interfaces_s__rosidl_typesupport_c.cpython-310-x86_64-linux-gnu.so[0m
[5.244s] [100%] Built target custom_interfaces__rosidl_typesupport_c__pyext
[5.255s] Invoked command in '/home/cagla/fd_ws/build/custom_interfaces' returned '0': CMAKE_PREFIX_PATH=${CMAKE_PREFIX_PATH}:/home/cagla/fd_ws/install/srv_turtle:/home/cagla/ros2_ws/install/my_robot_controller:/opt/ros/humble /usr/bin/cmake --build /home/cagla/fd_ws/build/custom_interfaces -- -j2 -l2
[5.327s] Invoking command in '/home/cagla/fd_ws/build/custom_interfaces': CMAKE_PREFIX_PATH=${CMAKE_PREFIX_PATH}:/home/cagla/fd_ws/install/srv_turtle:/home/cagla/ros2_ws/install/my_robot_controller:/opt/ros/humble /usr/bin/cmake --install /home/cagla/fd_ws/build/custom_interfaces
[5.333s] -- Install configuration: ""
[5.333s] -- Installing: /home/cagla/fd_ws/install/custom_interfaces/share/ament_index/resource_index/rosidl_interfaces/custom_interfaces
[5.334s] -- Installing: /home/cagla/fd_ws/install/custom_interfaces/include/custom_interfaces/custom_interfaces
[5.337s] -- Installing: /home/cagla/fd_ws/install/custom_interfaces/include/custom_interfaces/custom_interfaces/msg
[5.337s] -- Installing: /home/cagla/fd_ws/install/custom_interfaces/include/custom_interfaces/custom_interfaces/msg/rosidl_generator_c__visibility_control.h
[5.339s] -- Installing: /home/cagla/fd_ws/install/custom_interfaces/include/custom_interfaces/custom_interfaces/msg/target_cor.h
[5.339s] -- Installing: /home/cagla/fd_ws/install/custom_interfaces/include/custom_interfaces/custom_interfaces/msg/detail
[5.339s] -- Installing: /home/cagla/fd_ws/install/custom_interfaces/include/custom_interfaces/custom_interfaces/msg/detail/target_cor__type_support.h
[5.339s] -- Installing: /home/cagla/fd_ws/install/custom_interfaces/include/custom_interfaces/custom_interfaces/msg/detail/target_cor__struct.h
[5.340s] -- Installing: /home/cagla/fd_ws/install/custom_interfaces/include/custom_interfaces/custom_interfaces/msg/detail/target_cor__functions.c
[5.340s] -- Installing: /home/cagla/fd_ws/install/custom_interfaces/include/custom_interfaces/custom_interfaces/msg/detail/target_cor__functions.h
[5.340s] -- Installing: /home/cagla/fd_ws/install/custom_interfaces/share/custom_interfaces/environment/library_path.sh
[5.340s] -- Installing: /home/cagla/fd_ws/install/custom_interfaces/share/custom_interfaces/environment/library_path.dsv
[5.340s] -- Installing: /home/cagla/fd_ws/install/custom_interfaces/lib/libcustom_interfaces__rosidl_generator_c.so
[5.340s] -- Set runtime path of "/home/cagla/fd_ws/install/custom_interfaces/lib/libcustom_interfaces__rosidl_generator_c.so" to ""
[5.340s] -- Up-to-date: /home/cagla/fd_ws/install/custom_interfaces/include/custom_interfaces/custom_interfaces
[5.340s] -- Up-to-date: /home/cagla/fd_ws/install/custom_interfaces/include/custom_interfaces/custom_interfaces/msg
[5.340s] -- Installing: /home/cagla/fd_ws/install/custom_interfaces/include/custom_interfaces/custom_interfaces/msg/rosidl_typesupport_fastrtps_c__visibility_control.h
[5.341s] -- Up-to-date: /home/cagla/fd_ws/install/custom_interfaces/include/custom_interfaces/custom_interfaces/msg/detail
[5.341s] -- Installing: /home/cagla/fd_ws/install/custom_interfaces/include/custom_interfaces/custom_interfaces/msg/detail/target_cor__rosidl_typesupport_fastrtps_c.h
[5.341s] -- Installing: /home/cagla/fd_ws/install/custom_interfaces/lib/libcustom_interfaces__rosidl_typesupport_fastrtps_c.so
[5.341s] -- Set runtime path of "/home/cagla/fd_ws/install/custom_interfaces/lib/libcustom_interfaces__rosidl_typesupport_fastrtps_c.so" to ""
[5.341s] -- Up-to-date: /home/cagla/fd_ws/install/custom_interfaces/include/custom_interfaces/custom_interfaces
[5.341s] -- Up-to-date: /home/cagla/fd_ws/install/custom_interfaces/include/custom_interfaces/custom_interfaces/msg
[5.341s] -- Installing: /home/cagla/fd_ws/install/custom_interfaces/include/custom_interfaces/custom_interfaces/msg/target_cor.hpp
[5.341s] -- Up-to-date: /home/cagla/fd_ws/install/custom_interfaces/include/custom_interfaces/custom_interfaces/msg/detail
[5.341s] -- Installing: /home/cagla/fd_ws/install/custom_interfaces/include/custom_interfaces/custom_interfaces/msg/detail/target_cor__struct.hpp
[5.342s] -- Installing: /home/cagla/fd_ws/install/custom_interfaces/include/custom_interfaces/custom_interfaces/msg/detail/target_cor__traits.hpp
[5.342s] -- Installing: /home/cagla/fd_ws/install/custom_interfaces/include/custom_interfaces/custom_interfaces/msg/detail/target_cor__builder.hpp
[5.343s] -- Up-to-date: /home/cagla/fd_ws/install/custom_interfaces/include/custom_interfaces/custom_interfaces
[5.344s] -- Up-to-date: /home/cagla/fd_ws/install/custom_interfaces/include/custom_interfaces/custom_interfaces/msg
[5.344s] -- Installing: /home/cagla/fd_ws/install/custom_interfaces/include/custom_interfaces/custom_interfaces/msg/rosidl_typesupport_fastrtps_cpp__visibility_control.h
[5.344s] -- Up-to-date: /home/cagla/fd_ws/install/custom_interfaces/include/custom_interfaces/custom_interfaces/msg/detail
[5.344s] -- Installing: /home/cagla/fd_ws/install/custom_interfaces/include/custom_interfaces/custom_interfaces/msg/detail/dds_fastrtps
[5.344s] -- Installing: /home/cagla/fd_ws/install/custom_interfaces/include/custom_interfaces/custom_interfaces/msg/detail/target_cor__rosidl_typesupport_fastrtps_cpp.hpp
[5.344s] -- Installing: /home/cagla/fd_ws/install/custom_interfaces/lib/libcustom_interfaces__rosidl_typesupport_fastrtps_cpp.so
[5.345s] -- Set runtime path of "/home/cagla/fd_ws/install/custom_interfaces/lib/libcustom_interfaces__rosidl_typesupport_fastrtps_cpp.so" to ""
[5.345s] -- Up-to-date: /home/cagla/fd_ws/install/custom_interfaces/include/custom_interfaces/custom_interfaces
[5.345s] -- Up-to-date: /home/cagla/fd_ws/install/custom_interfaces/include/custom_interfaces/custom_interfaces/msg
[5.345s] -- Installing: /home/cagla/fd_ws/install/custom_interfaces/include/custom_interfaces/custom_interfaces/msg/rosidl_typesupport_introspection_c__visibility_control.h
[5.346s] -- Up-to-date: /home/cagla/fd_ws/install/custom_interfaces/include/custom_interfaces/custom_interfaces/msg/detail
[5.346s] -- Installing: /home/cagla/fd_ws/install/custom_interfaces/include/custom_interfaces/custom_interfaces/msg/detail/target_cor__type_support.c
[5.346s] -- Installing: /home/cagla/fd_ws/install/custom_interfaces/include/custom_interfaces/custom_interfaces/msg/detail/target_cor__rosidl_typesupport_introspection_c.h
[5.346s] -- Installing: /home/cagla/fd_ws/install/custom_interfaces/lib/libcustom_interfaces__rosidl_typesupport_introspection_c.so
[5.346s] -- Set runtime path of "/home/cagla/fd_ws/install/custom_interfaces/lib/libcustom_interfaces__rosidl_typesupport_introspection_c.so" to ""
[5.346s] -- Installing: /home/cagla/fd_ws/install/custom_interfaces/lib/libcustom_interfaces__rosidl_typesupport_c.so
[5.347s] -- Set runtime path of "/home/cagla/fd_ws/install/custom_interfaces/lib/libcustom_interfaces__rosidl_typesupport_c.so" to ""
[5.347s] -- Up-to-date: /home/cagla/fd_ws/install/custom_interfaces/include/custom_interfaces/custom_interfaces
[5.349s] -- Up-to-date: /home/cagla/fd_ws/install/custom_interfaces/include/custom_interfaces/custom_interfaces/msg
[5.349s] -- Up-to-date: /home/cagla/fd_ws/install/custom_interfaces/include/custom_interfaces/custom_interfaces/msg/detail
[5.349s] -- Installing: /home/cagla/fd_ws/install/custom_interfaces/include/custom_interfaces/custom_interfaces/msg/detail/target_cor__rosidl_typesupport_introspection_cpp.hpp
[5.349s] -- Installing: /home/cagla/fd_ws/install/custom_interfaces/include/custom_interfaces/custom_interfaces/msg/detail/target_cor__type_support.cpp
[5.349s] -- Installing: /home/cagla/fd_ws/install/custom_interfaces/lib/libcustom_interfaces__rosidl_typesupport_introspection_cpp.so
[5.349s] -- Set runtime path of "/home/cagla/fd_ws/install/custom_interfaces/lib/libcustom_interfaces__rosidl_typesupport_introspection_cpp.so" to ""
[5.349s] -- Installing: /home/cagla/fd_ws/install/custom_interfaces/lib/libcustom_interfaces__rosidl_typesupport_cpp.so
[5.349s] -- Set runtime path of "/home/cagla/fd_ws/install/custom_interfaces/lib/libcustom_interfaces__rosidl_typesupport_cpp.so" to ""
[5.349s] -- Installing: /home/cagla/fd_ws/install/custom_interfaces/share/custom_interfaces/environment/pythonpath.sh
[5.349s] -- Installing: /home/cagla/fd_ws/install/custom_interfaces/share/custom_interfaces/environment/pythonpath.dsv
[5.350s] -- Installing: /home/cagla/fd_ws/install/custom_interfaces/local/lib/python3.10/dist-packages/custom_interfaces-0.0.0-py3.10.egg-info
[5.350s] -- Installing: /home/cagla/fd_ws/install/custom_interfaces/local/lib/python3.10/dist-packages/custom_interfaces-0.0.0-py3.10.egg-info/PKG-INFO
[5.350s] -- Installing: /home/cagla/fd_ws/install/custom_interfaces/local/lib/python3.10/dist-packages/custom_interfaces-0.0.0-py3.10.egg-info/top_level.txt
[5.350s] -- Installing: /home/cagla/fd_ws/install/custom_interfaces/local/lib/python3.10/dist-packages/custom_interfaces-0.0.0-py3.10.egg-info/SOURCES.txt
[5.350s] -- Installing: /home/cagla/fd_ws/install/custom_interfaces/local/lib/python3.10/dist-packages/custom_interfaces-0.0.0-py3.10.egg-info/dependency_links.txt
[5.350s] -- Installing: /home/cagla/fd_ws/install/custom_interfaces/local/lib/python3.10/dist-packages/custom_interfaces
[5.350s] -- Installing: /home/cagla/fd_ws/install/custom_interfaces/local/lib/python3.10/dist-packages/custom_interfaces/_custom_interfaces_s.ep.rosidl_typesupport_fastrtps_c.c
[5.350s] -- Installing: /home/cagla/fd_ws/install/custom_interfaces/local/lib/python3.10/dist-packages/custom_interfaces/_custom_interfaces_s.ep.rosidl_typesupport_c.c
[5.350s] -- Installing: /home/cagla/fd_ws/install/custom_interfaces/local/lib/python3.10/dist-packages/custom_interfaces/_custom_interfaces_s.ep.rosidl_typesupport_introspection_c.c
[5.350s] -- Installing: /home/cagla/fd_ws/install/custom_interfaces/local/lib/python3.10/dist-packages/custom_interfaces/libcustom_interfaces__rosidl_generator_py.so
[5.350s] -- Installing: /home/cagla/fd_ws/install/custom_interfaces/local/lib/python3.10/dist-packages/custom_interfaces/msg
[5.350s] -- Installing: /home/cagla/fd_ws/install/custom_interfaces/local/lib/python3.10/dist-packages/custom_interfaces/msg/_target_cor.py
[5.350s] -- Installing: /home/cagla/fd_ws/install/custom_interfaces/local/lib/python3.10/dist-packages/custom_interfaces/msg/__init__.py
[5.350s] -- Installing: /home/cagla/fd_ws/install/custom_interfaces/local/lib/python3.10/dist-packages/custom_interfaces/msg/_target_cor_s.c
[5.351s] -- Installing: /home/cagla/fd_ws/install/custom_interfaces/local/lib/python3.10/dist-packages/custom_interfaces/custom_interfaces_s__rosidl_typesupport_fastrtps_c.cpython-310-x86_64-linux-gnu.so
[5.351s] -- Installing: /home/cagla/fd_ws/install/custom_interfaces/local/lib/python3.10/dist-packages/custom_interfaces/custom_interfaces_s__rosidl_typesupport_c.cpython-310-x86_64-linux-gnu.so
[5.351s] -- Installing: /home/cagla/fd_ws/install/custom_interfaces/local/lib/python3.10/dist-packages/custom_interfaces/custom_interfaces_s__rosidl_typesupport_introspection_c.cpython-310-x86_64-linux-gnu.so
[5.351s] -- Installing: /home/cagla/fd_ws/install/custom_interfaces/local/lib/python3.10/dist-packages/custom_interfaces/__init__.py
[5.392s] Listing '/home/cagla/fd_ws/install/custom_interfaces/local/lib/python3.10/dist-packages/custom_interfaces'...
[5.392s] Compiling '/home/cagla/fd_ws/install/custom_interfaces/local/lib/python3.10/dist-packages/custom_interfaces/__init__.py'...
[5.392s] Listing '/home/cagla/fd_ws/install/custom_interfaces/local/lib/python3.10/dist-packages/custom_interfaces/msg'...
[5.392s] Compiling '/home/cagla/fd_ws/install/custom_interfaces/local/lib/python3.10/dist-packages/custom_interfaces/msg/__init__.py'...
[5.392s] Compiling '/home/cagla/fd_ws/install/custom_interfaces/local/lib/python3.10/dist-packages/custom_interfaces/msg/_target_cor.py'...
[5.401s] -- Installing: /home/cagla/fd_ws/install/custom_interfaces/local/lib/python3.10/dist-packages/custom_interfaces/custom_interfaces_s__rosidl_typesupport_fastrtps_c.cpython-310-x86_64-linux-gnu.so
[5.402s] -- Set runtime path of "/home/cagla/fd_ws/install/custom_interfaces/local/lib/python3.10/dist-packages/custom_interfaces/custom_interfaces_s__rosidl_typesupport_fastrtps_c.cpython-310-x86_64-linux-gnu.so" to ""
[5.402s] -- Installing: /home/cagla/fd_ws/install/custom_interfaces/local/lib/python3.10/dist-packages/custom_interfaces/custom_interfaces_s__rosidl_typesupport_introspection_c.cpython-310-x86_64-linux-gnu.so
[5.402s] -- Set runtime path of "/home/cagla/fd_ws/install/custom_interfaces/local/lib/python3.10/dist-packages/custom_interfaces/custom_interfaces_s__rosidl_typesupport_introspection_c.cpython-310-x86_64-linux-gnu.so" to ""
[5.402s] -- Installing: /home/cagla/fd_ws/install/custom_interfaces/local/lib/python3.10/dist-packages/custom_interfaces/custom_interfaces_s__rosidl_typesupport_c.cpython-310-x86_64-linux-gnu.so
[5.402s] -- Set runtime path of "/home/cagla/fd_ws/install/custom_interfaces/local/lib/python3.10/dist-packages/custom_interfaces/custom_interfaces_s__rosidl_typesupport_c.cpython-310-x86_64-linux-gnu.so" to ""
[5.402s] -- Installing: /home/cagla/fd_ws/install/custom_interfaces/lib/libcustom_interfaces__rosidl_generator_py.so
[5.402s] -- Set runtime path of "/home/cagla/fd_ws/install/custom_interfaces/lib/libcustom_interfaces__rosidl_generator_py.so" to ""
[5.402s] -- Installing: /home/cagla/fd_ws/install/custom_interfaces/share/custom_interfaces/msg/TargetCor.idl
[5.402s] -- Installing: /home/cagla/fd_ws/install/custom_interfaces/share/custom_interfaces/msg/TargetCor.msg
[5.402s] -- Installing: /home/cagla/fd_ws/install/custom_interfaces/share/ament_index/resource_index/package_run_dependencies/custom_interfaces
[5.405s] -- Installing: /home/cagla/fd_ws/install/custom_interfaces/share/ament_index/resource_index/parent_prefix_path/custom_interfaces
[5.408s] -- Up-to-date: /home/cagla/fd_ws/install/custom_interfaces/share/custom_interfaces/environment/ament_prefix_path.sh
[5.408s] -- Installing: /home/cagla/fd_ws/install/custom_interfaces/share/custom_interfaces/environment/ament_prefix_path.dsv
[5.408s] -- Up-to-date: /home/cagla/fd_ws/install/custom_interfaces/share/custom_interfaces/environment/path.sh
[5.408s] -- Installing: /home/cagla/fd_ws/install/custom_interfaces/share/custom_interfaces/environment/path.dsv
[5.408s] -- Up-to-date: /home/cagla/fd_ws/install/custom_interfaces/share/custom_interfaces/local_setup.bash
[5.408s] -- Installing: /home/cagla/fd_ws/install/custom_interfaces/share/custom_interfaces/local_setup.sh
[5.408s] -- Up-to-date: /home/cagla/fd_ws/install/custom_interfaces/share/custom_interfaces/local_setup.zsh
[5.408s] -- Installing: /home/cagla/fd_ws/install/custom_interfaces/share/custom_interfaces/local_setup.dsv
[5.408s] -- Installing: /home/cagla/fd_ws/install/custom_interfaces/share/custom_interfaces/package.dsv
[5.408s] -- Up-to-date: /home/cagla/fd_ws/install/custom_interfaces/share/ament_index/resource_index/packages/custom_interfaces
[5.408s] -- Installing: /home/cagla/fd_ws/install/custom_interfaces/share/custom_interfaces/cmake/export_custom_interfaces__rosidl_generator_cExport.cmake
[5.408s] -- Installing: /home/cagla/fd_ws/install/custom_interfaces/share/custom_interfaces/cmake/export_custom_interfaces__rosidl_generator_cExport-noconfig.cmake
[5.408s] -- Installing: /home/cagla/fd_ws/install/custom_interfaces/share/custom_interfaces/cmake/export_custom_interfaces__rosidl_typesupport_fastrtps_cExport.cmake
[5.408s] -- Installing: /home/cagla/fd_ws/install/custom_interfaces/share/custom_interfaces/cmake/export_custom_interfaces__rosidl_typesupport_fastrtps_cExport-noconfig.cmake
[5.408s] -- Installing: /home/cagla/fd_ws/install/custom_interfaces/share/custom_interfaces/cmake/export_custom_interfaces__rosidl_generator_cppExport.cmake
[5.410s] -- Installing: /home/cagla/fd_ws/install/custom_interfaces/share/custom_interfaces/cmake/export_custom_interfaces__rosidl_typesupport_fastrtps_cppExport.cmake
[5.410s] -- Installing: /home/cagla/fd_ws/install/custom_interfaces/share/custom_interfaces/cmake/export_custom_interfaces__rosidl_typesupport_fastrtps_cppExport-noconfig.cmake
[5.410s] -- Installing: /home/cagla/fd_ws/install/custom_interfaces/share/custom_interfaces/cmake/custom_interfaces__rosidl_typesupport_introspection_cExport.cmake
[5.410s] -- Installing: /home/cagla/fd_ws/install/custom_interfaces/share/custom_interfaces/cmake/custom_interfaces__rosidl_typesupport_introspection_cExport-noconfig.cmake
[5.410s] -- Installing: /home/cagla/fd_ws/install/custom_interfaces/share/custom_interfaces/cmake/custom_interfaces__rosidl_typesupport_cExport.cmake
[5.410s] -- Installing: /home/cagla/fd_ws/install/custom_interfaces/share/custom_interfaces/cmake/custom_interfaces__rosidl_typesupport_cExport-noconfig.cmake
[5.410s] -- Installing: /home/cagla/fd_ws/install/custom_interfaces/share/custom_interfaces/cmake/custom_interfaces__rosidl_typesupport_introspection_cppExport.cmake
[5.410s] -- Installing: /home/cagla/fd_ws/install/custom_interfaces/share/custom_interfaces/cmake/custom_interfaces__rosidl_typesupport_introspection_cppExport-noconfig.cmake
[5.411s] -- Installing: /home/cagla/fd_ws/install/custom_interfaces/share/custom_interfaces/cmake/custom_interfaces__rosidl_typesupport_cppExport.cmake
[5.411s] -- Installing: /home/cagla/fd_ws/install/custom_interfaces/share/custom_interfaces/cmake/custom_interfaces__rosidl_typesupport_cppExport-noconfig.cmake
[5.411s] -- Installing: /home/cagla/fd_ws/install/custom_interfaces/share/custom_interfaces/cmake/export_custom_interfaces__rosidl_generator_pyExport.cmake
[5.411s] -- Installing: /home/cagla/fd_ws/install/custom_interfaces/share/custom_interfaces/cmake/export_custom_interfaces__rosidl_generator_pyExport-noconfig.cmake
[5.411s] -- Installing: /home/cagla/fd_ws/install/custom_interfaces/share/custom_interfaces/cmake/rosidl_cmake-extras.cmake
[5.411s] -- Installing: /home/cagla/fd_ws/install/custom_interfaces/share/custom_interfaces/cmake/ament_cmake_export_dependencies-extras.cmake
[5.411s] -- Installing: /home/cagla/fd_ws/install/custom_interfaces/share/custom_interfaces/cmake/ament_cmake_export_include_directories-extras.cmake
[5.411s] -- Installing: /home/cagla/fd_ws/install/custom_interfaces/share/custom_interfaces/cmake/ament_cmake_export_libraries-extras.cmake
[5.411s] -- Installing: /home/cagla/fd_ws/install/custom_interfaces/share/custom_interfaces/cmake/ament_cmake_export_targets-extras.cmake
[5.412s] -- Installing: /home/cagla/fd_ws/install/custom_interfaces/share/custom_interfaces/cmake/rosidl_cmake_export_typesupport_targets-extras.cmake
[5.412s] -- Installing: /home/cagla/fd_ws/install/custom_interfaces/share/custom_interfaces/cmake/rosidl_cmake_export_typesupport_libraries-extras.cmake
[5.412s] -- Installing: /home/cagla/fd_ws/install/custom_interfaces/share/custom_interfaces/cmake/custom_interfacesConfig.cmake
[5.412s] -- Up-to-date: /home/cagla/fd_ws/install/custom_interfaces/share/custom_interfaces/cmake/custom_interfacesConfig-version.cmake
[5.412s] -- Installing: /home/cagla/fd_ws/install/custom_interfaces/share/custom_interfaces/package.xml
[5.416s] Invoked command in '/home/cagla/fd_ws/build/custom_interfaces' returned '0': CMAKE_PREFIX_PATH=${CMAKE_PREFIX_PATH}:/home/cagla/fd_ws/install/srv_turtle:/home/cagla/ros2_ws/install/my_robot_controller:/opt/ros/humble /usr/bin/cmake --install /home/cagla/fd_ws/build/custom_interfaces
