[0.023s] Invoking command in '/home/cagla/sercli_ws/build/custom_interfaces': CMAKE_PREFIX_PATH=${CMAKE_PREFIX_PATH}:/home/cagla/sercli_ws/install/add_integers:/home/cagla/fd_ws/install/srv_turtle:/home/cagla/prj_ws/install/add_bool_turtlesim:/home/cagla/ros2_ws/install/my_robot_controller:/opt/ros/humble /usr/bin/cmake /home/cagla/sercli_ws/src/custom_interfaces -DCMAKE_INSTALL_PREFIX=/home/cagla/sercli_ws/install/custom_interfaces
[0.088s] -- The C compiler identification is GNU 11.4.0
[0.173s] -- The CXX compiler identification is GNU 11.4.0
[0.182s] -- Detecting C compiler ABI info
[0.269s] -- Detecting C compiler ABI info - done
[0.277s] -- Check for working C compiler: /usr/bin/cc - skipped
[0.277s] -- Detecting C compile features
[0.278s] -- Detecting C compile features - done
[0.280s] -- Detecting CXX compiler ABI info
[0.391s] -- Detecting CXX compiler ABI info - done
[0.399s] -- Check for working CXX compiler: /usr/bin/c++ - skipped
[0.399s] -- Detecting CXX compile features
[0.401s] -- Detecting CXX compile features - done
[0.406s] -- Found ament_cmake: 1.3.10 (/opt/ros/humble/share/ament_cmake/cmake)
[0.591s] -- Found Python3: /usr/bin/python3 (found version "3.10.12") found components: Interpreter 
[0.702s] -- Found rosidl_default_generators: 1.2.0 (/opt/ros/humble/share/rosidl_default_generators/cmake)
[0.709s] -- Using all available rosidl_typesupport_c: rosidl_typesupport_fastrtps_c;rosidl_typesupport_introspection_c
[0.721s] -- Found rosidl_adapter: 3.1.5 (/opt/ros/humble/share/rosidl_adapter/cmake)
[0.771s] -- Using all available rosidl_typesupport_cpp: rosidl_typesupport_fastrtps_cpp;rosidl_typesupport_introspection_cpp
[1.117s] -- Found ament_cmake_ros: 0.10.0 (/opt/ros/humble/share/ament_cmake_ros/cmake)
[1.329s] -- Using all available rosidl_typesupport_c: rosidl_typesupport_fastrtps_c;rosidl_typesupport_introspection_c
[1.622s] -- Using all available rosidl_typesupport_cpp: rosidl_typesupport_fastrtps_cpp;rosidl_typesupport_introspection_cpp
[1.649s] -- Found PythonInterp: /usr/bin/python3 (found suitable version "3.10.12", minimum required is "3.6") 
[1.651s] -- Found python_cmake_module: 0.10.0 (/opt/ros/humble/share/python_cmake_module/cmake)
[1.681s] -- Found PythonLibs: /usr/lib/x86_64-linux-gnu/libpython3.10.so (found suitable version "3.10.12", minimum required is "3.5") 
[1.682s] -- Using PYTHON_EXECUTABLE: /usr/bin/python3
[1.682s] -- Using PYTHON_INCLUDE_DIRS: /usr/include/python3.10
[1.682s] -- Using PYTHON_LIBRARIES: /usr/lib/x86_64-linux-gnu/libpython3.10.so
[1.708s] -- Found PythonExtra: .so  
[1.750s] -- Found ament_lint_auto: 0.12.11 (/opt/ros/humble/share/ament_lint_auto/cmake)
[1.768s] -- Added test 'lint_cmake' to check CMake code style
[1.769s] -- Added test 'xmllint' to check XML markup files
[1.771s] -- Configuring done
[1.799s] -- Generating done
[1.799s] -- Build files have been written to: /home/cagla/sercli_ws/build/custom_interfaces
[1.810s] Invoked command in '/home/cagla/sercli_ws/build/custom_interfaces' returned '0': CMAKE_PREFIX_PATH=${CMAKE_PREFIX_PATH}:/home/cagla/sercli_ws/install/add_integers:/home/cagla/fd_ws/install/srv_turtle:/home/cagla/prj_ws/install/add_bool_turtlesim:/home/cagla/ros2_ws/install/my_robot_controller:/opt/ros/humble /usr/bin/cmake /home/cagla/sercli_ws/src/custom_interfaces -DCMAKE_INSTALL_PREFIX=/home/cagla/sercli_ws/install/custom_interfaces
[1.811s] Invoking command in '/home/cagla/sercli_ws/build/custom_interfaces': CMAKE_PREFIX_PATH=${CMAKE_PREFIX_PATH}:/home/cagla/sercli_ws/install/add_integers:/home/cagla/fd_ws/install/srv_turtle:/home/cagla/prj_ws/install/add_bool_turtlesim:/home/cagla/ros2_ws/install/my_robot_controller:/opt/ros/humble /usr/bin/cmake --build /home/cagla/sercli_ws/build/custom_interfaces -- -j2 -l2
[1.855s] [  3%] [34m[1mGenerating C code for ROS interfaces[0m
[1.873s] [  6%] [34m[1mGenerating C++ code for ROS interfaces[0m
[2.224s] [  6%] Built target custom_interfaces__cpp
[2.245s] [  9%] [32mBuilding C object CMakeFiles/custom_interfaces__rosidl_generator_c.dir/rosidl_generator_c/custom_interfaces/srv/detail/add_two_ints__functions.c.o[0m
[2.261s] [  9%] Built target ament_cmake_python_copy_custom_interfaces
[2.272s] [ 12%] [34m[1mGenerating C++ type support for eProsima Fast-RTPS[0m
[2.307s] [ 16%] [32m[1mLinking C shared library libcustom_interfaces__rosidl_generator_c.so[0m
[2.357s] [ 16%] Built target custom_interfaces__rosidl_generator_c
[2.382s] [ 19%] [34m[1mGenerating C++ introspection for ROS interfaces[0m
[2.649s] [ 22%] [32mBuilding CXX object CMakeFiles/custom_interfaces__rosidl_typesupport_fastrtps_cpp.dir/rosidl_typesupport_fastrtps_cpp/custom_interfaces/srv/detail/dds_fastrtps/add_two_ints__type_support.cpp.o[0m
[2.779s] [ 25%] [32mBuilding CXX object CMakeFiles/custom_interfaces__rosidl_typesupport_introspection_cpp.dir/rosidl_typesupport_introspection_cpp/custom_interfaces/srv/detail/add_two_ints__type_support.cpp.o[0m
[3.534s] [ 29%] [32m[1mLinking CXX shared library libcustom_interfaces__rosidl_typesupport_fastrtps_cpp.so[0m
[3.707s] [ 29%] Built target custom_interfaces__rosidl_typesupport_fastrtps_cpp
[3.726s] [ 32%] [34m[1mGenerating C++ type support dispatch for ROS interfaces[0m
[3.748s] [ 35%] [32m[1mLinking CXX shared library libcustom_interfaces__rosidl_typesupport_introspection_cpp.so[0m
[3.895s] [ 35%] Built target custom_interfaces__rosidl_typesupport_introspection_cpp
[3.928s] [ 38%] [34m[1mGenerating C type support for eProsima Fast-RTPS[0m
[4.132s] [ 41%] [32mBuilding CXX object CMakeFiles/custom_interfaces__rosidl_typesupport_cpp.dir/rosidl_typesupport_cpp/custom_interfaces/srv/add_two_ints__type_support.cpp.o[0m
[4.546s] [ 45%] [32mBuilding CXX object CMakeFiles/custom_interfaces__rosidl_typesupport_fastrtps_c.dir/rosidl_typesupport_fastrtps_c/custom_interfaces/srv/detail/add_two_ints__type_support_c.cpp.o[0m
[4.735s] [ 48%] [32m[1mLinking CXX shared library libcustom_interfaces__rosidl_typesupport_cpp.so[0m
[4.841s] [ 48%] Built target custom_interfaces__rosidl_typesupport_cpp
[4.864s] [ 51%] [34m[1mGenerating C introspection for ROS interfaces[0m
[5.222s] [ 54%] [32m[1mLinking CXX shared library libcustom_interfaces__rosidl_typesupport_fastrtps_c.so[0m
[5.331s] [ 54%] Built target custom_interfaces__rosidl_typesupport_fastrtps_c
[5.344s] [ 58%] [34m[1mGenerating C type support dispatch for ROS interfaces[0m
[5.350s] [ 61%] [32mBuilding C object CMakeFiles/custom_interfaces__rosidl_typesupport_introspection_c.dir/rosidl_typesupport_introspection_c/custom_interfaces/srv/detail/add_two_ints__type_support.c.o[0m
[5.385s] [ 64%] [32m[1mLinking C shared library libcustom_interfaces__rosidl_typesupport_introspection_c.so[0m
[5.427s] [ 64%] Built target custom_interfaces__rosidl_typesupport_introspection_c
[5.630s] [ 67%] [32mBuilding CXX object CMakeFiles/custom_interfaces__rosidl_typesupport_c.dir/rosidl_typesupport_c/custom_interfaces/srv/add_two_ints__type_support.cpp.o[0m
[5.662s] [ 70%] [32m[1mLinking CXX shared library libcustom_interfaces__rosidl_typesupport_c.so[0m
[5.712s] [ 70%] Built target custom_interfaces__rosidl_typesupport_c
[5.743s] [ 70%] Built target custom_interfaces
[5.765s] running egg_info
[5.766s] creating custom_interfaces.egg-info
[5.767s] writing custom_interfaces.egg-info/PKG-INFO
[5.767s] [ 74%] [34m[1mGenerating Python code for ROS interfaces[0m
[5.768s] writing dependency_links to custom_interfaces.egg-info/dependency_links.txt
[5.768s] writing top-level names to custom_interfaces.egg-info/top_level.txt
[5.769s] writing manifest file 'custom_interfaces.egg-info/SOURCES.txt'
[5.774s] reading manifest file 'custom_interfaces.egg-info/SOURCES.txt'
[5.776s] writing manifest file 'custom_interfaces.egg-info/SOURCES.txt'
[5.820s] [ 74%] Built target ament_cmake_python_build_custom_interfaces_egg
[6.152s] [ 74%] Built target custom_interfaces__py
[6.176s] [ 77%] [32mBuilding C object CMakeFiles/custom_interfaces__rosidl_generator_py.dir/rosidl_generator_py/custom_interfaces/srv/_add_two_ints_s.c.o[0m
[6.281s] [ 80%] [32m[1mLinking C shared library rosidl_generator_py/custom_interfaces/libcustom_interfaces__rosidl_generator_py.so[0m
[6.337s] [ 80%] Built target custom_interfaces__rosidl_generator_py
[6.365s] [ 83%] [32mBuilding C object CMakeFiles/custom_interfaces__rosidl_typesupport_fastrtps_c__pyext.dir/rosidl_generator_py/custom_interfaces/_custom_interfaces_s.ep.rosidl_typesupport_fastrtps_c.c.o[0m
[6.369s] [ 87%] [32mBuilding C object CMakeFiles/custom_interfaces__rosidl_typesupport_introspection_c__pyext.dir/rosidl_generator_py/custom_interfaces/_custom_interfaces_s.ep.rosidl_typesupport_introspection_c.c.o[0m
[6.464s] [ 90%] [32m[1mLinking C shared library rosidl_generator_py/custom_interfaces/custom_interfaces_s__rosidl_typesupport_fastrtps_c.cpython-310-x86_64-linux-gnu.so[0m
[6.473s] [ 93%] [32m[1mLinking C shared library rosidl_generator_py/custom_interfaces/custom_interfaces_s__rosidl_typesupport_introspection_c.cpython-310-x86_64-linux-gnu.so[0m
[6.510s] [ 93%] Built target custom_interfaces__rosidl_typesupport_fastrtps_c__pyext
[6.516s] [ 93%] Built target custom_interfaces__rosidl_typesupport_introspection_c__pyext
[6.543s] [ 96%] [32mBuilding C object CMakeFiles/custom_interfaces__rosidl_typesupport_c__pyext.dir/rosidl_generator_py/custom_interfaces/_custom_interfaces_s.ep.rosidl_typesupport_c.c.o[0m
[6.637s] [100%] [32m[1mLinking C shared library rosidl_generator_py/custom_interfaces/custom_interfaces_s__rosidl_typesupport_c.cpython-310-x86_64-linux-gnu.so[0m
[6.678s] [100%] Built target custom_interfaces__rosidl_typesupport_c__pyext
[6.695s] Invoked command in '/home/cagla/sercli_ws/build/custom_interfaces' returned '0': CMAKE_PREFIX_PATH=${CMAKE_PREFIX_PATH}:/home/cagla/sercli_ws/install/add_integers:/home/cagla/fd_ws/install/srv_turtle:/home/cagla/prj_ws/install/add_bool_turtlesim:/home/cagla/ros2_ws/install/my_robot_controller:/opt/ros/humble /usr/bin/cmake --build /home/cagla/sercli_ws/build/custom_interfaces -- -j2 -l2
[6.779s] Invoking command in '/home/cagla/sercli_ws/build/custom_interfaces': CMAKE_PREFIX_PATH=${CMAKE_PREFIX_PATH}:/home/cagla/sercli_ws/install/add_integers:/home/cagla/fd_ws/install/srv_turtle:/home/cagla/prj_ws/install/add_bool_turtlesim:/home/cagla/ros2_ws/install/my_robot_controller:/opt/ros/humble /usr/bin/cmake --install /home/cagla/sercli_ws/build/custom_interfaces
[6.790s] -- Install configuration: ""
[6.790s] -- Installing: /home/cagla/sercli_ws/install/custom_interfaces/share/ament_index/resource_index/rosidl_interfaces/custom_interfaces
[6.790s] -- Installing: /home/cagla/sercli_ws/install/custom_interfaces/include/custom_interfaces/custom_interfaces
[6.791s] -- Installing: /home/cagla/sercli_ws/install/custom_interfaces/include/custom_interfaces/custom_interfaces/msg
[6.792s] -- Installing: /home/cagla/sercli_ws/install/custom_interfaces/include/custom_interfaces/custom_interfaces/msg/rosidl_generator_c__visibility_control.h
[6.792s] -- Installing: /home/cagla/sercli_ws/install/custom_interfaces/include/custom_interfaces/custom_interfaces/srv
[6.792s] -- Installing: /home/cagla/sercli_ws/install/custom_interfaces/include/custom_interfaces/custom_interfaces/srv/add_two_ints.h
[6.792s] -- Installing: /home/cagla/sercli_ws/install/custom_interfaces/include/custom_interfaces/custom_interfaces/srv/detail
[6.792s] -- Installing: /home/cagla/sercli_ws/install/custom_interfaces/include/custom_interfaces/custom_interfaces/srv/detail/add_two_ints__functions.c
[6.792s] -- Installing: /home/cagla/sercli_ws/install/custom_interfaces/include/custom_interfaces/custom_interfaces/srv/detail/add_two_ints__functions.h
[6.792s] -- Installing: /home/cagla/sercli_ws/install/custom_interfaces/include/custom_interfaces/custom_interfaces/srv/detail/add_two_ints__struct.h
[6.792s] -- Installing: /home/cagla/sercli_ws/install/custom_interfaces/include/custom_interfaces/custom_interfaces/srv/detail/add_two_ints__type_support.h
[6.792s] -- Installing: /home/cagla/sercli_ws/install/custom_interfaces/share/custom_interfaces/environment/library_path.sh
[6.792s] -- Installing: /home/cagla/sercli_ws/install/custom_interfaces/share/custom_interfaces/environment/library_path.dsv
[6.792s] -- Installing: /home/cagla/sercli_ws/install/custom_interfaces/lib/libcustom_interfaces__rosidl_generator_c.so
[6.792s] -- Set runtime path of "/home/cagla/sercli_ws/install/custom_interfaces/lib/libcustom_interfaces__rosidl_generator_c.so" to ""
[6.793s] -- Up-to-date: /home/cagla/sercli_ws/install/custom_interfaces/include/custom_interfaces/custom_interfaces
[6.793s] -- Up-to-date: /home/cagla/sercli_ws/install/custom_interfaces/include/custom_interfaces/custom_interfaces/msg
[6.793s] -- Installing: /home/cagla/sercli_ws/install/custom_interfaces/include/custom_interfaces/custom_interfaces/msg/rosidl_typesupport_fastrtps_c__visibility_control.h
[6.793s] -- Up-to-date: /home/cagla/sercli_ws/install/custom_interfaces/include/custom_interfaces/custom_interfaces/srv
[6.797s] -- Up-to-date: /home/cagla/sercli_ws/install/custom_interfaces/include/custom_interfaces/custom_interfaces/srv/detail
[6.797s] -- Installing: /home/cagla/sercli_ws/install/custom_interfaces/include/custom_interfaces/custom_interfaces/srv/detail/add_two_ints__rosidl_typesupport_fastrtps_c.h
[6.797s] -- Installing: /home/cagla/sercli_ws/install/custom_interfaces/lib/libcustom_interfaces__rosidl_typesupport_fastrtps_c.so
[6.797s] -- Set runtime path of "/home/cagla/sercli_ws/install/custom_interfaces/lib/libcustom_interfaces__rosidl_typesupport_fastrtps_c.so" to ""
[6.797s] -- Up-to-date: /home/cagla/sercli_ws/install/custom_interfaces/include/custom_interfaces/custom_interfaces
[6.797s] -- Up-to-date: /home/cagla/sercli_ws/install/custom_interfaces/include/custom_interfaces/custom_interfaces/msg
[6.797s] -- Installing: /home/cagla/sercli_ws/install/custom_interfaces/include/custom_interfaces/custom_interfaces/msg/rosidl_typesupport_introspection_c__visibility_control.h
[6.797s] -- Up-to-date: /home/cagla/sercli_ws/install/custom_interfaces/include/custom_interfaces/custom_interfaces/srv
[6.797s] -- Up-to-date: /home/cagla/sercli_ws/install/custom_interfaces/include/custom_interfaces/custom_interfaces/srv/detail
[6.797s] -- Installing: /home/cagla/sercli_ws/install/custom_interfaces/include/custom_interfaces/custom_interfaces/srv/detail/add_two_ints__rosidl_typesupport_introspection_c.h
[6.797s] -- Installing: /home/cagla/sercli_ws/install/custom_interfaces/include/custom_interfaces/custom_interfaces/srv/detail/add_two_ints__type_support.c
[6.798s] -- Installing: /home/cagla/sercli_ws/install/custom_interfaces/lib/libcustom_interfaces__rosidl_typesupport_introspection_c.so
[6.798s] -- Set runtime path of "/home/cagla/sercli_ws/install/custom_interfaces/lib/libcustom_interfaces__rosidl_typesupport_introspection_c.so" to ""
[6.798s] -- Installing: /home/cagla/sercli_ws/install/custom_interfaces/lib/libcustom_interfaces__rosidl_typesupport_c.so
[6.798s] -- Set runtime path of "/home/cagla/sercli_ws/install/custom_interfaces/lib/libcustom_interfaces__rosidl_typesupport_c.so" to ""
[6.798s] -- Up-to-date: /home/cagla/sercli_ws/install/custom_interfaces/include/custom_interfaces/custom_interfaces
[6.798s] -- Up-to-date: /home/cagla/sercli_ws/install/custom_interfaces/include/custom_interfaces/custom_interfaces/srv
[6.800s] -- Installing: /home/cagla/sercli_ws/install/custom_interfaces/include/custom_interfaces/custom_interfaces/srv/add_two_ints.hpp
[6.800s] -- Up-to-date: /home/cagla/sercli_ws/install/custom_interfaces/include/custom_interfaces/custom_interfaces/srv/detail
[6.800s] -- Installing: /home/cagla/sercli_ws/install/custom_interfaces/include/custom_interfaces/custom_interfaces/srv/detail/add_two_ints__traits.hpp
[6.800s] -- Installing: /home/cagla/sercli_ws/install/custom_interfaces/include/custom_interfaces/custom_interfaces/srv/detail/add_two_ints__struct.hpp
[6.800s] -- Installing: /home/cagla/sercli_ws/install/custom_interfaces/include/custom_interfaces/custom_interfaces/srv/detail/add_two_ints__builder.hpp
[6.800s] -- Up-to-date: /home/cagla/sercli_ws/install/custom_interfaces/include/custom_interfaces/custom_interfaces
[6.800s] -- Up-to-date: /home/cagla/sercli_ws/install/custom_interfaces/include/custom_interfaces/custom_interfaces/msg
[6.800s] -- Installing: /home/cagla/sercli_ws/install/custom_interfaces/include/custom_interfaces/custom_interfaces/msg/rosidl_typesupport_fastrtps_cpp__visibility_control.h
[6.800s] -- Up-to-date: /home/cagla/sercli_ws/install/custom_interfaces/include/custom_interfaces/custom_interfaces/srv
[6.800s] -- Up-to-date: /home/cagla/sercli_ws/install/custom_interfaces/include/custom_interfaces/custom_interfaces/srv/detail
[6.800s] -- Installing: /home/cagla/sercli_ws/install/custom_interfaces/include/custom_interfaces/custom_interfaces/srv/detail/dds_fastrtps
[6.800s] -- Installing: /home/cagla/sercli_ws/install/custom_interfaces/include/custom_interfaces/custom_interfaces/srv/detail/add_two_ints__rosidl_typesupport_fastrtps_cpp.hpp
[6.800s] -- Installing: /home/cagla/sercli_ws/install/custom_interfaces/lib/libcustom_interfaces__rosidl_typesupport_fastrtps_cpp.so
[6.800s] -- Set runtime path of "/home/cagla/sercli_ws/install/custom_interfaces/lib/libcustom_interfaces__rosidl_typesupport_fastrtps_cpp.so" to ""
[6.800s] -- Up-to-date: /home/cagla/sercli_ws/install/custom_interfaces/include/custom_interfaces/custom_interfaces
[6.801s] -- Up-to-date: /home/cagla/sercli_ws/install/custom_interfaces/include/custom_interfaces/custom_interfaces/srv
[6.801s] -- Up-to-date: /home/cagla/sercli_ws/install/custom_interfaces/include/custom_interfaces/custom_interfaces/srv/detail
[6.801s] -- Installing: /home/cagla/sercli_ws/install/custom_interfaces/include/custom_interfaces/custom_interfaces/srv/detail/add_two_ints__type_support.cpp
[6.801s] -- Installing: /home/cagla/sercli_ws/install/custom_interfaces/include/custom_interfaces/custom_interfaces/srv/detail/add_two_ints__rosidl_typesupport_introspection_cpp.hpp
[6.801s] -- Installing: /home/cagla/sercli_ws/install/custom_interfaces/lib/libcustom_interfaces__rosidl_typesupport_introspection_cpp.so
[6.801s] -- Set runtime path of "/home/cagla/sercli_ws/install/custom_interfaces/lib/libcustom_interfaces__rosidl_typesupport_introspection_cpp.so" to ""
[6.801s] -- Installing: /home/cagla/sercli_ws/install/custom_interfaces/lib/libcustom_interfaces__rosidl_typesupport_cpp.so
[6.801s] -- Set runtime path of "/home/cagla/sercli_ws/install/custom_interfaces/lib/libcustom_interfaces__rosidl_typesupport_cpp.so" to ""
[6.801s] -- Installing: /home/cagla/sercli_ws/install/custom_interfaces/share/custom_interfaces/environment/pythonpath.sh
[6.801s] -- Installing: /home/cagla/sercli_ws/install/custom_interfaces/share/custom_interfaces/environment/pythonpath.dsv
[6.801s] -- Installing: /home/cagla/sercli_ws/install/custom_interfaces/local/lib/python3.10/dist-packages/custom_interfaces-0.0.0-py3.10.egg-info
[6.801s] -- Installing: /home/cagla/sercli_ws/install/custom_interfaces/local/lib/python3.10/dist-packages/custom_interfaces-0.0.0-py3.10.egg-info/PKG-INFO
[6.801s] -- Installing: /home/cagla/sercli_ws/install/custom_interfaces/local/lib/python3.10/dist-packages/custom_interfaces-0.0.0-py3.10.egg-info/top_level.txt
[6.801s] -- Installing: /home/cagla/sercli_ws/install/custom_interfaces/local/lib/python3.10/dist-packages/custom_interfaces-0.0.0-py3.10.egg-info/SOURCES.txt
[6.801s] -- Installing: /home/cagla/sercli_ws/install/custom_interfaces/local/lib/python3.10/dist-packages/custom_interfaces-0.0.0-py3.10.egg-info/dependency_links.txt
[6.801s] -- Installing: /home/cagla/sercli_ws/install/custom_interfaces/local/lib/python3.10/dist-packages/custom_interfaces
[6.801s] -- Installing: /home/cagla/sercli_ws/install/custom_interfaces/local/lib/python3.10/dist-packages/custom_interfaces/_custom_interfaces_s.ep.rosidl_typesupport_fastrtps_c.c
[6.801s] -- Installing: /home/cagla/sercli_ws/install/custom_interfaces/local/lib/python3.10/dist-packages/custom_interfaces/_custom_interfaces_s.ep.rosidl_typesupport_c.c
[6.801s] -- Installing: /home/cagla/sercli_ws/install/custom_interfaces/local/lib/python3.10/dist-packages/custom_interfaces/_custom_interfaces_s.ep.rosidl_typesupport_introspection_c.c
[6.801s] -- Installing: /home/cagla/sercli_ws/install/custom_interfaces/local/lib/python3.10/dist-packages/custom_interfaces/libcustom_interfaces__rosidl_generator_py.so
[6.802s] -- Installing: /home/cagla/sercli_ws/install/custom_interfaces/local/lib/python3.10/dist-packages/custom_interfaces/custom_interfaces_s__rosidl_typesupport_fastrtps_c.cpython-310-x86_64-linux-gnu.so
[6.802s] -- Installing: /home/cagla/sercli_ws/install/custom_interfaces/local/lib/python3.10/dist-packages/custom_interfaces/custom_interfaces_s__rosidl_typesupport_c.cpython-310-x86_64-linux-gnu.so
[6.802s] -- Installing: /home/cagla/sercli_ws/install/custom_interfaces/local/lib/python3.10/dist-packages/custom_interfaces/custom_interfaces_s__rosidl_typesupport_introspection_c.cpython-310-x86_64-linux-gnu.so
[6.802s] -- Installing: /home/cagla/sercli_ws/install/custom_interfaces/local/lib/python3.10/dist-packages/custom_interfaces/srv
[6.802s] -- Installing: /home/cagla/sercli_ws/install/custom_interfaces/local/lib/python3.10/dist-packages/custom_interfaces/srv/_add_two_ints.py
[6.802s] -- Installing: /home/cagla/sercli_ws/install/custom_interfaces/local/lib/python3.10/dist-packages/custom_interfaces/srv/__init__.py
[6.802s] -- Installing: /home/cagla/sercli_ws/install/custom_interfaces/local/lib/python3.10/dist-packages/custom_interfaces/srv/_add_two_ints_s.c
[6.802s] -- Installing: /home/cagla/sercli_ws/install/custom_interfaces/local/lib/python3.10/dist-packages/custom_interfaces/__init__.py
[6.840s] Listing '/home/cagla/sercli_ws/install/custom_interfaces/local/lib/python3.10/dist-packages/custom_interfaces'...
[6.840s] Compiling '/home/cagla/sercli_ws/install/custom_interfaces/local/lib/python3.10/dist-packages/custom_interfaces/__init__.py'...
[6.840s] Listing '/home/cagla/sercli_ws/install/custom_interfaces/local/lib/python3.10/dist-packages/custom_interfaces/srv'...
[6.840s] Compiling '/home/cagla/sercli_ws/install/custom_interfaces/local/lib/python3.10/dist-packages/custom_interfaces/srv/__init__.py'...
[6.840s] Compiling '/home/cagla/sercli_ws/install/custom_interfaces/local/lib/python3.10/dist-packages/custom_interfaces/srv/_add_two_ints.py'...
[6.844s] -- Installing: /home/cagla/sercli_ws/install/custom_interfaces/local/lib/python3.10/dist-packages/custom_interfaces/custom_interfaces_s__rosidl_typesupport_fastrtps_c.cpython-310-x86_64-linux-gnu.so
[6.845s] -- Set runtime path of "/home/cagla/sercli_ws/install/custom_interfaces/local/lib/python3.10/dist-packages/custom_interfaces/custom_interfaces_s__rosidl_typesupport_fastrtps_c.cpython-310-x86_64-linux-gnu.so" to ""
[6.845s] -- Installing: /home/cagla/sercli_ws/install/custom_interfaces/local/lib/python3.10/dist-packages/custom_interfaces/custom_interfaces_s__rosidl_typesupport_introspection_c.cpython-310-x86_64-linux-gnu.so
[6.845s] -- Set runtime path of "/home/cagla/sercli_ws/install/custom_interfaces/local/lib/python3.10/dist-packages/custom_interfaces/custom_interfaces_s__rosidl_typesupport_introspection_c.cpython-310-x86_64-linux-gnu.so" to ""
[6.845s] -- Installing: /home/cagla/sercli_ws/install/custom_interfaces/local/lib/python3.10/dist-packages/custom_interfaces/custom_interfaces_s__rosidl_typesupport_c.cpython-310-x86_64-linux-gnu.so
[6.846s] -- Set runtime path of "/home/cagla/sercli_ws/install/custom_interfaces/local/lib/python3.10/dist-packages/custom_interfaces/custom_interfaces_s__rosidl_typesupport_c.cpython-310-x86_64-linux-gnu.so" to ""
[6.846s] -- Installing: /home/cagla/sercli_ws/install/custom_interfaces/lib/libcustom_interfaces__rosidl_generator_py.so
[6.846s] -- Set runtime path of "/home/cagla/sercli_ws/install/custom_interfaces/lib/libcustom_interfaces__rosidl_generator_py.so" to ""
[6.846s] -- Installing: /home/cagla/sercli_ws/install/custom_interfaces/share/custom_interfaces/srv/AddTwoInts.idl
[6.847s] -- Installing: /home/cagla/sercli_ws/install/custom_interfaces/share/custom_interfaces/srv/AddTwoInts.srv
[6.847s] -- Installing: /home/cagla/sercli_ws/install/custom_interfaces/share/custom_interfaces/srv/AddTwoInts_Request.msg
[6.847s] -- Installing: /home/cagla/sercli_ws/install/custom_interfaces/share/custom_interfaces/srv/AddTwoInts_Response.msg
[6.847s] -- Installing: /home/cagla/sercli_ws/install/custom_interfaces/share/ament_index/resource_index/package_run_dependencies/custom_interfaces
[6.847s] -- Installing: /home/cagla/sercli_ws/install/custom_interfaces/share/ament_index/resource_index/parent_prefix_path/custom_interfaces
[6.848s] -- Installing: /home/cagla/sercli_ws/install/custom_interfaces/share/custom_interfaces/environment/ament_prefix_path.sh
[6.848s] -- Installing: /home/cagla/sercli_ws/install/custom_interfaces/share/custom_interfaces/environment/ament_prefix_path.dsv
[6.848s] -- Installing: /home/cagla/sercli_ws/install/custom_interfaces/share/custom_interfaces/environment/path.sh
[6.848s] -- Installing: /home/cagla/sercli_ws/install/custom_interfaces/share/custom_interfaces/environment/path.dsv
[6.848s] -- Installing: /home/cagla/sercli_ws/install/custom_interfaces/share/custom_interfaces/local_setup.bash
[6.848s] -- Installing: /home/cagla/sercli_ws/install/custom_interfaces/share/custom_interfaces/local_setup.sh
[6.848s] -- Installing: /home/cagla/sercli_ws/install/custom_interfaces/share/custom_interfaces/local_setup.zsh
[6.850s] -- Installing: /home/cagla/sercli_ws/install/custom_interfaces/share/custom_interfaces/local_setup.dsv
[6.850s] -- Installing: /home/cagla/sercli_ws/install/custom_interfaces/share/custom_interfaces/package.dsv
[6.850s] -- Installing: /home/cagla/sercli_ws/install/custom_interfaces/share/ament_index/resource_index/packages/custom_interfaces
[6.850s] -- Installing: /home/cagla/sercli_ws/install/custom_interfaces/share/custom_interfaces/cmake/export_custom_interfaces__rosidl_generator_cExport.cmake
[6.850s] -- Installing: /home/cagla/sercli_ws/install/custom_interfaces/share/custom_interfaces/cmake/export_custom_interfaces__rosidl_generator_cExport-noconfig.cmake
[6.850s] -- Installing: /home/cagla/sercli_ws/install/custom_interfaces/share/custom_interfaces/cmake/export_custom_interfaces__rosidl_typesupport_fastrtps_cExport.cmake
[6.850s] -- Installing: /home/cagla/sercli_ws/install/custom_interfaces/share/custom_interfaces/cmake/export_custom_interfaces__rosidl_typesupport_fastrtps_cExport-noconfig.cmake
[6.850s] -- Installing: /home/cagla/sercli_ws/install/custom_interfaces/share/custom_interfaces/cmake/custom_interfaces__rosidl_typesupport_introspection_cExport.cmake
[6.850s] -- Installing: /home/cagla/sercli_ws/install/custom_interfaces/share/custom_interfaces/cmake/custom_interfaces__rosidl_typesupport_introspection_cExport-noconfig.cmake
[6.850s] -- Installing: /home/cagla/sercli_ws/install/custom_interfaces/share/custom_interfaces/cmake/custom_interfaces__rosidl_typesupport_cExport.cmake
[6.850s] -- Installing: /home/cagla/sercli_ws/install/custom_interfaces/share/custom_interfaces/cmake/custom_interfaces__rosidl_typesupport_cExport-noconfig.cmake
[6.850s] -- Installing: /home/cagla/sercli_ws/install/custom_interfaces/share/custom_interfaces/cmake/export_custom_interfaces__rosidl_generator_cppExport.cmake
[6.851s] -- Installing: /home/cagla/sercli_ws/install/custom_interfaces/share/custom_interfaces/cmake/export_custom_interfaces__rosidl_typesupport_fastrtps_cppExport.cmake
[6.851s] -- Installing: /home/cagla/sercli_ws/install/custom_interfaces/share/custom_interfaces/cmake/export_custom_interfaces__rosidl_typesupport_fastrtps_cppExport-noconfig.cmake
[6.851s] -- Installing: /home/cagla/sercli_ws/install/custom_interfaces/share/custom_interfaces/cmake/custom_interfaces__rosidl_typesupport_introspection_cppExport.cmake
[6.851s] -- Installing: /home/cagla/sercli_ws/install/custom_interfaces/share/custom_interfaces/cmake/custom_interfaces__rosidl_typesupport_introspection_cppExport-noconfig.cmake
[6.853s] -- Installing: /home/cagla/sercli_ws/install/custom_interfaces/share/custom_interfaces/cmake/custom_interfaces__rosidl_typesupport_cppExport.cmake
[6.853s] -- Installing: /home/cagla/sercli_ws/install/custom_interfaces/share/custom_interfaces/cmake/custom_interfaces__rosidl_typesupport_cppExport-noconfig.cmake
[6.853s] -- Installing: /home/cagla/sercli_ws/install/custom_interfaces/share/custom_interfaces/cmake/export_custom_interfaces__rosidl_generator_pyExport.cmake
[6.853s] -- Installing: /home/cagla/sercli_ws/install/custom_interfaces/share/custom_interfaces/cmake/export_custom_interfaces__rosidl_generator_pyExport-noconfig.cmake
[6.853s] -- Installing: /home/cagla/sercli_ws/install/custom_interfaces/share/custom_interfaces/cmake/rosidl_cmake-extras.cmake
[6.853s] -- Installing: /home/cagla/sercli_ws/install/custom_interfaces/share/custom_interfaces/cmake/ament_cmake_export_include_directories-extras.cmake
[6.853s] -- Installing: /home/cagla/sercli_ws/install/custom_interfaces/share/custom_interfaces/cmake/ament_cmake_export_libraries-extras.cmake
[6.853s] -- Installing: /home/cagla/sercli_ws/install/custom_interfaces/share/custom_interfaces/cmake/ament_cmake_export_targets-extras.cmake
[6.853s] -- Installing: /home/cagla/sercli_ws/install/custom_interfaces/share/custom_interfaces/cmake/rosidl_cmake_export_typesupport_targets-extras.cmake
[6.853s] -- Installing: /home/cagla/sercli_ws/install/custom_interfaces/share/custom_interfaces/cmake/ament_cmake_export_dependencies-extras.cmake
[6.853s] -- Installing: /home/cagla/sercli_ws/install/custom_interfaces/share/custom_interfaces/cmake/rosidl_cmake_export_typesupport_libraries-extras.cmake
[6.853s] -- Installing: /home/cagla/sercli_ws/install/custom_interfaces/share/custom_interfaces/cmake/custom_interfacesConfig.cmake
[6.853s] -- Installing: /home/cagla/sercli_ws/install/custom_interfaces/share/custom_interfaces/cmake/custom_interfacesConfig-version.cmake
[6.854s] -- Installing: /home/cagla/sercli_ws/install/custom_interfaces/share/custom_interfaces/package.xml
[6.860s] Invoked command in '/home/cagla/sercli_ws/build/custom_interfaces' returned '0': CMAKE_PREFIX_PATH=${CMAKE_PREFIX_PATH}:/home/cagla/sercli_ws/install/add_integers:/home/cagla/fd_ws/install/srv_turtle:/home/cagla/prj_ws/install/add_bool_turtlesim:/home/cagla/ros2_ws/install/my_robot_controller:/opt/ros/humble /usr/bin/cmake --install /home/cagla/sercli_ws/build/custom_interfaces
