[0.679s] Invoking command in '/home/cagla/den_ws/src/talker_listener': PYTHONPATH=/home/cagla/den_ws/build/talker_listener/prefix_override:/usr/lib/python3/dist-packages/colcon_core/task/python/colcon_distutils_commands:/home/cagla/den_ws/install/talker_listener/lib/python3.10/site-packages:${PYTHONPATH} /usr/bin/python3 -W ignore:setup.py install is deprecated setup.py egg_info --egg-base ../../build/talker_listener build --build-base /home/cagla/den_ws/build/talker_listener/build install --record /home/cagla/den_ws/build/talker_listener/install.log --single-version-externally-managed install_data
[0.966s] running egg_info
[0.975s] writing ../../build/talker_listener/talker_listener.egg-info/PKG-INFO
[0.975s] writing dependency_links to ../../build/talker_listener/talker_listener.egg-info/dependency_links.txt
[0.976s] writing entry points to ../../build/talker_listener/talker_listener.egg-info/entry_points.txt
[0.976s] writing requirements to ../../build/talker_listener/talker_listener.egg-info/requires.txt
[0.976s] writing top-level names to ../../build/talker_listener/talker_listener.egg-info/top_level.txt
[0.976s] reading manifest file '../../build/talker_listener/talker_listener.egg-info/SOURCES.txt'
[0.976s] writing manifest file '../../build/talker_listener/talker_listener.egg-info/SOURCES.txt'
[0.976s] running build
[0.976s] running build_py
[0.976s] copying talker_listener/listener_node.py -> /home/cagla/den_ws/build/talker_listener/build/lib/talker_listener
[0.976s] running install
[0.976s] running install_lib
[0.977s] copying /home/cagla/den_ws/build/talker_listener/build/lib/talker_listener/listener_node.py -> /home/cagla/den_ws/install/talker_listener/lib/python3.10/site-packages/talker_listener
[0.977s] byte-compiling /home/cagla/den_ws/install/talker_listener/lib/python3.10/site-packages/talker_listener/listener_node.py to listener_node.cpython-310.pyc
[0.977s] running install_data
[0.977s] running install_egg_info
[0.977s] removing '/home/cagla/den_ws/install/talker_listener/lib/python3.10/site-packages/talker_listener-0.0.0-py3.10.egg-info' (and everything under it)
[0.977s] Copying ../../build/talker_listener/talker_listener.egg-info to /home/cagla/den_ws/install/talker_listener/lib/python3.10/site-packages/talker_listener-0.0.0-py3.10.egg-info
[0.977s] running install_scripts
[1.002s] Installing listenerNode script to /home/cagla/den_ws/install/talker_listener/lib/talker_listener
[1.003s] Installing talkerNode script to /home/cagla/den_ws/install/talker_listener/lib/talker_listener
[1.003s] writing list of installed files to '/home/cagla/den_ws/build/talker_listener/install.log'
[1.036s] Invoked command in '/home/cagla/den_ws/src/talker_listener' returned '0': PYTHONPATH=/home/cagla/den_ws/build/talker_listener/prefix_override:/usr/lib/python3/dist-packages/colcon_core/task/python/colcon_distutils_commands:/home/cagla/den_ws/install/talker_listener/lib/python3.10/site-packages:${PYTHONPATH} /usr/bin/python3 -W ignore:setup.py install is deprecated setup.py egg_info --egg-base ../../build/talker_listener build --build-base /home/cagla/den_ws/build/talker_listener/build install --record /home/cagla/den_ws/build/talker_listener/install.log --single-version-externally-managed install_data
