[0.339s] Invoking command in '/home/cagla/bir_ws/build/turtlesim_interfaces': CMAKE_PREFIX_PATH=${CMAKE_PREFIX_PATH}:/home/cagla/bir_ws/install/turtle_actions:/home/cagla/yeni_ws/install/actions_py:/home/cagla/ros2_ws/install/my_robot_controller:/opt/ros/humble /usr/bin/cmake --build /home/cagla/bir_ws/build/turtlesim_interfaces -- -j2 -l2
[0.465s] [35m[1mConsolidate compiler generated dependencies of target turtlesim_interfaces__rosidl_generator_c[0m
[0.521s] [  3%] Built target turtlesim_interfaces__cpp
[0.562s] [ 12%] Built target turtlesim_interfaces__rosidl_generator_c
[0.672s] [35m[1mConsolidate compiler generated dependencies of target turtlesim_interfaces__rosidl_typesupport_cpp[0m
[0.725s] [ 12%] Built target ament_cmake_python_copy_turtlesim_interfaces
[0.742s] [ 22%] Built target turtlesim_interfaces__rosidl_typesupport_cpp
[0.746s] [35m[1mConsolidate compiler generated dependencies of target turtlesim_interfaces__rosidl_typesupport_fastrtps_c[0m
[0.767s] [35m[1mConsolidate compiler generated dependencies of target turtlesim_interfaces__rosidl_typesupport_introspection_c[0m
[0.776s] [ 32%] Built target turtlesim_interfaces__rosidl_typesupport_fastrtps_c
[0.796s] [35m[1mConsolidate compiler generated dependencies of target turtlesim_interfaces__rosidl_typesupport_c[0m
[0.812s] [ 41%] Built target turtlesim_interfaces__rosidl_typesupport_introspection_c
[0.824s] [ 51%] Built target turtlesim_interfaces__rosidl_typesupport_c
[0.833s] [35m[1mConsolidate compiler generated dependencies of target turtlesim_interfaces__rosidl_typesupport_fastrtps_cpp[0m
[0.847s] [35m[1mConsolidate compiler generated dependencies of target turtlesim_interfaces__rosidl_typesupport_introspection_cpp[0m
[0.864s] [ 61%] Built target turtlesim_interfaces__rosidl_typesupport_fastrtps_cpp
[0.886s] [ 70%] Built target turtlesim_interfaces__rosidl_typesupport_introspection_cpp
[0.937s] [ 70%] Built target turtlesim_interfaces
[1.004s] [ 74%] Built target turtlesim_interfaces__py
[1.053s] [35m[1mConsolidate compiler generated dependencies of target turtlesim_interfaces__rosidl_generator_py[0m
[1.108s] [ 80%] Built target turtlesim_interfaces__rosidl_generator_py
[1.145s] [35m[1mConsolidate compiler generated dependencies of target turtlesim_interfaces__rosidl_typesupport_fastrtps_c__pyext[0m
[1.201s] [ 87%] Built target turtlesim_interfaces__rosidl_typesupport_fastrtps_c__pyext
[1.227s] [35m[1mConsolidate compiler generated dependencies of target turtlesim_interfaces__rosidl_typesupport_introspection_c__pyext[0m
[1.274s] [ 93%] Built target turtlesim_interfaces__rosidl_typesupport_introspection_c__pyext
[1.311s] [35m[1mConsolidate compiler generated dependencies of target turtlesim_interfaces__rosidl_typesupport_c__pyext[0m
[1.347s] [100%] Built target turtlesim_interfaces__rosidl_typesupport_c__pyext
[1.419s] running egg_info
[1.421s] writing turtlesim_interfaces.egg-info/PKG-INFO
[1.421s] writing dependency_links to turtlesim_interfaces.egg-info/dependency_links.txt
[1.423s] writing top-level names to turtlesim_interfaces.egg-info/top_level.txt
[1.425s] reading manifest file 'turtlesim_interfaces.egg-info/SOURCES.txt'
[1.426s] writing manifest file 'turtlesim_interfaces.egg-info/SOURCES.txt'
[1.527s] [100%] Built target ament_cmake_python_build_turtlesim_interfaces_egg
[1.589s] Invoked command in '/home/cagla/bir_ws/build/turtlesim_interfaces' returned '0': CMAKE_PREFIX_PATH=${CMAKE_PREFIX_PATH}:/home/cagla/bir_ws/install/turtle_actions:/home/cagla/yeni_ws/install/actions_py:/home/cagla/ros2_ws/install/my_robot_controller:/opt/ros/humble /usr/bin/cmake --build /home/cagla/bir_ws/build/turtlesim_interfaces -- -j2 -l2
[1.740s] Invoking command in '/home/cagla/bir_ws/build/turtlesim_interfaces': CMAKE_PREFIX_PATH=${CMAKE_PREFIX_PATH}:/home/cagla/bir_ws/install/turtle_actions:/home/cagla/yeni_ws/install/actions_py:/home/cagla/ros2_ws/install/my_robot_controller:/opt/ros/humble /usr/bin/cmake --install /home/cagla/bir_ws/build/turtlesim_interfaces
[1.776s] -- Install configuration: ""
[1.776s] -- Up-to-date: /home/cagla/bir_ws/install/turtlesim_interfaces/share/ament_index/resource_index/rosidl_interfaces/turtlesim_interfaces
[1.776s] -- Up-to-date: /home/cagla/bir_ws/install/turtlesim_interfaces/include/turtlesim_interfaces/turtlesim_interfaces
[1.777s] -- Up-to-date: /home/cagla/bir_ws/install/turtlesim_interfaces/include/turtlesim_interfaces/turtlesim_interfaces/action
[1.777s] -- Up-to-date: /home/cagla/bir_ws/install/turtlesim_interfaces/include/turtlesim_interfaces/turtlesim_interfaces/action/count_until.h
[1.777s] -- Up-to-date: /home/cagla/bir_ws/install/turtlesim_interfaces/include/turtlesim_interfaces/turtlesim_interfaces/action/detail
[1.778s] -- Up-to-date: /home/cagla/bir_ws/install/turtlesim_interfaces/include/turtlesim_interfaces/turtlesim_interfaces/action/detail/count_until__functions.c
[1.778s] -- Up-to-date: /home/cagla/bir_ws/install/turtlesim_interfaces/include/turtlesim_interfaces/turtlesim_interfaces/action/detail/count_until__functions.h
[1.778s] -- Up-to-date: /home/cagla/bir_ws/install/turtlesim_interfaces/include/turtlesim_interfaces/turtlesim_interfaces/action/detail/count_until__struct.h
[1.778s] -- Up-to-date: /home/cagla/bir_ws/install/turtlesim_interfaces/include/turtlesim_interfaces/turtlesim_interfaces/action/detail/count_until__type_support.h
[1.779s] -- Up-to-date: /home/cagla/bir_ws/install/turtlesim_interfaces/include/turtlesim_interfaces/turtlesim_interfaces/msg
[1.780s] -- Up-to-date: /home/cagla/bir_ws/install/turtlesim_interfaces/include/turtlesim_interfaces/turtlesim_interfaces/msg/rosidl_generator_c__visibility_control.h
[1.783s] -- Up-to-date: /home/cagla/bir_ws/install/turtlesim_interfaces/share/turtlesim_interfaces/environment/library_path.sh
[1.784s] -- Up-to-date: /home/cagla/bir_ws/install/turtlesim_interfaces/share/turtlesim_interfaces/environment/library_path.dsv
[1.786s] -- Up-to-date: /home/cagla/bir_ws/install/turtlesim_interfaces/lib/libturtlesim_interfaces__rosidl_generator_c.so
[1.786s] -- Up-to-date: /home/cagla/bir_ws/install/turtlesim_interfaces/include/turtlesim_interfaces/turtlesim_interfaces
[1.786s] -- Up-to-date: /home/cagla/bir_ws/install/turtlesim_interfaces/include/turtlesim_interfaces/turtlesim_interfaces/action
[1.787s] -- Up-to-date: /home/cagla/bir_ws/install/turtlesim_interfaces/include/turtlesim_interfaces/turtlesim_interfaces/action/detail
[1.787s] -- Up-to-date: /home/cagla/bir_ws/install/turtlesim_interfaces/include/turtlesim_interfaces/turtlesim_interfaces/action/detail/count_until__rosidl_typesupport_fastrtps_c.h
[1.787s] -- Up-to-date: /home/cagla/bir_ws/install/turtlesim_interfaces/include/turtlesim_interfaces/turtlesim_interfaces/msg
[1.787s] -- Up-to-date: /home/cagla/bir_ws/install/turtlesim_interfaces/include/turtlesim_interfaces/turtlesim_interfaces/msg/rosidl_typesupport_fastrtps_c__visibility_control.h
[1.788s] -- Up-to-date: /home/cagla/bir_ws/install/turtlesim_interfaces/lib/libturtlesim_interfaces__rosidl_typesupport_fastrtps_c.so
[1.788s] -- Up-to-date: /home/cagla/bir_ws/install/turtlesim_interfaces/include/turtlesim_interfaces/turtlesim_interfaces
[1.788s] -- Up-to-date: /home/cagla/bir_ws/install/turtlesim_interfaces/include/turtlesim_interfaces/turtlesim_interfaces/action
[1.788s] -- Up-to-date: /home/cagla/bir_ws/install/turtlesim_interfaces/include/turtlesim_interfaces/turtlesim_interfaces/action/detail
[1.789s] -- Up-to-date: /home/cagla/bir_ws/install/turtlesim_interfaces/include/turtlesim_interfaces/turtlesim_interfaces/action/detail/count_until__type_support.c
[1.789s] -- Up-to-date: /home/cagla/bir_ws/install/turtlesim_interfaces/include/turtlesim_interfaces/turtlesim_interfaces/action/detail/count_until__rosidl_typesupport_introspection_c.h
[1.789s] -- Up-to-date: /home/cagla/bir_ws/install/turtlesim_interfaces/include/turtlesim_interfaces/turtlesim_interfaces/msg
[1.789s] -- Up-to-date: /home/cagla/bir_ws/install/turtlesim_interfaces/include/turtlesim_interfaces/turtlesim_interfaces/msg/rosidl_typesupport_introspection_c__visibility_control.h
[1.789s] -- Up-to-date: /home/cagla/bir_ws/install/turtlesim_interfaces/lib/libturtlesim_interfaces__rosidl_typesupport_introspection_c.so
[1.790s] -- Up-to-date: /home/cagla/bir_ws/install/turtlesim_interfaces/lib/libturtlesim_interfaces__rosidl_typesupport_c.so
[1.812s] -- Up-to-date: /home/cagla/bir_ws/install/turtlesim_interfaces/include/turtlesim_interfaces/turtlesim_interfaces
[1.812s] -- Up-to-date: /home/cagla/bir_ws/install/turtlesim_interfaces/include/turtlesim_interfaces/turtlesim_interfaces/action
[1.812s] -- Up-to-date: /home/cagla/bir_ws/install/turtlesim_interfaces/include/turtlesim_interfaces/turtlesim_interfaces/action/count_until.hpp
[1.813s] -- Up-to-date: /home/cagla/bir_ws/install/turtlesim_interfaces/include/turtlesim_interfaces/turtlesim_interfaces/action/detail
[1.813s] -- Up-to-date: /home/cagla/bir_ws/install/turtlesim_interfaces/include/turtlesim_interfaces/turtlesim_interfaces/action/detail/count_until__builder.hpp
[1.813s] -- Up-to-date: /home/cagla/bir_ws/install/turtlesim_interfaces/include/turtlesim_interfaces/turtlesim_interfaces/action/detail/count_until__traits.hpp
[1.813s] -- Up-to-date: /home/cagla/bir_ws/install/turtlesim_interfaces/include/turtlesim_interfaces/turtlesim_interfaces/action/detail/count_until__struct.hpp
[1.813s] -- Up-to-date: /home/cagla/bir_ws/install/turtlesim_interfaces/include/turtlesim_interfaces/turtlesim_interfaces
[1.813s] -- Up-to-date: /home/cagla/bir_ws/install/turtlesim_interfaces/include/turtlesim_interfaces/turtlesim_interfaces/action
[1.813s] -- Up-to-date: /home/cagla/bir_ws/install/turtlesim_interfaces/include/turtlesim_interfaces/turtlesim_interfaces/action/detail
[1.813s] -- Up-to-date: /home/cagla/bir_ws/install/turtlesim_interfaces/include/turtlesim_interfaces/turtlesim_interfaces/action/detail/dds_fastrtps
[1.813s] -- Up-to-date: /home/cagla/bir_ws/install/turtlesim_interfaces/include/turtlesim_interfaces/turtlesim_interfaces/action/detail/count_until__rosidl_typesupport_fastrtps_cpp.hpp
[1.813s] -- Up-to-date: /home/cagla/bir_ws/install/turtlesim_interfaces/include/turtlesim_interfaces/turtlesim_interfaces/msg
[1.813s] -- Up-to-date: /home/cagla/bir_ws/install/turtlesim_interfaces/include/turtlesim_interfaces/turtlesim_interfaces/msg/rosidl_typesupport_fastrtps_cpp__visibility_control.h
[1.813s] -- Up-to-date: /home/cagla/bir_ws/install/turtlesim_interfaces/lib/libturtlesim_interfaces__rosidl_typesupport_fastrtps_cpp.so
[1.815s] -- Up-to-date: /home/cagla/bir_ws/install/turtlesim_interfaces/include/turtlesim_interfaces/turtlesim_interfaces
[1.815s] -- Up-to-date: /home/cagla/bir_ws/install/turtlesim_interfaces/include/turtlesim_interfaces/turtlesim_interfaces/action
[1.815s] -- Up-to-date: /home/cagla/bir_ws/install/turtlesim_interfaces/include/turtlesim_interfaces/turtlesim_interfaces/action/detail
[1.815s] -- Up-to-date: /home/cagla/bir_ws/install/turtlesim_interfaces/include/turtlesim_interfaces/turtlesim_interfaces/action/detail/count_until__rosidl_typesupport_introspection_cpp.hpp
[1.815s] -- Up-to-date: /home/cagla/bir_ws/install/turtlesim_interfaces/include/turtlesim_interfaces/turtlesim_interfaces/action/detail/count_until__type_support.cpp
[1.815s] -- Up-to-date: /home/cagla/bir_ws/install/turtlesim_interfaces/lib/libturtlesim_interfaces__rosidl_typesupport_introspection_cpp.so
[1.815s] -- Up-to-date: /home/cagla/bir_ws/install/turtlesim_interfaces/lib/libturtlesim_interfaces__rosidl_typesupport_cpp.so
[1.815s] -- Up-to-date: /home/cagla/bir_ws/install/turtlesim_interfaces/share/turtlesim_interfaces/environment/pythonpath.sh
[1.815s] -- Up-to-date: /home/cagla/bir_ws/install/turtlesim_interfaces/share/turtlesim_interfaces/environment/pythonpath.dsv
[1.815s] -- Up-to-date: /home/cagla/bir_ws/install/turtlesim_interfaces/local/lib/python3.10/dist-packages/turtlesim_interfaces-0.0.0-py3.10.egg-info
[1.815s] -- Installing: /home/cagla/bir_ws/install/turtlesim_interfaces/local/lib/python3.10/dist-packages/turtlesim_interfaces-0.0.0-py3.10.egg-info/PKG-INFO
[1.815s] -- Installing: /home/cagla/bir_ws/install/turtlesim_interfaces/local/lib/python3.10/dist-packages/turtlesim_interfaces-0.0.0-py3.10.egg-info/top_level.txt
[1.815s] -- Installing: /home/cagla/bir_ws/install/turtlesim_interfaces/local/lib/python3.10/dist-packages/turtlesim_interfaces-0.0.0-py3.10.egg-info/SOURCES.txt
[1.820s] -- Installing: /home/cagla/bir_ws/install/turtlesim_interfaces/local/lib/python3.10/dist-packages/turtlesim_interfaces-0.0.0-py3.10.egg-info/dependency_links.txt
[1.821s] -- Up-to-date: /home/cagla/bir_ws/install/turtlesim_interfaces/local/lib/python3.10/dist-packages/turtlesim_interfaces
[1.821s] -- Up-to-date: /home/cagla/bir_ws/install/turtlesim_interfaces/local/lib/python3.10/dist-packages/turtlesim_interfaces/_turtlesim_interfaces_s.ep.rosidl_typesupport_fastrtps_c.c
[1.821s] -- Up-to-date: /home/cagla/bir_ws/install/turtlesim_interfaces/local/lib/python3.10/dist-packages/turtlesim_interfaces/_turtlesim_interfaces_s.ep.rosidl_typesupport_c.c
[1.821s] -- Up-to-date: /home/cagla/bir_ws/install/turtlesim_interfaces/local/lib/python3.10/dist-packages/turtlesim_interfaces/libturtlesim_interfaces__rosidl_generator_py.so
[1.821s] -- Up-to-date: /home/cagla/bir_ws/install/turtlesim_interfaces/local/lib/python3.10/dist-packages/turtlesim_interfaces/action
[1.821s] -- Up-to-date: /home/cagla/bir_ws/install/turtlesim_interfaces/local/lib/python3.10/dist-packages/turtlesim_interfaces/action/_count_until.py
[1.821s] -- Up-to-date: /home/cagla/bir_ws/install/turtlesim_interfaces/local/lib/python3.10/dist-packages/turtlesim_interfaces/action/_count_until_s.c
[1.824s] -- Up-to-date: /home/cagla/bir_ws/install/turtlesim_interfaces/local/lib/python3.10/dist-packages/turtlesim_interfaces/action/__init__.py
[1.824s] -- Up-to-date: /home/cagla/bir_ws/install/turtlesim_interfaces/local/lib/python3.10/dist-packages/turtlesim_interfaces/_turtlesim_interfaces_s.ep.rosidl_typesupport_introspection_c.c
[1.824s] -- Up-to-date: /home/cagla/bir_ws/install/turtlesim_interfaces/local/lib/python3.10/dist-packages/turtlesim_interfaces/turtlesim_interfaces_s__rosidl_typesupport_c.cpython-310-x86_64-linux-gnu.so
[1.824s] -- Up-to-date: /home/cagla/bir_ws/install/turtlesim_interfaces/local/lib/python3.10/dist-packages/turtlesim_interfaces/turtlesim_interfaces_s__rosidl_typesupport_fastrtps_c.cpython-310-x86_64-linux-gnu.so
[1.824s] -- Up-to-date: /home/cagla/bir_ws/install/turtlesim_interfaces/local/lib/python3.10/dist-packages/turtlesim_interfaces/__init__.py
[1.824s] -- Up-to-date: /home/cagla/bir_ws/install/turtlesim_interfaces/local/lib/python3.10/dist-packages/turtlesim_interfaces/turtlesim_interfaces_s__rosidl_typesupport_introspection_c.cpython-310-x86_64-linux-gnu.so
[1.899s] Listing '/home/cagla/bir_ws/install/turtlesim_interfaces/local/lib/python3.10/dist-packages/turtlesim_interfaces'...
[1.899s] Listing '/home/cagla/bir_ws/install/turtlesim_interfaces/local/lib/python3.10/dist-packages/turtlesim_interfaces/action'...
[1.909s] -- Up-to-date: /home/cagla/bir_ws/install/turtlesim_interfaces/local/lib/python3.10/dist-packages/turtlesim_interfaces/turtlesim_interfaces_s__rosidl_typesupport_fastrtps_c.cpython-310-x86_64-linux-gnu.so
[1.909s] -- Up-to-date: /home/cagla/bir_ws/install/turtlesim_interfaces/local/lib/python3.10/dist-packages/turtlesim_interfaces/turtlesim_interfaces_s__rosidl_typesupport_introspection_c.cpython-310-x86_64-linux-gnu.so
[1.909s] -- Up-to-date: /home/cagla/bir_ws/install/turtlesim_interfaces/local/lib/python3.10/dist-packages/turtlesim_interfaces/turtlesim_interfaces_s__rosidl_typesupport_c.cpython-310-x86_64-linux-gnu.so
[1.909s] -- Up-to-date: /home/cagla/bir_ws/install/turtlesim_interfaces/lib/libturtlesim_interfaces__rosidl_generator_py.so
[1.909s] -- Up-to-date: /home/cagla/bir_ws/install/turtlesim_interfaces/share/turtlesim_interfaces/action/CountUntil.idl
[1.909s] -- Up-to-date: /home/cagla/bir_ws/install/turtlesim_interfaces/share/turtlesim_interfaces/action/CountUntil.action
[1.909s] -- Up-to-date: /home/cagla/bir_ws/install/turtlesim_interfaces/share/ament_index/resource_index/package_run_dependencies/turtlesim_interfaces
[1.910s] -- Up-to-date: /home/cagla/bir_ws/install/turtlesim_interfaces/share/ament_index/resource_index/parent_prefix_path/turtlesim_interfaces
[1.910s] -- Up-to-date: /home/cagla/bir_ws/install/turtlesim_interfaces/share/turtlesim_interfaces/environment/ament_prefix_path.sh
[1.910s] -- Up-to-date: /home/cagla/bir_ws/install/turtlesim_interfaces/share/turtlesim_interfaces/environment/ament_prefix_path.dsv
[1.910s] -- Up-to-date: /home/cagla/bir_ws/install/turtlesim_interfaces/share/turtlesim_interfaces/environment/path.sh
[1.910s] -- Up-to-date: /home/cagla/bir_ws/install/turtlesim_interfaces/share/turtlesim_interfaces/environment/path.dsv
[1.910s] -- Up-to-date: /home/cagla/bir_ws/install/turtlesim_interfaces/share/turtlesim_interfaces/local_setup.bash
[1.910s] -- Up-to-date: /home/cagla/bir_ws/install/turtlesim_interfaces/share/turtlesim_interfaces/local_setup.sh
[1.910s] -- Up-to-date: /home/cagla/bir_ws/install/turtlesim_interfaces/share/turtlesim_interfaces/local_setup.zsh
[1.910s] -- Up-to-date: /home/cagla/bir_ws/install/turtlesim_interfaces/share/turtlesim_interfaces/local_setup.dsv
[1.911s] -- Installing: /home/cagla/bir_ws/install/turtlesim_interfaces/share/turtlesim_interfaces/package.dsv
[1.911s] -- Up-to-date: /home/cagla/bir_ws/install/turtlesim_interfaces/share/ament_index/resource_index/packages/turtlesim_interfaces
[1.911s] -- Up-to-date: /home/cagla/bir_ws/install/turtlesim_interfaces/share/turtlesim_interfaces/cmake/export_turtlesim_interfaces__rosidl_generator_cExport.cmake
[1.911s] -- Up-to-date: /home/cagla/bir_ws/install/turtlesim_interfaces/share/turtlesim_interfaces/cmake/export_turtlesim_interfaces__rosidl_generator_cExport-noconfig.cmake
[1.911s] -- Up-to-date: /home/cagla/bir_ws/install/turtlesim_interfaces/share/turtlesim_interfaces/cmake/export_turtlesim_interfaces__rosidl_typesupport_fastrtps_cExport.cmake
[1.911s] -- Up-to-date: /home/cagla/bir_ws/install/turtlesim_interfaces/share/turtlesim_interfaces/cmake/export_turtlesim_interfaces__rosidl_typesupport_fastrtps_cExport-noconfig.cmake
[1.911s] -- Up-to-date: /home/cagla/bir_ws/install/turtlesim_interfaces/share/turtlesim_interfaces/cmake/turtlesim_interfaces__rosidl_typesupport_introspection_cExport.cmake
[1.911s] -- Up-to-date: /home/cagla/bir_ws/install/turtlesim_interfaces/share/turtlesim_interfaces/cmake/turtlesim_interfaces__rosidl_typesupport_introspection_cExport-noconfig.cmake
[1.911s] -- Up-to-date: /home/cagla/bir_ws/install/turtlesim_interfaces/share/turtlesim_interfaces/cmake/turtlesim_interfaces__rosidl_typesupport_cExport.cmake
[1.911s] -- Up-to-date: /home/cagla/bir_ws/install/turtlesim_interfaces/share/turtlesim_interfaces/cmake/turtlesim_interfaces__rosidl_typesupport_cExport-noconfig.cmake
[1.911s] -- Up-to-date: /home/cagla/bir_ws/install/turtlesim_interfaces/share/turtlesim_interfaces/cmake/export_turtlesim_interfaces__rosidl_generator_cppExport.cmake
[1.911s] -- Up-to-date: /home/cagla/bir_ws/install/turtlesim_interfaces/share/turtlesim_interfaces/cmake/export_turtlesim_interfaces__rosidl_typesupport_fastrtps_cppExport.cmake
[1.911s] -- Up-to-date: /home/cagla/bir_ws/install/turtlesim_interfaces/share/turtlesim_interfaces/cmake/export_turtlesim_interfaces__rosidl_typesupport_fastrtps_cppExport-noconfig.cmake
[1.914s] -- Up-to-date: /home/cagla/bir_ws/install/turtlesim_interfaces/share/turtlesim_interfaces/cmake/turtlesim_interfaces__rosidl_typesupport_introspection_cppExport.cmake
[1.914s] -- Up-to-date: /home/cagla/bir_ws/install/turtlesim_interfaces/share/turtlesim_interfaces/cmake/turtlesim_interfaces__rosidl_typesupport_introspection_cppExport-noconfig.cmake
[1.914s] -- Up-to-date: /home/cagla/bir_ws/install/turtlesim_interfaces/share/turtlesim_interfaces/cmake/turtlesim_interfaces__rosidl_typesupport_cppExport.cmake
[1.914s] -- Up-to-date: /home/cagla/bir_ws/install/turtlesim_interfaces/share/turtlesim_interfaces/cmake/turtlesim_interfaces__rosidl_typesupport_cppExport-noconfig.cmake
[1.914s] -- Up-to-date: /home/cagla/bir_ws/install/turtlesim_interfaces/share/turtlesim_interfaces/cmake/export_turtlesim_interfaces__rosidl_generator_pyExport.cmake
[1.914s] -- Up-to-date: /home/cagla/bir_ws/install/turtlesim_interfaces/share/turtlesim_interfaces/cmake/export_turtlesim_interfaces__rosidl_generator_pyExport-noconfig.cmake
[1.915s] -- Up-to-date: /home/cagla/bir_ws/install/turtlesim_interfaces/share/turtlesim_interfaces/cmake/rosidl_cmake-extras.cmake
[1.915s] -- Up-to-date: /home/cagla/bir_ws/install/turtlesim_interfaces/share/turtlesim_interfaces/cmake/ament_cmake_export_dependencies-extras.cmake
[1.915s] -- Up-to-date: /home/cagla/bir_ws/install/turtlesim_interfaces/share/turtlesim_interfaces/cmake/ament_cmake_export_include_directories-extras.cmake
[1.915s] -- Up-to-date: /home/cagla/bir_ws/install/turtlesim_interfaces/share/turtlesim_interfaces/cmake/ament_cmake_export_libraries-extras.cmake
[1.915s] -- Up-to-date: /home/cagla/bir_ws/install/turtlesim_interfaces/share/turtlesim_interfaces/cmake/ament_cmake_export_targets-extras.cmake
[1.915s] -- Up-to-date: /home/cagla/bir_ws/install/turtlesim_interfaces/share/turtlesim_interfaces/cmake/rosidl_cmake_export_typesupport_targets-extras.cmake
[1.915s] -- Up-to-date: /home/cagla/bir_ws/install/turtlesim_interfaces/share/turtlesim_interfaces/cmake/rosidl_cmake_export_typesupport_libraries-extras.cmake
[1.915s] -- Up-to-date: /home/cagla/bir_ws/install/turtlesim_interfaces/share/turtlesim_interfaces/cmake/turtlesim_interfacesConfig.cmake
[1.915s] -- Up-to-date: /home/cagla/bir_ws/install/turtlesim_interfaces/share/turtlesim_interfaces/cmake/turtlesim_interfacesConfig-version.cmake
[1.915s] -- Up-to-date: /home/cagla/bir_ws/install/turtlesim_interfaces/share/turtlesim_interfaces/package.xml
[1.915s] Invoked command in '/home/cagla/bir_ws/build/turtlesim_interfaces' returned '0': CMAKE_PREFIX_PATH=${CMAKE_PREFIX_PATH}:/home/cagla/bir_ws/install/turtle_actions:/home/cagla/yeni_ws/install/actions_py:/home/cagla/ros2_ws/install/my_robot_controller:/opt/ros/humble /usr/bin/cmake --install /home/cagla/bir_ws/build/turtlesim_interfaces
