[0.626s] Invoking command in '/home/cagla/den_ws/src/talker_listener': PYTHONPATH=/home/cagla/den_ws/build/talker_listener/prefix_override:/usr/lib/python3/dist-packages/colcon_core/task/python/colcon_distutils_commands:/home/cagla/den_ws/install/talker_listener/lib/python3.10/site-packages:${PYTHONPATH} /usr/bin/python3 -W ignore:setup.py install is deprecated setup.py egg_info --egg-base ../../build/talker_listener build --build-base /home/cagla/den_ws/build/talker_listener/build install --record /home/cagla/den_ws/build/talker_listener/install.log --single-version-externally-managed install_data
[0.867s] running egg_info
[0.868s] writing ../../build/talker_listener/talker_listener.egg-info/PKG-INFO
[0.868s] writing dependency_links to ../../build/talker_listener/talker_listener.egg-info/dependency_links.txt
[0.868s] writing entry points to ../../build/talker_listener/talker_listener.egg-info/entry_points.txt
[0.869s] writing requirements to ../../build/talker_listener/talker_listener.egg-info/requires.txt
[0.869s] writing top-level names to ../../build/talker_listener/talker_listener.egg-info/top_level.txt
[0.871s] reading manifest file '../../build/talker_listener/talker_listener.egg-info/SOURCES.txt'
[0.872s] writing manifest file '../../build/talker_listener/talker_listener.egg-info/SOURCES.txt'
[0.872s] running build
[0.872s] running build_py
[0.872s] running install
[0.873s] running install_lib
[0.874s] running install_data
[0.875s] creating /home/cagla/den_ws/install/talker_listener/share/talker_listener/launch
[0.875s] running install_egg_info
[0.876s] removing '/home/cagla/den_ws/install/talker_listener/lib/python3.10/site-packages/talker_listener-0.0.0-py3.10.egg-info' (and everything under it)
[0.876s] Copying ../../build/talker_listener/talker_listener.egg-info to /home/cagla/den_ws/install/talker_listener/lib/python3.10/site-packages/talker_listener-0.0.0-py3.10.egg-info
[0.888s] running install_scripts
[0.895s] Installing listenerNode script to /home/cagla/den_ws/install/talker_listener/lib/talker_listener
[0.895s] Installing talkerNode script to /home/cagla/den_ws/install/talker_listener/lib/talker_listener
[0.895s] writing list of installed files to '/home/cagla/den_ws/build/talker_listener/install.log'
[0.918s] Invoked command in '/home/cagla/den_ws/src/talker_listener' returned '0': PYTHONPATH=/home/cagla/den_ws/build/talker_listener/prefix_override:/usr/lib/python3/dist-packages/colcon_core/task/python/colcon_distutils_commands:/home/cagla/den_ws/install/talker_listener/lib/python3.10/site-packages:${PYTHONPATH} /usr/bin/python3 -W ignore:setup.py install is deprecated setup.py egg_info --egg-base ../../build/talker_listener build --build-base /home/cagla/den_ws/build/talker_listener/build install --record /home/cagla/den_ws/build/talker_listener/install.log --single-version-externally-managed install_data
