[0.114s] DEBUG:colcon:Command line arguments: ['/usr/bin/colcon', 'build']
[0.114s] DEBUG:colcon:Parsed command line arguments: Namespace(log_base=None, log_level=None, verb_name='build', build_base='build', install_base='install', merge_install=False, symlink_install=False, test_result_base=None, continue_on_error=False, executor='parallel', parallel_workers=2, event_handlers=None, ignore_user_meta=False, metas=['./colcon.meta'], base_paths=['.'], packages_ignore=None, packages_ignore_regex=None, paths=None, packages_up_to=None, packages_up_to_regex=None, packages_above=None, packages_above_and_dependencies=None, packages_above_depth=None, packages_select_by_dep=None, packages_skip_by_dep=None, packages_skip_up_to=None, packages_select_build_failed=False, packages_skip_build_finished=False, packages_select_test_failures=False, packages_skip_test_passed=False, packages_select=None, packages_skip=None, packages_select_regex=None, packages_skip_regex=None, packages_start=None, packages_end=None, allow_overriding=[], cmake_args=None, cmake_target=None, cmake_target_skip_unavailable=False, cmake_clean_cache=False, cmake_clean_first=False, cmake_force_configure=False, ament_cmake_args=None, catkin_cmake_args=None, catkin_skip_building_tests=False, mixin_files=None, mixin=None, verb_parser=<colcon_mixin.mixin.mixin_argument.MixinArgumentDecorator object at 0x7bdcc09582e0>, verb_extension=<colcon_core.verb.build.BuildVerb object at 0x7bdcc0a68a30>, main=<bound method BuildVerb.main of <colcon_core.verb.build.BuildVerb object at 0x7bdcc0a68a30>>, mixin_verb=('build',))
[0.285s] Level 1:colcon.colcon_core.package_discovery:discover_packages(colcon_meta) check parameters
[0.285s] Level 1:colcon.colcon_core.package_discovery:discover_packages(recursive) check parameters
[0.285s] Level 1:colcon.colcon_core.package_discovery:discover_packages(ignore) check parameters
[0.285s] Level 1:colcon.colcon_core.package_discovery:discover_packages(path) check parameters
[0.285s] Level 1:colcon.colcon_core.package_discovery:discover_packages(colcon_meta) discover
[0.285s] Level 1:colcon.colcon_core.package_discovery:discover_packages(recursive) discover
[0.285s] INFO:colcon.colcon_core.package_discovery:Crawling recursively for packages in '/home/cagla/sercli_ws'
[0.285s] Level 1:colcon.colcon_core.package_identification:_identify(.) by extensions ['ignore', 'ignore_ament_install']
[0.285s] Level 1:colcon.colcon_core.package_identification:_identify(.) by extension 'ignore'
[0.285s] Level 1:colcon.colcon_core.package_identification:_identify(.) by extension 'ignore_ament_install'
[0.285s] Level 1:colcon.colcon_core.package_identification:_identify(.) by extensions ['colcon_pkg']
[0.285s] Level 1:colcon.colcon_core.package_identification:_identify(.) by extension 'colcon_pkg'
[0.285s] Level 1:colcon.colcon_core.package_identification:_identify(.) by extensions ['colcon_meta']
[0.285s] Level 1:colcon.colcon_core.package_identification:_identify(.) by extension 'colcon_meta'
[0.285s] Level 1:colcon.colcon_core.package_identification:_identify(.) by extensions ['ros']
[0.285s] Level 1:colcon.colcon_core.package_identification:_identify(.) by extension 'ros'
[0.298s] Level 1:colcon.colcon_core.package_identification:_identify(.) by extensions ['cmake', 'python']
[0.298s] Level 1:colcon.colcon_core.package_identification:_identify(.) by extension 'cmake'
[0.299s] Level 1:colcon.colcon_core.package_identification:_identify(.) by extension 'python'
[0.299s] Level 1:colcon.colcon_core.package_identification:_identify(.) by extensions ['python_setup_py']
[0.299s] Level 1:colcon.colcon_core.package_identification:_identify(.) by extension 'python_setup_py'
[0.299s] Level 1:colcon.colcon_core.package_identification:_identify(build) by extensions ['ignore', 'ignore_ament_install']
[0.299s] Level 1:colcon.colcon_core.package_identification:_identify(build) by extension 'ignore'
[0.299s] Level 1:colcon.colcon_core.package_identification:_identify(build) ignored
[0.299s] Level 1:colcon.colcon_core.package_identification:_identify(install) by extensions ['ignore', 'ignore_ament_install']
[0.299s] Level 1:colcon.colcon_core.package_identification:_identify(install) by extension 'ignore'
[0.299s] Level 1:colcon.colcon_core.package_identification:_identify(install) ignored
[0.299s] Level 1:colcon.colcon_core.package_identification:_identify(log) by extensions ['ignore', 'ignore_ament_install']
[0.299s] Level 1:colcon.colcon_core.package_identification:_identify(log) by extension 'ignore'
[0.299s] Level 1:colcon.colcon_core.package_identification:_identify(log) ignored
[0.299s] Level 1:colcon.colcon_core.package_identification:_identify(src) by extensions ['ignore', 'ignore_ament_install']
[0.299s] Level 1:colcon.colcon_core.package_identification:_identify(src) by extension 'ignore'
[0.299s] Level 1:colcon.colcon_core.package_identification:_identify(src) by extension 'ignore_ament_install'
[0.299s] Level 1:colcon.colcon_core.package_identification:_identify(src) by extensions ['colcon_pkg']
[0.300s] Level 1:colcon.colcon_core.package_identification:_identify(src) by extension 'colcon_pkg'
[0.300s] Level 1:colcon.colcon_core.package_identification:_identify(src) by extensions ['colcon_meta']
[0.300s] Level 1:colcon.colcon_core.package_identification:_identify(src) by extension 'colcon_meta'
[0.300s] Level 1:colcon.colcon_core.package_identification:_identify(src) by extensions ['ros']
[0.300s] Level 1:colcon.colcon_core.package_identification:_identify(src) by extension 'ros'
[0.300s] Level 1:colcon.colcon_core.package_identification:_identify(src) by extensions ['cmake', 'python']
[0.300s] Level 1:colcon.colcon_core.package_identification:_identify(src) by extension 'cmake'
[0.300s] Level 1:colcon.colcon_core.package_identification:_identify(src) by extension 'python'
[0.300s] Level 1:colcon.colcon_core.package_identification:_identify(src) by extensions ['python_setup_py']
[0.300s] Level 1:colcon.colcon_core.package_identification:_identify(src) by extension 'python_setup_py'
[0.300s] Level 1:colcon.colcon_core.package_identification:_identify(src/add_integers) by extensions ['ignore', 'ignore_ament_install']
[0.300s] Level 1:colcon.colcon_core.package_identification:_identify(src/add_integers) by extension 'ignore'
[0.300s] Level 1:colcon.colcon_core.package_identification:_identify(src/add_integers) by extension 'ignore_ament_install'
[0.300s] Level 1:colcon.colcon_core.package_identification:_identify(src/add_integers) by extensions ['colcon_pkg']
[0.300s] Level 1:colcon.colcon_core.package_identification:_identify(src/add_integers) by extension 'colcon_pkg'
[0.300s] Level 1:colcon.colcon_core.package_identification:_identify(src/add_integers) by extensions ['colcon_meta']
[0.300s] Level 1:colcon.colcon_core.package_identification:_identify(src/add_integers) by extension 'colcon_meta'
[0.300s] Level 1:colcon.colcon_core.package_identification:_identify(src/add_integers) by extensions ['ros']
[0.300s] Level 1:colcon.colcon_core.package_identification:_identify(src/add_integers) by extension 'ros'
[0.303s] DEBUG:colcon.colcon_core.package_identification:Package 'src/add_integers' with type 'ros.ament_python' and name 'add_integers'
[0.303s] Level 1:colcon.colcon_core.package_identification:_identify(src/custom_interfaces) by extensions ['ignore', 'ignore_ament_install']
[0.303s] Level 1:colcon.colcon_core.package_identification:_identify(src/custom_interfaces) by extension 'ignore'
[0.303s] Level 1:colcon.colcon_core.package_identification:_identify(src/custom_interfaces) by extension 'ignore_ament_install'
[0.303s] Level 1:colcon.colcon_core.package_identification:_identify(src/custom_interfaces) by extensions ['colcon_pkg']
[0.303s] Level 1:colcon.colcon_core.package_identification:_identify(src/custom_interfaces) by extension 'colcon_pkg'
[0.303s] Level 1:colcon.colcon_core.package_identification:_identify(src/custom_interfaces) by extensions ['colcon_meta']
[0.303s] Level 1:colcon.colcon_core.package_identification:_identify(src/custom_interfaces) by extension 'colcon_meta'
[0.303s] Level 1:colcon.colcon_core.package_identification:_identify(src/custom_interfaces) by extensions ['ros']
[0.303s] Level 1:colcon.colcon_core.package_identification:_identify(src/custom_interfaces) by extension 'ros'
[0.304s] DEBUG:colcon.colcon_core.package_identification:Package 'src/custom_interfaces' with type 'ros.ament_cmake' and name 'custom_interfaces'
[0.304s] Level 1:colcon.colcon_core.package_discovery:discover_packages(recursive) using defaults
[0.304s] Level 1:colcon.colcon_core.package_discovery:discover_packages(ignore) discover
[0.304s] Level 1:colcon.colcon_core.package_discovery:discover_packages(ignore) using defaults
[0.304s] Level 1:colcon.colcon_core.package_discovery:discover_packages(path) discover
[0.304s] Level 1:colcon.colcon_core.package_discovery:discover_packages(path) using defaults
[0.326s] Level 1:colcon.colcon_core.package_discovery:discover_packages(prefix_path) check parameters
[0.326s] Level 1:colcon.colcon_core.package_discovery:discover_packages(prefix_path) discover
[0.328s] DEBUG:colcon.colcon_installed_package_information.package_discovery:Found 12 installed packages in /home/cagla/turtlebot3_ws/install
[0.328s] DEBUG:colcon.colcon_installed_package_information.package_discovery:Found 1 installed packages in /home/cagla/den_ws/install
[0.329s] DEBUG:colcon.colcon_installed_package_information.package_discovery:Found 2 installed packages in /home/cagla/sercli_ws/install
[0.329s] DEBUG:colcon.colcon_installed_package_information.package_discovery:Found 2 installed packages in /home/cagla/yeni_ws/install
[0.343s] DEBUG:colcon.colcon_installed_package_information.package_discovery:Found 389 installed packages in /opt/ros/humble
[0.345s] Level 1:colcon.colcon_core.package_discovery:discover_packages(prefix_path) using defaults
[0.391s] Level 5:colcon.colcon_core.verb:set package 'custom_interfaces' build argument 'cmake_args' from command line to 'None'
[0.391s] Level 5:colcon.colcon_core.verb:set package 'custom_interfaces' build argument 'cmake_target' from command line to 'None'
[0.391s] Level 5:colcon.colcon_core.verb:set package 'custom_interfaces' build argument 'cmake_target_skip_unavailable' from command line to 'False'
[0.391s] Level 5:colcon.colcon_core.verb:set package 'custom_interfaces' build argument 'cmake_clean_cache' from command line to 'False'
[0.391s] Level 5:colcon.colcon_core.verb:set package 'custom_interfaces' build argument 'cmake_clean_first' from command line to 'False'
[0.391s] Level 5:colcon.colcon_core.verb:set package 'custom_interfaces' build argument 'cmake_force_configure' from command line to 'False'
[0.391s] Level 5:colcon.colcon_core.verb:set package 'custom_interfaces' build argument 'ament_cmake_args' from command line to 'None'
[0.392s] Level 5:colcon.colcon_core.verb:set package 'custom_interfaces' build argument 'catkin_cmake_args' from command line to 'None'
[0.392s] Level 5:colcon.colcon_core.verb:set package 'custom_interfaces' build argument 'catkin_skip_building_tests' from command line to 'False'
[0.392s] DEBUG:colcon.colcon_core.verb:Building package 'custom_interfaces' with the following arguments: {'ament_cmake_args': None, 'build_base': '/home/cagla/sercli_ws/build/custom_interfaces', 'catkin_cmake_args': None, 'catkin_skip_building_tests': False, 'cmake_args': None, 'cmake_clean_cache': False, 'cmake_clean_first': False, 'cmake_force_configure': False, 'cmake_target': None, 'cmake_target_skip_unavailable': False, 'install_base': '/home/cagla/sercli_ws/install/custom_interfaces', 'merge_install': False, 'path': '/home/cagla/sercli_ws/src/custom_interfaces', 'symlink_install': False, 'test_result_base': None}
[0.392s] Level 5:colcon.colcon_core.verb:set package 'add_integers' build argument 'cmake_args' from command line to 'None'
[0.392s] Level 5:colcon.colcon_core.verb:set package 'add_integers' build argument 'cmake_target' from command line to 'None'
[0.392s] Level 5:colcon.colcon_core.verb:set package 'add_integers' build argument 'cmake_target_skip_unavailable' from command line to 'False'
[0.392s] Level 5:colcon.colcon_core.verb:set package 'add_integers' build argument 'cmake_clean_cache' from command line to 'False'
[0.392s] Level 5:colcon.colcon_core.verb:set package 'add_integers' build argument 'cmake_clean_first' from command line to 'False'
[0.392s] Level 5:colcon.colcon_core.verb:set package 'add_integers' build argument 'cmake_force_configure' from command line to 'False'
[0.392s] Level 5:colcon.colcon_core.verb:set package 'add_integers' build argument 'ament_cmake_args' from command line to 'None'
[0.392s] Level 5:colcon.colcon_core.verb:set package 'add_integers' build argument 'catkin_cmake_args' from command line to 'None'
[0.392s] Level 5:colcon.colcon_core.verb:set package 'add_integers' build argument 'catkin_skip_building_tests' from command line to 'False'
[0.392s] DEBUG:colcon.colcon_core.verb:Building package 'add_integers' with the following arguments: {'ament_cmake_args': None, 'build_base': '/home/cagla/sercli_ws/build/add_integers', 'catkin_cmake_args': None, 'catkin_skip_building_tests': False, 'cmake_args': None, 'cmake_clean_cache': False, 'cmake_clean_first': False, 'cmake_force_configure': False, 'cmake_target': None, 'cmake_target_skip_unavailable': False, 'install_base': '/home/cagla/sercli_ws/install/add_integers', 'merge_install': False, 'path': '/home/cagla/sercli_ws/src/add_integers', 'symlink_install': False, 'test_result_base': None}
[0.392s] INFO:colcon.colcon_core.executor:Executing jobs using 'parallel' executor
[0.394s] DEBUG:colcon.colcon_parallel_executor.executor.parallel:run_until_complete
[0.394s] INFO:colcon.colcon_ros.task.ament_cmake.build:Building ROS package in '/home/cagla/sercli_ws/src/custom_interfaces' with build type 'ament_cmake'
[0.394s] INFO:colcon.colcon_cmake.task.cmake.build:Building CMake package in '/home/cagla/sercli_ws/src/custom_interfaces'
[0.396s] INFO:colcon.colcon_core.plugin_system:Skipping extension 'colcon_core.shell.bat': Not used on non-Windows systems
[0.397s] INFO:colcon.colcon_core.shell:Skip shell extension 'powershell' for command environment: Not usable outside of PowerShell
[0.397s] DEBUG:colcon.colcon_core.shell:Skip shell extension 'dsv' for command environment
[0.419s] DEBUG:colcon.colcon_core.event_handler.log_command:Invoking command in '/home/cagla/sercli_ws/build/custom_interfaces': CMAKE_PREFIX_PATH=${CMAKE_PREFIX_PATH}:/home/cagla/turtlebot3_ws/install/turtlebot3_teleop:/home/cagla/turtlebot3_ws/install/turtlebot3_example:/home/cagla/den_ws/install/talker_listener:/home/cagla/sercli_ws/install/add_integers:/home/cagla/yeni_ws/install/actions_py:/opt/ros/humble /usr/bin/cmake --build /home/cagla/sercli_ws/build/custom_interfaces -- -j2 -l2
[1.234s] DEBUG:colcon.colcon_core.event_handler.log_command:Invoked command in '/home/cagla/sercli_ws/build/custom_interfaces' returned '0': CMAKE_PREFIX_PATH=${CMAKE_PREFIX_PATH}:/home/cagla/turtlebot3_ws/install/turtlebot3_teleop:/home/cagla/turtlebot3_ws/install/turtlebot3_example:/home/cagla/den_ws/install/talker_listener:/home/cagla/sercli_ws/install/add_integers:/home/cagla/yeni_ws/install/actions_py:/opt/ros/humble /usr/bin/cmake --build /home/cagla/sercli_ws/build/custom_interfaces -- -j2 -l2
[1.322s] DEBUG:colcon.colcon_core.event_handler.log_command:Invoking command in '/home/cagla/sercli_ws/build/custom_interfaces': CMAKE_PREFIX_PATH=${CMAKE_PREFIX_PATH}:/home/cagla/turtlebot3_ws/install/turtlebot3_teleop:/home/cagla/turtlebot3_ws/install/turtlebot3_example:/home/cagla/den_ws/install/talker_listener:/home/cagla/sercli_ws/install/add_integers:/home/cagla/yeni_ws/install/actions_py:/opt/ros/humble /usr/bin/cmake --install /home/cagla/sercli_ws/build/custom_interfaces
[1.451s] Level 1:colcon.colcon_core.environment:create_environment_scripts_only(custom_interfaces)
[1.454s] DEBUG:colcon.colcon_core.event_handler.log_command:Invoked command in '/home/cagla/sercli_ws/build/custom_interfaces' returned '0': CMAKE_PREFIX_PATH=${CMAKE_PREFIX_PATH}:/home/cagla/turtlebot3_ws/install/turtlebot3_teleop:/home/cagla/turtlebot3_ws/install/turtlebot3_example:/home/cagla/den_ws/install/talker_listener:/home/cagla/sercli_ws/install/add_integers:/home/cagla/yeni_ws/install/actions_py:/opt/ros/humble /usr/bin/cmake --install /home/cagla/sercli_ws/build/custom_interfaces
[1.456s] Level 1:colcon.colcon_core.environment:checking '/home/cagla/sercli_ws/install/custom_interfaces' for CMake module files
[1.457s] Level 1:colcon.colcon_core.environment:checking '/home/cagla/sercli_ws/install/custom_interfaces' for CMake config files
[1.458s] Level 1:colcon.colcon_core.shell:create_environment_hook('custom_interfaces', 'cmake_prefix_path')
[1.459s] INFO:colcon.colcon_core.shell:Creating environment hook '/home/cagla/sercli_ws/install/custom_interfaces/share/custom_interfaces/hook/cmake_prefix_path.ps1'
[1.460s] INFO:colcon.colcon_core.shell:Creating environment descriptor '/home/cagla/sercli_ws/install/custom_interfaces/share/custom_interfaces/hook/cmake_prefix_path.dsv'
[1.461s] INFO:colcon.colcon_core.shell:Creating environment hook '/home/cagla/sercli_ws/install/custom_interfaces/share/custom_interfaces/hook/cmake_prefix_path.sh'
[1.462s] Level 1:colcon.colcon_core.environment:checking '/home/cagla/sercli_ws/install/custom_interfaces/lib'
[1.462s] Level 1:colcon.colcon_core.shell:create_environment_hook('custom_interfaces', 'ld_library_path_lib')
[1.462s] INFO:colcon.colcon_core.shell:Creating environment hook '/home/cagla/sercli_ws/install/custom_interfaces/share/custom_interfaces/hook/ld_library_path_lib.ps1'
[1.463s] INFO:colcon.colcon_core.shell:Creating environment descriptor '/home/cagla/sercli_ws/install/custom_interfaces/share/custom_interfaces/hook/ld_library_path_lib.dsv'
[1.463s] INFO:colcon.colcon_core.shell:Creating environment hook '/home/cagla/sercli_ws/install/custom_interfaces/share/custom_interfaces/hook/ld_library_path_lib.sh'
[1.464s] Level 1:colcon.colcon_core.environment:checking '/home/cagla/sercli_ws/install/custom_interfaces/bin'
[1.464s] Level 1:colcon.colcon_core.environment:checking '/home/cagla/sercli_ws/install/custom_interfaces/lib/pkgconfig/custom_interfaces.pc'
[1.465s] Level 1:colcon.colcon_core.environment:checking '/home/cagla/sercli_ws/install/custom_interfaces/lib/python3.10/site-packages'
[1.465s] Level 1:colcon.colcon_core.environment:checking '/home/cagla/sercli_ws/install/custom_interfaces/bin'
[1.465s] INFO:colcon.colcon_core.shell:Creating package script '/home/cagla/sercli_ws/install/custom_interfaces/share/custom_interfaces/package.ps1'
[1.466s] INFO:colcon.colcon_core.shell:Creating package descriptor '/home/cagla/sercli_ws/install/custom_interfaces/share/custom_interfaces/package.dsv'
[1.467s] INFO:colcon.colcon_core.shell:Creating package script '/home/cagla/sercli_ws/install/custom_interfaces/share/custom_interfaces/package.sh'
[1.468s] INFO:colcon.colcon_core.shell:Creating package script '/home/cagla/sercli_ws/install/custom_interfaces/share/custom_interfaces/package.bash'
[1.469s] INFO:colcon.colcon_core.shell:Creating package script '/home/cagla/sercli_ws/install/custom_interfaces/share/custom_interfaces/package.zsh'
[1.470s] Level 1:colcon.colcon_core.environment:create_file_with_runtime_dependencies(/home/cagla/sercli_ws/install/custom_interfaces/share/colcon-core/packages/custom_interfaces)
[1.556s] Level 1:colcon.colcon_core.environment:create_environment_scripts_only(custom_interfaces)
[1.558s] Level 1:colcon.colcon_core.environment:checking '/home/cagla/sercli_ws/install/custom_interfaces' for CMake module files
[1.559s] Level 1:colcon.colcon_core.environment:checking '/home/cagla/sercli_ws/install/custom_interfaces' for CMake config files
[1.559s] Level 1:colcon.colcon_core.shell:create_environment_hook('custom_interfaces', 'cmake_prefix_path')
[1.559s] INFO:colcon.colcon_core.shell:Creating environment hook '/home/cagla/sercli_ws/install/custom_interfaces/share/custom_interfaces/hook/cmake_prefix_path.ps1'
[1.560s] INFO:colcon.colcon_core.shell:Creating environment descriptor '/home/cagla/sercli_ws/install/custom_interfaces/share/custom_interfaces/hook/cmake_prefix_path.dsv'
[1.560s] INFO:colcon.colcon_core.shell:Creating environment hook '/home/cagla/sercli_ws/install/custom_interfaces/share/custom_interfaces/hook/cmake_prefix_path.sh'
[1.561s] Level 1:colcon.colcon_core.environment:checking '/home/cagla/sercli_ws/install/custom_interfaces/lib'
[1.561s] Level 1:colcon.colcon_core.shell:create_environment_hook('custom_interfaces', 'ld_library_path_lib')
[1.562s] INFO:colcon.colcon_core.shell:Creating environment hook '/home/cagla/sercli_ws/install/custom_interfaces/share/custom_interfaces/hook/ld_library_path_lib.ps1'
[1.563s] INFO:colcon.colcon_core.shell:Creating environment descriptor '/home/cagla/sercli_ws/install/custom_interfaces/share/custom_interfaces/hook/ld_library_path_lib.dsv'
[1.564s] INFO:colcon.colcon_core.shell:Creating environment hook '/home/cagla/sercli_ws/install/custom_interfaces/share/custom_interfaces/hook/ld_library_path_lib.sh'
[1.564s] Level 1:colcon.colcon_core.environment:checking '/home/cagla/sercli_ws/install/custom_interfaces/bin'
[1.565s] Level 1:colcon.colcon_core.environment:checking '/home/cagla/sercli_ws/install/custom_interfaces/lib/pkgconfig/custom_interfaces.pc'
[1.565s] Level 1:colcon.colcon_core.environment:checking '/home/cagla/sercli_ws/install/custom_interfaces/lib/python3.10/site-packages'
[1.565s] Level 1:colcon.colcon_core.environment:checking '/home/cagla/sercli_ws/install/custom_interfaces/bin'
[1.565s] INFO:colcon.colcon_core.shell:Creating package script '/home/cagla/sercli_ws/install/custom_interfaces/share/custom_interfaces/package.ps1'
[1.566s] INFO:colcon.colcon_core.shell:Creating package descriptor '/home/cagla/sercli_ws/install/custom_interfaces/share/custom_interfaces/package.dsv'
[1.566s] INFO:colcon.colcon_core.shell:Creating package script '/home/cagla/sercli_ws/install/custom_interfaces/share/custom_interfaces/package.sh'
[1.567s] INFO:colcon.colcon_core.shell:Creating package script '/home/cagla/sercli_ws/install/custom_interfaces/share/custom_interfaces/package.bash'
[1.568s] INFO:colcon.colcon_core.shell:Creating package script '/home/cagla/sercli_ws/install/custom_interfaces/share/custom_interfaces/package.zsh'
[1.568s] Level 1:colcon.colcon_core.environment:create_file_with_runtime_dependencies(/home/cagla/sercli_ws/install/custom_interfaces/share/colcon-core/packages/custom_interfaces)
[1.569s] INFO:colcon.colcon_ros.task.ament_python.build:Building ROS package in '/home/cagla/sercli_ws/src/add_integers' with build type 'ament_python'
[1.569s] Level 1:colcon.colcon_core.shell:create_environment_hook('add_integers', 'ament_prefix_path')
[1.569s] INFO:colcon.colcon_core.shell:Creating environment hook '/home/cagla/sercli_ws/install/add_integers/share/add_integers/hook/ament_prefix_path.ps1'
[1.570s] INFO:colcon.colcon_core.shell:Creating environment descriptor '/home/cagla/sercli_ws/install/add_integers/share/add_integers/hook/ament_prefix_path.dsv'
[1.571s] INFO:colcon.colcon_core.shell:Creating environment hook '/home/cagla/sercli_ws/install/add_integers/share/add_integers/hook/ament_prefix_path.sh'
[1.572s] INFO:colcon.colcon_core.shell:Skip shell extension 'powershell' for command environment: Not usable outside of PowerShell
[1.572s] DEBUG:colcon.colcon_core.shell:Skip shell extension 'dsv' for command environment
[1.966s] INFO:colcon.colcon_core.task.python.build:Building Python package in '/home/cagla/sercli_ws/src/add_integers'
[1.966s] INFO:colcon.colcon_core.shell:Skip shell extension 'powershell' for command environment: Not usable outside of PowerShell
[1.966s] DEBUG:colcon.colcon_core.shell:Skip shell extension 'dsv' for command environment
[2.986s] DEBUG:colcon.colcon_core.event_handler.log_command:Invoking command in '/home/cagla/sercli_ws/src/add_integers': CMAKE_PREFIX_PATH=/home/cagla/sercli_ws/install/custom_interfaces:/home/cagla/turtlebot3_ws/install/turtlebot3:/home/cagla/turtlebot3_ws/install/turtlebot3_bringup:/home/cagla/turtlebot3_ws/install/turtlebot3_node:/home/cagla/turtlebot3_ws/install/turtlebot3_navigation2:/home/cagla/turtlebot3_ws/install/turtlebot3_msgs:/home/cagla/turtlebot3_ws/install/turtlebot3_description:/home/cagla/turtlebot3_ws/install/turtlebot3_cartographer:/home/cagla/turtlebot3_ws/install/dynamixel_sdk_examples:/home/cagla/turtlebot3_ws/install/dynamixel_sdk_custom_interfaces:/home/cagla/turtlebot3_ws/install/dynamixel_sdk:/home/cagla/yeni_ws/install/my_robot_interfaces LD_LIBRARY_PATH=/home/cagla/sercli_ws/install/custom_interfaces/lib:/home/cagla/turtlebot3_ws/install/turtlebot3_msgs/lib:/home/cagla/turtlebot3_ws/install/dynamixel_sdk_custom_interfaces/lib:/home/cagla/turtlebot3_ws/install/dynamixel_sdk/lib:/home/cagla/yeni_ws/install/my_robot_interfaces/lib:/usr/lib/x86_64-linux-gnu/gazebo-11/plugins:/opt/ros/humble/opt/rviz_ogre_vendor/lib:/opt/ros/humble/lib/x86_64-linux-gnu:/opt/ros/humble/lib PYTHONPATH=/home/cagla/sercli_ws/build/add_integers/prefix_override:/usr/lib/python3/dist-packages/colcon_core/task/python/colcon_distutils_commands:/home/cagla/sercli_ws/install/add_integers/lib/python3.10/site-packages:${PYTHONPATH} /usr/bin/python3 -W ignore:setup.py install is deprecated setup.py egg_info --egg-base ../../build/add_integers build --build-base /home/cagla/sercli_ws/build/add_integers/build install --record /home/cagla/sercli_ws/build/add_integers/install.log --single-version-externally-managed install_data
[3.384s] Level 1:colcon.colcon_core.environment:checking '/home/cagla/sercli_ws/install/add_integers' for CMake module files
[3.384s] DEBUG:colcon.colcon_core.event_handler.log_command:Invoked command in '/home/cagla/sercli_ws/src/add_integers' returned '0': CMAKE_PREFIX_PATH=/home/cagla/sercli_ws/install/custom_interfaces:/home/cagla/turtlebot3_ws/install/turtlebot3:/home/cagla/turtlebot3_ws/install/turtlebot3_bringup:/home/cagla/turtlebot3_ws/install/turtlebot3_node:/home/cagla/turtlebot3_ws/install/turtlebot3_navigation2:/home/cagla/turtlebot3_ws/install/turtlebot3_msgs:/home/cagla/turtlebot3_ws/install/turtlebot3_description:/home/cagla/turtlebot3_ws/install/turtlebot3_cartographer:/home/cagla/turtlebot3_ws/install/dynamixel_sdk_examples:/home/cagla/turtlebot3_ws/install/dynamixel_sdk_custom_interfaces:/home/cagla/turtlebot3_ws/install/dynamixel_sdk:/home/cagla/yeni_ws/install/my_robot_interfaces LD_LIBRARY_PATH=/home/cagla/sercli_ws/install/custom_interfaces/lib:/home/cagla/turtlebot3_ws/install/turtlebot3_msgs/lib:/home/cagla/turtlebot3_ws/install/dynamixel_sdk_custom_interfaces/lib:/home/cagla/turtlebot3_ws/install/dynamixel_sdk/lib:/home/cagla/yeni_ws/install/my_robot_interfaces/lib:/usr/lib/x86_64-linux-gnu/gazebo-11/plugins:/opt/ros/humble/opt/rviz_ogre_vendor/lib:/opt/ros/humble/lib/x86_64-linux-gnu:/opt/ros/humble/lib PYTHONPATH=/home/cagla/sercli_ws/build/add_integers/prefix_override:/usr/lib/python3/dist-packages/colcon_core/task/python/colcon_distutils_commands:/home/cagla/sercli_ws/install/add_integers/lib/python3.10/site-packages:${PYTHONPATH} /usr/bin/python3 -W ignore:setup.py install is deprecated setup.py egg_info --egg-base ../../build/add_integers build --build-base /home/cagla/sercli_ws/build/add_integers/build install --record /home/cagla/sercli_ws/build/add_integers/install.log --single-version-externally-managed install_data
[3.385s] Level 1:colcon.colcon_core.environment:checking '/home/cagla/sercli_ws/install/add_integers' for CMake config files
[3.387s] Level 1:colcon.colcon_core.environment:checking '/home/cagla/sercli_ws/install/add_integers/lib'
[3.387s] Level 1:colcon.colcon_core.environment:checking '/home/cagla/sercli_ws/install/add_integers/bin'
[3.387s] Level 1:colcon.colcon_core.environment:checking '/home/cagla/sercli_ws/install/add_integers/lib/pkgconfig/add_integers.pc'
[3.388s] Level 1:colcon.colcon_core.environment:checking '/home/cagla/sercli_ws/install/add_integers/lib/python3.10/site-packages'
[3.388s] Level 1:colcon.colcon_core.shell:create_environment_hook('add_integers', 'pythonpath')
[3.388s] INFO:colcon.colcon_core.shell:Creating environment hook '/home/cagla/sercli_ws/install/add_integers/share/add_integers/hook/pythonpath.ps1'
[3.390s] INFO:colcon.colcon_core.shell:Creating environment descriptor '/home/cagla/sercli_ws/install/add_integers/share/add_integers/hook/pythonpath.dsv'
[3.390s] INFO:colcon.colcon_core.shell:Creating environment hook '/home/cagla/sercli_ws/install/add_integers/share/add_integers/hook/pythonpath.sh'
[3.392s] Level 1:colcon.colcon_core.environment:checking '/home/cagla/sercli_ws/install/add_integers/bin'
[3.392s] Level 1:colcon.colcon_core.environment:create_environment_scripts_only(add_integers)
[3.393s] INFO:colcon.colcon_core.shell:Creating package script '/home/cagla/sercli_ws/install/add_integers/share/add_integers/package.ps1'
[3.393s] INFO:colcon.colcon_core.shell:Creating package descriptor '/home/cagla/sercli_ws/install/add_integers/share/add_integers/package.dsv'
[3.394s] INFO:colcon.colcon_core.shell:Creating package script '/home/cagla/sercli_ws/install/add_integers/share/add_integers/package.sh'
[3.395s] INFO:colcon.colcon_core.shell:Creating package script '/home/cagla/sercli_ws/install/add_integers/share/add_integers/package.bash'
[3.396s] INFO:colcon.colcon_core.shell:Creating package script '/home/cagla/sercli_ws/install/add_integers/share/add_integers/package.zsh'
[3.396s] Level 1:colcon.colcon_core.environment:create_file_with_runtime_dependencies(/home/cagla/sercli_ws/install/add_integers/share/colcon-core/packages/add_integers)
[3.397s] DEBUG:colcon.colcon_parallel_executor.executor.parallel:closing loop
[3.397s] DEBUG:colcon.colcon_parallel_executor.executor.parallel:loop closed
[3.397s] DEBUG:colcon.colcon_parallel_executor.executor.parallel:run_until_complete finished with '0'
[3.397s] DEBUG:colcon.colcon_core.event_reactor:joining thread
[3.404s] INFO:colcon.colcon_core.plugin_system:Skipping extension 'colcon_notification.desktop_notification.terminal_notifier': Not used on non-Darwin systems
[3.404s] INFO:colcon.colcon_core.plugin_system:Skipping extension 'colcon_notification.desktop_notification.win32': Not used on non-Windows systems
[3.404s] INFO:colcon.colcon_notification.desktop_notification:Sending desktop notification using 'notify2'
[3.434s] DEBUG:colcon.colcon_core.event_reactor:joined thread
[3.435s] INFO:colcon.colcon_core.shell:Creating prefix script '/home/cagla/sercli_ws/install/local_setup.ps1'
[3.435s] INFO:colcon.colcon_core.shell:Creating prefix util module '/home/cagla/sercli_ws/install/_local_setup_util_ps1.py'
[3.437s] INFO:colcon.colcon_core.shell:Creating prefix chain script '/home/cagla/sercli_ws/install/setup.ps1'
[3.440s] INFO:colcon.colcon_core.shell:Creating prefix script '/home/cagla/sercli_ws/install/local_setup.sh'
[3.440s] INFO:colcon.colcon_core.shell:Creating prefix util module '/home/cagla/sercli_ws/install/_local_setup_util_sh.py'
[3.442s] INFO:colcon.colcon_core.shell:Creating prefix chain script '/home/cagla/sercli_ws/install/setup.sh'
[3.444s] INFO:colcon.colcon_core.shell:Creating prefix script '/home/cagla/sercli_ws/install/local_setup.bash'
[3.445s] INFO:colcon.colcon_core.shell:Creating prefix chain script '/home/cagla/sercli_ws/install/setup.bash'
[3.446s] INFO:colcon.colcon_core.shell:Creating prefix script '/home/cagla/sercli_ws/install/local_setup.zsh'
[3.446s] INFO:colcon.colcon_core.shell:Creating prefix chain script '/home/cagla/sercli_ws/install/setup.zsh'
