[1.198s] Invoking command in '/home/cagla/bir_ws/src/turtle_actions': PYTHONPATH=/home/cagla/bir_ws/build/turtle_actions/prefix_override:/usr/lib/python3/dist-packages/colcon_core/task/python/colcon_distutils_commands:/home/cagla/bir_ws/install/turtle_actions/lib/python3.10/site-packages:${PYTHONPATH} /usr/bin/python3 -W ignore:setup.py install is deprecated setup.py egg_info --egg-base ../../build/turtle_actions build --build-base /home/cagla/bir_ws/build/turtle_actions/build install --record /home/cagla/bir_ws/build/turtle_actions/install.log --single-version-externally-managed install_data
[1.674s] running egg_info
[1.678s] writing ../../build/turtle_actions/turtle_actions.egg-info/PKG-INFO
[1.678s] writing dependency_links to ../../build/turtle_actions/turtle_actions.egg-info/dependency_links.txt
[1.679s] writing entry points to ../../build/turtle_actions/turtle_actions.egg-info/entry_points.txt
[1.680s] writing requirements to ../../build/turtle_actions/turtle_actions.egg-info/requires.txt
[1.681s] writing top-level names to ../../build/turtle_actions/turtle_actions.egg-info/top_level.txt
[1.693s] reading manifest file '../../build/turtle_actions/turtle_actions.egg-info/SOURCES.txt'
[1.696s] writing manifest file '../../build/turtle_actions/turtle_actions.egg-info/SOURCES.txt'
[1.696s] running build
[1.696s] running build_py
[1.698s] running install
[1.700s] running install_lib
[1.701s] running install_data
[1.701s] running install_egg_info
[1.704s] removing '/home/cagla/bir_ws/install/turtle_actions/lib/python3.10/site-packages/turtle_actions-0.0.0-py3.10.egg-info' (and everything under it)
[1.704s] Copying ../../build/turtle_actions/turtle_actions.egg-info to /home/cagla/bir_ws/install/turtle_actions/lib/python3.10/site-packages/turtle_actions-0.0.0-py3.10.egg-info
[1.707s] running install_scripts
[1.750s] Installing client script to /home/cagla/bir_ws/install/turtle_actions/lib/turtle_actions
[1.750s] Installing server script to /home/cagla/bir_ws/install/turtle_actions/lib/turtle_actions
[1.756s] writing list of installed files to '/home/cagla/bir_ws/build/turtle_actions/install.log'
[1.854s] Invoked command in '/home/cagla/bir_ws/src/turtle_actions' returned '0': PYTHONPATH=/home/cagla/bir_ws/build/turtle_actions/prefix_override:/usr/lib/python3/dist-packages/colcon_core/task/python/colcon_distutils_commands:/home/cagla/bir_ws/install/turtle_actions/lib/python3.10/site-packages:${PYTHONPATH} /usr/bin/python3 -W ignore:setup.py install is deprecated setup.py egg_info --egg-base ../../build/turtle_actions build --build-base /home/cagla/bir_ws/build/turtle_actions/build install --record /home/cagla/bir_ws/build/turtle_actions/install.log --single-version-externally-managed install_data
